#Build: Fabric Compiler 2022.2-SP4.2, Build 132111, Aug 13 06:22 2023
#Install: D:\pango\PDS_2022.2-SP4.2-ads\bin
#Application name: pds_shell.exe
#OS: Windows 10 10.0.14393
#Hostname: PC-20200227DQAD
Generated by Fabric Compiler (version 2022.2-SP4.2 build 132111) at Thu Sep 25 17:53:50 2025
Compiling verification operator library.
Compiling common defs.
Compiling prim grid devices.
Compiling gate devices.
Compiling gate operators.
Building architecture model.
Loading device packaging model.
pnr strategy configuration : 
strategy name : 0
Building architecture floorplan logic view.
Constraint check start.
Executing : def_port {hd_sda} LOC=J14 VCCIO=3.3 IOSTANDARD=LVCMOS33 DRIVE=8 SLEW=SLOW NONE=TRUE
C: ConstraintEditor-2002: [E:/link_work/new-200HP/2_Demo/3_6_HDMI_IN_DDR3_mid_filter/3_6_HDMI_IN_DDR3_mid_filter/HDMI_IN_DDR3_mid_filter/device_map/hdmi_ddr_ov5640_top.pcf(line number: 3)] | Port hd_sda has been placed at location J14, whose type is share pin.
Executing : def_port {hd_sda} LOC=J14 VCCIO=3.3 IOSTANDARD=LVCMOS33 DRIVE=8 SLEW=SLOW NONE=TRUE successfully
Executing : def_port {mem_dq[0]} LOC=G5 VCCIO=1.5 IOSTANDARD=HSTL15_I DRIVE=8 SLEW=SLOW NONE=TRUE
Executing : def_port {mem_dq[0]} LOC=G5 VCCIO=1.5 IOSTANDARD=HSTL15_I DRIVE=8 SLEW=SLOW NONE=TRUE successfully
Executing : def_port {mem_dq[1]} LOC=J6 VCCIO=1.5 IOSTANDARD=HSTL15_I DRIVE=8 SLEW=SLOW NONE=TRUE
C: ConstraintEditor-2002: [E:/link_work/new-200HP/2_Demo/3_6_HDMI_IN_DDR3_mid_filter/3_6_HDMI_IN_DDR3_mid_filter/HDMI_IN_DDR3_mid_filter/device_map/hdmi_ddr_ov5640_top.pcf(line number: 5)] | Port mem_dq[1] has been placed at location J6, whose type is share pin.
Executing : def_port {mem_dq[1]} LOC=J6 VCCIO=1.5 IOSTANDARD=HSTL15_I DRIVE=8 SLEW=SLOW NONE=TRUE successfully
Executing : def_port {mem_dq[2]} LOC=F5 VCCIO=1.5 IOSTANDARD=HSTL15_I DRIVE=8 SLEW=SLOW NONE=TRUE
Executing : def_port {mem_dq[2]} LOC=F5 VCCIO=1.5 IOSTANDARD=HSTL15_I DRIVE=8 SLEW=SLOW NONE=TRUE successfully
Executing : def_port {mem_dq[3]} LOC=L8 VCCIO=1.5 IOSTANDARD=HSTL15_I DRIVE=8 SLEW=SLOW NONE=TRUE
C: ConstraintEditor-2002: [E:/link_work/new-200HP/2_Demo/3_6_HDMI_IN_DDR3_mid_filter/3_6_HDMI_IN_DDR3_mid_filter/HDMI_IN_DDR3_mid_filter/device_map/hdmi_ddr_ov5640_top.pcf(line number: 7)] | Port mem_dq[3] has been placed at location L8, whose type is share pin.
Executing : def_port {mem_dq[3]} LOC=L8 VCCIO=1.5 IOSTANDARD=HSTL15_I DRIVE=8 SLEW=SLOW NONE=TRUE successfully
Executing : def_port {mem_dq[4]} LOC=G4 VCCIO=1.5 IOSTANDARD=HSTL15_I DRIVE=8 SLEW=SLOW NONE=TRUE
Executing : def_port {mem_dq[4]} LOC=G4 VCCIO=1.5 IOSTANDARD=HSTL15_I DRIVE=8 SLEW=SLOW NONE=TRUE successfully
Executing : def_port {mem_dq[5]} LOC=K7 VCCIO=1.5 IOSTANDARD=HSTL15_I DRIVE=8 SLEW=SLOW NONE=TRUE
C: ConstraintEditor-2002: [E:/link_work/new-200HP/2_Demo/3_6_HDMI_IN_DDR3_mid_filter/3_6_HDMI_IN_DDR3_mid_filter/HDMI_IN_DDR3_mid_filter/device_map/hdmi_ddr_ov5640_top.pcf(line number: 9)] | Port mem_dq[5] has been placed at location K7, whose type is share pin.
Executing : def_port {mem_dq[5]} LOC=K7 VCCIO=1.5 IOSTANDARD=HSTL15_I DRIVE=8 SLEW=SLOW NONE=TRUE successfully
Executing : def_port {mem_dq[6]} LOC=F4 VCCIO=1.5 IOSTANDARD=HSTL15_I DRIVE=8 SLEW=SLOW NONE=TRUE
Executing : def_port {mem_dq[6]} LOC=F4 VCCIO=1.5 IOSTANDARD=HSTL15_I DRIVE=8 SLEW=SLOW NONE=TRUE successfully
Executing : def_port {mem_dq[7]} LOC=J5 VCCIO=1.5 IOSTANDARD=HSTL15_I DRIVE=8 SLEW=SLOW NONE=TRUE
C: ConstraintEditor-2002: [E:/link_work/new-200HP/2_Demo/3_6_HDMI_IN_DDR3_mid_filter/3_6_HDMI_IN_DDR3_mid_filter/HDMI_IN_DDR3_mid_filter/device_map/hdmi_ddr_ov5640_top.pcf(line number: 11)] | Port mem_dq[7] has been placed at location J5, whose type is share pin.
Executing : def_port {mem_dq[7]} LOC=J5 VCCIO=1.5 IOSTANDARD=HSTL15_I DRIVE=8 SLEW=SLOW NONE=TRUE successfully
Executing : def_port {mem_dq[8]} LOC=H6 VCCIO=1.5 IOSTANDARD=HSTL15_I DRIVE=8 SLEW=SLOW NONE=TRUE
C: ConstraintEditor-2002: [E:/link_work/new-200HP/2_Demo/3_6_HDMI_IN_DDR3_mid_filter/3_6_HDMI_IN_DDR3_mid_filter/HDMI_IN_DDR3_mid_filter/device_map/hdmi_ddr_ov5640_top.pcf(line number: 12)] | Port mem_dq[8] has been placed at location H6, whose type is share pin.
Executing : def_port {mem_dq[8]} LOC=H6 VCCIO=1.5 IOSTANDARD=HSTL15_I DRIVE=8 SLEW=SLOW NONE=TRUE successfully
Executing : def_port {mem_dq[9]} LOC=F8 VCCIO=1.5 IOSTANDARD=HSTL15_I DRIVE=8 SLEW=SLOW NONE=TRUE
Executing : def_port {mem_dq[9]} LOC=F8 VCCIO=1.5 IOSTANDARD=HSTL15_I DRIVE=8 SLEW=SLOW NONE=TRUE successfully
Executing : def_port {mem_dq[10]} LOC=H8 VCCIO=1.5 IOSTANDARD=HSTL15_I DRIVE=8 SLEW=SLOW NONE=TRUE
C: ConstraintEditor-2002: [E:/link_work/new-200HP/2_Demo/3_6_HDMI_IN_DDR3_mid_filter/3_6_HDMI_IN_DDR3_mid_filter/HDMI_IN_DDR3_mid_filter/device_map/hdmi_ddr_ov5640_top.pcf(line number: 14)] | Port mem_dq[10] has been placed at location H8, whose type is share pin.
Executing : def_port {mem_dq[10]} LOC=H8 VCCIO=1.5 IOSTANDARD=HSTL15_I DRIVE=8 SLEW=SLOW NONE=TRUE successfully
Executing : def_port {mem_dq[11]} LOC=D6 VCCIO=1.5 IOSTANDARD=HSTL15_I DRIVE=8 SLEW=SLOW NONE=TRUE
C: ConstraintEditor-2002: [E:/link_work/new-200HP/2_Demo/3_6_HDMI_IN_DDR3_mid_filter/3_6_HDMI_IN_DDR3_mid_filter/HDMI_IN_DDR3_mid_filter/device_map/hdmi_ddr_ov5640_top.pcf(line number: 15)] | Port mem_dq[11] has been placed at location D6, whose type is share pin.
Executing : def_port {mem_dq[11]} LOC=D6 VCCIO=1.5 IOSTANDARD=HSTL15_I DRIVE=8 SLEW=SLOW NONE=TRUE successfully
Executing : def_port {mem_dq[12]} LOC=G8 VCCIO=1.5 IOSTANDARD=HSTL15_I DRIVE=8 SLEW=SLOW NONE=TRUE
C: ConstraintEditor-2002: [E:/link_work/new-200HP/2_Demo/3_6_HDMI_IN_DDR3_mid_filter/3_6_HDMI_IN_DDR3_mid_filter/HDMI_IN_DDR3_mid_filter/device_map/hdmi_ddr_ov5640_top.pcf(line number: 16)] | Port mem_dq[12] has been placed at location G8, whose type is share pin.
Executing : def_port {mem_dq[12]} LOC=G8 VCCIO=1.5 IOSTANDARD=HSTL15_I DRIVE=8 SLEW=SLOW NONE=TRUE successfully
Executing : def_port {mem_dq[13]} LOC=E6 VCCIO=1.5 IOSTANDARD=HSTL15_I DRIVE=8 SLEW=SLOW NONE=TRUE
C: ConstraintEditor-2002: [E:/link_work/new-200HP/2_Demo/3_6_HDMI_IN_DDR3_mid_filter/3_6_HDMI_IN_DDR3_mid_filter/HDMI_IN_DDR3_mid_filter/device_map/hdmi_ddr_ov5640_top.pcf(line number: 17)] | Port mem_dq[13] has been placed at location E6, whose type is share pin.
Executing : def_port {mem_dq[13]} LOC=E6 VCCIO=1.5 IOSTANDARD=HSTL15_I DRIVE=8 SLEW=SLOW NONE=TRUE successfully
Executing : def_port {mem_dq[14]} LOC=H9 VCCIO=1.5 IOSTANDARD=HSTL15_I DRIVE=8 SLEW=SLOW NONE=TRUE
Executing : def_port {mem_dq[14]} LOC=H9 VCCIO=1.5 IOSTANDARD=HSTL15_I DRIVE=8 SLEW=SLOW NONE=TRUE successfully
Executing : def_port {mem_dq[15]} LOC=G6 VCCIO=1.5 IOSTANDARD=HSTL15_I DRIVE=8 SLEW=SLOW NONE=TRUE
C: ConstraintEditor-2002: [E:/link_work/new-200HP/2_Demo/3_6_HDMI_IN_DDR3_mid_filter/3_6_HDMI_IN_DDR3_mid_filter/HDMI_IN_DDR3_mid_filter/device_map/hdmi_ddr_ov5640_top.pcf(line number: 19)] | Port mem_dq[15] has been placed at location G6, whose type is share pin.
Executing : def_port {mem_dq[15]} LOC=G6 VCCIO=1.5 IOSTANDARD=HSTL15_I DRIVE=8 SLEW=SLOW NONE=TRUE successfully
Executing : def_port {mem_dq[16]} LOC=C4 VCCIO=1.5 IOSTANDARD=HSTL15_I DRIVE=8 SLEW=SLOW NONE=TRUE
Executing : def_port {mem_dq[16]} LOC=C4 VCCIO=1.5 IOSTANDARD=HSTL15_I DRIVE=8 SLEW=SLOW NONE=TRUE successfully
Executing : def_port {mem_dq[17]} LOC=D4 VCCIO=1.5 IOSTANDARD=HSTL15_I DRIVE=8 SLEW=SLOW NONE=TRUE
Executing : def_port {mem_dq[17]} LOC=D4 VCCIO=1.5 IOSTANDARD=HSTL15_I DRIVE=8 SLEW=SLOW NONE=TRUE successfully
Executing : def_port {mem_dq[18]} LOC=A4 VCCIO=1.5 IOSTANDARD=HSTL15_I DRIVE=8 SLEW=SLOW NONE=TRUE
Executing : def_port {mem_dq[18]} LOC=A4 VCCIO=1.5 IOSTANDARD=HSTL15_I DRIVE=8 SLEW=SLOW NONE=TRUE successfully
Executing : def_port {mem_dq[19]} LOC=E3 VCCIO=1.5 IOSTANDARD=HSTL15_I DRIVE=8 SLEW=SLOW NONE=TRUE
Executing : def_port {mem_dq[19]} LOC=E3 VCCIO=1.5 IOSTANDARD=HSTL15_I DRIVE=8 SLEW=SLOW NONE=TRUE successfully
Executing : def_port {mem_dq[20]} LOC=C3 VCCIO=1.5 IOSTANDARD=HSTL15_I DRIVE=8 SLEW=SLOW NONE=TRUE
Executing : def_port {mem_dq[20]} LOC=C3 VCCIO=1.5 IOSTANDARD=HSTL15_I DRIVE=8 SLEW=SLOW NONE=TRUE successfully
Executing : def_port {mem_dq[21]} LOC=F3 VCCIO=1.5 IOSTANDARD=HSTL15_I DRIVE=8 SLEW=SLOW NONE=TRUE
Executing : def_port {mem_dq[21]} LOC=F3 VCCIO=1.5 IOSTANDARD=HSTL15_I DRIVE=8 SLEW=SLOW NONE=TRUE successfully
Executing : def_port {mem_dq[22]} LOC=B4 VCCIO=1.5 IOSTANDARD=HSTL15_I DRIVE=8 SLEW=SLOW NONE=TRUE
Executing : def_port {mem_dq[22]} LOC=B4 VCCIO=1.5 IOSTANDARD=HSTL15_I DRIVE=8 SLEW=SLOW NONE=TRUE successfully
Executing : def_port {mem_dq[23]} LOC=D3 VCCIO=1.5 IOSTANDARD=HSTL15_I DRIVE=8 SLEW=SLOW NONE=TRUE
Executing : def_port {mem_dq[23]} LOC=D3 VCCIO=1.5 IOSTANDARD=HSTL15_I DRIVE=8 SLEW=SLOW NONE=TRUE successfully
Executing : def_port {mem_dq[24]} LOC=F2 VCCIO=1.5 IOSTANDARD=HSTL15_I DRIVE=8 SLEW=SLOW NONE=TRUE
Executing : def_port {mem_dq[24]} LOC=F2 VCCIO=1.5 IOSTANDARD=HSTL15_I DRIVE=8 SLEW=SLOW NONE=TRUE successfully
Executing : def_port {mem_dq[25]} LOC=D1 VCCIO=1.5 IOSTANDARD=HSTL15_I DRIVE=8 SLEW=SLOW NONE=TRUE
Executing : def_port {mem_dq[25]} LOC=D1 VCCIO=1.5 IOSTANDARD=HSTL15_I DRIVE=8 SLEW=SLOW NONE=TRUE successfully
Executing : def_port {mem_dq[26]} LOC=G1 VCCIO=1.5 IOSTANDARD=HSTL15_I DRIVE=8 SLEW=SLOW NONE=TRUE
Executing : def_port {mem_dq[26]} LOC=G1 VCCIO=1.5 IOSTANDARD=HSTL15_I DRIVE=8 SLEW=SLOW NONE=TRUE successfully
Executing : def_port {mem_dq[27]} LOC=A2 VCCIO=1.5 IOSTANDARD=HSTL15_I DRIVE=8 SLEW=SLOW NONE=TRUE
Executing : def_port {mem_dq[27]} LOC=A2 VCCIO=1.5 IOSTANDARD=HSTL15_I DRIVE=8 SLEW=SLOW NONE=TRUE successfully
Executing : def_port {mem_dq[28]} LOC=E1 VCCIO=1.5 IOSTANDARD=HSTL15_I DRIVE=8 SLEW=SLOW NONE=TRUE
Executing : def_port {mem_dq[28]} LOC=E1 VCCIO=1.5 IOSTANDARD=HSTL15_I DRIVE=8 SLEW=SLOW NONE=TRUE successfully
Executing : def_port {mem_dq[29]} LOC=A3 VCCIO=1.5 IOSTANDARD=HSTL15_I DRIVE=8 SLEW=SLOW NONE=TRUE
Executing : def_port {mem_dq[29]} LOC=A3 VCCIO=1.5 IOSTANDARD=HSTL15_I DRIVE=8 SLEW=SLOW NONE=TRUE successfully
Executing : def_port {mem_dq[30]} LOC=G2 VCCIO=1.5 IOSTANDARD=HSTL15_I DRIVE=8 SLEW=SLOW NONE=TRUE
Executing : def_port {mem_dq[30]} LOC=G2 VCCIO=1.5 IOSTANDARD=HSTL15_I DRIVE=8 SLEW=SLOW NONE=TRUE successfully
Executing : def_port {mem_dq[31]} LOC=C2 VCCIO=1.5 IOSTANDARD=HSTL15_I DRIVE=8 SLEW=SLOW NONE=TRUE
Executing : def_port {mem_dq[31]} LOC=C2 VCCIO=1.5 IOSTANDARD=HSTL15_I DRIVE=8 SLEW=SLOW NONE=TRUE successfully
Executing : def_port {mem_dqs[0]} LOC=J4 VCCIO=1.5 IOSTANDARD=HSTL15D_I DRIVE=8 SLEW=SLOW NONE=TRUE
C: ConstraintEditor-2002: [E:/link_work/new-200HP/2_Demo/3_6_HDMI_IN_DDR3_mid_filter/3_6_HDMI_IN_DDR3_mid_filter/HDMI_IN_DDR3_mid_filter/device_map/hdmi_ddr_ov5640_top.pcf(line number: 36)] | Port mem_dqs[0] has been placed at location J4, whose type is share pin.
Executing : def_port {mem_dqs[0]} LOC=J4 VCCIO=1.5 IOSTANDARD=HSTL15D_I DRIVE=8 SLEW=SLOW NONE=TRUE successfully
Executing : def_port {mem_dqs[1]} LOC=H7 VCCIO=1.5 IOSTANDARD=HSTL15D_I DRIVE=8 SLEW=SLOW NONE=TRUE
C: ConstraintEditor-2002: [E:/link_work/new-200HP/2_Demo/3_6_HDMI_IN_DDR3_mid_filter/3_6_HDMI_IN_DDR3_mid_filter/HDMI_IN_DDR3_mid_filter/device_map/hdmi_ddr_ov5640_top.pcf(line number: 37)] | Port mem_dqs[1] has been placed at location H7, whose type is share pin.
Executing : def_port {mem_dqs[1]} LOC=H7 VCCIO=1.5 IOSTANDARD=HSTL15D_I DRIVE=8 SLEW=SLOW NONE=TRUE successfully
Executing : def_port {mem_dqs[2]} LOC=B5 VCCIO=1.5 IOSTANDARD=HSTL15D_I DRIVE=8 SLEW=SLOW NONE=TRUE
Executing : def_port {mem_dqs[2]} LOC=B5 VCCIO=1.5 IOSTANDARD=HSTL15D_I DRIVE=8 SLEW=SLOW NONE=TRUE successfully
Executing : def_port {mem_dqs[3]} LOC=C1 VCCIO=1.5 IOSTANDARD=HSTL15D_I DRIVE=8 SLEW=SLOW NONE=TRUE
Executing : def_port {mem_dqs[3]} LOC=C1 VCCIO=1.5 IOSTANDARD=HSTL15D_I DRIVE=8 SLEW=SLOW NONE=TRUE successfully
Executing : def_port {mem_dqs_n[0]} LOC=H4 VCCIO=1.5 IOSTANDARD=HSTL15D_I DRIVE=8 SLEW=SLOW NONE=TRUE
C: ConstraintEditor-2002: [E:/link_work/new-200HP/2_Demo/3_6_HDMI_IN_DDR3_mid_filter/3_6_HDMI_IN_DDR3_mid_filter/HDMI_IN_DDR3_mid_filter/device_map/hdmi_ddr_ov5640_top.pcf(line number: 40)] | Port mem_dqs_n[0] has been placed at location H4, whose type is share pin.
Executing : def_port {mem_dqs_n[0]} LOC=H4 VCCIO=1.5 IOSTANDARD=HSTL15D_I DRIVE=8 SLEW=SLOW NONE=TRUE successfully
Executing : def_port {mem_dqs_n[1]} LOC=G7 VCCIO=1.5 IOSTANDARD=HSTL15D_I DRIVE=8 SLEW=SLOW NONE=TRUE
C: ConstraintEditor-2002: [E:/link_work/new-200HP/2_Demo/3_6_HDMI_IN_DDR3_mid_filter/3_6_HDMI_IN_DDR3_mid_filter/HDMI_IN_DDR3_mid_filter/device_map/hdmi_ddr_ov5640_top.pcf(line number: 41)] | Port mem_dqs_n[1] has been placed at location G7, whose type is share pin.
Executing : def_port {mem_dqs_n[1]} LOC=G7 VCCIO=1.5 IOSTANDARD=HSTL15D_I DRIVE=8 SLEW=SLOW NONE=TRUE successfully
Executing : def_port {mem_dqs_n[2]} LOC=A5 VCCIO=1.5 IOSTANDARD=HSTL15D_I DRIVE=8 SLEW=SLOW NONE=TRUE
Executing : def_port {mem_dqs_n[2]} LOC=A5 VCCIO=1.5 IOSTANDARD=HSTL15D_I DRIVE=8 SLEW=SLOW NONE=TRUE successfully
Executing : def_port {mem_dqs_n[3]} LOC=B1 VCCIO=1.5 IOSTANDARD=HSTL15D_I DRIVE=8 SLEW=SLOW NONE=TRUE
Executing : def_port {mem_dqs_n[3]} LOC=B1 VCCIO=1.5 IOSTANDARD=HSTL15D_I DRIVE=8 SLEW=SLOW NONE=TRUE successfully
Executing : def_port {ddr_init_done} LOC=C18 VCCIO=3.3 IOSTANDARD=LVCMOS33 DRIVE=8 SLEW=FAST PULLUP=TRUE
Executing : def_port {ddr_init_done} LOC=C18 VCCIO=3.3 IOSTANDARD=LVCMOS33 DRIVE=8 SLEW=FAST PULLUP=TRUE successfully
Executing : def_port {hd_scl} LOC=J15 VCCIO=3.3 IOSTANDARD=LVCMOS33 DRIVE=8 SLEW=SLOW NONE=TRUE
C: ConstraintEditor-2002: [E:/link_work/new-200HP/2_Demo/3_6_HDMI_IN_DDR3_mid_filter/3_6_HDMI_IN_DDR3_mid_filter/HDMI_IN_DDR3_mid_filter/device_map/hdmi_ddr_ov5640_top.pcf(line number: 45)] | Port hd_scl has been placed at location J15, whose type is share pin.
Executing : def_port {hd_scl} LOC=J15 VCCIO=3.3 IOSTANDARD=LVCMOS33 DRIVE=8 SLEW=SLOW NONE=TRUE successfully
Executing : def_port {hdmi_int_led} LOC=E18 VCCIO=3.3 IOSTANDARD=LVCMOS33 DRIVE=8 SLEW=SLOW NONE=TRUE
Executing : def_port {hdmi_int_led} LOC=E18 VCCIO=3.3 IOSTANDARD=LVCMOS33 DRIVE=8 SLEW=SLOW NONE=TRUE successfully
Executing : def_port {heart_beat_led} LOC=A20 VCCIO=3.3 IOSTANDARD=LVCMOS33 DRIVE=8 SLEW=FAST PULLUP=TRUE
Executing : def_port {heart_beat_led} LOC=A20 VCCIO=3.3 IOSTANDARD=LVCMOS33 DRIVE=8 SLEW=FAST PULLUP=TRUE successfully
Executing : def_port {init_over_rx} LOC=C19 VCCIO=3.3 IOSTANDARD=LVCMOS33 DRIVE=4 SLEW=FAST NONE=TRUE
Executing : def_port {init_over_rx} LOC=C19 VCCIO=3.3 IOSTANDARD=LVCMOS33 DRIVE=4 SLEW=FAST NONE=TRUE successfully
Executing : def_port {mem_a[0]} LOC=J1 VCCIO=1.5 IOSTANDARD=HSTL15_I DRIVE=8 SLEW=SLOW NONE=TRUE
Executing : def_port {mem_a[0]} LOC=J1 VCCIO=1.5 IOSTANDARD=HSTL15_I DRIVE=8 SLEW=SLOW NONE=TRUE successfully
Executing : def_port {mem_a[1]} LOC=L3 VCCIO=1.5 IOSTANDARD=HSTL15_I DRIVE=8 SLEW=SLOW NONE=TRUE
Executing : def_port {mem_a[1]} LOC=L3 VCCIO=1.5 IOSTANDARD=HSTL15_I DRIVE=8 SLEW=SLOW NONE=TRUE successfully
Executing : def_port {mem_a[2]} LOC=L2 VCCIO=1.5 IOSTANDARD=HSTL15_I DRIVE=8 SLEW=SLOW NONE=TRUE
Executing : def_port {mem_a[2]} LOC=L2 VCCIO=1.5 IOSTANDARD=HSTL15_I DRIVE=8 SLEW=SLOW NONE=TRUE successfully
Executing : def_port {mem_a[3]} LOC=P3 VCCIO=1.5 IOSTANDARD=HSTL15_I DRIVE=8 SLEW=SLOW NONE=TRUE
Executing : def_port {mem_a[3]} LOC=P3 VCCIO=1.5 IOSTANDARD=HSTL15_I DRIVE=8 SLEW=SLOW NONE=TRUE successfully
Executing : def_port {mem_a[4]} LOC=T2 VCCIO=1.5 IOSTANDARD=HSTL15_I DRIVE=8 SLEW=SLOW NONE=TRUE
Executing : def_port {mem_a[4]} LOC=T2 VCCIO=1.5 IOSTANDARD=HSTL15_I DRIVE=8 SLEW=SLOW NONE=TRUE successfully
Executing : def_port {mem_a[5]} LOC=M1 VCCIO=1.5 IOSTANDARD=HSTL15_I DRIVE=8 SLEW=SLOW NONE=TRUE
Executing : def_port {mem_a[5]} LOC=M1 VCCIO=1.5 IOSTANDARD=HSTL15_I DRIVE=8 SLEW=SLOW NONE=TRUE successfully
Executing : def_port {mem_a[6]} LOC=U1 VCCIO=1.5 IOSTANDARD=HSTL15_I DRIVE=8 SLEW=SLOW NONE=TRUE
Executing : def_port {mem_a[6]} LOC=U1 VCCIO=1.5 IOSTANDARD=HSTL15_I DRIVE=8 SLEW=SLOW NONE=TRUE successfully
Executing : def_port {mem_a[7]} LOC=K1 VCCIO=1.5 IOSTANDARD=HSTL15_I DRIVE=8 SLEW=SLOW NONE=TRUE
Executing : def_port {mem_a[7]} LOC=K1 VCCIO=1.5 IOSTANDARD=HSTL15_I DRIVE=8 SLEW=SLOW NONE=TRUE successfully
Executing : def_port {mem_a[8]} LOC=U2 VCCIO=1.5 IOSTANDARD=HSTL15_I DRIVE=8 SLEW=SLOW NONE=TRUE
Executing : def_port {mem_a[8]} LOC=U2 VCCIO=1.5 IOSTANDARD=HSTL15_I DRIVE=8 SLEW=SLOW NONE=TRUE successfully
Executing : def_port {mem_a[9]} LOC=K2 VCCIO=1.5 IOSTANDARD=HSTL15_I DRIVE=8 SLEW=SLOW NONE=TRUE
Executing : def_port {mem_a[9]} LOC=K2 VCCIO=1.5 IOSTANDARD=HSTL15_I DRIVE=8 SLEW=SLOW NONE=TRUE successfully
Executing : def_port {mem_a[10]} LOC=T3 VCCIO=1.5 IOSTANDARD=HSTL15_I DRIVE=8 SLEW=SLOW NONE=TRUE
Executing : def_port {mem_a[10]} LOC=T3 VCCIO=1.5 IOSTANDARD=HSTL15_I DRIVE=8 SLEW=SLOW NONE=TRUE successfully
Executing : def_port {mem_a[11]} LOC=P1 VCCIO=1.5 IOSTANDARD=HSTL15_I DRIVE=8 SLEW=SLOW NONE=TRUE
Executing : def_port {mem_a[11]} LOC=P1 VCCIO=1.5 IOSTANDARD=HSTL15_I DRIVE=8 SLEW=SLOW NONE=TRUE successfully
Executing : def_port {mem_a[12]} LOC=T4 VCCIO=1.5 IOSTANDARD=HSTL15_I DRIVE=8 SLEW=SLOW NONE=TRUE
Executing : def_port {mem_a[12]} LOC=T4 VCCIO=1.5 IOSTANDARD=HSTL15_I DRIVE=8 SLEW=SLOW NONE=TRUE successfully
Executing : def_port {mem_a[13]} LOC=M2 VCCIO=1.5 IOSTANDARD=HSTL15_I DRIVE=8 SLEW=SLOW NONE=TRUE
Executing : def_port {mem_a[13]} LOC=M2 VCCIO=1.5 IOSTANDARD=HSTL15_I DRIVE=8 SLEW=SLOW NONE=TRUE successfully
Executing : def_port {mem_a[14]} LOC=N1 VCCIO=1.5 IOSTANDARD=HSTL15_I DRIVE=8 SLEW=SLOW NONE=TRUE
Executing : def_port {mem_a[14]} LOC=N1 VCCIO=1.5 IOSTANDARD=HSTL15_I DRIVE=8 SLEW=SLOW NONE=TRUE successfully
Executing : def_port {mem_ba[0]} LOC=P4 VCCIO=1.5 IOSTANDARD=HSTL15_I DRIVE=8 SLEW=SLOW NONE=TRUE
Executing : def_port {mem_ba[0]} LOC=P4 VCCIO=1.5 IOSTANDARD=HSTL15_I DRIVE=8 SLEW=SLOW NONE=TRUE successfully
Executing : def_port {mem_ba[1]} LOC=R2 VCCIO=1.5 IOSTANDARD=HSTL15_I DRIVE=8 SLEW=SLOW NONE=TRUE
Executing : def_port {mem_ba[1]} LOC=R2 VCCIO=1.5 IOSTANDARD=HSTL15_I DRIVE=8 SLEW=SLOW NONE=TRUE successfully
Executing : def_port {mem_ba[2]} LOC=T5 VCCIO=1.5 IOSTANDARD=HSTL15_I DRIVE=8 SLEW=SLOW NONE=TRUE
Executing : def_port {mem_ba[2]} LOC=T5 VCCIO=1.5 IOSTANDARD=HSTL15_I DRIVE=8 SLEW=SLOW NONE=TRUE successfully
Executing : def_port {mem_cas_n} LOC=T7 VCCIO=1.5 IOSTANDARD=HSTL15_I DRIVE=8 SLEW=SLOW NONE=TRUE
Executing : def_port {mem_cas_n} LOC=T7 VCCIO=1.5 IOSTANDARD=HSTL15_I DRIVE=8 SLEW=SLOW NONE=TRUE successfully
Executing : def_port {mem_ck} LOC=U6 VCCIO=1.5 IOSTANDARD=HSTL15D_I DRIVE=8 SLEW=SLOW NONE=TRUE
Executing : def_port {mem_ck} LOC=U6 VCCIO=1.5 IOSTANDARD=HSTL15D_I DRIVE=8 SLEW=SLOW NONE=TRUE successfully
Executing : def_port {mem_ck_n} LOC=U5 VCCIO=1.5 IOSTANDARD=HSTL15D_I DRIVE=8 SLEW=SLOW NONE=TRUE
Executing : def_port {mem_ck_n} LOC=U5 VCCIO=1.5 IOSTANDARD=HSTL15D_I DRIVE=8 SLEW=SLOW NONE=TRUE successfully
Executing : def_port {mem_cke} LOC=R1 VCCIO=1.5 IOSTANDARD=HSTL15_I DRIVE=8 SLEW=SLOW NONE=TRUE
Executing : def_port {mem_cke} LOC=R1 VCCIO=1.5 IOSTANDARD=HSTL15_I DRIVE=8 SLEW=SLOW NONE=TRUE successfully
Executing : def_port {mem_cs_n} LOC=N4 VCCIO=1.5 IOSTANDARD=HSTL15_I DRIVE=8 SLEW=SLOW NONE=TRUE
Executing : def_port {mem_cs_n} LOC=N4 VCCIO=1.5 IOSTANDARD=HSTL15_I DRIVE=8 SLEW=SLOW NONE=TRUE successfully
Executing : def_port {mem_dm[0]} LOC=K6 VCCIO=1.5 IOSTANDARD=HSTL15_I DRIVE=8 SLEW=SLOW NONE=TRUE
C: ConstraintEditor-2002: [E:/link_work/new-200HP/2_Demo/3_6_HDMI_IN_DDR3_mid_filter/3_6_HDMI_IN_DDR3_mid_filter/HDMI_IN_DDR3_mid_filter/device_map/hdmi_ddr_ov5640_top.pcf(line number: 72)] | Port mem_dm[0] has been placed at location K6, whose type is share pin.
Executing : def_port {mem_dm[0]} LOC=K6 VCCIO=1.5 IOSTANDARD=HSTL15_I DRIVE=8 SLEW=SLOW NONE=TRUE successfully
Executing : def_port {mem_dm[1]} LOC=F7 VCCIO=1.5 IOSTANDARD=HSTL15_I DRIVE=8 SLEW=SLOW NONE=TRUE
Executing : def_port {mem_dm[1]} LOC=F7 VCCIO=1.5 IOSTANDARD=HSTL15_I DRIVE=8 SLEW=SLOW NONE=TRUE successfully
Executing : def_port {mem_dm[2]} LOC=D5 VCCIO=1.5 IOSTANDARD=HSTL15_I DRIVE=8 SLEW=SLOW NONE=TRUE
Executing : def_port {mem_dm[2]} LOC=D5 VCCIO=1.5 IOSTANDARD=HSTL15_I DRIVE=8 SLEW=SLOW NONE=TRUE successfully
Executing : def_port {mem_dm[3]} LOC=E2 VCCIO=1.5 IOSTANDARD=HSTL15_I DRIVE=8 SLEW=SLOW NONE=TRUE
Executing : def_port {mem_dm[3]} LOC=E2 VCCIO=1.5 IOSTANDARD=HSTL15_I DRIVE=8 SLEW=SLOW NONE=TRUE successfully
Executing : def_port {mem_odt} LOC=H2 VCCIO=1.5 IOSTANDARD=HSTL15_I DRIVE=8 SLEW=SLOW NONE=TRUE
Executing : def_port {mem_odt} LOC=H2 VCCIO=1.5 IOSTANDARD=HSTL15_I DRIVE=8 SLEW=SLOW NONE=TRUE successfully
Executing : def_port {mem_ras_n} LOC=P6 VCCIO=1.5 IOSTANDARD=HSTL15_I DRIVE=8 SLEW=SLOW NONE=TRUE
Executing : def_port {mem_ras_n} LOC=P6 VCCIO=1.5 IOSTANDARD=HSTL15_I DRIVE=8 SLEW=SLOW NONE=TRUE successfully
Executing : def_port {mem_rst_n} LOC=H1 VCCIO=1.5 IOSTANDARD=HSTL15_I DRIVE=8 SLEW=SLOW NONE=TRUE
Executing : def_port {mem_rst_n} LOC=H1 VCCIO=1.5 IOSTANDARD=HSTL15_I DRIVE=8 SLEW=SLOW NONE=TRUE successfully
Executing : def_port {mem_we_n} LOC=T8 VCCIO=1.5 IOSTANDARD=HSTL15_I DRIVE=8 SLEW=SLOW NONE=TRUE
Executing : def_port {mem_we_n} LOC=T8 VCCIO=1.5 IOSTANDARD=HSTL15_I DRIVE=8 SLEW=SLOW NONE=TRUE successfully
Executing : def_port {rstn_out} LOC=G25 VCCIO=3.3 IOSTANDARD=LVCMOS33 DRIVE=8 SLEW=SLOW NONE=TRUE
C: ConstraintEditor-2002: [E:/link_work/new-200HP/2_Demo/3_6_HDMI_IN_DDR3_mid_filter/3_6_HDMI_IN_DDR3_mid_filter/HDMI_IN_DDR3_mid_filter/device_map/hdmi_ddr_ov5640_top.pcf(line number: 80)] | Port rstn_out has been placed at location G25, whose type is share pin.
Executing : def_port {rstn_out} LOC=G25 VCCIO=3.3 IOSTANDARD=LVCMOS33 DRIVE=8 SLEW=SLOW NONE=TRUE successfully
Executing : def_port {tmds_clk_n} LOC=N22 VCCIO=2.5 IOSTANDARD=LVDS25 DRIVE=3.5 NONE=TRUE
Executing : def_port {tmds_clk_n} LOC=N22 VCCIO=2.5 IOSTANDARD=LVDS25 DRIVE=3.5 NONE=TRUE successfully
Executing : def_port {tmds_clk_p} LOC=N21 VCCIO=2.5 IOSTANDARD=LVDS25 DRIVE=3.5 NONE=TRUE
Executing : def_port {tmds_clk_p} LOC=N21 VCCIO=2.5 IOSTANDARD=LVDS25 DRIVE=3.5 NONE=TRUE successfully
Executing : def_port {tmds_data_n[0]} LOC=P25 VCCIO=2.5 IOSTANDARD=LVDS25 DRIVE=3.5 NONE=TRUE
C: ConstraintEditor-2002: [E:/link_work/new-200HP/2_Demo/3_6_HDMI_IN_DDR3_mid_filter/3_6_HDMI_IN_DDR3_mid_filter/HDMI_IN_DDR3_mid_filter/device_map/hdmi_ddr_ov5640_top.pcf(line number: 83)] | Port tmds_data_n[0] has been placed at location P25, whose type is share pin.
Executing : def_port {tmds_data_n[0]} LOC=P25 VCCIO=2.5 IOSTANDARD=LVDS25 DRIVE=3.5 NONE=TRUE successfully
Executing : def_port {tmds_data_n[1]} LOC=P24 VCCIO=2.5 IOSTANDARD=LVDS25 DRIVE=3.5 NONE=TRUE
C: ConstraintEditor-2002: [E:/link_work/new-200HP/2_Demo/3_6_HDMI_IN_DDR3_mid_filter/3_6_HDMI_IN_DDR3_mid_filter/HDMI_IN_DDR3_mid_filter/device_map/hdmi_ddr_ov5640_top.pcf(line number: 84)] | Port tmds_data_n[1] has been placed at location P24, whose type is share pin.
Executing : def_port {tmds_data_n[1]} LOC=P24 VCCIO=2.5 IOSTANDARD=LVDS25 DRIVE=3.5 NONE=TRUE successfully
Executing : def_port {tmds_data_n[2]} LOC=N24 VCCIO=2.5 IOSTANDARD=LVDS25 DRIVE=3.5 NONE=TRUE
C: ConstraintEditor-2002: [E:/link_work/new-200HP/2_Demo/3_6_HDMI_IN_DDR3_mid_filter/3_6_HDMI_IN_DDR3_mid_filter/HDMI_IN_DDR3_mid_filter/device_map/hdmi_ddr_ov5640_top.pcf(line number: 85)] | Port tmds_data_n[2] has been placed at location N24, whose type is share pin.
Executing : def_port {tmds_data_n[2]} LOC=N24 VCCIO=2.5 IOSTANDARD=LVDS25 DRIVE=3.5 NONE=TRUE successfully
Executing : def_port {tmds_data_p[0]} LOC=R25 VCCIO=2.5 IOSTANDARD=LVDS25 DRIVE=3.5 NONE=TRUE
C: ConstraintEditor-2002: [E:/link_work/new-200HP/2_Demo/3_6_HDMI_IN_DDR3_mid_filter/3_6_HDMI_IN_DDR3_mid_filter/HDMI_IN_DDR3_mid_filter/device_map/hdmi_ddr_ov5640_top.pcf(line number: 86)] | Port tmds_data_p[0] has been placed at location R25, whose type is share pin.
Executing : def_port {tmds_data_p[0]} LOC=R25 VCCIO=2.5 IOSTANDARD=LVDS25 DRIVE=3.5 NONE=TRUE successfully
Executing : def_port {tmds_data_p[1]} LOC=P23 VCCIO=2.5 IOSTANDARD=LVDS25 DRIVE=3.5 NONE=TRUE
C: ConstraintEditor-2002: [E:/link_work/new-200HP/2_Demo/3_6_HDMI_IN_DDR3_mid_filter/3_6_HDMI_IN_DDR3_mid_filter/HDMI_IN_DDR3_mid_filter/device_map/hdmi_ddr_ov5640_top.pcf(line number: 87)] | Port tmds_data_p[1] has been placed at location P23, whose type is share pin.
Executing : def_port {tmds_data_p[1]} LOC=P23 VCCIO=2.5 IOSTANDARD=LVDS25 DRIVE=3.5 NONE=TRUE successfully
Executing : def_port {tmds_data_p[2]} LOC=N23 VCCIO=2.5 IOSTANDARD=LVDS25 DRIVE=3.5 NONE=TRUE
C: ConstraintEditor-2002: [E:/link_work/new-200HP/2_Demo/3_6_HDMI_IN_DDR3_mid_filter/3_6_HDMI_IN_DDR3_mid_filter/HDMI_IN_DDR3_mid_filter/device_map/hdmi_ddr_ov5640_top.pcf(line number: 88)] | Port tmds_data_p[2] has been placed at location N23, whose type is share pin.
Executing : def_port {tmds_data_p[2]} LOC=N23 VCCIO=2.5 IOSTANDARD=LVDS25 DRIVE=3.5 NONE=TRUE successfully
Executing : def_port {b_in[0]} LOC=L18 VCCIO=3.3 IOSTANDARD=LVCMOS33 NONE=TRUE
C: ConstraintEditor-2001: [E:/link_work/new-200HP/2_Demo/3_6_HDMI_IN_DDR3_mid_filter/3_6_HDMI_IN_DDR3_mid_filter/HDMI_IN_DDR3_mid_filter/device_map/hdmi_ddr_ov5640_top.pcf(line number: 89)] Object 'b_in[0]' is dangling, which has no connection. it will be ignored.
Executing : def_port {b_in[0]} LOC=L18 VCCIO=3.3 IOSTANDARD=LVCMOS33 NONE=TRUE failed
Executing : def_port {b_in[1]} LOC=L17 VCCIO=3.3 IOSTANDARD=LVCMOS33 NONE=TRUE
C: ConstraintEditor-2001: [E:/link_work/new-200HP/2_Demo/3_6_HDMI_IN_DDR3_mid_filter/3_6_HDMI_IN_DDR3_mid_filter/HDMI_IN_DDR3_mid_filter/device_map/hdmi_ddr_ov5640_top.pcf(line number: 90)] Object 'b_in[1]' is dangling, which has no connection. it will be ignored.
Executing : def_port {b_in[1]} LOC=L17 VCCIO=3.3 IOSTANDARD=LVCMOS33 NONE=TRUE failed
Executing : def_port {b_in[2]} LOC=H18 VCCIO=3.3 IOSTANDARD=LVCMOS33 NONE=TRUE
C: ConstraintEditor-2001: [E:/link_work/new-200HP/2_Demo/3_6_HDMI_IN_DDR3_mid_filter/3_6_HDMI_IN_DDR3_mid_filter/HDMI_IN_DDR3_mid_filter/device_map/hdmi_ddr_ov5640_top.pcf(line number: 91)] Object 'b_in[2]' is dangling, which has no connection. it will be ignored.
Executing : def_port {b_in[2]} LOC=H18 VCCIO=3.3 IOSTANDARD=LVCMOS33 NONE=TRUE failed
Executing : def_port {b_in[3]} LOC=J18 VCCIO=3.3 IOSTANDARD=LVCMOS33 NONE=TRUE
C: ConstraintEditor-2002: [E:/link_work/new-200HP/2_Demo/3_6_HDMI_IN_DDR3_mid_filter/3_6_HDMI_IN_DDR3_mid_filter/HDMI_IN_DDR3_mid_filter/device_map/hdmi_ddr_ov5640_top.pcf(line number: 92)] | Port b_in[3] has been placed at location J18, whose type is share pin.
Executing : def_port {b_in[3]} LOC=J18 VCCIO=3.3 IOSTANDARD=LVCMOS33 NONE=TRUE successfully
Executing : def_port {b_in[4]} LOC=J21 VCCIO=3.3 IOSTANDARD=LVCMOS33 NONE=TRUE
Executing : def_port {b_in[4]} LOC=J21 VCCIO=3.3 IOSTANDARD=LVCMOS33 NONE=TRUE successfully
Executing : def_port {b_in[5]} LOC=H23 VCCIO=3.3 IOSTANDARD=LVCMOS33 NONE=TRUE
Executing : def_port {b_in[5]} LOC=H23 VCCIO=3.3 IOSTANDARD=LVCMOS33 NONE=TRUE successfully
Executing : def_port {b_in[6]} LOC=J23 VCCIO=3.3 IOSTANDARD=LVCMOS33 NONE=TRUE
Executing : def_port {b_in[6]} LOC=J23 VCCIO=3.3 IOSTANDARD=LVCMOS33 NONE=TRUE successfully
Executing : def_port {b_in[7]} LOC=H24 VCCIO=3.3 IOSTANDARD=LVCMOS33 NONE=TRUE
C: ConstraintEditor-2002: [E:/link_work/new-200HP/2_Demo/3_6_HDMI_IN_DDR3_mid_filter/3_6_HDMI_IN_DDR3_mid_filter/HDMI_IN_DDR3_mid_filter/device_map/hdmi_ddr_ov5640_top.pcf(line number: 96)] | Port b_in[7] has been placed at location H24, whose type is share pin.
Executing : def_port {b_in[7]} LOC=H24 VCCIO=3.3 IOSTANDARD=LVCMOS33 NONE=TRUE successfully
Executing : def_port {clk_n} LOC=N2 VCCIO=1.5 IOSTANDARD=HSTL15D_I NONE=TRUE
Executing : def_port {clk_n} LOC=N2 VCCIO=1.5 IOSTANDARD=HSTL15D_I NONE=TRUE successfully
Executing : def_port {clk_p} LOC=N3 VCCIO=1.5 IOSTANDARD=HSTL15D_I NONE=TRUE
Executing : def_port {clk_p} LOC=N3 VCCIO=1.5 IOSTANDARD=HSTL15D_I NONE=TRUE successfully
Executing : def_port {de_in} LOC=M16 VCCIO=3.3 IOSTANDARD=LVCMOS33 NONE=TRUE
Executing : def_port {de_in} LOC=M16 VCCIO=3.3 IOSTANDARD=LVCMOS33 NONE=TRUE successfully
Executing : def_port {g_in[0]} LOC=J24 VCCIO=3.3 IOSTANDARD=LVCMOS33 NONE=TRUE
C: ConstraintEditor-2001: [E:/link_work/new-200HP/2_Demo/3_6_HDMI_IN_DDR3_mid_filter/3_6_HDMI_IN_DDR3_mid_filter/HDMI_IN_DDR3_mid_filter/device_map/hdmi_ddr_ov5640_top.pcf(line number: 100)] Object 'g_in[0]' is dangling, which has no connection. it will be ignored.
Executing : def_port {g_in[0]} LOC=J24 VCCIO=3.3 IOSTANDARD=LVCMOS33 NONE=TRUE failed
Executing : def_port {g_in[1]} LOC=K23 VCCIO=3.3 IOSTANDARD=LVCMOS33 NONE=TRUE
C: ConstraintEditor-2001: [E:/link_work/new-200HP/2_Demo/3_6_HDMI_IN_DDR3_mid_filter/3_6_HDMI_IN_DDR3_mid_filter/HDMI_IN_DDR3_mid_filter/device_map/hdmi_ddr_ov5640_top.pcf(line number: 101)] Object 'g_in[1]' is dangling, which has no connection. it will be ignored.
Executing : def_port {g_in[1]} LOC=K23 VCCIO=3.3 IOSTANDARD=LVCMOS33 NONE=TRUE failed
Executing : def_port {g_in[2]} LOC=K22 VCCIO=3.3 IOSTANDARD=LVCMOS33 NONE=TRUE
C: ConstraintEditor-2002: [E:/link_work/new-200HP/2_Demo/3_6_HDMI_IN_DDR3_mid_filter/3_6_HDMI_IN_DDR3_mid_filter/HDMI_IN_DDR3_mid_filter/device_map/hdmi_ddr_ov5640_top.pcf(line number: 102)] | Port g_in[2] has been placed at location K22, whose type is share pin.
Executing : def_port {g_in[2]} LOC=K22 VCCIO=3.3 IOSTANDARD=LVCMOS33 NONE=TRUE successfully
Executing : def_port {g_in[3]} LOC=J16 VCCIO=3.3 IOSTANDARD=LVCMOS33 NONE=TRUE
C: ConstraintEditor-2002: [E:/link_work/new-200HP/2_Demo/3_6_HDMI_IN_DDR3_mid_filter/3_6_HDMI_IN_DDR3_mid_filter/HDMI_IN_DDR3_mid_filter/device_map/hdmi_ddr_ov5640_top.pcf(line number: 103)] | Port g_in[3] has been placed at location J16, whose type is share pin.
Executing : def_port {g_in[3]} LOC=J16 VCCIO=3.3 IOSTANDARD=LVCMOS33 NONE=TRUE successfully
Executing : def_port {g_in[4]} LOC=K15 VCCIO=3.3 IOSTANDARD=LVCMOS33 NONE=TRUE
C: ConstraintEditor-2002: [E:/link_work/new-200HP/2_Demo/3_6_HDMI_IN_DDR3_mid_filter/3_6_HDMI_IN_DDR3_mid_filter/HDMI_IN_DDR3_mid_filter/device_map/hdmi_ddr_ov5640_top.pcf(line number: 104)] | Port g_in[4] has been placed at location K15, whose type is share pin.
Executing : def_port {g_in[4]} LOC=K15 VCCIO=3.3 IOSTANDARD=LVCMOS33 NONE=TRUE successfully
Executing : def_port {g_in[5]} LOC=K17 VCCIO=3.3 IOSTANDARD=LVCMOS33 NONE=TRUE
C: ConstraintEditor-2002: [E:/link_work/new-200HP/2_Demo/3_6_HDMI_IN_DDR3_mid_filter/3_6_HDMI_IN_DDR3_mid_filter/HDMI_IN_DDR3_mid_filter/device_map/hdmi_ddr_ov5640_top.pcf(line number: 105)] | Port g_in[5] has been placed at location K17, whose type is share pin.
Executing : def_port {g_in[5]} LOC=K17 VCCIO=3.3 IOSTANDARD=LVCMOS33 NONE=TRUE successfully
Executing : def_port {g_in[6]} LOC=K16 VCCIO=3.3 IOSTANDARD=LVCMOS33 NONE=TRUE
C: ConstraintEditor-2002: [E:/link_work/new-200HP/2_Demo/3_6_HDMI_IN_DDR3_mid_filter/3_6_HDMI_IN_DDR3_mid_filter/HDMI_IN_DDR3_mid_filter/device_map/hdmi_ddr_ov5640_top.pcf(line number: 106)] | Port g_in[6] has been placed at location K16, whose type is share pin.
Executing : def_port {g_in[6]} LOC=K16 VCCIO=3.3 IOSTANDARD=LVCMOS33 NONE=TRUE successfully
Executing : def_port {g_in[7]} LOC=L15 VCCIO=3.3 IOSTANDARD=LVCMOS33 NONE=TRUE
C: ConstraintEditor-2002: [E:/link_work/new-200HP/2_Demo/3_6_HDMI_IN_DDR3_mid_filter/3_6_HDMI_IN_DDR3_mid_filter/HDMI_IN_DDR3_mid_filter/device_map/hdmi_ddr_ov5640_top.pcf(line number: 107)] | Port g_in[7] has been placed at location L15, whose type is share pin.
Executing : def_port {g_in[7]} LOC=L15 VCCIO=3.3 IOSTANDARD=LVCMOS33 NONE=TRUE successfully
Executing : def_port {hs_in} LOC=M17 VCCIO=3.3 IOSTANDARD=LVCMOS33 NONE=TRUE
C: ConstraintEditor-2001: [E:/link_work/new-200HP/2_Demo/3_6_HDMI_IN_DDR3_mid_filter/3_6_HDMI_IN_DDR3_mid_filter/HDMI_IN_DDR3_mid_filter/device_map/hdmi_ddr_ov5640_top.pcf(line number: 108)] Object 'hs_in' is dangling, which has no connection. it will be ignored.
Executing : def_port {hs_in} LOC=M17 VCCIO=3.3 IOSTANDARD=LVCMOS33 NONE=TRUE failed
Executing : def_port {pixclk_in} LOC=K21 VCCIO=3.3 IOSTANDARD=LVCMOS33 NONE=TRUE
Executing : def_port {pixclk_in} LOC=K21 VCCIO=3.3 IOSTANDARD=LVCMOS33 NONE=TRUE successfully
Executing : def_port {r_in[0]} LOC=M15 VCCIO=3.3 IOSTANDARD=LVCMOS33 NONE=TRUE
C: ConstraintEditor-2001: [E:/link_work/new-200HP/2_Demo/3_6_HDMI_IN_DDR3_mid_filter/3_6_HDMI_IN_DDR3_mid_filter/HDMI_IN_DDR3_mid_filter/device_map/hdmi_ddr_ov5640_top.pcf(line number: 110)] Object 'r_in[0]' is dangling, which has no connection. it will be ignored.
Executing : def_port {r_in[0]} LOC=M15 VCCIO=3.3 IOSTANDARD=LVCMOS33 NONE=TRUE failed
Executing : def_port {r_in[1]} LOC=H19 VCCIO=3.3 IOSTANDARD=LVCMOS33 NONE=TRUE
C: ConstraintEditor-2001: [E:/link_work/new-200HP/2_Demo/3_6_HDMI_IN_DDR3_mid_filter/3_6_HDMI_IN_DDR3_mid_filter/HDMI_IN_DDR3_mid_filter/device_map/hdmi_ddr_ov5640_top.pcf(line number: 111)] Object 'r_in[1]' is dangling, which has no connection. it will be ignored.
Executing : def_port {r_in[1]} LOC=H19 VCCIO=3.3 IOSTANDARD=LVCMOS33 NONE=TRUE failed
Executing : def_port {r_in[2]} LOC=J19 VCCIO=3.3 IOSTANDARD=LVCMOS33 NONE=TRUE
C: ConstraintEditor-2001: [E:/link_work/new-200HP/2_Demo/3_6_HDMI_IN_DDR3_mid_filter/3_6_HDMI_IN_DDR3_mid_filter/HDMI_IN_DDR3_mid_filter/device_map/hdmi_ddr_ov5640_top.pcf(line number: 112)] Object 'r_in[2]' is dangling, which has no connection. it will be ignored.
Executing : def_port {r_in[2]} LOC=J19 VCCIO=3.3 IOSTANDARD=LVCMOS33 NONE=TRUE failed
Executing : def_port {r_in[3]} LOC=J20 VCCIO=3.3 IOSTANDARD=LVCMOS33 NONE=TRUE
C: ConstraintEditor-2002: [E:/link_work/new-200HP/2_Demo/3_6_HDMI_IN_DDR3_mid_filter/3_6_HDMI_IN_DDR3_mid_filter/HDMI_IN_DDR3_mid_filter/device_map/hdmi_ddr_ov5640_top.pcf(line number: 113)] | Port r_in[3] has been placed at location J20, whose type is share pin.
Executing : def_port {r_in[3]} LOC=J20 VCCIO=3.3 IOSTANDARD=LVCMOS33 NONE=TRUE successfully
Executing : def_port {r_in[4]} LOC=K20 VCCIO=3.3 IOSTANDARD=LVCMOS33 NONE=TRUE
C: ConstraintEditor-2002: [E:/link_work/new-200HP/2_Demo/3_6_HDMI_IN_DDR3_mid_filter/3_6_HDMI_IN_DDR3_mid_filter/HDMI_IN_DDR3_mid_filter/device_map/hdmi_ddr_ov5640_top.pcf(line number: 114)] | Port r_in[4] has been placed at location K20, whose type is share pin.
Executing : def_port {r_in[4]} LOC=K20 VCCIO=3.3 IOSTANDARD=LVCMOS33 NONE=TRUE successfully
Executing : def_port {r_in[5]} LOC=G21 VCCIO=3.3 IOSTANDARD=LVCMOS33 NONE=TRUE
Executing : def_port {r_in[5]} LOC=G21 VCCIO=3.3 IOSTANDARD=LVCMOS33 NONE=TRUE successfully
Executing : def_port {r_in[6]} LOC=G20 VCCIO=3.3 IOSTANDARD=LVCMOS33 NONE=TRUE
Executing : def_port {r_in[6]} LOC=G20 VCCIO=3.3 IOSTANDARD=LVCMOS33 NONE=TRUE successfully
Executing : def_port {r_in[7]} LOC=H22 VCCIO=3.3 IOSTANDARD=LVCMOS33 NONE=TRUE
Executing : def_port {r_in[7]} LOC=H22 VCCIO=3.3 IOSTANDARD=LVCMOS33 NONE=TRUE successfully
Executing : def_port {sys_clk} LOC=D18 VCCIO=3.3 IOSTANDARD=LVCMOS33 NONE=TRUE
Executing : def_port {sys_clk} LOC=D18 VCCIO=3.3 IOSTANDARD=LVCMOS33 NONE=TRUE successfully
Executing : def_port {vs_in} LOC=M14 VCCIO=3.3 IOSTANDARD=LVCMOS33 NONE=TRUE
Executing : def_port {vs_in} LOC=M14 VCCIO=3.3 IOSTANDARD=LVCMOS33 NONE=TRUE successfully
Executing : def_inst_site {u_ddr3_test_h/u_ddrphy_top/ddrphy_reset_ctrl/ddrphy_ioclk_gate[0]/opit_0_inv} CLMA_717_672 FF3
Executing : def_inst_site {u_ddr3_test_h/u_ddrphy_top/ddrphy_reset_ctrl/ddrphy_ioclk_gate[0]/opit_0_inv} CLMA_717_672 FF3 successfully
Executing : def_inst_site {u_ddr3_test_h/u_ddrphy_top/ddrphy_reset_ctrl/ddrphy_ioclk_gate[1]/opit_0_inv} CLMA_717_978 FF3
Executing : def_inst_site {u_ddr3_test_h/u_ddrphy_top/ddrphy_reset_ctrl/ddrphy_ioclk_gate[1]/opit_0_inv} CLMA_717_978 FF3 successfully
Executing : def_inst_site {u_ddr3_test_h/u_ddrphy_top/u_ddrphy_cpd/cpd_inst} DDRPHY_CPD_729_772
Executing : def_inst_site {u_ddr3_test_h/u_ddrphy_top/u_ddrphy_cpd/cpd_inst} DDRPHY_CPD_729_772 successfully
W: ConstraintEditor-4019: Port 'rst_in' unspecified I/O constraint.
Constraint check end.
I: Column Clock Check open.
Read Column Clock Map.

Placement started.
Phase 1 Pre global placement started.
Mapping instance GRS_INST/grs_ccs to CCS_75_622.
Mapping instance cfg_pll_inst/u_gpll/gpll_inst to GPLL_7_1381.
Mapping instance u_ddr3_test_h/u_ddrphy_top/ddrphy_gpll/u_gpll/gpll_inst to GPLL_727_769.
Mapping instance u_ddr3_test_h/u_ddrphy_top/ddrphy_slice_top/i_dqs_bank[0].u_ddrphy_ioclkdiv/ddrphy_ioclk_div_inst to DDRPHY_IOCLK_DIV_728_616.
Mapping instance u_ddr3_test_h/u_ddrphy_top/ddrphy_slice_top/i_dqs_bank[0].ddrphy_ppll/u_ppll/ppll_inst to PPLL_727_613.
Mapping instance u_ddr3_test_h/u_ddrphy_top/ddrphy_slice_top/i_ca_group[0].u_ddc_ca/ddc_inst to DDR_PHY_729_769.
Mapping instance u_ddr3_test_h/u_ddrphy_top/ddrphy_slice_top/i_ca_group[1].u_ddc_ca/ddc_inst to DDR_PHY_729_615.
Mapping instance u_ddr3_test_h/u_ddrphy_top/ddrphy_slice_top/i_ca_group[2].u_ddc_ca/ddc_inst to DDR_PHY_729_613.
Mapping instance u_ddr3_test_h/u_ddrphy_top/ddrphy_slice_top/i_dqs_bank[1].u_ddrphy_ioclkdiv/ddrphy_ioclk_div_inst to DDRPHY_IOCLK_DIV_728_922.
Mapping instance u_ddr3_test_h/u_ddrphy_top/ddrphy_slice_top/i_dqs_bank[1].ddrphy_ppll/u_ppll/ppll_inst to PPLL_727_919.
Mapping instance u_ddr3_test_h/u_ddrphy_top/ddrphy_slice_top/i_dqs_group[0].ddrphy_data_slice/u_ddc_dq/ddc_inst_PHY to DDR_PHY_729_1075.
Mapping instance u_ddr3_test_h/u_ddrphy_top/ddrphy_slice_top/i_dqs_group[1].ddrphy_data_slice/u_ddc_dq/ddc_inst_PHY to DDR_PHY_729_1077.
Mapping instance u_ddr3_test_h/u_ddrphy_top/ddrphy_slice_top/i_dqs_group[2].ddrphy_data_slice/u_ddc_dq/ddc_inst_PHY to DDR_PHY_729_921.
Mapping instance u_ddr3_test_h/u_ddrphy_top/ddrphy_slice_top/i_dqs_group[3].ddrphy_data_slice/u_ddc_dq/ddc_inst_PHY to DDR_PHY_729_919.
Phase 1.1 1st GP placement started.
Design Utilization : 4%.
C: Place-2049: Internal warning: Can not find IPAL unit in space when build SRB system
Build SRB system takes 6.80 sec.
Wirelength after clock region global placement is 76386 and checksum is FD7B367C76617565.
1st GP placement takes 9.69 sec.

Phase 1.2 Clock placement started.
Mapping instance u_ddr3_test_h/u_ddrphy_top/ddrphy_slice_top/i_dqs_bank[0].u_clkbufr/goprclk to RCKB_723_762.
Mapping instance u_ddr3_test_h/u_ddrphy_top/ddrphy_slice_top/i_dqs_bank[1].u_clkbufr/goprclk to RCKB_723_1068.
Mapping instance u_ddr3_test_h/u_ddrphy_top/u_clkbufm/clkbufm_inst to MRCKB_721_762.
Mapping instance u_ddr3_test_h/u_ddrphy_top/u_sysclk_bufg/gopclkbufg to USCM_383_882.
Mapping instance clkbufg_0/gopclkbufg to USCM_383_930.
Mapping instance clkbufg_2/gopclkbufg to USCM_383_933.
Mapping instance pll_gen_clk/u_gpll/gpll_inst to GPLL_7_769.
Mapping instance clkbufg_1/gopclkbufg to USCM_383_885.
Mapping instance clkbufg_3/gopclkbufg to USCM_383_888.
Mapping instance u_ddr3_test_h/u_ddrphy_top/rst_clk_gpll/u_gpll/gpll_inst to GPLL_727_463.
Mapping instance u_ddr3_test_h/u_ddrphy_top/u_rst_clk_bufg/gopclkbufg to USCM_383_891.
Clock placement takes 0.89 sec.

Wirelength after Pre Global Placement is 76386 and checksum is FD7B367C76617565.
Pre global placement takes 12.36 sec.

Phase 2 Global placement started.
Phase 2.1 Fixed placement started.
First map gop timing takes 2.30 sec
Init coarse delay table.
Read place coarse delay table takes 2.22 sec.
Placed fixed group with base inst b_in_ibuf[3]/opit_1 on IOLHR_16_1104.
Placed fixed group with base inst b_in_ibuf[4]/opit_1 on IOLHR_16_1074.
Placed fixed group with base inst b_in_ibuf[5]/opit_1 on IOLHR_16_1044.
Placed fixed group with base inst b_in_ibuf[6]/opit_1 on IOLHR_16_1050.
Placed fixed group with base inst b_in_ibuf[7]/opit_1 on IOLHR_16_1020.
Placed fixed group with base inst ddr_init_done_obuf/opit_1 on IOLHR_16_1380.
Placed fixed group with base inst de_in_ibuf/opit_1 on IOLHR_16_1152.
Placed fixed group with base inst g_in_ibuf[2]/opit_1 on IOLHR_16_1002.
Placed fixed group with base inst g_in_ibuf[3]/opit_1 on IOLHR_16_1206.
Placed fixed group with base inst g_in_ibuf[4]/opit_1 on IOLHR_16_1212.
Placed fixed group with base inst g_in_ibuf[5]/opit_1 on IOLHR_16_1182.
Placed fixed group with base inst g_in_ibuf[6]/opit_1 on IOLHR_16_1188.
Placed fixed group with base inst g_in_ibuf[7]/opit_1 on IOLHR_16_1158.
Placed fixed group with base inst hd_scl_obuf/opit_1 on IOLHR_16_1194.
Placed fixed group with base inst hdmi_int_led_obuf/opit_1 on IOLHR_16_1392.
Placed fixed group with base inst heart_beat_led_obuf/opit_1 on IOLHR_16_1338.
Placed fixed group with base inst init_over_rx_obuf/opit_1 on IOLHR_16_1362.
Placed fixed group with base inst mem_rst_n_obuf/opit_1 on IOLHR_724_792.
Placed fixed group with base inst ms72xx_ctl.iic_sda_tri/opit_1 on IOLHR_16_1200.
Placed fixed group with base inst pixclk_in_ibuf/opit_1 on IOLHR_16_1080.
Placed fixed group with base inst r_in_ibuf[3]/opit_1 on IOLHR_16_1110.
Placed fixed group with base inst r_in_ibuf[4]/opit_1 on IOLHR_16_1116.
Placed fixed group with base inst r_in_ibuf[5]/opit_1 on IOLHR_16_1086.
Placed fixed group with base inst r_in_ibuf[6]/opit_1 on IOLHR_16_1092.
Placed fixed group with base inst r_in_ibuf[7]/opit_1 on IOLHR_16_1056.
Placed fixed group with base inst rgb2tmds/clockserializer/OutputBuffer/opit_2 on IOLHR_16_756.
Placed fixed group with base inst rgb2tmds/encoder[0].dataserializer/OutputBuffer/opit_2 on IOLHR_16_684.
Placed fixed group with base inst rgb2tmds/encoder[1].dataserializer/OutputBuffer/opit_2 on IOLHR_16_708.
Placed fixed group with base inst rgb2tmds/encoder[2].dataserializer/OutputBuffer/opit_2 on IOLHR_16_732.
Placed fixed group with base inst rstn_out_obuf/opit_1 on IOLHR_16_942.
Placed fixed group with base inst sys_clk_ibuf/opit_1 on IOLHR_16_1386.
Placed fixed group with base inst u_ddr3_test_h/u_ddrphy_top/ddrphy_slice_top/i_dqs_group[0].ddrphy_data_slice/dq_loop[0].u_iobuf_dq/opit_1 on IOLHR_724_1080.
Placed fixed group with base inst u_ddr3_test_h/u_ddrphy_top/ddrphy_slice_top/i_dqs_group[0].ddrphy_data_slice/dq_loop[1].u_iobuf_dq/opit_1 on IOLHR_724_1140.
Placed fixed group with base inst u_ddr3_test_h/u_ddrphy_top/ddrphy_slice_top/i_dqs_group[0].ddrphy_data_slice/dq_loop[2].u_iobuf_dq/opit_1 on IOLHR_724_1074.
Placed fixed group with base inst u_ddr3_test_h/u_ddrphy_top/ddrphy_slice_top/i_dqs_group[0].ddrphy_data_slice/dq_loop[3].u_iobuf_dq/opit_1 on IOLHR_724_1128.
Placed fixed group with base inst u_ddr3_test_h/u_ddrphy_top/ddrphy_slice_top/i_dqs_group[0].ddrphy_data_slice/dq_loop[4].u_iobuf_dq/opit_1 on IOLHR_724_1092.
Placed fixed group with base inst u_ddr3_test_h/u_ddrphy_top/ddrphy_slice_top/i_dqs_group[0].ddrphy_data_slice/dq_loop[5].u_iobuf_dq/opit_1 on IOLHR_724_1104.
Placed fixed group with base inst u_ddr3_test_h/u_ddrphy_top/ddrphy_slice_top/i_dqs_group[0].ddrphy_data_slice/dq_loop[6].u_iobuf_dq/opit_1 on IOLHR_724_1086.
Placed fixed group with base inst u_ddr3_test_h/u_ddrphy_top/ddrphy_slice_top/i_dqs_group[0].ddrphy_data_slice/dq_loop[7].u_iobuf_dq/opit_1 on IOLHR_724_1134.
Placed fixed group with base inst u_ddr3_test_h/u_ddrphy_top/ddrphy_slice_top/i_dqs_group[0].ddrphy_data_slice/genblk1.u_iobufco_dqs/opit_2 on IOLHR_724_1116.
Placed fixed group with base inst u_ddr3_test_h/u_ddrphy_top/ddrphy_slice_top/i_dqs_group[0].ddrphy_data_slice/u_outbuft_dm/opit_1 on IOLHR_724_1098.
Placed fixed group with base inst u_ddr3_test_h/u_ddrphy_top/ddrphy_slice_top/i_dqs_group[1].ddrphy_data_slice/dq_loop[0].u_iobuf_dq/opit_1 on IOLHR_724_1164.
Placed fixed group with base inst u_ddr3_test_h/u_ddrphy_top/ddrphy_slice_top/i_dqs_group[1].ddrphy_data_slice/dq_loop[1].u_iobuf_dq/opit_1 on IOLHR_724_1176.
Placed fixed group with base inst u_ddr3_test_h/u_ddrphy_top/ddrphy_slice_top/i_dqs_group[1].ddrphy_data_slice/dq_loop[2].u_iobuf_dq/opit_1 on IOLHR_724_1200.
Placed fixed group with base inst u_ddr3_test_h/u_ddrphy_top/ddrphy_slice_top/i_dqs_group[1].ddrphy_data_slice/dq_loop[3].u_iobuf_dq/opit_1 on IOLHR_724_1206.
Placed fixed group with base inst u_ddr3_test_h/u_ddrphy_top/ddrphy_slice_top/i_dqs_group[1].ddrphy_data_slice/dq_loop[4].u_iobuf_dq/opit_1 on IOLHR_724_1194.
Placed fixed group with base inst u_ddr3_test_h/u_ddrphy_top/ddrphy_slice_top/i_dqs_group[1].ddrphy_data_slice/dq_loop[5].u_iobuf_dq/opit_1 on IOLHR_724_1212.
Placed fixed group with base inst u_ddr3_test_h/u_ddrphy_top/ddrphy_slice_top/i_dqs_group[1].ddrphy_data_slice/dq_loop[6].u_iobuf_dq/opit_1 on IOLHR_724_1152.
Placed fixed group with base inst u_ddr3_test_h/u_ddrphy_top/ddrphy_slice_top/i_dqs_group[1].ddrphy_data_slice/dq_loop[7].u_iobuf_dq/opit_1 on IOLHR_724_1158.
Placed fixed group with base inst u_ddr3_test_h/u_ddrphy_top/ddrphy_slice_top/i_dqs_group[1].ddrphy_data_slice/genblk1.u_iobufco_dqs/opit_2 on IOLHR_724_1188.
Placed fixed group with base inst u_ddr3_test_h/u_ddrphy_top/ddrphy_slice_top/i_dqs_group[1].ddrphy_data_slice/u_outbuft_dm/opit_1 on IOLHR_724_1170.
Placed fixed group with base inst u_ddr3_test_h/u_ddrphy_top/ddrphy_slice_top/i_dqs_group[2].ddrphy_data_slice/dq_loop[0].u_iobuf_dq/opit_1 on IOLHR_724_1044.
Placed fixed group with base inst u_ddr3_test_h/u_ddrphy_top/ddrphy_slice_top/i_dqs_group[2].ddrphy_data_slice/dq_loop[1].u_iobuf_dq/opit_1 on IOLHR_724_1050.
Placed fixed group with base inst u_ddr3_test_h/u_ddrphy_top/ddrphy_slice_top/i_dqs_group[2].ddrphy_data_slice/dq_loop[2].u_iobuf_dq/opit_1 on IOLHR_724_1020.
Placed fixed group with base inst u_ddr3_test_h/u_ddrphy_top/ddrphy_slice_top/i_dqs_group[2].ddrphy_data_slice/dq_loop[3].u_iobuf_dq/opit_1 on IOLHR_724_996.
Placed fixed group with base inst u_ddr3_test_h/u_ddrphy_top/ddrphy_slice_top/i_dqs_group[2].ddrphy_data_slice/dq_loop[4].u_iobuf_dq/opit_1 on IOLHR_724_1008.
Placed fixed group with base inst u_ddr3_test_h/u_ddrphy_top/ddrphy_slice_top/i_dqs_group[2].ddrphy_data_slice/dq_loop[5].u_iobuf_dq/opit_1 on IOLHR_724_1002.
Placed fixed group with base inst u_ddr3_test_h/u_ddrphy_top/ddrphy_slice_top/i_dqs_group[2].ddrphy_data_slice/dq_loop[6].u_iobuf_dq/opit_1 on IOLHR_724_1026.
Placed fixed group with base inst u_ddr3_test_h/u_ddrphy_top/ddrphy_slice_top/i_dqs_group[2].ddrphy_data_slice/dq_loop[7].u_iobuf_dq/opit_1 on IOLHR_724_1014.
Placed fixed group with base inst u_ddr3_test_h/u_ddrphy_top/ddrphy_slice_top/i_dqs_group[2].ddrphy_data_slice/genblk1.u_iobufco_dqs/opit_2 on IOLHR_724_1038.
Placed fixed group with base inst u_ddr3_test_h/u_ddrphy_top/ddrphy_slice_top/i_dqs_group[2].ddrphy_data_slice/u_outbuft_dm/opit_1 on IOLHR_724_1056.
Placed fixed group with base inst u_ddr3_test_h/u_ddrphy_top/ddrphy_slice_top/i_dqs_group[3].ddrphy_data_slice/dq_loop[0].u_iobuf_dq/opit_1 on IOLHR_724_954.
Placed fixed group with base inst u_ddr3_test_h/u_ddrphy_top/ddrphy_slice_top/i_dqs_group[3].ddrphy_data_slice/dq_loop[1].u_iobuf_dq/opit_1 on IOLHR_724_936.
Placed fixed group with base inst u_ddr3_test_h/u_ddrphy_top/ddrphy_slice_top/i_dqs_group[3].ddrphy_data_slice/dq_loop[2].u_iobuf_dq/opit_1 on IOLHR_724_924.
Placed fixed group with base inst u_ddr3_test_h/u_ddrphy_top/ddrphy_slice_top/i_dqs_group[3].ddrphy_data_slice/dq_loop[3].u_iobuf_dq/opit_1 on IOLHR_724_972.
Placed fixed group with base inst u_ddr3_test_h/u_ddrphy_top/ddrphy_slice_top/i_dqs_group[3].ddrphy_data_slice/dq_loop[4].u_iobuf_dq/opit_1 on IOLHR_724_942.
Placed fixed group with base inst u_ddr3_test_h/u_ddrphy_top/ddrphy_slice_top/i_dqs_group[3].ddrphy_data_slice/dq_loop[5].u_iobuf_dq/opit_1 on IOLHR_724_978.
Placed fixed group with base inst u_ddr3_test_h/u_ddrphy_top/ddrphy_slice_top/i_dqs_group[3].ddrphy_data_slice/dq_loop[6].u_iobuf_dq/opit_1 on IOLHR_724_930.
Placed fixed group with base inst u_ddr3_test_h/u_ddrphy_top/ddrphy_slice_top/i_dqs_group[3].ddrphy_data_slice/dq_loop[7].u_iobuf_dq/opit_1 on IOLHR_724_990.
Placed fixed group with base inst u_ddr3_test_h/u_ddrphy_top/ddrphy_slice_top/i_dqs_group[3].ddrphy_data_slice/genblk1.u_iobufco_dqs/opit_2 on IOLHR_724_966.
Placed fixed group with base inst u_ddr3_test_h/u_ddrphy_top/ddrphy_slice_top/i_dqs_group[3].ddrphy_data_slice/u_outbuft_dm/opit_1 on IOLHR_724_948.
Placed fixed group with base inst u_ddr3_test_h/u_ddrphy_top/ddrphy_slice_top/i_mem_addr_0[0].u_outbuft_addr0/opit_1 on IOLHR_724_828.
Placed fixed group with base inst u_ddr3_test_h/u_ddrphy_top/ddrphy_slice_top/i_mem_addr_0[1].u_outbuft_addr0/opit_1 on IOLHR_724_822.
Placed fixed group with base inst u_ddr3_test_h/u_ddrphy_top/ddrphy_slice_top/i_mem_addr_0[2].u_outbuft_addr0/opit_1 on IOLHR_724_780.
Placed fixed group with base inst u_ddr3_test_h/u_ddrphy_top/ddrphy_slice_top/i_mem_addr_0[3].u_outbuft_addr0/opit_1 on IOLHR_724_750.
Placed fixed group with base inst u_ddr3_test_h/u_ddrphy_top/ddrphy_slice_top/i_mem_addr_0[4].u_outbuft_addr0/opit_1 on IOLHR_724_708.
Placed fixed group with base inst u_ddr3_test_h/u_ddrphy_top/ddrphy_slice_top/i_mem_addr_0[5].u_outbuft_addr0/opit_1 on IOLHR_724_804.
Placed fixed group with base inst u_ddr3_test_h/u_ddrphy_top/ddrphy_slice_top/i_mem_addr_0[6].u_outbuft_addr0/opit_1 on IOLHR_724_690.
Placed fixed group with base inst u_ddr3_test_h/u_ddrphy_top/ddrphy_slice_top/i_mem_addr_0[7].u_outbuft_addr0/opit_1 on IOLHR_724_834.
Placed fixed group with base inst u_ddr3_test_h/u_ddrphy_top/ddrphy_slice_top/i_mem_addr_0[8].u_outbuft_addr0/opit_1 on IOLHR_724_696.
Placed fixed group with base inst u_ddr3_test_h/u_ddrphy_top/ddrphy_slice_top/i_mem_addr_0[9].u_outbuft_addr0/opit_1 on IOLHR_724_816.
Placed fixed group with base inst u_ddr3_test_h/u_ddrphy_top/ddrphy_slice_top/i_mem_addr_0[10].u_outbuft_addr0/opit_1 on IOLHR_724_714.
Placed fixed group with base inst u_ddr3_test_h/u_ddrphy_top/ddrphy_slice_top/i_mem_addr_0[11].u_outbuft_addr0/opit_1 on IOLHR_724_726.
Placed fixed group with base inst u_ddr3_test_h/u_ddrphy_top/ddrphy_slice_top/i_mem_addr_0[12].u_outbuft_addr0/opit_1 on IOLHR_724_720.
Placed fixed group with base inst u_ddr3_test_h/u_ddrphy_top/ddrphy_slice_top/i_mem_addr_0[13].u_outbuft_addr0/opit_1 on IOLHR_724_786.
Placed fixed group with base inst u_ddr3_test_h/u_ddrphy_top/ddrphy_slice_top/i_mem_addr_0[14].u_outbuft_addr0/opit_1 on IOLHR_724_810.
Placed fixed group with base inst u_ddr3_test_h/u_ddrphy_top/ddrphy_slice_top/k_mem_ba[0].u_outbuft_ba/opit_1 on IOLHR_724_744.
Placed fixed group with base inst u_ddr3_test_h/u_ddrphy_top/ddrphy_slice_top/k_mem_ba[1].u_outbuft_ba/opit_1 on IOLHR_724_702.
Placed fixed group with base inst u_ddr3_test_h/u_ddrphy_top/ddrphy_slice_top/k_mem_ba[2].u_outbuft_ba/opit_1 on IOLHR_724_672.
Placed fixed group with base inst u_ddr3_test_h/u_ddrphy_top/ddrphy_slice_top/u_outbuft_casn/opit_1 on IOLHR_724_618.
Placed fixed group with base inst u_ddr3_test_h/u_ddrphy_top/ddrphy_slice_top/u_outbuft_cke/opit_1 on IOLHR_724_732.
Placed fixed group with base inst u_ddr3_test_h/u_ddrphy_top/ddrphy_slice_top/u_outbuft_csn/opit_1 on IOLHR_724_738.
Placed fixed group with base inst u_ddr3_test_h/u_ddrphy_top/ddrphy_slice_top/u_outbuft_odt/opit_1 on IOLHR_724_798.
Placed fixed group with base inst u_ddr3_test_h/u_ddrphy_top/ddrphy_slice_top/u_outbuft_rasn/opit_1 on IOLHR_724_684.
Placed fixed group with base inst u_ddr3_test_h/u_ddrphy_top/ddrphy_slice_top/u_outbuft_wen/opit_1 on IOLHR_724_624.
Placed fixed group with base inst u_ddr3_test_h/u_ddrphy_top/ddrphy_slice_top/u_outbuftco_ck/opit_3 on IOLHR_724_660.
Placed fixed group with base inst u_gtp/opit_2 on IOLHR_724_774.
Placed fixed group with base inst vs_in_ibuf/opit_1 on IOLHR_16_1176.
Placed fixed instance u_ddr3_test_h/u_ddrphy_top/ddrphy_reset_ctrl/ddrphy_ioclk_gate[0]/opit_0_inv on CLMA_717_672.
Placed fixed instance u_ddr3_test_h/u_ddrphy_top/ddrphy_reset_ctrl/ddrphy_ioclk_gate[1]/opit_0_inv on CLMA_717_978.
Placed fixed instance GRS_INST/grs_ccs on CCS_75_622.
Placed fixed instance cfg_pll_inst/u_gpll/gpll_inst on GPLL_7_1381.
Placed fixed instance clkbufg_0/gopclkbufg on USCM_383_930.
Placed fixed instance clkbufg_1/gopclkbufg on USCM_383_885.
Placed fixed instance clkbufg_2/gopclkbufg on USCM_383_933.
Placed fixed instance clkbufg_3/gopclkbufg on USCM_383_888.
Placed fixed instance pll_gen_clk/u_gpll/gpll_inst on GPLL_7_769.
Placed fixed instance u_ddr3_test_h/u_ddrphy_top/ddrphy_gpll/u_gpll/gpll_inst on GPLL_727_769.
Placed fixed instance u_ddr3_test_h/u_ddrphy_top/ddrphy_slice_top/i_ca_group[0].u_ddc_ca/ddc_inst on DDR_PHY_729_769.
Placed fixed instance u_ddr3_test_h/u_ddrphy_top/ddrphy_slice_top/i_ca_group[1].u_ddc_ca/ddc_inst on DDR_PHY_729_615.
Placed fixed instance u_ddr3_test_h/u_ddrphy_top/ddrphy_slice_top/i_ca_group[2].u_ddc_ca/ddc_inst on DDR_PHY_729_613.
Placed fixed instance u_ddr3_test_h/u_ddrphy_top/ddrphy_slice_top/i_dqs_bank[0].ddrphy_ppll/u_ppll/ppll_inst on PPLL_727_613.
Placed fixed instance u_ddr3_test_h/u_ddrphy_top/ddrphy_slice_top/i_dqs_bank[0].u_clkbufr/goprclk on RCKB_723_762.
Placed fixed instance u_ddr3_test_h/u_ddrphy_top/ddrphy_slice_top/i_dqs_bank[0].u_ddrphy_ioclkdiv/ddrphy_ioclk_div_inst on DDRPHY_IOCLK_DIV_728_616.
Placed fixed instance u_ddr3_test_h/u_ddrphy_top/ddrphy_slice_top/i_dqs_bank[1].ddrphy_ppll/u_ppll/ppll_inst on PPLL_727_919.
Placed fixed instance u_ddr3_test_h/u_ddrphy_top/ddrphy_slice_top/i_dqs_bank[1].u_clkbufr/goprclk on RCKB_723_1068.
Placed fixed instance u_ddr3_test_h/u_ddrphy_top/ddrphy_slice_top/i_dqs_bank[1].u_ddrphy_ioclkdiv/ddrphy_ioclk_div_inst on DDRPHY_IOCLK_DIV_728_922.
Placed fixed instance u_ddr3_test_h/u_ddrphy_top/ddrphy_slice_top/i_dqs_group[0].ddrphy_data_slice/u_ddc_dq/ddc_inst_PHY on DDR_PHY_729_1075.
Placed fixed instance u_ddr3_test_h/u_ddrphy_top/ddrphy_slice_top/i_dqs_group[1].ddrphy_data_slice/u_ddc_dq/ddc_inst_PHY on DDR_PHY_729_1077.
Placed fixed instance u_ddr3_test_h/u_ddrphy_top/ddrphy_slice_top/i_dqs_group[2].ddrphy_data_slice/u_ddc_dq/ddc_inst_PHY on DDR_PHY_729_921.
Placed fixed instance u_ddr3_test_h/u_ddrphy_top/ddrphy_slice_top/i_dqs_group[3].ddrphy_data_slice/u_ddc_dq/ddc_inst_PHY on DDR_PHY_729_919.
Placed fixed instance u_ddr3_test_h/u_ddrphy_top/rst_clk_gpll/u_gpll/gpll_inst on GPLL_727_463.
Placed fixed instance u_ddr3_test_h/u_ddrphy_top/u_clkbufm/clkbufm_inst on MRCKB_721_762.
Placed fixed instance u_ddr3_test_h/u_ddrphy_top/u_ddrphy_cpd/cpd_inst on DDRPHY_CPD_729_772.
Placed fixed instance u_ddr3_test_h/u_ddrphy_top/u_rst_clk_bufg/gopclkbufg on USCM_383_891.
Placed fixed instance u_ddr3_test_h/u_ddrphy_top/u_sysclk_bufg/gopclkbufg on USCM_383_882.
Placed fixed instance BKCL_auto_0 on BKCL_1_1258.
Placed fixed instance BKCL_auto_1 on BKCL_1_952.
Placed fixed instance BKCL_auto_2 on BKCL_1_646.
Placed fixed instance BKCL_auto_3 on BKCL_733_952.
Placed fixed instance BKCL_auto_4 on BKCL_733_646.
Fixed placement takes 6.33 sec.

Phase 2.2 Process placement started.
I: The IO driver of pll_gen_clk/u_gpll/gpll_inst(CLKIN1) is not constraint at pllpad, its clock path will pass through SRB.
I: The IO driver of u_ddr3_test_h/u_ddrphy_top/rst_clk_gpll/u_gpll/gpll_inst(CLKIN1) is not constraint at pllpad, its clock path will pass through SRB.
Process placement takes 0.00 sec.

Phase 2.3 IO placement started.
IO placement takes 0.11 sec.

PBM start.
Total cost after SA planning is 138359.037392.
SA total time: 2843 msec
PBM of GP end, takes 3.39 sec.
Phase 2.4 2nd GP placement started.
Run super clustering :
	Initial slack -4507.
	1 iterations finished.
	Final slack -4507.
Super clustering done.
Design Utilization : 4%.
I: GP end with result: density(0.000382)
Worst slack after global placement is 68
2nd GP placement takes 7.27 sec.

Wirelength after global placement is 74273 and checksum is E943903B9BD229DA.
Global placement takes 17.11 sec.

Phase 3 Post global placement started.
Phase 3.1 Macro cell placement started.
I: Process macros using "Global".
Wirelength after macro cell placement is 82066 and checksum is BC2303C0F5F38C09.
Macro cell placement takes 0.41 sec.

PBM start.
PBM of PostGP end, takes 0.00 sec.
Phase 3.2 3rd GP placement started.
Design Utilization : 4%.
I: GP end with result: density(0.000322)
Worst slack after post global placement is -64
3rd GP placement takes 3.73 sec.

Wirelength after post global placement is 79300 and checksum is 7D9258AF11595E31.
Packing LUT6D started.
I: LUT6D pack result: There are 2868 LUT6 in collection, pack success:80
Packing LUT6D takes 2.28 sec.
Post global placement takes 6.45 sec.

Phase 4 Legalization started.
The average distance in LP is 0.282431.
Wirelength after legalization is 90576 and checksum is D7A5BD8A4E3959F9.
Legalization takes 0.64 sec.

Phase 5 Timing-driven detailed placement started.
Phase 5.1 Replication placement started.
Worst slack before Replication Place is -435.
Replication placement takes 0.63 sec.

Wirelength after replication placement is 90576 and checksum is D7A5BD8A4E3959F9.
Phase 5.2 Swapping placement started.
Worst slack before detailed placement is -435, TNS before detailed placement is -8820. 
Cost at Swap iteration 0 : -435, wslk -291, tns -7828, takes 0.05 sec.
    wire length at Swap iteration 0 : last 91072.00, curr 91041.00, change rate -0.03%
Cost at DP iteration 0 : -291, wslk -66, tns -1121, takes 0.05 sec.
    wire length at DP iteration 0 : last 91041.00, curr 91104.00, change rate 0.07%
Cost at Swap iteration 1 : -66, wslk -66, tns -1121, takes 0.03 sec.
    wire length at Swap iteration 1 : last 91104.00, curr 91104.00, change rate 0.00%
Cost at Swap iteration 2 : -66, wslk -66, tns -1121, takes 0.05 sec.
    wire length at Swap iteration 2 : last 91104.00, curr 91104.00, change rate 0.00%
Cost at DP iteration 2 : -66, wslk -66, tns -1111, takes 0.05 sec.
    wire length at DP iteration 2 : last 91104.00, curr 91105.00, change rate 0.00%
Cost at Swap iteration 3 : -66, wslk -66, tns -1111, takes 0.05 sec.
    wire length at Swap iteration 3 : last 91105.00, curr 91105.00, change rate 0.00%
Worst slack after detailed placement is -66, TNS after detailed placement is -1111. 
Swapping placement takes 0.70 sec.

Wirelength after detailed placement is 90609 and checksum is 897D3AFC2D860647.
Timing-driven detailed placement takes 1.36 sec.

Worst slack is -3429, TNS after placement is -441245.
Placement done.
Total placement takes 41.11 sec.
Finished placement.

Routing started.
Build routing arch for double attribute device.
Enter timing driven router mode.
Route thread size: 5
Building routing graph takes 13.75 sec.
Init coarse delay table.
Read place coarse delay table takes 2.05 sec.
C: Place-2049: Internal warning: Can not find IPAL unit in space when build SRB system
Build SRB system takes 3.39 sec.
Setup STE netlist take 6594 msec.
Dispose control chain take 323 msec.
Collect const net info take 226 msec.
Worst slack is -3429, TNS before route is -441245.
Total nets for routing: 10091.
Total loads for routing: 45248.
Direct connect net size: 1227
Build all design net take 530 msec.
Processing design graph takes 7.68 sec.
Delay table total memory: 72.75514603 MB
Route graph total memory: 322.08234119 MB
Route design total memory: 18.69134521 MB
Global routing takes 0.00 sec.
Total 10089 subnets.
Unrouted clock nets at iteration 0 (0.035 sec): 8
Unrouted clock nets at iteration 1 (0.018 sec): 3
Unrouted clock nets at iteration 2 (0.003 sec): 0
Total route nets size: 10054
Pre route takes 5.920 sec
Unrouted general nets at iteration 4 (MT total route time: 2.097 sec): 8703(overused: 54581)
Unrouted general nets at iteration 5 (MT total route time: 1.903 sec): 7265(overused: 38117)
Unrouted general nets at iteration 6 (MT total route time: 1.428 sec): 6081(overused: 25306)
Unrouted general nets at iteration 7 (MT total route time: 1.126 sec): 4942(overused: 16968)
Unrouted general nets at iteration 8 (MT total route time: 1.001 sec): 3988(overused: 11835)
Unrouted general nets at iteration 9 (MT total route time: 0.756 sec): 2975(overused: 8788)
Unrouted general nets at iteration 10 (MT total route time: 0.591 sec): 2135(overused: 5764)
Unrouted general nets at iteration 11 (MT total route time: 0.416 sec): 1591(overused: 4075)
Unrouted general nets at iteration 12 (MT total route time: 0.299 sec): 1201(overused: 2794)
Unrouted general nets at iteration 13 (MT total route time: 0.210 sec): 829(overused: 2013)
Unrouted general nets at iteration 14 (MT total route time: 0.196 sec): 627(overused: 1444)
Unrouted general nets at iteration 15 (MT total route time: 0.134 sec): 451(overused: 975)
Unrouted general nets at iteration 16 (MT total route time: 0.111 sec): 318(overused: 676)
Unrouted general nets at iteration 17 (MT total route time: 0.085 sec): 245(overused: 490)
Unrouted general nets at iteration 18 (MT total route time: 0.076 sec): 190(overused: 400)
Unrouted general nets at iteration 19 (MT total route time: 0.061 sec): 145(overused: 310)
Unrouted general nets at iteration 20 (MT total route time: 0.051 sec): 96(overused: 190)
Unrouted general nets at iteration 21 (MT total route time: 0.051 sec): 83(overused: 164)
Unrouted general nets at iteration 22 (MT total route time: 0.054 sec): 72(overused: 136)
Unrouted general nets at iteration 23 (MT total route time: 0.038 sec): 60(overused: 104)
Unrouted general nets at iteration 24 (MT total route time: 0.037 sec): 39(overused: 58)
Unrouted general nets at iteration 25 (MT total route time: 0.033 sec): 27(overused: 48)
Unrouted general nets at iteration 26 (MT total route time: 0.036 sec): 28(overused: 66)
Unrouted general nets at iteration 27 (MT total route time: 0.035 sec): 26(overused: 44)
Unrouted general nets at iteration 28 (MT total route time: 0.032 sec): 20(overused: 40)
Unrouted general nets at iteration 29 (MT total route time: 0.036 sec): 15(overused: 26)
Unrouted general nets at iteration 30 (MT total route time: 0.029 sec): 12(overused: 24)
Unrouted general nets at iteration 31 (MT total route time: 0.028 sec): 8(overused: 16)
Unrouted general nets at iteration 32 (MT total route time: 0.030 sec): 8(overused: 16)
Unrouted general nets at iteration 33 (MT total route time: 0.028 sec): 8(overused: 16)
Unrouted general nets at iteration 34 (MT total route time: 0.028 sec): 8(overused: 16)
Unrouted general nets at iteration 35 (MT total route time: 0.032 sec): 6(overused: 12)
Unrouted general nets at iteration 36 (MT total route time: 0.026 sec): 6(overused: 12)
Unrouted general nets at iteration 37 (MT total route time: 0.026 sec): 6(overused: 12)
Unrouted general nets at iteration 38 (MT total route time: 0.028 sec): 6(overused: 12)
Unrouted general nets at iteration 39 (MT total route time: 0.028 sec): 6(overused: 12)
Unrouted general nets at iteration 40 (MT total route time: 0.028 sec): 6(overused: 12)
Unrouted general nets at iteration 41 (MT total route time: 0.029 sec): 6(overused: 12)
Unrouted general nets at iteration 42 (MT total route time: 0.029 sec): 6(overused: 12)
Unrouted general nets at iteration 43 (MT total route time: 0.029 sec): 6(overused: 12)
Unrouted general nets at iteration 44 (MT total route time: 0.027 sec): 6(overused: 12)
Unrouted general nets at iteration 45 (MT total route time: 0.025 sec): 6(overused: 12)
Unrouted general nets at iteration 46 (MT total route time: 0.025 sec): 6(overused: 12)
Unrouted general nets at iteration 47 (MT total route time: 0.026 sec): 6(overused: 12)
Unrouted general nets at iteration 48 (MT total route time: 0.025 sec): 6(overused: 12)
Unrouted general nets at iteration 49 (MT total route time: 0.029 sec): 6(overused: 12)
Unrouted general nets at iteration 50 (MT total route time: 0.031 sec): 6(overused: 12)
Unrouted general nets at iteration 51 (MT total route time: 0.026 sec): 6(overused: 12)
Unrouted general nets at iteration 52 (MT total route time: 0.027 sec): 6(overused: 12)
Unrouted general nets at iteration 53 (MT total route time: 0.026 sec): 6(overused: 12)
Unrouted general nets at iteration 54 (MT total route time: 0.027 sec): 6(overused: 12)
Unrouted general nets at iteration 55 (MT total route time: 0.028 sec): 6(overused: 12)
Unrouted general nets at iteration 56 (MT total route time: 0.027 sec): 6(overused: 12)
Unrouted general nets at iteration 57 (MT total route time: 0.027 sec): 6(overused: 12)
Unrouted general nets at iteration 58 (MT total route time: 0.028 sec): 6(overused: 12)
Unrouted general nets at iteration 59 (MT total route time: 0.028 sec): 6(overused: 12)
Unrouted general nets at iteration 60 (MT total route time: 0.032 sec): 4(overused: 8)
Unrouted general nets at iteration 61 (MT total route time: 0.035 sec): 4(overused: 8)
Unrouted general nets at iteration 62 (MT total route time: 0.029 sec): 4(overused: 8)
Unrouted general nets at iteration 63 (MT total route time: 0.028 sec): 4(overused: 8)
Unrouted general nets at iteration 64 (MT total route time: 0.027 sec): 4(overused: 8)
Unrouted general nets at iteration 65 (MT total route time: 0.026 sec): 4(overused: 8)
Unrouted general nets at iteration 66 (MT total route time: 0.026 sec): 4(overused: 8)
Unrouted general nets at iteration 67 (MT total route time: 0.026 sec): 4(overused: 8)
Unrouted general nets at iteration 68 (MT total route time: 0.026 sec): 4(overused: 8)
Unrouted general nets at iteration 69 (MT total route time: 0.026 sec): 4(overused: 8)
Unrouted general nets at iteration 70 (MT total route time: 0.029 sec): 4(overused: 8)
Unrouted general nets at iteration 71 (MT total route time: 0.027 sec): 4(overused: 8)
Unrouted general nets at iteration 72 (MT total route time: 0.026 sec): 4(overused: 8)
Unrouted general nets at iteration 73 (MT total route time: 0.027 sec): 4(overused: 8)
Unrouted general nets at iteration 74 (MT total route time: 0.028 sec): 4(overused: 8)
Unrouted general nets at iteration 75 (MT total route time: 0.027 sec): 4(overused: 8)
Unrouted general nets at iteration 76 (MT total route time: 0.031 sec): 4(overused: 12)
Unrouted general nets at iteration 77 (MT total route time: 0.033 sec): 4(overused: 8)
Unrouted general nets at iteration 78 (MT total route time: 0.029 sec): 4(overused: 8)
Unrouted general nets at iteration 79 (MT total route time: 0.028 sec): 4(overused: 8)
Unrouted general nets at iteration 80 (MT total route time: 0.027 sec): 4(overused: 8)
Unrouted general nets at iteration 81 (MT total route time: 0.027 sec): 4(overused: 8)
Unrouted general nets at iteration 82 (MT total route time: 0.030 sec): 4(overused: 8)
Unrouted general nets at iteration 83 (MT total route time: 0.029 sec): 4(overused: 8)
Unrouted general nets at iteration 84 (MT total route time: 0.029 sec): 4(overused: 8)
Unrouted general nets at iteration 85 (MT total route time: 0.029 sec): 4(overused: 8)
Unrouted general nets at iteration 86 (MT total route time: 0.031 sec): 4(overused: 8)
Unrouted general nets at iteration 87 (MT total route time: 0.028 sec): 4(overused: 8)
Unrouted general nets at iteration 88 (MT total route time: 0.029 sec): 4(overused: 8)
Unrouted general nets at iteration 89 (MT total route time: 0.030 sec): 4(overused: 8)
Unrouted general nets at iteration 90 (MT total route time: 0.028 sec): 4(overused: 8)
Unrouted general nets at iteration 91 (MT total route time: 0.030 sec): 3(overused: 6)
Unrouted general nets at iteration 92 (MT total route time: 0.027 sec): 2(overused: 8)
Unrouted general nets at iteration 93 (MT total route time: 0.029 sec): 0(overused: 0)
----General net take 0.029 sec(route net take 0.014 sec, inc cost take 0.015 sec, iter times: 1)
----const net route take 0.051 sec
Unrouted nets at iteration 94 (0.082 sec): 0
Detailed routing takes 45.25 sec.
Fix violation Finished.
No hold violation.
Hold Violation Fix in router takes 11.41 sec.
Sort Original Nets take 0.009 sec
Build solution node for device pins which were mapped to more than one design pin take 0.026 sec
Total net: 10091, route succeed net: 10091
Generate routing result take 0.028 sec
Handle PERMUX permutation take 0.768 sec
Handle const net take 0.023 sec
Handle route through take 0.007 sec
Handle loads' routing node take 0.094 sec
Used SRB routing arc is 93657.
Finish routing takes 1.19 sec.
Total routing takes 84.24 sec.


Device Utilization Summary :
+------------------------------------------------------------------------------------+
| Logic Utilization                 | Used     | Available     | Utilization(%)     
+------------------------------------------------------------------------------------+
| Use of ADC                        | 0        | 1             | 0                  
| Use of ANALOG                     | 0        | 1             | 0                  
| Use of APM                        | 0        | 740           | 0                  
| Use of BKCL                       | 5        | 10            | 50                 
| Use of CCS                        | 1        | 1             | 100                
| Use of CLMA                       | 1694     | 30075         | 6                  
|   FF                              | 4743     | 240600        | 2                  
|   LUT                             | 4955     | 120300        | 5                  
|   LUT-FF pairs                    | 2219     | 120300        | 2                  
| Use of CLMS                       | 508      | 9875          | 6                  
|   FF                              | 1645     | 79000         | 3                  
|   LUT                             | 1607     | 39500         | 5                  
|   LUT-FF pairs                    | 748      | 39500         | 2                  
|   Distributed RAM                 | 39       | 39500         | 1                  
| Use of DDRPHY_CPD                 | 1        | 20            | 5                  
| Use of DDRPHY_IOCLK_DIV           | 2        | 10            | 20                 
| Use of DDR_PHY                    | 7        | 40            | 18                 
| Use of DRM                        | 11       | 415           | 3                  
| Use of GCLK_INBUF_SYN             | 0        | 40            | 0                  
| Use of GPLL                       | 4        | 10            | 40                 
| Use of GSEB                       | 0        | 512           | 0                  
| Use of HARD0                      | 741      | 25050         | 3                  
| Use of HCKB                       | 12       | 120           | 10                 
|  HCKB dataused                    | 0        | 120           | 0                  
| Use of HCKMUX_TEST                | 0        | 10            | 0                  
| Use of HSSTLP                     | 0        | 2             | 0                  
| Use of IO                         | 108      | 400           | 27                 
|   IOBD                            | 55       | 192           | 29                 
|   IOBS                            | 53       | 208           | 26                 
| Use of IOCKB                      | 0        | 40            | 0                  
| Use of IOCKMUX_TEST               | 0        | 10            | 0                  
| Use of IOLHR                      | 107      | 500           | 22                 
| Use of KEYRAM                     | 0        | 1             | 0                  
| Use of MFG_TEST                   | 0        | 1             | 0                  
| Use of MRCKB                      | 1        | 20            | 5                  
| Use of MRCKMUX_TEST               | 0        | 10            | 0                  
| Use of MRPOSTMUX_TEST             | 0        | 10            | 0                  
| Use of PCIE                       | 0        | 1             | 0                  
| Use of PCKMUX_TEST                | 0        | 20            | 0                  
| Use of PLLMRMUX_TEST              | 0        | 10            | 0                  
| Use of PLLREFMUX_TEST             | 0        | 10            | 0                  
| Use of POSTGMUXLR_TEST            | 0        | 4             | 0                  
| Use of PPLL                       | 2        | 10            | 20                 
| Use of PREGMUXC_TEST              | 0        | 3             | 0                  
| Use of PREGMUXC_X16_200H_TEST     | 0        | 4             | 0                  
| Use of PREGMUXLR_TEST             | 0        | 10            | 0                  
| Use of RCKB                       | 2        | 40            | 5                  
|  RCKB dataused                    | 2        | 40            | 5                  
| Use of RCKMUX_TEST                | 0        | 10            | 0                  
| Use of SCANCHAIN                  | 0        | 1             | 0                  
| Use of SCKMUX_TEST                | 0        | 20            | 0                  
| Use of SFB                        | 0        | 5075          | 0                  
| Use of SPAD                       | 0        | 8             | 0                  
| Use of TSERDES                    | 14       | 80            | 18                 
| Use of USCM                       | 6        | 32            | 19                 
|  USCM dataused                    | 0        | 32            | 0                  
| Use of USCMMUX_TEST               | 0        | 32            | 0                  
+------------------------------------------------------------------------------------+

Finished routing.
Design 'HDMI_IN_DDR3_mid_filter_top' has been placed and routed successfully.
Saving design to DB.
Finished placement and routing.
Action pnr: Real time elapsed is 0h:2m:44s
Action pnr: CPU time elapsed is 0h:2m:37s
Action pnr: Process CPU time elapsed is 0h:4m:31s
Current time: Thu Sep 25 17:56:32 2025
Action pnr: Peak memory pool usage is 3,126 MB
