#Build: Fabric Compiler 2022.2-SP6.4, Build 146967, Jan 31 01:39 2024
#Install: E:\pds\PDS_2022.2-SP6.4\bin
#Application name: pds_shell.exe
#OS: Windows 10 10.0.22621
#Hostname: LAPTOP-DHE8LHVE
Generated by Fabric Compiler (version 2022.2-SP6.4 build 146967) at Tue Apr 21 22:36:09 2026
Compiling verification operator library.
Compiling common defs.
Compiling prim grid devices.
Compiling gate devices.
Compiling gate operators.
Building architecture model.
Loading device packaging model.
pnr strategy configuration : 
strategy name : 0
Building architecture floorplan logic view.
Constraint check start.
Executing : def_port {hd_scl} LOC=AA21 VCCIO=3.3 IOSTANDARD=LVCMOS33 DRIVE=4 SLEW=FAST PULLUP=TRUE
C: ConstraintEditor-2002: [E:/BaiduNetdiskDownload/FPGAlocal_experiment/kaifaziliao/local experiment/35_HDMI_IN_DDR3_mid_filter/device_map/hdmi_ddr_ov5640_top.pcf(line number: 3)] | Port hd_scl has been placed at location AA21, whose type is share pin.
Executing : def_port {hd_scl} LOC=AA21 VCCIO=3.3 IOSTANDARD=LVCMOS33 DRIVE=4 SLEW=FAST PULLUP=TRUE successfully
Executing : def_port {hd_sda} LOC=AA20 VCCIO=3.3 IOSTANDARD=LVCMOS33 DRIVE=4 SLEW=FAST PULLUP=TRUE
C: ConstraintEditor-2002: [E:/BaiduNetdiskDownload/FPGAlocal_experiment/kaifaziliao/local experiment/35_HDMI_IN_DDR3_mid_filter/device_map/hdmi_ddr_ov5640_top.pcf(line number: 4)] | Port hd_sda has been placed at location AA20, whose type is share pin.
Executing : def_port {hd_sda} LOC=AA20 VCCIO=3.3 IOSTANDARD=LVCMOS33 DRIVE=4 SLEW=FAST PULLUP=TRUE successfully
Executing : def_port {rstn_out} LOC=L13 VCCIO=3.3 IOSTANDARD=LVCMOS33
C: ConstraintEditor-2009: rstn_out is lack of SLEW, OUTPUT or INOUT PORT had better set SLEW, the optional value is {FAST, SLOW}.
C: ConstraintEditor-2009: rstn_out is lack of DRIVE, OUTPUT or INOUT PORT had better set DRIVE, the optional value is {4, 8, 12, 16}.
C: ConstraintEditor-2002: [E:/BaiduNetdiskDownload/FPGAlocal_experiment/kaifaziliao/local experiment/35_HDMI_IN_DDR3_mid_filter/device_map/hdmi_ddr_ov5640_top.pcf(line number: 5)] | Port rstn_out has been placed at location L13, whose type is share pin.
Executing : def_port {rstn_out} LOC=L13 VCCIO=3.3 IOSTANDARD=LVCMOS33 successfully
Executing : def_port {b_in[0]} LOC=N14 VCCIO=3.3 IOSTANDARD=LVCMOS33 NONE=TRUE
C: ConstraintEditor-2002: [E:/BaiduNetdiskDownload/FPGAlocal_experiment/kaifaziliao/local experiment/35_HDMI_IN_DDR3_mid_filter/device_map/hdmi_ddr_ov5640_top.pcf(line number: 6)] | Port b_in[0] has been placed at location N14, whose type is share pin.
Executing : def_port {b_in[0]} LOC=N14 VCCIO=3.3 IOSTANDARD=LVCMOS33 NONE=TRUE successfully
Executing : def_port {b_in[1]} LOC=W20 VCCIO=3.3 IOSTANDARD=LVCMOS33 NONE=TRUE
Executing : def_port {b_in[1]} LOC=W20 VCCIO=3.3 IOSTANDARD=LVCMOS33 NONE=TRUE successfully
Executing : def_port {b_in[2]} LOC=N13 VCCIO=3.3 IOSTANDARD=LVCMOS33 NONE=TRUE
C: ConstraintEditor-2002: [E:/BaiduNetdiskDownload/FPGAlocal_experiment/kaifaziliao/local experiment/35_HDMI_IN_DDR3_mid_filter/device_map/hdmi_ddr_ov5640_top.pcf(line number: 8)] | Port b_in[2] has been placed at location N13, whose type is share pin.
Executing : def_port {b_in[2]} LOC=N13 VCCIO=3.3 IOSTANDARD=LVCMOS33 NONE=TRUE successfully
Executing : def_port {b_in[3]} LOC=V20 VCCIO=3.3 IOSTANDARD=LVCMOS33 NONE=TRUE
Executing : def_port {b_in[3]} LOC=V20 VCCIO=3.3 IOSTANDARD=LVCMOS33 NONE=TRUE successfully
Executing : def_port {b_in[4]} LOC=R16 VCCIO=3.3 IOSTANDARD=LVCMOS33 NONE=TRUE
C: ConstraintEditor-2002: [E:/BaiduNetdiskDownload/FPGAlocal_experiment/kaifaziliao/local experiment/35_HDMI_IN_DDR3_mid_filter/device_map/hdmi_ddr_ov5640_top.pcf(line number: 10)] | Port b_in[4] has been placed at location R16, whose type is share pin.
Executing : def_port {b_in[4]} LOC=R16 VCCIO=3.3 IOSTANDARD=LVCMOS33 NONE=TRUE successfully
Executing : def_port {b_in[5]} LOC=U20 VCCIO=3.3 IOSTANDARD=LVCMOS33 NONE=TRUE
Executing : def_port {b_in[5]} LOC=U20 VCCIO=3.3 IOSTANDARD=LVCMOS33 NONE=TRUE successfully
Executing : def_port {b_in[6]} LOC=P15 VCCIO=3.3 IOSTANDARD=LVCMOS33 NONE=TRUE
C: ConstraintEditor-2002: [E:/BaiduNetdiskDownload/FPGAlocal_experiment/kaifaziliao/local experiment/35_HDMI_IN_DDR3_mid_filter/device_map/hdmi_ddr_ov5640_top.pcf(line number: 12)] | Port b_in[6] has been placed at location P15, whose type is share pin.
Executing : def_port {b_in[6]} LOC=P15 VCCIO=3.3 IOSTANDARD=LVCMOS33 NONE=TRUE successfully
Executing : def_port {b_in[7]} LOC=AB18 VCCIO=3.3 IOSTANDARD=LVCMOS33 NONE=TRUE
C: ConstraintEditor-2002: [E:/BaiduNetdiskDownload/FPGAlocal_experiment/kaifaziliao/local experiment/35_HDMI_IN_DDR3_mid_filter/device_map/hdmi_ddr_ov5640_top.pcf(line number: 13)] | Port b_in[7] has been placed at location AB18, whose type is share pin.
Executing : def_port {b_in[7]} LOC=AB18 VCCIO=3.3 IOSTANDARD=LVCMOS33 NONE=TRUE successfully
Executing : def_port {clk_n} LOC=T4 VCCIO=1.5 IOSTANDARD=SSTL15D_I
Executing : def_port {clk_n} LOC=T4 VCCIO=1.5 IOSTANDARD=SSTL15D_I successfully
Executing : def_port {clk_p} LOC=R4 VCCIO=1.5 IOSTANDARD=SSTL15D_I
Executing : def_port {clk_p} LOC=R4 VCCIO=1.5 IOSTANDARD=SSTL15D_I successfully
Executing : def_port {de_in} LOC=P16 VCCIO=3.3 IOSTANDARD=LVCMOS33 NONE=TRUE
C: ConstraintEditor-2002: [E:/BaiduNetdiskDownload/FPGAlocal_experiment/kaifaziliao/local experiment/35_HDMI_IN_DDR3_mid_filter/device_map/hdmi_ddr_ov5640_top.pcf(line number: 16)] | Port de_in has been placed at location P16, whose type is share pin.
Executing : def_port {de_in} LOC=P16 VCCIO=3.3 IOSTANDARD=LVCMOS33 NONE=TRUE successfully
Executing : def_port {g_in[0]} LOC=P17 VCCIO=3.3 IOSTANDARD=LVCMOS33 NONE=TRUE
C: ConstraintEditor-2002: [E:/BaiduNetdiskDownload/FPGAlocal_experiment/kaifaziliao/local experiment/35_HDMI_IN_DDR3_mid_filter/device_map/hdmi_ddr_ov5640_top.pcf(line number: 17)] | Port g_in[0] has been placed at location P17, whose type is share pin.
Executing : def_port {g_in[0]} LOC=P17 VCCIO=3.3 IOSTANDARD=LVCMOS33 NONE=TRUE successfully
Executing : def_port {g_in[1]} LOC=AA18 VCCIO=3.3 IOSTANDARD=LVCMOS33 NONE=TRUE
C: ConstraintEditor-2002: [E:/BaiduNetdiskDownload/FPGAlocal_experiment/kaifaziliao/local experiment/35_HDMI_IN_DDR3_mid_filter/device_map/hdmi_ddr_ov5640_top.pcf(line number: 18)] | Port g_in[1] has been placed at location AA18, whose type is share pin.
Executing : def_port {g_in[1]} LOC=AA18 VCCIO=3.3 IOSTANDARD=LVCMOS33 NONE=TRUE successfully
Executing : def_port {g_in[2]} LOC=N17 VCCIO=3.3 IOSTANDARD=LVCMOS33 NONE=TRUE
Executing : def_port {g_in[2]} LOC=N17 VCCIO=3.3 IOSTANDARD=LVCMOS33 NONE=TRUE successfully
Executing : def_port {g_in[3]} LOC=W17 VCCIO=3.3 IOSTANDARD=LVCMOS33 NONE=TRUE
C: ConstraintEditor-2002: [E:/BaiduNetdiskDownload/FPGAlocal_experiment/kaifaziliao/local experiment/35_HDMI_IN_DDR3_mid_filter/device_map/hdmi_ddr_ov5640_top.pcf(line number: 20)] | Port g_in[3] has been placed at location W17, whose type is share pin.
Executing : def_port {g_in[3]} LOC=W17 VCCIO=3.3 IOSTANDARD=LVCMOS33 NONE=TRUE successfully
Executing : def_port {g_in[4]} LOC=T18 VCCIO=3.3 IOSTANDARD=LVCMOS33 NONE=TRUE
C: ConstraintEditor-2002: [E:/BaiduNetdiskDownload/FPGAlocal_experiment/kaifaziliao/local experiment/35_HDMI_IN_DDR3_mid_filter/device_map/hdmi_ddr_ov5640_top.pcf(line number: 21)] | Port g_in[4] has been placed at location T18, whose type is share pin.
Executing : def_port {g_in[4]} LOC=T18 VCCIO=3.3 IOSTANDARD=LVCMOS33 NONE=TRUE successfully
Executing : def_port {g_in[5]} LOC=V17 VCCIO=3.3 IOSTANDARD=LVCMOS33 NONE=TRUE
C: ConstraintEditor-2002: [E:/BaiduNetdiskDownload/FPGAlocal_experiment/kaifaziliao/local experiment/35_HDMI_IN_DDR3_mid_filter/device_map/hdmi_ddr_ov5640_top.pcf(line number: 22)] | Port g_in[5] has been placed at location V17, whose type is share pin.
Executing : def_port {g_in[5]} LOC=V17 VCCIO=3.3 IOSTANDARD=LVCMOS33 NONE=TRUE successfully
Executing : def_port {g_in[6]} LOC=R18 VCCIO=3.3 IOSTANDARD=LVCMOS33 NONE=TRUE
C: ConstraintEditor-2002: [E:/BaiduNetdiskDownload/FPGAlocal_experiment/kaifaziliao/local experiment/35_HDMI_IN_DDR3_mid_filter/device_map/hdmi_ddr_ov5640_top.pcf(line number: 23)] | Port g_in[6] has been placed at location R18, whose type is share pin.
Executing : def_port {g_in[6]} LOC=R18 VCCIO=3.3 IOSTANDARD=LVCMOS33 NONE=TRUE successfully
Executing : def_port {g_in[7]} LOC=AB20 VCCIO=3.3 IOSTANDARD=LVCMOS33 NONE=TRUE
C: ConstraintEditor-2002: [E:/BaiduNetdiskDownload/FPGAlocal_experiment/kaifaziliao/local experiment/35_HDMI_IN_DDR3_mid_filter/device_map/hdmi_ddr_ov5640_top.pcf(line number: 24)] | Port g_in[7] has been placed at location AB20, whose type is share pin.
Executing : def_port {g_in[7]} LOC=AB20 VCCIO=3.3 IOSTANDARD=LVCMOS33 NONE=TRUE successfully
Executing : def_port {hs_in} LOC=U17 VCCIO=3.3 IOSTANDARD=LVCMOS33 NONE=TRUE
C: ConstraintEditor-2002: [E:/BaiduNetdiskDownload/FPGAlocal_experiment/kaifaziliao/local experiment/35_HDMI_IN_DDR3_mid_filter/device_map/hdmi_ddr_ov5640_top.pcf(line number: 25)] | Port hs_in has been placed at location U17, whose type is share pin.
Executing : def_port {hs_in} LOC=U17 VCCIO=3.3 IOSTANDARD=LVCMOS33 NONE=TRUE successfully
Executing : def_port {pcie_refclk_n} LOC=E6
Executing : def_port {pcie_refclk_n} LOC=E6 successfully
Executing : def_port {pcie_refclk_p} LOC=F6
Executing : def_port {pcie_refclk_p} LOC=F6 successfully
Executing : def_port {pixclk_in} LOC=W19 VCCIO=3.3 IOSTANDARD=LVCMOS33 NONE=TRUE
Executing : def_port {pixclk_in} LOC=W19 VCCIO=3.3 IOSTANDARD=LVCMOS33 NONE=TRUE successfully
Executing : def_port {r_in[0]} LOC=V19 VCCIO=3.3 IOSTANDARD=LVCMOS33 NONE=TRUE
Executing : def_port {r_in[0]} LOC=V19 VCCIO=3.3 IOSTANDARD=LVCMOS33 NONE=TRUE successfully
Executing : def_port {r_in[1]} LOC=AA19 VCCIO=3.3 IOSTANDARD=LVCMOS33 NONE=TRUE
C: ConstraintEditor-2002: [E:/BaiduNetdiskDownload/FPGAlocal_experiment/kaifaziliao/local experiment/35_HDMI_IN_DDR3_mid_filter/device_map/hdmi_ddr_ov5640_top.pcf(line number: 30)] | Port r_in[1] has been placed at location AA19, whose type is share pin.
Executing : def_port {r_in[1]} LOC=AA19 VCCIO=3.3 IOSTANDARD=LVCMOS33 NONE=TRUE successfully
Executing : def_port {r_in[2]} LOC=V18 VCCIO=3.3 IOSTANDARD=LVCMOS33 NONE=TRUE
Executing : def_port {r_in[2]} LOC=V18 VCCIO=3.3 IOSTANDARD=LVCMOS33 NONE=TRUE successfully
Executing : def_port {r_in[3]} LOC=N15 VCCIO=3.3 IOSTANDARD=LVCMOS33 NONE=TRUE
Executing : def_port {r_in[3]} LOC=N15 VCCIO=3.3 IOSTANDARD=LVCMOS33 NONE=TRUE successfully
Executing : def_port {r_in[4]} LOC=Y19 VCCIO=3.3 IOSTANDARD=LVCMOS33 NONE=TRUE
Executing : def_port {r_in[4]} LOC=Y19 VCCIO=3.3 IOSTANDARD=LVCMOS33 NONE=TRUE successfully
Executing : def_port {r_in[5]} LOC=AB22 VCCIO=3.3 IOSTANDARD=LVCMOS33 NONE=TRUE
C: ConstraintEditor-2002: [E:/BaiduNetdiskDownload/FPGAlocal_experiment/kaifaziliao/local experiment/35_HDMI_IN_DDR3_mid_filter/device_map/hdmi_ddr_ov5640_top.pcf(line number: 34)] | Port r_in[5] has been placed at location AB22, whose type is share pin.
Executing : def_port {r_in[5]} LOC=AB22 VCCIO=3.3 IOSTANDARD=LVCMOS33 NONE=TRUE successfully
Executing : def_port {r_in[6]} LOC=Y18 VCCIO=3.3 IOSTANDARD=LVCMOS33 NONE=TRUE
Executing : def_port {r_in[6]} LOC=Y18 VCCIO=3.3 IOSTANDARD=LVCMOS33 NONE=TRUE successfully
Executing : def_port {r_in[7]} LOC=AB21 VCCIO=3.3 IOSTANDARD=LVCMOS33 NONE=TRUE
C: ConstraintEditor-2002: [E:/BaiduNetdiskDownload/FPGAlocal_experiment/kaifaziliao/local experiment/35_HDMI_IN_DDR3_mid_filter/device_map/hdmi_ddr_ov5640_top.pcf(line number: 36)] | Port r_in[7] has been placed at location AB21, whose type is share pin.
Executing : def_port {r_in[7]} LOC=AB21 VCCIO=3.3 IOSTANDARD=LVCMOS33 NONE=TRUE successfully
Executing : def_port {vs_in} LOC=R17 VCCIO=3.3 IOSTANDARD=LVCMOS33 NONE=TRUE
C: ConstraintEditor-2002: [E:/BaiduNetdiskDownload/FPGAlocal_experiment/kaifaziliao/local experiment/35_HDMI_IN_DDR3_mid_filter/device_map/hdmi_ddr_ov5640_top.pcf(line number: 37)] | Port vs_in has been placed at location R17, whose type is share pin.
Executing : def_port {vs_in} LOC=R17 VCCIO=3.3 IOSTANDARD=LVCMOS33 NONE=TRUE successfully
W: ConstraintEditor-4019: Port 'pcie_rx_n' unspecified I/O constraint.
W: ConstraintEditor-4019: Port 'pcie_rx_p' unspecified I/O constraint.
W: ConstraintEditor-4019: Port 'pcie_tx_n' unspecified I/O constraint.
W: ConstraintEditor-4019: Port 'pcie_tx_p' unspecified I/O constraint.
W: ConstraintEditor-4019: Port 'rst_n' unspecified I/O constraint.
Constraint check end.
I: Column Clock Check open.
Read Column Clock Map.

Placement started.
Phase 1 Pre global placement started.
Mapping instance GRS_INST/grs_ccs to CCS_87_316.
Mapping instance u_pcie_top/U_IPS2L_PCIE_TOP/U_IPS2L_PCIE_HARD_CTRL/u_gtp_pcie/gateop to PCIE_315_918.
Mapping instance cfg_pll_inst/u_gpll/gpll_inst to GPLL_367_463.
Mapping instance u_pcie_top/U_IPS2L_PCIE_TOP/U_IPS2L_HSSTLP_PCIE_SOFT_PHY/x1.GTP_HSST_1LANE_TOP/U_GTP_HSSTLP_WRAPPER/CHANNEL0_ENABLE.U_GTP_HSSTLP_LANE0/gophsst to HSSTLP_364_918.
Mapping instance u_pcie_top/U_IPS2L_PCIE_TOP/U_IPS2L_HSSTLP_PCIE_SOFT_PHY/x1.GTP_HSST_1LANE_TOP/U_GTP_HSSTLP_WRAPPER/PLL0_ENABLE.U_GTP_HSSTLP_PLL0/gophsst to HSSTLP_364_918.
Phase 1.1 1st GP placement started.
Design Utilization : 5%.
First map gop timing takes 0.98 sec
Worst slack after clock region global placement is 1453
Wirelength after clock region global placement is 41451 and checksum is 289FFCCE7B94406A.
1st GP placement takes 3.16 sec.

Phase 1.2 Clock placement started.
Mapping instance u_pcie_top/U_IPS2L_PCIE_TOP/U_IPS2L_HSSTLP_PCIE_SOFT_PHY/u_clkbufg/gopclkbufg to USCM_215_624.
Mapping instance clkbufg_1/gopclkbufg to USCM_215_576.
Mapping instance u_pcie_top/U_IPS2L_PCIE_TOP/U_IPS2L_HSSTLP_PCIE_SOFT_PHY/genblk1.u_ips2l_pcie_pll/u_gpll/gpll_inst to GPLL_7_463.
Mapping instance u_pcie_top/U_IPS2L_PCIE_TOP/U_IPS2L_HSSTLP_PCIE_SOFT_PHY/genblk1.u_pclk_bufgmux/gopuscm to USCM_215_579.
Mapping instance u_pcie_top/U_IPS2L_PCIE_TOP/U_IPS2L_HSSTLP_PCIE_SOFT_PHY/genblk1.u_pclk_div2_bufgmux/gopuscm to USCM_215_582.
Mapping instance clkbufg_0/gopclkbufg to USCM_215_585.
Clock placement takes 0.11 sec.

Wirelength after Pre Global Placement is 41451 and checksum is 289FFCCE7B94406A.
Pre global placement takes 3.69 sec.

Phase 2 Global placement started.
Phase 2.1 Fixed placement started.
Placed fixed group with base inst b_in_ibuf[0]/opit_1 on IOLHR_16_324.
Placed fixed group with base inst b_in_ibuf[1]/opit_1 on IOLHR_16_462.
Placed fixed group with base inst b_in_ibuf[2]/opit_1 on IOLHR_16_330.
Placed fixed group with base inst b_in_ibuf[3]/opit_1 on IOLHR_16_474.
Placed fixed group with base inst b_in_ibuf[4]/opit_1 on IOLHR_16_336.
Placed fixed group with base inst b_in_ibuf[5]/opit_1 on IOLHR_16_480.
Placed fixed group with base inst b_in_ibuf[6]/opit_1 on IOLHR_16_342.
Placed fixed group with base inst b_in_ibuf[7]/opit_1 on IOLHR_16_396.
Placed fixed group with base inst de_in_ibuf/opit_1 on IOLHR_16_318.
Placed fixed group with base inst g_in_ibuf[0]/opit_1 on IOLHR_16_348.
Placed fixed group with base inst g_in_ibuf[1]/opit_1 on IOLHR_16_402.
Placed fixed group with base inst g_in_ibuf[2]/opit_1 on IOLHR_16_354.
Placed fixed group with base inst g_in_ibuf[3]/opit_1 on IOLHR_16_408.
Placed fixed group with base inst g_in_ibuf[4]/opit_1 on IOLHR_16_360.
Placed fixed group with base inst g_in_ibuf[5]/opit_1 on IOLHR_16_414.
Placed fixed group with base inst g_in_ibuf[6]/opit_1 on IOLHR_16_366.
Placed fixed group with base inst g_in_ibuf[7]/opit_1 on IOLHR_16_420.
Placed fixed group with base inst hd_scl_iobuf/opit_1 on IOLHR_16_510.
Placed fixed group with base inst hs_in_ibuf/opit_1 on IOLHR_16_390.
Placed fixed group with base inst ms72xx_ctl.iic_sda_tri/opit_1 on IOLHR_16_516.
Placed fixed group with base inst pixclk_in_ibuf/opit_1 on IOLHR_16_468.
Placed fixed group with base inst r_in_ibuf[0]/opit_1 on IOLHR_16_432.
Placed fixed group with base inst r_in_ibuf[1]/opit_1 on IOLHR_16_426.
Placed fixed group with base inst r_in_ibuf[2]/opit_1 on IOLHR_16_438.
Placed fixed group with base inst r_in_ibuf[3]/opit_1 on IOLHR_16_306.
Placed fixed group with base inst r_in_ibuf[4]/opit_1 on IOLHR_16_444.
Placed fixed group with base inst r_in_ibuf[5]/opit_1 on IOLHR_16_486.
Placed fixed group with base inst r_in_ibuf[6]/opit_1 on IOLHR_16_450.
Placed fixed group with base inst r_in_ibuf[7]/opit_1 on IOLHR_16_492.
Placed fixed group with base inst rstn_out_obuf/opit_1 on IOLHR_16_666.
Placed fixed group with base inst u_gtp/opit_2 on IOLHR_364_450.
Placed fixed group with base inst vs_in_ibuf/opit_1 on IOLHR_16_312.
Placed fixed instance GRS_INST/grs_ccs on CCS_87_316.
Placed fixed instance cfg_pll_inst/u_gpll/gpll_inst on GPLL_367_463.
Placed fixed instance clkbufg_0/gopclkbufg on USCM_215_585.
Placed fixed instance clkbufg_1/gopclkbufg on USCM_215_576.
Placed fixed instance pcie_refclk_n_ibuf_hsst on SPAD_363_922.
Placed fixed instance pcie_refclk_p_ibuf_hsst on SPAD_363_921.
Placed fixed instance u_pcie_top/U_IPS2L_PCIE_TOP/U_IPS2L_HSSTLP_PCIE_SOFT_PHY/genblk1.u_ips2l_pcie_pll/u_gpll/gpll_inst on GPLL_7_463.
Placed fixed instance u_pcie_top/U_IPS2L_PCIE_TOP/U_IPS2L_HSSTLP_PCIE_SOFT_PHY/genblk1.u_pclk_bufgmux/gopuscm on USCM_215_579.
Placed fixed instance u_pcie_top/U_IPS2L_PCIE_TOP/U_IPS2L_HSSTLP_PCIE_SOFT_PHY/genblk1.u_pclk_div2_bufgmux/gopuscm on USCM_215_582.
Placed fixed instance u_pcie_top/U_IPS2L_PCIE_TOP/U_IPS2L_HSSTLP_PCIE_SOFT_PHY/u_clkbufg/gopclkbufg on USCM_215_624.
Placed fixed instance u_pcie_top/U_IPS2L_PCIE_TOP/U_IPS2L_HSSTLP_PCIE_SOFT_PHY/x1.GTP_HSST_1LANE_TOP/U_GTP_HSSTLP_WRAPPER/CHANNEL0_ENABLE.U_GTP_HSSTLP_LANE0/gophsst on HSSTLP_364_918.
Placed fixed instance u_pcie_top/U_IPS2L_PCIE_TOP/U_IPS2L_HSSTLP_PCIE_SOFT_PHY/x1.GTP_HSST_1LANE_TOP/U_GTP_HSSTLP_WRAPPER/PLL0_ENABLE.U_GTP_HSSTLP_PLL0/gophsst on HSSTLP_364_918.
Placed fixed instance u_pcie_top/U_IPS2L_PCIE_TOP/U_IPS2L_PCIE_HARD_CTRL/u_gtp_pcie/gateop on PCIE_315_918.
Placed fixed instance BKCL_auto_0 on BKCL_1_646.
Placed fixed instance BKCL_auto_1 on BKCL_1_340.
Placed fixed instance BKCL_auto_2 on BKCL_373_340.
Fixed placement takes 0.09 sec.

Phase 2.2 Process placement started.
Process placement takes 0.00 sec.

Phase 2.3 IO placement started.
IO placement takes 0.03 sec.

Phase 2.4 2nd GP placement started.
Run super clustering :
	Initial slack -5289.
	1 iterations finished.
	Final slack -5289.
Super clustering done.
Design Utilization : 5%.
Worst slack after global placement is 1257
2nd GP placement takes 0.86 sec.

Wirelength after global placement is 27345 and checksum is B9EA5308FE931A60.
Global placement takes 0.98 sec.

Phase 3 Post global placement started.
Packing LUT6D started.
I: LUT6D pack result: There are 756 LUT6 in collection, pack success:75
Packing LUT6D takes 0.23 sec.
Phase 3.1 Macro cell placement started.
I: Process macros using "Greedy".
Wirelength after macro cell placement is 36298 and checksum is FACCA4748D60535D.
Macro cell placement takes 0.03 sec.

Phase 3.2 3rd GP placement started.
Run super clustering :
	Initial slack -5497.
	7 iterations finished.
	Final slack -4178.
Super clustering done.
Design Utilization : 5%.
Worst slack after post global placement is 1643
3rd GP placement takes 1.00 sec.

Wirelength after post global placement is 34351 and checksum is 6BECB5CD97C02874.
Packing LUT6D started.
I: LUT6D pack result: There are 606 LUT6 in collection, pack success:4
Packing LUT6D takes 0.23 sec.
Post global placement takes 1.50 sec.

Phase 4 Legalization started.
The average distance in LP is 0.427702.
Wirelength after legalization is 40082 and checksum is D192375BD70F2C80.
Legalization takes 0.17 sec.

Phase 5 Timing-driven detailed placement started.
Phase 5.1 Replication placement started.
Worst slack before Replication Place is 983.
Replication placement takes 0.16 sec.

Wirelength after replication placement is 40082 and checksum is D192375BD70F2C80.
Phase 5.2 Swapping placement started.
Worst slack before detailed placement is 983, TNS before detailed placement is 0. 
Cost at Swap iteration 0 : 983, wslk 983, tns 0, takes 0.00 sec.
Cost at DP iteration 0 : 983, wslk 1060, tns 0, takes 0.00 sec.
Worst slack after detailed placement is 1060, TNS after detailed placement is 0. 
Swapping placement takes 0.14 sec.

Wirelength after detailed placement is 40095 and checksum is C265AF7D9722AFF9.
Timing-driven detailed placement takes 0.33 sec.

Worst slack is 1060, TNS after placement is 0.
Placement done.
Total placement takes 8.59 sec.
Finished placement.

Routing started.
Building routing graph takes 2.47 sec.
Worst slack is 1060, TNS before global route is 0.
Processing design graph takes 0.83 sec.
Total memory for routing:
	220.219058 M.
Total nets for routing : 6567.
Global Routing step 1 processed 0 nets, it takes 0.19 sec.
Rcf routing step 1 processed 0 nets, it takes 0.00 sec.
Rcf routing step 2 processed 0 nets, it takes 0.00 sec.
Rcf routing step 3 processed 0 nets, it takes 0.00 sec.
Unrouted nets 0 at the end of iteration 0.
Global Routing step 1 processed 29 nets, it takes 0.02 sec.
Unrouted nets 317 at the end of iteration 0.
Unrouted nets 240 at the end of iteration 1.
Unrouted nets 163 at the end of iteration 2.
Unrouted nets 139 at the end of iteration 3.
Unrouted nets 105 at the end of iteration 4.
Unrouted nets 87 at the end of iteration 5.
Unrouted nets 55 at the end of iteration 6.
Unrouted nets 42 at the end of iteration 7.
Unrouted nets 36 at the end of iteration 8.
Unrouted nets 34 at the end of iteration 9.
Unrouted nets 31 at the end of iteration 10.
Unrouted nets 27 at the end of iteration 11.
Unrouted nets 22 at the end of iteration 12.
Unrouted nets 23 at the end of iteration 13.
Unrouted nets 18 at the end of iteration 14.
Unrouted nets 21 at the end of iteration 15.
Unrouted nets 16 at the end of iteration 16.
Unrouted nets 10 at the end of iteration 17.
Unrouted nets 10 at the end of iteration 18.
Unrouted nets 8 at the end of iteration 19.
Unrouted nets 9 at the end of iteration 20.
Unrouted nets 9 at the end of iteration 21.
Unrouted nets 10 at the end of iteration 22.
Unrouted nets 12 at the end of iteration 23.
Unrouted nets 12 at the end of iteration 24.
Unrouted nets 11 at the end of iteration 25.
Unrouted nets 12 at the end of iteration 26.
Unrouted nets 8 at the end of iteration 27.
Unrouted nets 10 at the end of iteration 28.
Unrouted nets 7 at the end of iteration 29.
Unrouted nets 7 at the end of iteration 30.
Unrouted nets 4 at the end of iteration 31.
Unrouted nets 5 at the end of iteration 32.
Unrouted nets 6 at the end of iteration 33.
Unrouted nets 3 at the end of iteration 34.
Unrouted nets 3 at the end of iteration 35.
Unrouted nets 11 at the end of iteration 36.
Unrouted nets 9 at the end of iteration 37.
Unrouted nets 7 at the end of iteration 38.
Unrouted nets 4 at the end of iteration 39.
Unrouted nets 4 at the end of iteration 40.
Unrouted nets 3 at the end of iteration 41.
Unrouted nets 3 at the end of iteration 42.
Unrouted nets 5 at the end of iteration 43.
Unrouted nets 6 at the end of iteration 44.
Unrouted nets 4 at the end of iteration 45.
Unrouted nets 3 at the end of iteration 46.
Unrouted nets 3 at the end of iteration 47.
Unrouted nets 1 at the end of iteration 48.
Unrouted nets 1 at the end of iteration 49.
Unrouted nets 1 at the end of iteration 50.
Unrouted nets 1 at the end of iteration 51.
Unrouted nets 2 at the end of iteration 52.
Unrouted nets 3 at the end of iteration 53.
Unrouted nets 2 at the end of iteration 54.
Unrouted nets 5 at the end of iteration 55.
Unrouted nets 4 at the end of iteration 56.
Unrouted nets 2 at the end of iteration 57.
Unrouted nets 2 at the end of iteration 58.
Unrouted nets 3 at the end of iteration 59.
Unrouted nets 0 at the end of iteration 60.
Global Routing step 2 processed 565 nets, it takes 2.00 sec.
Global Routing step 3 processed 0 nets, it takes 0.00 sec.
Unrouted nets 28 at the end of iteration 0.
Unrouted nets 10 at the end of iteration 1.
Unrouted nets 2 at the end of iteration 2.
Unrouted nets 0 at the end of iteration 3.
Global Routing step 4 processed 78 nets, it takes 0.09 sec.
Global routing takes 2.17 sec.
Total 6824 subnets.
    forward max bucket size 127284 , backward 633.
        Unrouted nets 4282 at the end of iteration 0.
    route iteration 0, CPU time elapsed 5.703125 sec.
    forward max bucket size 593 , backward 609.
        Unrouted nets 3739 at the end of iteration 1.
    route iteration 1, CPU time elapsed 0.703125 sec.
    forward max bucket size 593 , backward 608.
        Unrouted nets 3213 at the end of iteration 2.
    route iteration 2, CPU time elapsed 0.515625 sec.
    forward max bucket size 549 , backward 371.
        Unrouted nets 2783 at the end of iteration 3.
    route iteration 3, CPU time elapsed 0.390625 sec.
    forward max bucket size 24508 , backward 472.
        Unrouted nets 2330 at the end of iteration 4.
    route iteration 4, CPU time elapsed 0.453125 sec.
    forward max bucket size 25574 , backward 489.
        Unrouted nets 1936 at the end of iteration 5.
    route iteration 5, CPU time elapsed 0.453125 sec.
    forward max bucket size 24416 , backward 691.
        Unrouted nets 1601 at the end of iteration 6.
    route iteration 6, CPU time elapsed 0.390625 sec.
    forward max bucket size 362 , backward 596.
        Unrouted nets 1334 at the end of iteration 7.
    route iteration 7, CPU time elapsed 0.218750 sec.
    forward max bucket size 606 , backward 467.
        Unrouted nets 1040 at the end of iteration 8.
    route iteration 8, CPU time elapsed 0.156250 sec.
    forward max bucket size 278 , backward 159.
        Unrouted nets 871 at the end of iteration 9.
    route iteration 9, CPU time elapsed 0.125000 sec.
    forward max bucket size 455 , backward 196.
        Unrouted nets 720 at the end of iteration 10.
    route iteration 10, CPU time elapsed 0.109375 sec.
    forward max bucket size 278 , backward 530.
        Unrouted nets 615 at the end of iteration 11.
    route iteration 11, CPU time elapsed 0.109375 sec.
    forward max bucket size 144 , backward 351.
        Unrouted nets 539 at the end of iteration 12.
    route iteration 12, CPU time elapsed 0.093750 sec.
    forward max bucket size 359 , backward 74.
        Unrouted nets 457 at the end of iteration 13.
    route iteration 13, CPU time elapsed 0.078125 sec.
    forward max bucket size 89 , backward 310.
        Unrouted nets 460 at the end of iteration 14.
    route iteration 14, CPU time elapsed 0.093750 sec.
    forward max bucket size 142 , backward 530.
        Unrouted nets 397 at the end of iteration 15.
    route iteration 15, CPU time elapsed 0.093750 sec.
    forward max bucket size 148 , backward 47.
        Unrouted nets 356 at the end of iteration 16.
    route iteration 16, CPU time elapsed 0.078125 sec.
    forward max bucket size 28627 , backward 47.
        Unrouted nets 290 at the end of iteration 17.
    route iteration 17, CPU time elapsed 0.265625 sec.
    forward max bucket size 28611 , backward 530.
        Unrouted nets 266 at the end of iteration 18.
    route iteration 18, CPU time elapsed 0.234375 sec.
    forward max bucket size 24309 , backward 23.
        Unrouted nets 246 at the end of iteration 19.
    route iteration 19, CPU time elapsed 0.187500 sec.
    forward max bucket size 119 , backward 22.
        Unrouted nets 226 at the end of iteration 20.
    route iteration 20, CPU time elapsed 0.046875 sec.
    forward max bucket size 130 , backward 217.
        Unrouted nets 194 at the end of iteration 21.
    route iteration 21, CPU time elapsed 0.046875 sec.
    forward max bucket size 52 , backward 26.
        Unrouted nets 192 at the end of iteration 22.
    route iteration 22, CPU time elapsed 0.062500 sec.
    forward max bucket size 46 , backward 22.
        Unrouted nets 171 at the end of iteration 23.
    route iteration 23, CPU time elapsed 0.046875 sec.
    forward max bucket size 49 , backward 26.
        Unrouted nets 157 at the end of iteration 24.
    route iteration 24, CPU time elapsed 0.031250 sec.
    forward max bucket size 42 , backward 25.
        Unrouted nets 128 at the end of iteration 25.
    route iteration 25, CPU time elapsed 0.031250 sec.
    forward max bucket size 48 , backward 23.
        Unrouted nets 103 at the end of iteration 26.
    route iteration 26, CPU time elapsed 0.015625 sec.
    forward max bucket size 337 , backward 29.
        Unrouted nets 95 at the end of iteration 27.
    route iteration 27, CPU time elapsed 0.031250 sec.
    forward max bucket size 43 , backward 24.
        Unrouted nets 93 at the end of iteration 28.
    route iteration 28, CPU time elapsed 0.046875 sec.
    forward max bucket size 35 , backward 25.
        Unrouted nets 111 at the end of iteration 29.
    route iteration 29, CPU time elapsed 0.031250 sec.
    forward max bucket size 35 , backward 23.
        Unrouted nets 102 at the end of iteration 30.
    route iteration 30, CPU time elapsed 0.015625 sec.
    forward max bucket size 352 , backward 26.
        Unrouted nets 89 at the end of iteration 31.
    route iteration 31, CPU time elapsed 0.031250 sec.
    forward max bucket size 29 , backward 25.
        Unrouted nets 82 at the end of iteration 32.
    route iteration 32, CPU time elapsed 0.015625 sec.
    forward max bucket size 51 , backward 32.
        Unrouted nets 68 at the end of iteration 33.
    route iteration 33, CPU time elapsed 0.031250 sec.
    forward max bucket size 46 , backward 22.
        Unrouted nets 70 at the end of iteration 34.
    route iteration 34, CPU time elapsed 0.031250 sec.
    forward max bucket size 51 , backward 16.
        Unrouted nets 63 at the end of iteration 35.
    route iteration 35, CPU time elapsed 0.015625 sec.
    forward max bucket size 39 , backward 32.
        Unrouted nets 59 at the end of iteration 36.
    route iteration 36, CPU time elapsed 0.031250 sec.
    forward max bucket size 39 , backward 17.
        Unrouted nets 42 at the end of iteration 37.
    route iteration 37, CPU time elapsed 0.015625 sec.
    forward max bucket size 42 , backward 16.
        Unrouted nets 38 at the end of iteration 38.
    route iteration 38, CPU time elapsed 0.031250 sec.
    forward max bucket size 33 , backward 16.
        Unrouted nets 25 at the end of iteration 39.
    route iteration 39, CPU time elapsed 0.031250 sec.
    forward max bucket size 32 , backward 17.
        Unrouted nets 34 at the end of iteration 40.
    route iteration 40, CPU time elapsed 0.015625 sec.
    forward max bucket size 32 , backward 17.
        Unrouted nets 30 at the end of iteration 41.
    route iteration 41, CPU time elapsed 0.015625 sec.
    forward max bucket size 29 , backward 19.
        Unrouted nets 30 at the end of iteration 42.
    route iteration 42, CPU time elapsed 0.031250 sec.
    forward max bucket size 49 , backward 12.
        Unrouted nets 29 at the end of iteration 43.
    route iteration 43, CPU time elapsed 0.015625 sec.
    forward max bucket size 49 , backward 16.
        Unrouted nets 33 at the end of iteration 44.
    route iteration 44, CPU time elapsed 0.031250 sec.
    forward max bucket size 36 , backward 13.
        Unrouted nets 37 at the end of iteration 45.
    route iteration 45, CPU time elapsed 0.031250 sec.
    forward max bucket size 37 , backward 17.
        Unrouted nets 39 at the end of iteration 46.
    route iteration 46, CPU time elapsed 0.015625 sec.
    forward max bucket size 35 , backward 14.
        Unrouted nets 27 at the end of iteration 47.
    route iteration 47, CPU time elapsed 0.015625 sec.
    forward max bucket size 26 , backward 22.
        Unrouted nets 26 at the end of iteration 48.
    route iteration 48, CPU time elapsed 0.015625 sec.
    forward max bucket size 47 , backward 21.
        Unrouted nets 39 at the end of iteration 49.
    route iteration 49, CPU time elapsed 0.015625 sec.
    forward max bucket size 45 , backward 14.
        Unrouted nets 30 at the end of iteration 50.
    route iteration 50, CPU time elapsed 0.015625 sec.
    forward max bucket size 37 , backward 13.
        Unrouted nets 18 at the end of iteration 51.
    route iteration 51, CPU time elapsed 0.015625 sec.
    forward max bucket size 47 , backward 15.
        Unrouted nets 16 at the end of iteration 52.
    route iteration 52, CPU time elapsed 0.015625 sec.
    forward max bucket size 47 , backward 13.
        Unrouted nets 14 at the end of iteration 53.
    route iteration 53, CPU time elapsed 0.015625 sec.
    forward max bucket size 37 , backward 12.
        Unrouted nets 17 at the end of iteration 54.
    route iteration 54, CPU time elapsed 0.000000 sec.
    forward max bucket size 23 , backward 12.
        Unrouted nets 12 at the end of iteration 55.
    route iteration 55, CPU time elapsed 0.015625 sec.
    forward max bucket size 28 , backward 12.
        Unrouted nets 13 at the end of iteration 56.
    route iteration 56, CPU time elapsed 0.015625 sec.
    forward max bucket size 26 , backward 14.
        Unrouted nets 11 at the end of iteration 57.
    route iteration 57, CPU time elapsed 0.015625 sec.
    forward max bucket size 22 , backward 12.
        Unrouted nets 10 at the end of iteration 58.
    route iteration 58, CPU time elapsed 0.015625 sec.
    forward max bucket size 26 , backward 12.
        Unrouted nets 9 at the end of iteration 59.
    route iteration 59, CPU time elapsed 0.000000 sec.
    forward max bucket size 20 , backward 8.
        Unrouted nets 8 at the end of iteration 60.
    route iteration 60, CPU time elapsed 0.031250 sec.
    forward max bucket size 23 , backward 12.
        Unrouted nets 5 at the end of iteration 61.
    route iteration 61, CPU time elapsed 0.015625 sec.
    forward max bucket size 24 , backward 12.
        Unrouted nets 6 at the end of iteration 62.
    route iteration 62, CPU time elapsed 0.031250 sec.
    forward max bucket size 19 , backward 6.
        Unrouted nets 3 at the end of iteration 63.
    route iteration 63, CPU time elapsed 0.015625 sec.
    forward max bucket size 17 , backward 12.
        Unrouted nets 2 at the end of iteration 64.
    route iteration 64, CPU time elapsed 0.000000 sec.
    forward max bucket size 15 , backward 12.
        Unrouted nets 2 at the end of iteration 65.
    route iteration 65, CPU time elapsed 0.031250 sec.
    forward max bucket size 17 , backward 6.
        Unrouted nets 2 at the end of iteration 66.
    route iteration 66, CPU time elapsed 0.015625 sec.
    forward max bucket size 21 , backward 12.
        Unrouted nets 4 at the end of iteration 67.
    route iteration 67, CPU time elapsed 0.015625 sec.
    forward max bucket size 21 , backward 12.
        Unrouted nets 2 at the end of iteration 68.
    route iteration 68, CPU time elapsed 0.015625 sec.
    forward max bucket size 15 , backward 12.
        Unrouted nets 2 at the end of iteration 69.
    route iteration 69, CPU time elapsed 0.000000 sec.
    forward max bucket size 17 , backward 12.
        Unrouted nets 2 at the end of iteration 70.
    route iteration 70, CPU time elapsed 0.031250 sec.
    forward max bucket size 21 , backward 5.
        Unrouted nets 0 at the end of iteration 71.
    route iteration 71, CPU time elapsed 0.015625 sec.
Detailed routing takes 71 iterations
I: Design net nt_pixclk_in is routed by general path.
C: Route-2036: The clock path from pixclk_in_ibuf/opit_1:DI_TO_CLK to clkbufg_0/gopclkbufg:CLK is routed by SRB.
I: Design net ntclkbufg_0 is routed by general path.
C: Route-2036: The clock path from clkbufg_0/gopclkbufg:CLKOUT to st_y_min1[11]/opit_0:CLK is routed by SRB.
Detailed routing takes 12.20 sec.
Start fix hold violation.
Build tmp routing results takes 0.06 sec.
Timing analysis takes 0.08 sec.
Hold violation fix iter 0 takes 4.38 sec, total_step_forward 84421.
Incremental timing analysis takes 0.05 sec.
Hold violation fix iter 1 takes 0.03 sec, total_step_forward 363.
Incremental timing analysis takes 0.05 sec.
Hold violation fix iter 2 takes 0.00 sec, total_step_forward 0.
Hold Violation Fix in router takes 3 iterations.
Fix hold violation Finished.
Hold Violation Fix in router takes 5.55 sec.

Dispose routing result:
    Collect routing result.
    Delete unused device instances.
    Annotate routing result.
    Change LUT configuration.
    Dispose misc instances.
    Annotate routing result again.
Finish routing takes 0.36 sec.
Used SRB routing arc is 59218.
Cleanup routing takes 0.00 sec.
Routing done.
Total routing takes 24.47 sec.


Device Utilization Summary :
+------------------------------------------------------------------------------+
| Logic Utilization           | Used     | Available     | Utilization(%)     
+------------------------------------------------------------------------------+
| Use of ADC                  | 0        | 1             | 0                  
| Use of ANALOG               | 0        | 1             | 0                  
| Use of APM                  | 0        | 240           | 0                  
| Use of BKCL                 | 3        | 6             | 50                 
| Use of CCS                  | 1        | 1             | 100                
| Use of CLMA                 | 689      | 11675         | 6                  
|   FF                        | 1593     | 93400         | 2                  
|   LUT                       | 1964     | 46700         | 5                  
|   LUT-FF pairs              | 867      | 46700         | 2                  
| Use of CLMS                 | 467      | 4975          | 10                 
|   FF                        | 896      | 39800         | 3                  
|   LUT                       | 1123     | 19900         | 6                  
|   LUT-FF pairs              | 458      | 19900         | 3                  
|   Distributed RAM           | 200      | 19900         | 2                  
| Use of DDRPHY_CPD           | 0        | 12            | 0                  
| Use of DDRPHY_IOCLK_DIV     | 0        | 6             | 0                  
| Use of DDR_PHY              | 0        | 24            | 0                  
| Use of DRM                  | 14.5     | 155           | 10                 
| Use of GPLL                 | 2        | 6             | 34                 
| Use of GSEB                 | 0        | 218           | 0                  
| Use of HARD0                | 516      | 10550         | 5                  
| Use of HCKB                 | 11       | 96            | 12                 
|  HCKB dataused              | 0        | 96            | 0                  
| Use of HCKMUX_TEST          | 0        | 8             | 0                  
| Use of HSSTLP               | 0.5      | 1             | 50                 
| Use of IO                   | 34       | 285           | 12                 
|   IOBD                      | 17       | 137           | 13                 
|   IOBS                      | 17       | 148           | 12                 
| Use of IOCKB                | 0        | 24            | 0                  
| Use of IOCKMUX_TEST         | 0        | 6             | 0                  
| Use of IOLHR                | 33       | 300           | 11                 
| Use of KEYRAM               | 0        | 1             | 0                  
| Use of MFG_TEST             | 0        | 1             | 0                  
| Use of MRCKB                | 0        | 12            | 0                  
| Use of MRCKMUX_TEST         | 0        | 6             | 0                  
| Use of MRPOSTMUX_TEST       | 0        | 6             | 0                  
| Use of PCIE                 | 1        | 1             | 100                
| Use of PCKMUX_TEST          | 0        | 12            | 0                  
| Use of PLLMRMUX_TEST        | 0        | 6             | 0                  
| Use of PLLREFMUX_TEST       | 0        | 6             | 0                  
| Use of PPLL                 | 0        | 6             | 0                  
| Use of PREGMUXC_TEST        | 0        | 4             | 0                  
| Use of PREGMUXLR_TEST       | 0        | 6             | 0                  
| Use of RCKB                 | 0        | 24            | 0                  
|  RCKB dataused              | 0        | 24            | 0                  
| Use of RCKMUX_TEST          | 0        | 6             | 0                  
| Use of SCANCHAIN            | 0        | 1             | 0                  
| Use of SCKMUX_TEST          | 0        | 12            | 0                  
| Use of SFB                  | 0        | 2225          | 0                  
| Use of SPAD                 | 2        | 4             | 50                 
| Use of TSERDES              | 0        | 48            | 0                  
| Use of USCM                 | 5        | 32            | 16                 
|  USCM dataused              | 0        | 32            | 0                  
| Use of USCMMUX_TEST         | 0        | 32            | 0                  
+------------------------------------------------------------------------------+

Finished routing.
Design 'HDMI_IN_DDR3_mid_filter_top' has been placed and routed successfully.
Saving design to DB.
Finished placement and routing.
Action pnr: Real time elapsed is 0h:1m:3s
Action pnr: CPU time elapsed is 0h:0m:51s
Action pnr: Process CPU time elapsed is 0h:0m:52s
Current time: Tue Apr 21 22:37:10 2026
Action pnr: Peak memory pool usage is 1,513 MB
