IP Generator (Version 2022.2-SP6.4 build 146967)
Check out license ...
Start generating at 2025-10-31 16:21
Instance: fifo_4096_16i_32o (D:\PDSapp\four_pinjie_basic\HDMI_DDR3_OV5640\ipcore\fifo_4096_16i_32o\fifo_4096_16i_32o.idf)
IP: Pango DRM Based FIFO (1.9)
Part: Logos-PGL50H-FBG484--6
Create directory 'rtl' ...
Copy 'rtl\ipml_fifo_ctrl_v1_4.v.xml' to 'rtl' ...
Copy 'rtl\ipml_fifo_v1_9.v.xml' to 'rtl' ...
Copy 'rtl\ipml_prefetch_fifo_v1_9.v.xml' to 'rtl' ...
Copy 'rtl\ipml_reg_fifo_v1_1.v.xml' to 'rtl' ...
Copy 'rtl\ipml_sdpram_v1_9.v.xml' to 'rtl' ...
Compile file 'rtl\ipml_sdpram_v1_9.v.xml' to 'rtl\ipml_sdpram_v1_9_fifo_4096_16i_32o.v' ...
Compile file 'rtl\ipml_fifo_v1_9.v.xml' to 'rtl\ipml_fifo_v1_9_fifo_4096_16i_32o.v' ...
Compile file 'rtl\ipml_fifo_ctrl_v1_4.v.xml' to 'rtl\ipml_fifo_ctrl_v1_4_fifo_4096_16i_32o.v' ...
Compile file 'rtl\ipml_prefetch_fifo_v1_9.v.xml' to 'rtl\ipml_prefetch_fifo_v1_9_fifo_4096_16i_32o.v' ...
Compile file 'rtl\ipml_reg_fifo_v1_1.v.xml' to 'rtl\ipml_reg_fifo_v1_1_fifo_4096_16i_32o.v' ...
Copy 'ipml_fifo_wrapper_v1_9.v.xml' ...
Compile file 'ipml_fifo_wrapper_v1_9.v.xml' to 'fifo_4096_16i_32o.v' ...
Found top module 'fifo_4096_16i_32o' in file 'fifo_4096_16i_32o.v'.
Copy 'ipml_prefetch_fifo_wrapper_v1_9.v.xml' ...
Compile file 'ipml_prefetch_fifo_wrapper_v1_9.v.xml' to 'fifo_4096_16i_32o_prefetch.v' ...
Copy 'ipml_fifo_wrapper_v1_3_tb.v.xml' ...
Compile file 'ipml_fifo_wrapper_v1_3_tb.v.xml' to 'fifo_4096_16i_32o_tb.v' ...
Create template file 'fifo_4096_16i_32o_tmpl.v' ...
Create template file 'fifo_4096_16i_32o_tmpl.vhdl' ...
There are 4 source files to synthesize.
Synthesis is disabled.
Done: 0 error(s), 0 warning(s)
