#Build: Fabric Compiler 2022.2-SP6.4, Build 146967, Jan 31 01:39 2024
#Install: E:\pds\PDS_2022.2-SP6.4\bin
#Application name: pds_shell.exe
#OS: Windows 10 10.0.22621
#Hostname: LAPTOP-DHE8LHVE
Generated by Fabric Compiler (version 2022.2-SP6.4 build 146967) at Sat Apr 25 02:45:44 2026
Compiling verification operator library.
Compiling common defs.
Loading technology operator library.
Compiling technology operator library.
Compiling technology operator (valence) library.
Compiling operator packing rules.
Compiling prim grid devices.
Compiling gate devices.
Compiling gate operators.
Compiling tech operator impls.
Building architecture model.
Loading device packaging model.
W: ConstraintEditor-4019: Port Bus 'cam1_data' unspecified I/O constraint.
W: ConstraintEditor-4019: Port Bus 'cam2_data' unspecified I/O constraint.
W: ConstraintEditor-4019: Port Bus 'cam_fmc_data' unspecified I/O constraint.
W: ConstraintEditor-4019: Port Bus 'o_pl_err' unspecified I/O constraint.
W: ConstraintEditor-4019: Port Bus 'o_rdecer_2' unspecified I/O constraint.
W: ConstraintEditor-4019: Port Bus 'o_rdisper_2' unspecified I/O constraint.
W: ConstraintEditor-4019: Port Bus 'o_rxstatus_2' unspecified I/O constraint.
W: ConstraintEditor-4019: Port Bus 'o_wtchdg_st_0' unspecified I/O constraint.
W: ConstraintEditor-4019: Port Bus 'pcie_rxn' unspecified I/O constraint.
W: ConstraintEditor-4019: Port Bus 'pcie_rxp' unspecified I/O constraint.
W: ConstraintEditor-4019: Port Bus 'pcie_txn' unspecified I/O constraint.
W: ConstraintEditor-4019: Port Bus 'pcie_txp' unspecified I/O constraint.
W: ConstraintEditor-4019: Port 'cam1_href' unspecified I/O constraint.
W: ConstraintEditor-4019: Port 'cam1_pclk' unspecified I/O constraint.
W: ConstraintEditor-4019: Port 'cam1_reset_n' unspecified I/O constraint.
W: ConstraintEditor-4019: Port 'cam1_scl' unspecified I/O constraint.
W: ConstraintEditor-4019: Port 'cam1_sda' unspecified I/O constraint.
W: ConstraintEditor-4019: Port 'cam1_vsync' unspecified I/O constraint.
W: ConstraintEditor-4019: Port 'cam2_href' unspecified I/O constraint.
W: ConstraintEditor-4019: Port 'cam2_pclk' unspecified I/O constraint.
W: ConstraintEditor-4019: Port 'cam2_reset_n' unspecified I/O constraint.
W: ConstraintEditor-4019: Port 'cam2_scl' unspecified I/O constraint.
W: ConstraintEditor-4019: Port 'cam2_sda' unspecified I/O constraint.
W: ConstraintEditor-4019: Port 'cam2_vsync' unspecified I/O constraint.
W: ConstraintEditor-4019: Port 'cam_fmc_href' unspecified I/O constraint.
W: ConstraintEditor-4019: Port 'cam_fmc_pclk' unspecified I/O constraint.
W: ConstraintEditor-4019: Port 'cam_fmc_reset_n' unspecified I/O constraint.
W: ConstraintEditor-4019: Port 'cam_fmc_scl' unspecified I/O constraint.
W: ConstraintEditor-4019: Port 'cam_fmc_sda' unspecified I/O constraint.
W: ConstraintEditor-4019: Port 'cam_fmc_vsync' unspecified I/O constraint.
W: ConstraintEditor-4019: Port 'hdmi_rx_init_done' unspecified I/O constraint.
W: ConstraintEditor-4019: Port 'i_p_l2rxn' unspecified I/O constraint.
W: ConstraintEditor-4019: Port 'i_p_l2rxp' unspecified I/O constraint.
W: ConstraintEditor-4019: Port 'o_p_l2txn' unspecified I/O constraint.
W: ConstraintEditor-4019: Port 'o_p_l2txp' unspecified I/O constraint.
W: ConstraintEditor-4019: Port 'o_p_lx_cdr_align_2' unspecified I/O constraint.
W: ConstraintEditor-4019: Port 'o_p_pll_lock_0' unspecified I/O constraint.
W: ConstraintEditor-4019: Port 'o_p_rx_sigdet_sta_2' unspecified I/O constraint.
W: ConstraintEditor-4019: Port 'o_pll_done_0' unspecified I/O constraint.
W: ConstraintEditor-4019: Port 'o_rxlane_done_2' unspecified I/O constraint.
W: ConstraintEditor-4019: Port 'o_txlane_done_2' unspecified I/O constraint.
W: ConstraintEditor-4019: Port 'tx_disable' unspecified I/O constraint.
E: Flow-0037: Fic file is empty.
Program Error Out.
Action dev_map: Real time elapsed is 0h:0m:10s
Action dev_map: CPU time elapsed is 0h:0m:6s
Action dev_map: Process CPU time elapsed is 0h:0m:6s
Current time: Sat Apr 25 02:45:53 2026
Action dev_map: Peak memory pool usage is 383 MB
