IP Generator (Version 2022.2-SP6.4 build 146967)
Check out license ...
Start generating at 2025-10-30 16:14
Instance: afifo_64i_16o_128 (D:\HardWare_Project\FPGA\HardWare_Project\pangu\10_HDMI_DDR3_OV5640_test\10_HDMI_DDR3_OV5640_test\ipcore\afifo_64i_16o_128\afifo_64i_16o_128.idf)
IP: Pango DRM Based FIFO (1.9)
Part: Logos-PGL50H-FBG484--6
Create directory 'rtl' ...
Copy 'rtl\ipml_fifo_ctrl_v1_4.v.xml' to 'rtl' ...
Copy 'rtl\ipml_fifo_v1_9.v.xml' to 'rtl' ...
Copy 'rtl\ipml_prefetch_fifo_v1_9.v.xml' to 'rtl' ...
Copy 'rtl\ipml_reg_fifo_v1_1.v.xml' to 'rtl' ...
Copy 'rtl\ipml_sdpram_v1_9.v.xml' to 'rtl' ...
Compile file 'rtl\ipml_sdpram_v1_9.v.xml' to 'rtl\ipml_sdpram_v1_9_afifo_64i_16o_128.v' ...
Compile file 'rtl\ipml_fifo_v1_9.v.xml' to 'rtl\ipml_fifo_v1_9_afifo_64i_16o_128.v' ...
Compile file 'rtl\ipml_fifo_ctrl_v1_4.v.xml' to 'rtl\ipml_fifo_ctrl_v1_4_afifo_64i_16o_128.v' ...
Compile file 'rtl\ipml_prefetch_fifo_v1_9.v.xml' to 'rtl\ipml_prefetch_fifo_v1_9_afifo_64i_16o_128.v' ...
Compile file 'rtl\ipml_reg_fifo_v1_1.v.xml' to 'rtl\ipml_reg_fifo_v1_1_afifo_64i_16o_128.v' ...
Copy 'ipml_fifo_wrapper_v1_9.v.xml' ...
Compile file 'ipml_fifo_wrapper_v1_9.v.xml' to 'afifo_64i_16o_128.v' ...
Found top module 'afifo_64i_16o_128' in file 'afifo_64i_16o_128.v'.
Copy 'ipml_prefetch_fifo_wrapper_v1_9.v.xml' ...
Compile file 'ipml_prefetch_fifo_wrapper_v1_9.v.xml' to 'afifo_64i_16o_128_prefetch.v' ...
Copy 'ipml_fifo_wrapper_v1_3_tb.v.xml' ...
Compile file 'ipml_fifo_wrapper_v1_3_tb.v.xml' to 'afifo_64i_16o_128_tb.v' ...
Create template file 'afifo_64i_16o_128_tmpl.v' ...
Create template file 'afifo_64i_16o_128_tmpl.vhdl' ...
There are 4 source files to synthesize.
Synthesis is disabled.
Done: 0 error(s), 0 warning(s)
