#Build: Fabric Compiler 2022.2-SP6.4, Build 146967, Jan 31 01:39 2024
#Install: E:\pds\PDS_2022.2-SP6.4\bin
#Application name: pds_shell.exe
#OS: Windows 10 10.0.22621
#Hostname: LAPTOP-DHE8LHVE
Generated by Fabric Compiler (version 2022.2-SP6.4 build 146967) at Sat Apr 25 02:51:46 2026
Compiling verification operator library.
Compiling common defs.
Compiling prim grid devices.
Compiling gate devices.
Compiling gate operators.
Building architecture model.
Loading device packaging model.
pnr strategy configuration : 
strategy name : 0
Building architecture floorplan logic view.
Constraint check start.
Executing : def_port {ddr3_dq[0]} LOC=P6 VCCIO=1.5 IOSTANDARD=SSTL15_I DRIVE=8.9 SLEW=FAST VREF_MODE=INT VREF_MODE_VALUE=0.5 DDR_TERM_MODE=ON UNUSED=TRUE
Executing : def_port {ddr3_dq[0]} LOC=P6 VCCIO=1.5 IOSTANDARD=SSTL15_I DRIVE=8.9 SLEW=FAST VREF_MODE=INT VREF_MODE_VALUE=0.5 DDR_TERM_MODE=ON UNUSED=TRUE successfully
Executing : def_port {ddr3_dq[1]} LOC=M5 VCCIO=1.5 IOSTANDARD=SSTL15_I DRIVE=8.9 SLEW=FAST VREF_MODE=INT VREF_MODE_VALUE=0.5 DDR_TERM_MODE=ON UNUSED=TRUE
Executing : def_port {ddr3_dq[1]} LOC=M5 VCCIO=1.5 IOSTANDARD=SSTL15_I DRIVE=8.9 SLEW=FAST VREF_MODE=INT VREF_MODE_VALUE=0.5 DDR_TERM_MODE=ON UNUSED=TRUE successfully
Executing : def_port {ddr3_dq[2]} LOC=M6 VCCIO=1.5 IOSTANDARD=SSTL15_I DRIVE=8.9 SLEW=FAST VREF_MODE=INT VREF_MODE_VALUE=0.5 DDR_TERM_MODE=ON UNUSED=TRUE
Executing : def_port {ddr3_dq[2]} LOC=M6 VCCIO=1.5 IOSTANDARD=SSTL15_I DRIVE=8.9 SLEW=FAST VREF_MODE=INT VREF_MODE_VALUE=0.5 DDR_TERM_MODE=ON UNUSED=TRUE successfully
Executing : def_port {ddr3_dq[3]} LOC=N2 VCCIO=1.5 IOSTANDARD=SSTL15_I DRIVE=8.9 SLEW=FAST VREF_MODE=INT VREF_MODE_VALUE=0.5 DDR_TERM_MODE=ON UNUSED=TRUE
Executing : def_port {ddr3_dq[3]} LOC=N2 VCCIO=1.5 IOSTANDARD=SSTL15_I DRIVE=8.9 SLEW=FAST VREF_MODE=INT VREF_MODE_VALUE=0.5 DDR_TERM_MODE=ON UNUSED=TRUE successfully
Executing : def_port {ddr3_dq[4]} LOC=P2 VCCIO=1.5 IOSTANDARD=SSTL15_I DRIVE=8.9 SLEW=FAST VREF_MODE=INT VREF_MODE_VALUE=0.5 DDR_TERM_MODE=ON UNUSED=TRUE
Executing : def_port {ddr3_dq[4]} LOC=P2 VCCIO=1.5 IOSTANDARD=SSTL15_I DRIVE=8.9 SLEW=FAST VREF_MODE=INT VREF_MODE_VALUE=0.5 DDR_TERM_MODE=ON UNUSED=TRUE successfully
Executing : def_port {ddr3_dq[5]} LOC=P1 VCCIO=1.5 IOSTANDARD=SSTL15_I DRIVE=8.9 SLEW=FAST VREF_MODE=INT VREF_MODE_VALUE=0.5 DDR_TERM_MODE=ON UNUSED=TRUE
Executing : def_port {ddr3_dq[5]} LOC=P1 VCCIO=1.5 IOSTANDARD=SSTL15_I DRIVE=8.9 SLEW=FAST VREF_MODE=INT VREF_MODE_VALUE=0.5 DDR_TERM_MODE=ON UNUSED=TRUE successfully
Executing : def_port {ddr3_dq[6]} LOC=R1 VCCIO=1.5 IOSTANDARD=SSTL15_I DRIVE=8.9 SLEW=FAST VREF_MODE=INT VREF_MODE_VALUE=0.5 DDR_TERM_MODE=ON UNUSED=TRUE
Executing : def_port {ddr3_dq[6]} LOC=R1 VCCIO=1.5 IOSTANDARD=SSTL15_I DRIVE=8.9 SLEW=FAST VREF_MODE=INT VREF_MODE_VALUE=0.5 DDR_TERM_MODE=ON UNUSED=TRUE successfully
Executing : def_port {ddr3_dq[7]} LOC=N4 VCCIO=1.5 IOSTANDARD=SSTL15_I DRIVE=8.9 SLEW=FAST VREF_MODE=INT VREF_MODE_VALUE=0.5 DDR_TERM_MODE=ON UNUSED=TRUE
Executing : def_port {ddr3_dq[7]} LOC=N4 VCCIO=1.5 IOSTANDARD=SSTL15_I DRIVE=8.9 SLEW=FAST VREF_MODE=INT VREF_MODE_VALUE=0.5 DDR_TERM_MODE=ON UNUSED=TRUE successfully
Executing : def_port {ddr3_dq[8]} LOC=J6 VCCIO=1.5 IOSTANDARD=SSTL15_I DRIVE=8.9 SLEW=FAST VREF_MODE=INT VREF_MODE_VALUE=0.5 DDR_TERM_MODE=ON UNUSED=TRUE
Executing : def_port {ddr3_dq[8]} LOC=J6 VCCIO=1.5 IOSTANDARD=SSTL15_I DRIVE=8.9 SLEW=FAST VREF_MODE=INT VREF_MODE_VALUE=0.5 DDR_TERM_MODE=ON UNUSED=TRUE successfully
Executing : def_port {ddr3_dq[9]} LOC=K6 VCCIO=1.5 IOSTANDARD=SSTL15_I DRIVE=8.9 SLEW=FAST VREF_MODE=INT VREF_MODE_VALUE=0.5 DDR_TERM_MODE=ON UNUSED=TRUE
Executing : def_port {ddr3_dq[9]} LOC=K6 VCCIO=1.5 IOSTANDARD=SSTL15_I DRIVE=8.9 SLEW=FAST VREF_MODE=INT VREF_MODE_VALUE=0.5 DDR_TERM_MODE=ON UNUSED=TRUE successfully
Executing : def_port {ddr3_dq[10]} LOC=M2 VCCIO=1.5 IOSTANDARD=SSTL15_I DRIVE=8.9 SLEW=FAST VREF_MODE=INT VREF_MODE_VALUE=0.5 DDR_TERM_MODE=ON UNUSED=TRUE
Executing : def_port {ddr3_dq[10]} LOC=M2 VCCIO=1.5 IOSTANDARD=SSTL15_I DRIVE=8.9 SLEW=FAST VREF_MODE=INT VREF_MODE_VALUE=0.5 DDR_TERM_MODE=ON UNUSED=TRUE successfully
Executing : def_port {ddr3_dq[11]} LOC=M3 VCCIO=1.5 IOSTANDARD=SSTL15_I DRIVE=8.9 SLEW=FAST VREF_MODE=INT VREF_MODE_VALUE=0.5 DDR_TERM_MODE=ON UNUSED=TRUE
Executing : def_port {ddr3_dq[11]} LOC=M3 VCCIO=1.5 IOSTANDARD=SSTL15_I DRIVE=8.9 SLEW=FAST VREF_MODE=INT VREF_MODE_VALUE=0.5 DDR_TERM_MODE=ON UNUSED=TRUE successfully
Executing : def_port {ddr3_dq[12]} LOC=K3 VCCIO=1.5 IOSTANDARD=SSTL15_I DRIVE=8.9 SLEW=FAST VREF_MODE=INT VREF_MODE_VALUE=0.5 DDR_TERM_MODE=ON UNUSED=TRUE
Executing : def_port {ddr3_dq[12]} LOC=K3 VCCIO=1.5 IOSTANDARD=SSTL15_I DRIVE=8.9 SLEW=FAST VREF_MODE=INT VREF_MODE_VALUE=0.5 DDR_TERM_MODE=ON UNUSED=TRUE successfully
Executing : def_port {ddr3_dq[13]} LOC=L3 VCCIO=1.5 IOSTANDARD=SSTL15_I DRIVE=8.9 SLEW=FAST VREF_MODE=INT VREF_MODE_VALUE=0.5 DDR_TERM_MODE=ON UNUSED=TRUE
Executing : def_port {ddr3_dq[13]} LOC=L3 VCCIO=1.5 IOSTANDARD=SSTL15_I DRIVE=8.9 SLEW=FAST VREF_MODE=INT VREF_MODE_VALUE=0.5 DDR_TERM_MODE=ON UNUSED=TRUE successfully
Executing : def_port {ddr3_dq[14]} LOC=J4 VCCIO=1.5 IOSTANDARD=SSTL15_I DRIVE=8.9 SLEW=FAST VREF_MODE=INT VREF_MODE_VALUE=0.5 DDR_TERM_MODE=ON UNUSED=TRUE
Executing : def_port {ddr3_dq[14]} LOC=J4 VCCIO=1.5 IOSTANDARD=SSTL15_I DRIVE=8.9 SLEW=FAST VREF_MODE=INT VREF_MODE_VALUE=0.5 DDR_TERM_MODE=ON UNUSED=TRUE successfully
Executing : def_port {ddr3_dq[15]} LOC=K4 VCCIO=1.5 IOSTANDARD=SSTL15_I DRIVE=8.9 SLEW=FAST VREF_MODE=INT VREF_MODE_VALUE=0.5 DDR_TERM_MODE=ON UNUSED=TRUE
Executing : def_port {ddr3_dq[15]} LOC=K4 VCCIO=1.5 IOSTANDARD=SSTL15_I DRIVE=8.9 SLEW=FAST VREF_MODE=INT VREF_MODE_VALUE=0.5 DDR_TERM_MODE=ON UNUSED=TRUE successfully
Executing : def_port {ddr3_dqs[0]} LOC=P5 VCCIO=1.5 IOSTANDARD=SSTL15D_I DRIVE=8.9 SLEW=FAST VREF_MODE=INT VREF_MODE_VALUE=0.5 DDR_TERM_MODE=ON DDR_RES=60 CP_DYN_TERM=ON UNUSED=TRUE
Executing : def_port {ddr3_dqs[0]} LOC=P5 VCCIO=1.5 IOSTANDARD=SSTL15D_I DRIVE=8.9 SLEW=FAST VREF_MODE=INT VREF_MODE_VALUE=0.5 DDR_TERM_MODE=ON DDR_RES=60 CP_DYN_TERM=ON UNUSED=TRUE successfully
Executing : def_port {ddr3_dqs[1]} LOC=M1 VCCIO=1.5 IOSTANDARD=SSTL15D_I DRIVE=8.9 SLEW=FAST VREF_MODE=INT VREF_MODE_VALUE=0.5 DDR_TERM_MODE=ON DDR_RES=60 CP_DYN_TERM=ON UNUSED=TRUE
Executing : def_port {ddr3_dqs[1]} LOC=M1 VCCIO=1.5 IOSTANDARD=SSTL15D_I DRIVE=8.9 SLEW=FAST VREF_MODE=INT VREF_MODE_VALUE=0.5 DDR_TERM_MODE=ON DDR_RES=60 CP_DYN_TERM=ON UNUSED=TRUE successfully
Executing : def_port {ddr3_dqs_n[0]} LOC=P4 VCCIO=1.5 IOSTANDARD=SSTL15D_I DRIVE=8.9 SLEW=FAST VREF_MODE=INT VREF_MODE_VALUE=0.5 DDR_TERM_MODE=ON DDR_RES=60 CP_DYN_TERM=ON UNUSED=TRUE
Executing : def_port {ddr3_dqs_n[0]} LOC=P4 VCCIO=1.5 IOSTANDARD=SSTL15D_I DRIVE=8.9 SLEW=FAST VREF_MODE=INT VREF_MODE_VALUE=0.5 DDR_TERM_MODE=ON DDR_RES=60 CP_DYN_TERM=ON UNUSED=TRUE successfully
Executing : def_port {ddr3_dqs_n[1]} LOC=L1 VCCIO=1.5 IOSTANDARD=SSTL15D_I DRIVE=8.9 SLEW=FAST VREF_MODE=INT VREF_MODE_VALUE=0.5 DDR_TERM_MODE=ON DDR_RES=60 CP_DYN_TERM=ON UNUSED=TRUE
Executing : def_port {ddr3_dqs_n[1]} LOC=L1 VCCIO=1.5 IOSTANDARD=SSTL15D_I DRIVE=8.9 SLEW=FAST VREF_MODE=INT VREF_MODE_VALUE=0.5 DDR_TERM_MODE=ON DDR_RES=60 CP_DYN_TERM=ON UNUSED=TRUE successfully
Executing : def_port {hdmi_rx_scl} LOC=AA21 VCCIO=3.3 IOSTANDARD=LVCMOS33 DRIVE=4 SLEW=FAST PULLUP=TRUE
C: ConstraintEditor-2002: [D:/Users/Lenovo/Desktop/DL_HDMI40IN_PCIE_RK3568_1/DL_HDMI40IN_PCIE_RK3568/project/device_map/image_pcie_capture.pcf(line number: 23)] | Port hdmi_rx_scl has been placed at location AA21, whose type is share pin.
Executing : def_port {hdmi_rx_scl} LOC=AA21 VCCIO=3.3 IOSTANDARD=LVCMOS33 DRIVE=4 SLEW=FAST PULLUP=TRUE successfully
Executing : def_port {hdmi_rx_sda} LOC=AA20 VCCIO=3.3 IOSTANDARD=LVCMOS33 DRIVE=4 SLEW=FAST PULLUP=TRUE
C: ConstraintEditor-2002: [D:/Users/Lenovo/Desktop/DL_HDMI40IN_PCIE_RK3568_1/DL_HDMI40IN_PCIE_RK3568/project/device_map/image_pcie_capture.pcf(line number: 24)] | Port hdmi_rx_sda has been placed at location AA20, whose type is share pin.
Executing : def_port {hdmi_rx_sda} LOC=AA20 VCCIO=3.3 IOSTANDARD=LVCMOS33 DRIVE=4 SLEW=FAST PULLUP=TRUE successfully
Executing : def_port {cam_init_done[0]} LOC=M17 VCCIO=1.8 IOSTANDARD=LVCMOS18 DRIVE=4 SLEW=FAST NONE=TRUE
Executing : def_port {cam_init_done[0]} LOC=M17 VCCIO=1.8 IOSTANDARD=LVCMOS18 DRIVE=4 SLEW=FAST NONE=TRUE successfully
Executing : def_port {cam_init_done[1]} LOC=J16 VCCIO=1.8 IOSTANDARD=LVCMOS18 DRIVE=4 SLEW=FAST NONE=TRUE
Executing : def_port {cam_init_done[1]} LOC=J16 VCCIO=1.8 IOSTANDARD=LVCMOS18 DRIVE=4 SLEW=FAST NONE=TRUE successfully
Executing : def_port {ddr3_a[0]} LOC=T1 VCCIO=1.5 IOSTANDARD=SSTL15_I DRIVE=8.9 SLEW=FAST UNUSED=TRUE
Executing : def_port {ddr3_a[0]} LOC=T1 VCCIO=1.5 IOSTANDARD=SSTL15_I DRIVE=8.9 SLEW=FAST UNUSED=TRUE successfully
Executing : def_port {ddr3_a[1]} LOC=U1 VCCIO=1.5 IOSTANDARD=SSTL15_I DRIVE=8.9 SLEW=FAST UNUSED=TRUE
Executing : def_port {ddr3_a[1]} LOC=U1 VCCIO=1.5 IOSTANDARD=SSTL15_I DRIVE=8.9 SLEW=FAST UNUSED=TRUE successfully
Executing : def_port {ddr3_a[2]} LOC=U2 VCCIO=1.5 IOSTANDARD=SSTL15_I DRIVE=8.9 SLEW=FAST UNUSED=TRUE
Executing : def_port {ddr3_a[2]} LOC=U2 VCCIO=1.5 IOSTANDARD=SSTL15_I DRIVE=8.9 SLEW=FAST UNUSED=TRUE successfully
Executing : def_port {ddr3_a[3]} LOC=V2 VCCIO=1.5 IOSTANDARD=SSTL15_I DRIVE=8.9 SLEW=FAST UNUSED=TRUE
Executing : def_port {ddr3_a[3]} LOC=V2 VCCIO=1.5 IOSTANDARD=SSTL15_I DRIVE=8.9 SLEW=FAST UNUSED=TRUE successfully
Executing : def_port {ddr3_a[4]} LOC=R3 VCCIO=1.5 IOSTANDARD=SSTL15_I DRIVE=8.9 SLEW=FAST UNUSED=TRUE
Executing : def_port {ddr3_a[4]} LOC=R3 VCCIO=1.5 IOSTANDARD=SSTL15_I DRIVE=8.9 SLEW=FAST UNUSED=TRUE successfully
Executing : def_port {ddr3_a[5]} LOC=R2 VCCIO=1.5 IOSTANDARD=SSTL15_I DRIVE=8.9 SLEW=FAST UNUSED=TRUE
Executing : def_port {ddr3_a[5]} LOC=R2 VCCIO=1.5 IOSTANDARD=SSTL15_I DRIVE=8.9 SLEW=FAST UNUSED=TRUE successfully
Executing : def_port {ddr3_a[6]} LOC=W2 VCCIO=1.5 IOSTANDARD=SSTL15_I DRIVE=8.9 SLEW=FAST UNUSED=TRUE
Executing : def_port {ddr3_a[6]} LOC=W2 VCCIO=1.5 IOSTANDARD=SSTL15_I DRIVE=8.9 SLEW=FAST UNUSED=TRUE successfully
Executing : def_port {ddr3_a[7]} LOC=Y2 VCCIO=1.5 IOSTANDARD=SSTL15_I DRIVE=8.9 SLEW=FAST UNUSED=TRUE
Executing : def_port {ddr3_a[7]} LOC=Y2 VCCIO=1.5 IOSTANDARD=SSTL15_I DRIVE=8.9 SLEW=FAST UNUSED=TRUE successfully
Executing : def_port {ddr3_a[8]} LOC=W1 VCCIO=1.5 IOSTANDARD=SSTL15_I DRIVE=8.9 SLEW=FAST UNUSED=TRUE
Executing : def_port {ddr3_a[8]} LOC=W1 VCCIO=1.5 IOSTANDARD=SSTL15_I DRIVE=8.9 SLEW=FAST UNUSED=TRUE successfully
Executing : def_port {ddr3_a[9]} LOC=Y1 VCCIO=1.5 IOSTANDARD=SSTL15_I DRIVE=8.9 SLEW=FAST UNUSED=TRUE
Executing : def_port {ddr3_a[9]} LOC=Y1 VCCIO=1.5 IOSTANDARD=SSTL15_I DRIVE=8.9 SLEW=FAST UNUSED=TRUE successfully
Executing : def_port {ddr3_a[10]} LOC=U3 VCCIO=1.5 IOSTANDARD=SSTL15_I DRIVE=8.9 SLEW=FAST UNUSED=TRUE
Executing : def_port {ddr3_a[10]} LOC=U3 VCCIO=1.5 IOSTANDARD=SSTL15_I DRIVE=8.9 SLEW=FAST UNUSED=TRUE successfully
Executing : def_port {ddr3_a[11]} LOC=AA1 VCCIO=1.5 IOSTANDARD=SSTL15_I DRIVE=8.9 SLEW=FAST UNUSED=TRUE
Executing : def_port {ddr3_a[11]} LOC=AA1 VCCIO=1.5 IOSTANDARD=SSTL15_I DRIVE=8.9 SLEW=FAST UNUSED=TRUE successfully
Executing : def_port {ddr3_a[12]} LOC=AB1 VCCIO=1.5 IOSTANDARD=SSTL15_I DRIVE=8.9 SLEW=FAST UNUSED=TRUE
Executing : def_port {ddr3_a[12]} LOC=AB1 VCCIO=1.5 IOSTANDARD=SSTL15_I DRIVE=8.9 SLEW=FAST UNUSED=TRUE successfully
Executing : def_port {ddr3_a[13]} LOC=AB3 VCCIO=1.5 IOSTANDARD=SSTL15_I DRIVE=8.9 SLEW=FAST UNUSED=TRUE
Executing : def_port {ddr3_a[13]} LOC=AB3 VCCIO=1.5 IOSTANDARD=SSTL15_I DRIVE=8.9 SLEW=FAST UNUSED=TRUE successfully
Executing : def_port {ddr3_a[14]} LOC=AB2 VCCIO=1.5 IOSTANDARD=SSTL15_I DRIVE=8.9 SLEW=FAST UNUSED=TRUE
Executing : def_port {ddr3_a[14]} LOC=AB2 VCCIO=1.5 IOSTANDARD=SSTL15_I DRIVE=8.9 SLEW=FAST UNUSED=TRUE successfully
Executing : def_port {ddr3_ba[0]} LOC=AA3 VCCIO=1.5 IOSTANDARD=SSTL15_I DRIVE=8.9 SLEW=FAST UNUSED=TRUE
Executing : def_port {ddr3_ba[0]} LOC=AA3 VCCIO=1.5 IOSTANDARD=SSTL15_I DRIVE=8.9 SLEW=FAST UNUSED=TRUE successfully
Executing : def_port {ddr3_ba[1]} LOC=AA5 VCCIO=1.5 IOSTANDARD=SSTL15_I DRIVE=8.9 SLEW=FAST UNUSED=TRUE
Executing : def_port {ddr3_ba[1]} LOC=AA5 VCCIO=1.5 IOSTANDARD=SSTL15_I DRIVE=8.9 SLEW=FAST UNUSED=TRUE successfully
Executing : def_port {ddr3_ba[2]} LOC=AB5 VCCIO=1.5 IOSTANDARD=SSTL15_I DRIVE=8.9 SLEW=FAST UNUSED=TRUE
Executing : def_port {ddr3_ba[2]} LOC=AB5 VCCIO=1.5 IOSTANDARD=SSTL15_I DRIVE=8.9 SLEW=FAST UNUSED=TRUE successfully
Executing : def_port {ddr3_cas_n} LOC=U6 VCCIO=1.5 IOSTANDARD=SSTL15_I DRIVE=8.9 SLEW=FAST UNUSED=TRUE
Executing : def_port {ddr3_cas_n} LOC=U6 VCCIO=1.5 IOSTANDARD=SSTL15_I DRIVE=8.9 SLEW=FAST UNUSED=TRUE successfully
Executing : def_port {ddr3_ck} LOC=Y4 VCCIO=1.5 IOSTANDARD=SSTL15D_I DRIVE=8.9 SLEW=FAST UNUSED=TRUE
Executing : def_port {ddr3_ck} LOC=Y4 VCCIO=1.5 IOSTANDARD=SSTL15D_I DRIVE=8.9 SLEW=FAST UNUSED=TRUE successfully
Executing : def_port {ddr3_ck_n} LOC=AA4 VCCIO=1.5 IOSTANDARD=SSTL15D_I DRIVE=8.9 SLEW=FAST UNUSED=TRUE
Executing : def_port {ddr3_ck_n} LOC=AA4 VCCIO=1.5 IOSTANDARD=SSTL15D_I DRIVE=8.9 SLEW=FAST UNUSED=TRUE successfully
Executing : def_port {ddr3_cke} LOC=W4 VCCIO=1.5 IOSTANDARD=SSTL15_I DRIVE=8.9 SLEW=FAST UNUSED=TRUE
Executing : def_port {ddr3_cke} LOC=W4 VCCIO=1.5 IOSTANDARD=SSTL15_I DRIVE=8.9 SLEW=FAST UNUSED=TRUE successfully
Executing : def_port {ddr3_cs_n} LOC=V5 VCCIO=1.5 IOSTANDARD=SSTL15_I DRIVE=8.9 SLEW=FAST UNUSED=TRUE
Executing : def_port {ddr3_cs_n} LOC=V5 VCCIO=1.5 IOSTANDARD=SSTL15_I DRIVE=8.9 SLEW=FAST UNUSED=TRUE successfully
Executing : def_port {ddr3_dm[0]} LOC=N5 VCCIO=1.5 IOSTANDARD=SSTL15_I DRIVE=8.9 SLEW=FAST UNUSED=TRUE
Executing : def_port {ddr3_dm[0]} LOC=N5 VCCIO=1.5 IOSTANDARD=SSTL15_I DRIVE=8.9 SLEW=FAST UNUSED=TRUE successfully
Executing : def_port {ddr3_dm[1]} LOC=L5 VCCIO=1.5 IOSTANDARD=SSTL15_I DRIVE=8.9 SLEW=FAST UNUSED=TRUE
Executing : def_port {ddr3_dm[1]} LOC=L5 VCCIO=1.5 IOSTANDARD=SSTL15_I DRIVE=8.9 SLEW=FAST UNUSED=TRUE successfully
Executing : def_port {ddr3_odt} LOC=R6 VCCIO=1.5 IOSTANDARD=SSTL15_I DRIVE=8.9 SLEW=FAST UNUSED=TRUE
Executing : def_port {ddr3_odt} LOC=R6 VCCIO=1.5 IOSTANDARD=SSTL15_I DRIVE=8.9 SLEW=FAST UNUSED=TRUE successfully
Executing : def_port {ddr3_ras_n} LOC=W5 VCCIO=1.5 IOSTANDARD=SSTL15_I DRIVE=8.9 SLEW=FAST UNUSED=TRUE
Executing : def_port {ddr3_ras_n} LOC=W5 VCCIO=1.5 IOSTANDARD=SSTL15_I DRIVE=8.9 SLEW=FAST UNUSED=TRUE successfully
Executing : def_port {ddr3_rst_n} LOC=T3 VCCIO=1.5 IOSTANDARD=SSTL15_I DRIVE=8.9 SLEW=FAST UNUSED=TRUE
Executing : def_port {ddr3_rst_n} LOC=T3 VCCIO=1.5 IOSTANDARD=SSTL15_I DRIVE=8.9 SLEW=FAST UNUSED=TRUE successfully
Executing : def_port {ddr3_we_n} LOC=W6 VCCIO=1.5 IOSTANDARD=SSTL15_I DRIVE=8.9 SLEW=FAST UNUSED=TRUE
Executing : def_port {ddr3_we_n} LOC=W6 VCCIO=1.5 IOSTANDARD=SSTL15_I DRIVE=8.9 SLEW=FAST UNUSED=TRUE successfully
Executing : def_port {hdmi_b[0]} LOC=N14 VCCIO=3.3 IOSTANDARD=LVCMOS33 NONE=TRUE
C: ConstraintEditor-2001: [D:/Users/Lenovo/Desktop/DL_HDMI40IN_PCIE_RK3568_1/DL_HDMI40IN_PCIE_RK3568/project/device_map/image_pcie_capture.pcf(line number: 56)] Object 'hdmi_b[0]' is dangling, which has no connection. it will be ignored.
Executing : def_port {hdmi_b[0]} LOC=N14 VCCIO=3.3 IOSTANDARD=LVCMOS33 NONE=TRUE failed
Executing : def_port {hdmi_b[1]} LOC=W20 VCCIO=3.3 IOSTANDARD=LVCMOS33 NONE=TRUE
C: ConstraintEditor-2001: [D:/Users/Lenovo/Desktop/DL_HDMI40IN_PCIE_RK3568_1/DL_HDMI40IN_PCIE_RK3568/project/device_map/image_pcie_capture.pcf(line number: 57)] Object 'hdmi_b[1]' is dangling, which has no connection. it will be ignored.
Executing : def_port {hdmi_b[1]} LOC=W20 VCCIO=3.3 IOSTANDARD=LVCMOS33 NONE=TRUE failed
Executing : def_port {hdmi_b[2]} LOC=N13 VCCIO=3.3 IOSTANDARD=LVCMOS33 NONE=TRUE
C: ConstraintEditor-2001: [D:/Users/Lenovo/Desktop/DL_HDMI40IN_PCIE_RK3568_1/DL_HDMI40IN_PCIE_RK3568/project/device_map/image_pcie_capture.pcf(line number: 58)] Object 'hdmi_b[2]' is dangling, which has no connection. it will be ignored.
Executing : def_port {hdmi_b[2]} LOC=N13 VCCIO=3.3 IOSTANDARD=LVCMOS33 NONE=TRUE failed
Executing : def_port {hdmi_b[3]} LOC=V20 VCCIO=3.3 IOSTANDARD=LVCMOS33 NONE=TRUE
Executing : def_port {hdmi_b[3]} LOC=V20 VCCIO=3.3 IOSTANDARD=LVCMOS33 NONE=TRUE successfully
Executing : def_port {hdmi_b[4]} LOC=R16 VCCIO=3.3 IOSTANDARD=LVCMOS33 NONE=TRUE
C: ConstraintEditor-2002: [D:/Users/Lenovo/Desktop/DL_HDMI40IN_PCIE_RK3568_1/DL_HDMI40IN_PCIE_RK3568/project/device_map/image_pcie_capture.pcf(line number: 60)] | Port hdmi_b[4] has been placed at location R16, whose type is share pin.
Executing : def_port {hdmi_b[4]} LOC=R16 VCCIO=3.3 IOSTANDARD=LVCMOS33 NONE=TRUE successfully
Executing : def_port {hdmi_b[5]} LOC=U20 VCCIO=3.3 IOSTANDARD=LVCMOS33 NONE=TRUE
Executing : def_port {hdmi_b[5]} LOC=U20 VCCIO=3.3 IOSTANDARD=LVCMOS33 NONE=TRUE successfully
Executing : def_port {hdmi_b[6]} LOC=P15 VCCIO=3.3 IOSTANDARD=LVCMOS33 NONE=TRUE
C: ConstraintEditor-2002: [D:/Users/Lenovo/Desktop/DL_HDMI40IN_PCIE_RK3568_1/DL_HDMI40IN_PCIE_RK3568/project/device_map/image_pcie_capture.pcf(line number: 62)] | Port hdmi_b[6] has been placed at location P15, whose type is share pin.
Executing : def_port {hdmi_b[6]} LOC=P15 VCCIO=3.3 IOSTANDARD=LVCMOS33 NONE=TRUE successfully
Executing : def_port {hdmi_b[7]} LOC=AB18 VCCIO=3.3 IOSTANDARD=LVCMOS33 NONE=TRUE
C: ConstraintEditor-2002: [D:/Users/Lenovo/Desktop/DL_HDMI40IN_PCIE_RK3568_1/DL_HDMI40IN_PCIE_RK3568/project/device_map/image_pcie_capture.pcf(line number: 63)] | Port hdmi_b[7] has been placed at location AB18, whose type is share pin.
Executing : def_port {hdmi_b[7]} LOC=AB18 VCCIO=3.3 IOSTANDARD=LVCMOS33 NONE=TRUE successfully
Executing : def_port {hdmi_de} LOC=P16 VCCIO=3.3 IOSTANDARD=LVCMOS33 NONE=TRUE
C: ConstraintEditor-2002: [D:/Users/Lenovo/Desktop/DL_HDMI40IN_PCIE_RK3568_1/DL_HDMI40IN_PCIE_RK3568/project/device_map/image_pcie_capture.pcf(line number: 64)] | Port hdmi_de has been placed at location P16, whose type is share pin.
Executing : def_port {hdmi_de} LOC=P16 VCCIO=3.3 IOSTANDARD=LVCMOS33 NONE=TRUE successfully
Executing : def_port {hdmi_g[0]} LOC=P17 VCCIO=3.3 IOSTANDARD=LVCMOS33 NONE=TRUE
C: ConstraintEditor-2001: [D:/Users/Lenovo/Desktop/DL_HDMI40IN_PCIE_RK3568_1/DL_HDMI40IN_PCIE_RK3568/project/device_map/image_pcie_capture.pcf(line number: 65)] Object 'hdmi_g[0]' is dangling, which has no connection. it will be ignored.
Executing : def_port {hdmi_g[0]} LOC=P17 VCCIO=3.3 IOSTANDARD=LVCMOS33 NONE=TRUE failed
Executing : def_port {hdmi_g[1]} LOC=AA18 VCCIO=3.3 IOSTANDARD=LVCMOS33 NONE=TRUE
C: ConstraintEditor-2001: [D:/Users/Lenovo/Desktop/DL_HDMI40IN_PCIE_RK3568_1/DL_HDMI40IN_PCIE_RK3568/project/device_map/image_pcie_capture.pcf(line number: 66)] Object 'hdmi_g[1]' is dangling, which has no connection. it will be ignored.
Executing : def_port {hdmi_g[1]} LOC=AA18 VCCIO=3.3 IOSTANDARD=LVCMOS33 NONE=TRUE failed
Executing : def_port {hdmi_g[2]} LOC=N17 VCCIO=3.3 IOSTANDARD=LVCMOS33 NONE=TRUE
Executing : def_port {hdmi_g[2]} LOC=N17 VCCIO=3.3 IOSTANDARD=LVCMOS33 NONE=TRUE successfully
Executing : def_port {hdmi_g[3]} LOC=W17 VCCIO=3.3 IOSTANDARD=LVCMOS33 NONE=TRUE
C: ConstraintEditor-2002: [D:/Users/Lenovo/Desktop/DL_HDMI40IN_PCIE_RK3568_1/DL_HDMI40IN_PCIE_RK3568/project/device_map/image_pcie_capture.pcf(line number: 68)] | Port hdmi_g[3] has been placed at location W17, whose type is share pin.
Executing : def_port {hdmi_g[3]} LOC=W17 VCCIO=3.3 IOSTANDARD=LVCMOS33 NONE=TRUE successfully
Executing : def_port {hdmi_g[4]} LOC=T18 VCCIO=3.3 IOSTANDARD=LVCMOS33 NONE=TRUE
C: ConstraintEditor-2002: [D:/Users/Lenovo/Desktop/DL_HDMI40IN_PCIE_RK3568_1/DL_HDMI40IN_PCIE_RK3568/project/device_map/image_pcie_capture.pcf(line number: 69)] | Port hdmi_g[4] has been placed at location T18, whose type is share pin.
Executing : def_port {hdmi_g[4]} LOC=T18 VCCIO=3.3 IOSTANDARD=LVCMOS33 NONE=TRUE successfully
Executing : def_port {hdmi_g[5]} LOC=V17 VCCIO=3.3 IOSTANDARD=LVCMOS33 NONE=TRUE
C: ConstraintEditor-2002: [D:/Users/Lenovo/Desktop/DL_HDMI40IN_PCIE_RK3568_1/DL_HDMI40IN_PCIE_RK3568/project/device_map/image_pcie_capture.pcf(line number: 70)] | Port hdmi_g[5] has been placed at location V17, whose type is share pin.
Executing : def_port {hdmi_g[5]} LOC=V17 VCCIO=3.3 IOSTANDARD=LVCMOS33 NONE=TRUE successfully
Executing : def_port {hdmi_g[6]} LOC=R18 VCCIO=3.3 IOSTANDARD=LVCMOS33 NONE=TRUE
C: ConstraintEditor-2002: [D:/Users/Lenovo/Desktop/DL_HDMI40IN_PCIE_RK3568_1/DL_HDMI40IN_PCIE_RK3568/project/device_map/image_pcie_capture.pcf(line number: 71)] | Port hdmi_g[6] has been placed at location R18, whose type is share pin.
Executing : def_port {hdmi_g[6]} LOC=R18 VCCIO=3.3 IOSTANDARD=LVCMOS33 NONE=TRUE successfully
Executing : def_port {hdmi_g[7]} LOC=AB20 VCCIO=3.3 IOSTANDARD=LVCMOS33 NONE=TRUE
C: ConstraintEditor-2002: [D:/Users/Lenovo/Desktop/DL_HDMI40IN_PCIE_RK3568_1/DL_HDMI40IN_PCIE_RK3568/project/device_map/image_pcie_capture.pcf(line number: 72)] | Port hdmi_g[7] has been placed at location AB20, whose type is share pin.
Executing : def_port {hdmi_g[7]} LOC=AB20 VCCIO=3.3 IOSTANDARD=LVCMOS33 NONE=TRUE successfully
Executing : def_port {hdmi_hs} LOC=U17 VCCIO=3.3 IOSTANDARD=LVCMOS33 NONE=TRUE
C: ConstraintEditor-2001: [D:/Users/Lenovo/Desktop/DL_HDMI40IN_PCIE_RK3568_1/DL_HDMI40IN_PCIE_RK3568/project/device_map/image_pcie_capture.pcf(line number: 73)] Object 'hdmi_hs' is dangling, which has no connection. it will be ignored.
Executing : def_port {hdmi_hs} LOC=U17 VCCIO=3.3 IOSTANDARD=LVCMOS33 NONE=TRUE failed
Executing : def_port {hdmi_pix_clk} LOC=W19 VCCIO=3.3 IOSTANDARD=LVCMOS33 NONE=TRUE
Executing : def_port {hdmi_pix_clk} LOC=W19 VCCIO=3.3 IOSTANDARD=LVCMOS33 NONE=TRUE successfully
Executing : def_port {hdmi_r[0]} LOC=V19 VCCIO=3.3 IOSTANDARD=LVCMOS33 NONE=TRUE
C: ConstraintEditor-2001: [D:/Users/Lenovo/Desktop/DL_HDMI40IN_PCIE_RK3568_1/DL_HDMI40IN_PCIE_RK3568/project/device_map/image_pcie_capture.pcf(line number: 75)] Object 'hdmi_r[0]' is dangling, which has no connection. it will be ignored.
Executing : def_port {hdmi_r[0]} LOC=V19 VCCIO=3.3 IOSTANDARD=LVCMOS33 NONE=TRUE failed
Executing : def_port {hdmi_r[1]} LOC=AA19 VCCIO=3.3 IOSTANDARD=LVCMOS33 NONE=TRUE
C: ConstraintEditor-2001: [D:/Users/Lenovo/Desktop/DL_HDMI40IN_PCIE_RK3568_1/DL_HDMI40IN_PCIE_RK3568/project/device_map/image_pcie_capture.pcf(line number: 76)] Object 'hdmi_r[1]' is dangling, which has no connection. it will be ignored.
Executing : def_port {hdmi_r[1]} LOC=AA19 VCCIO=3.3 IOSTANDARD=LVCMOS33 NONE=TRUE failed
Executing : def_port {hdmi_r[2]} LOC=V18 VCCIO=3.3 IOSTANDARD=LVCMOS33 NONE=TRUE
C: ConstraintEditor-2001: [D:/Users/Lenovo/Desktop/DL_HDMI40IN_PCIE_RK3568_1/DL_HDMI40IN_PCIE_RK3568/project/device_map/image_pcie_capture.pcf(line number: 77)] Object 'hdmi_r[2]' is dangling, which has no connection. it will be ignored.
Executing : def_port {hdmi_r[2]} LOC=V18 VCCIO=3.3 IOSTANDARD=LVCMOS33 NONE=TRUE failed
Executing : def_port {hdmi_r[3]} LOC=N15 VCCIO=3.3 IOSTANDARD=LVCMOS33 NONE=TRUE
Executing : def_port {hdmi_r[3]} LOC=N15 VCCIO=3.3 IOSTANDARD=LVCMOS33 NONE=TRUE successfully
Executing : def_port {hdmi_r[4]} LOC=Y19 VCCIO=3.3 IOSTANDARD=LVCMOS33 NONE=TRUE
Executing : def_port {hdmi_r[4]} LOC=Y19 VCCIO=3.3 IOSTANDARD=LVCMOS33 NONE=TRUE successfully
Executing : def_port {hdmi_r[5]} LOC=AB22 VCCIO=3.3 IOSTANDARD=LVCMOS33 NONE=TRUE
C: ConstraintEditor-2002: [D:/Users/Lenovo/Desktop/DL_HDMI40IN_PCIE_RK3568_1/DL_HDMI40IN_PCIE_RK3568/project/device_map/image_pcie_capture.pcf(line number: 80)] | Port hdmi_r[5] has been placed at location AB22, whose type is share pin.
Executing : def_port {hdmi_r[5]} LOC=AB22 VCCIO=3.3 IOSTANDARD=LVCMOS33 NONE=TRUE successfully
Executing : def_port {hdmi_r[6]} LOC=Y18 VCCIO=3.3 IOSTANDARD=LVCMOS33 NONE=TRUE
Executing : def_port {hdmi_r[6]} LOC=Y18 VCCIO=3.3 IOSTANDARD=LVCMOS33 NONE=TRUE successfully
Executing : def_port {hdmi_r[7]} LOC=AB21 VCCIO=3.3 IOSTANDARD=LVCMOS33 NONE=TRUE
C: ConstraintEditor-2002: [D:/Users/Lenovo/Desktop/DL_HDMI40IN_PCIE_RK3568_1/DL_HDMI40IN_PCIE_RK3568/project/device_map/image_pcie_capture.pcf(line number: 82)] | Port hdmi_r[7] has been placed at location AB21, whose type is share pin.
Executing : def_port {hdmi_r[7]} LOC=AB21 VCCIO=3.3 IOSTANDARD=LVCMOS33 NONE=TRUE successfully
Executing : def_port {hdmi_vs} LOC=R17 VCCIO=3.3 IOSTANDARD=LVCMOS33 NONE=TRUE
C: ConstraintEditor-2002: [D:/Users/Lenovo/Desktop/DL_HDMI40IN_PCIE_RK3568_1/DL_HDMI40IN_PCIE_RK3568/project/device_map/image_pcie_capture.pcf(line number: 83)] | Port hdmi_vs has been placed at location R17, whose type is share pin.
Executing : def_port {hdmi_vs} LOC=R17 VCCIO=3.3 IOSTANDARD=LVCMOS33 NONE=TRUE successfully
Executing : def_port {pcie_perst_n} LOC=M16 VCCIO=1.8 IOSTANDARD=LVCMOS18 NONE=TRUE
C: ConstraintEditor-2001: [D:/Users/Lenovo/Desktop/DL_HDMI40IN_PCIE_RK3568_1/DL_HDMI40IN_PCIE_RK3568/project/device_map/image_pcie_capture.pcf(line number: 84)] Object 'pcie_perst_n' is dangling, which has no connection. it will be ignored.
Executing : def_port {pcie_perst_n} LOC=M16 VCCIO=1.8 IOSTANDARD=LVCMOS18 NONE=TRUE failed
Executing : def_port {pcie_refclk_n} LOC=E6
Executing : def_port {pcie_refclk_n} LOC=E6 successfully
Executing : def_port {pcie_refclk_p} LOC=F6
Executing : def_port {pcie_refclk_p} LOC=F6 successfully
Executing : def_port {sys_clk} LOC=V4 VCCIO=1.5 IOSTANDARD=LVCMOS15 UNUSED=TRUE
Executing : def_port {sys_clk} LOC=V4 VCCIO=1.5 IOSTANDARD=LVCMOS15 UNUSED=TRUE successfully
Executing : def_port {sys_rst_n} LOC=M15 VCCIO=1.8 IOSTANDARD=LVCMOS18 UNUSED=TRUE
C: ConstraintEditor-2002: [D:/Users/Lenovo/Desktop/DL_HDMI40IN_PCIE_RK3568_1/DL_HDMI40IN_PCIE_RK3568/project/device_map/image_pcie_capture.pcf(line number: 88)] | Port sys_rst_n has been placed at location M15, whose type is share pin.
Executing : def_port {sys_rst_n} LOC=M15 VCCIO=1.8 IOSTANDARD=LVCMOS18 UNUSED=TRUE successfully
Executing : def_inst_site {U_INST/U_GTP_HSSTLP_WRAPPER/CHANNEL2_ENABLE.U_GTP_HSSTLP_LANE2/gophsst} HSSTLP_364_918 U2_HSSTLP_LANE
Executing : def_inst_site {U_INST/U_GTP_HSSTLP_WRAPPER/CHANNEL2_ENABLE.U_GTP_HSSTLP_LANE2/gophsst} HSSTLP_364_918 U2_HSSTLP_LANE successfully
Executing : def_inst_site {U_INST/U_GTP_HSSTLP_WRAPPER/PLL0_ENABLE.U_GTP_HSSTLP_PLL0/gophsst} HSSTLP_364_918 U1_HSSTLP_PLL
Executing : def_inst_site {U_INST/U_GTP_HSSTLP_WRAPPER/PLL0_ENABLE.U_GTP_HSSTLP_PLL0/gophsst} HSSTLP_364_918 U1_HSSTLP_PLL successfully
Executing : def_inst_site {dl_I_ips_ddr_top/u_ddrphy_top/ddrphy_reset_ctrl/ddrphy_ioclk_gate[0]/opit_0_inv} CLMA_357_354 FF3
Executing : def_inst_site {dl_I_ips_ddr_top/u_ddrphy_top/ddrphy_reset_ctrl/ddrphy_ioclk_gate[0]/opit_0_inv} CLMA_357_354 FF3 successfully
Executing : def_inst_site {dl_I_ips_ddr_top/u_ddrphy_top/ddrphy_reset_ctrl/ddrphy_ioclk_gate[1]/opit_0_inv} CLMA_357_660 FF3
Executing : def_inst_site {dl_I_ips_ddr_top/u_ddrphy_top/ddrphy_reset_ctrl/ddrphy_ioclk_gate[1]/opit_0_inv} CLMA_357_660 FF3 successfully
Executing : def_inst_site {dl_I_ips_ddr_top/u_ddrphy_top/u_ddrphy_cpd/cpd_inst} DDRPHY_CPD_369_466
Executing : def_inst_site {dl_I_ips_ddr_top/u_ddrphy_top/u_ddrphy_cpd/cpd_inst} DDRPHY_CPD_369_466 successfully
Executing : def_inst_site {dl_u_ips2l_pcie_wrap/U_IPS2L_PCIE_TOP/U_IPS2L_HSSTLP_PCIE_SOFT_PHY/x2.GTP_HSST_2LANE_TOP/U_GTP_HSSTLP_WRAPPER/CHANNEL0_ENABLE.U_GTP_HSSTLP_LANE0/gophsst} HSSTLP_364_918 U0_HSSTLP_LANE
Executing : def_inst_site {dl_u_ips2l_pcie_wrap/U_IPS2L_PCIE_TOP/U_IPS2L_HSSTLP_PCIE_SOFT_PHY/x2.GTP_HSST_2LANE_TOP/U_GTP_HSSTLP_WRAPPER/CHANNEL0_ENABLE.U_GTP_HSSTLP_LANE0/gophsst} HSSTLP_364_918 U0_HSSTLP_LANE successfully
Executing : def_inst_site {dl_u_ips2l_pcie_wrap/U_IPS2L_PCIE_TOP/U_IPS2L_HSSTLP_PCIE_SOFT_PHY/x2.GTP_HSST_2LANE_TOP/U_GTP_HSSTLP_WRAPPER/CHANNEL1_ENABLE.U_GTP_HSSTLP_LANE1/gophsst} HSSTLP_364_918 U1_HSSTLP_LANE
Executing : def_inst_site {dl_u_ips2l_pcie_wrap/U_IPS2L_PCIE_TOP/U_IPS2L_HSSTLP_PCIE_SOFT_PHY/x2.GTP_HSST_2LANE_TOP/U_GTP_HSSTLP_WRAPPER/CHANNEL1_ENABLE.U_GTP_HSSTLP_LANE1/gophsst} HSSTLP_364_918 U1_HSSTLP_LANE successfully
Executing : def_inst_site {dl_u_ips2l_pcie_wrap/U_IPS2L_PCIE_TOP/U_IPS2L_HSSTLP_PCIE_SOFT_PHY/x2.GTP_HSST_2LANE_TOP/U_GTP_HSSTLP_WRAPPER/PLL0_ENABLE.U_GTP_HSSTLP_PLL0/gophsst} HSSTLP_364_918 U0_HSSTLP_PLL
Executing : def_inst_site {dl_u_ips2l_pcie_wrap/U_IPS2L_PCIE_TOP/U_IPS2L_HSSTLP_PCIE_SOFT_PHY/x2.GTP_HSST_2LANE_TOP/U_GTP_HSSTLP_WRAPPER/PLL0_ENABLE.U_GTP_HSSTLP_PLL0/gophsst} HSSTLP_364_918 U0_HSSTLP_PLL successfully
W: ConstraintEditor-4019: Port Bus 'cam1_data' unspecified I/O constraint.
W: ConstraintEditor-4019: Port Bus 'cam2_data' unspecified I/O constraint.
W: ConstraintEditor-4019: Port Bus 'cam_fmc_data' unspecified I/O constraint.
W: ConstraintEditor-4019: Port Bus 'o_pl_err' unspecified I/O constraint.
W: ConstraintEditor-4019: Port Bus 'o_rdecer_2' unspecified I/O constraint.
W: ConstraintEditor-4019: Port Bus 'o_rdisper_2' unspecified I/O constraint.
W: ConstraintEditor-4019: Port Bus 'o_rxstatus_2' unspecified I/O constraint.
W: ConstraintEditor-4019: Port Bus 'o_wtchdg_st_0' unspecified I/O constraint.
W: ConstraintEditor-4019: Port Bus 'pcie_rxn' unspecified I/O constraint.
W: ConstraintEditor-4019: Port Bus 'pcie_rxp' unspecified I/O constraint.
W: ConstraintEditor-4019: Port Bus 'pcie_txn' unspecified I/O constraint.
W: ConstraintEditor-4019: Port Bus 'pcie_txp' unspecified I/O constraint.
W: ConstraintEditor-4019: Port 'cam1_href' unspecified I/O constraint.
W: ConstraintEditor-4019: Port 'cam1_pclk' unspecified I/O constraint.
W: ConstraintEditor-4019: Port 'cam1_reset_n' unspecified I/O constraint.
W: ConstraintEditor-4019: Port 'cam1_scl' unspecified I/O constraint.
W: ConstraintEditor-4019: Port 'cam1_sda' unspecified I/O constraint.
W: ConstraintEditor-4019: Port 'cam1_vsync' unspecified I/O constraint.
W: ConstraintEditor-4019: Port 'cam2_href' unspecified I/O constraint.
W: ConstraintEditor-4019: Port 'cam2_pclk' unspecified I/O constraint.
W: ConstraintEditor-4019: Port 'cam2_reset_n' unspecified I/O constraint.
W: ConstraintEditor-4019: Port 'cam2_scl' unspecified I/O constraint.
W: ConstraintEditor-4019: Port 'cam2_sda' unspecified I/O constraint.
W: ConstraintEditor-4019: Port 'cam2_vsync' unspecified I/O constraint.
W: ConstraintEditor-4019: Port 'cam_fmc_href' unspecified I/O constraint.
W: ConstraintEditor-4019: Port 'cam_fmc_pclk' unspecified I/O constraint.
W: ConstraintEditor-4019: Port 'cam_fmc_reset_n' unspecified I/O constraint.
W: ConstraintEditor-4019: Port 'cam_fmc_scl' unspecified I/O constraint.
W: ConstraintEditor-4019: Port 'cam_fmc_sda' unspecified I/O constraint.
W: ConstraintEditor-4019: Port 'cam_fmc_vsync' unspecified I/O constraint.
W: ConstraintEditor-4019: Port 'hdmi_rx_init_done' unspecified I/O constraint.
W: ConstraintEditor-4019: Port 'i_p_l2rxn' unspecified I/O constraint.
W: ConstraintEditor-4019: Port 'i_p_l2rxp' unspecified I/O constraint.
W: ConstraintEditor-4019: Port 'o_p_l2txn' unspecified I/O constraint.
W: ConstraintEditor-4019: Port 'o_p_l2txp' unspecified I/O constraint.
W: ConstraintEditor-4019: Port 'o_p_lx_cdr_align_2' unspecified I/O constraint.
W: ConstraintEditor-4019: Port 'o_p_pll_lock_0' unspecified I/O constraint.
W: ConstraintEditor-4019: Port 'o_p_rx_sigdet_sta_2' unspecified I/O constraint.
W: ConstraintEditor-4019: Port 'o_pll_done_0' unspecified I/O constraint.
W: ConstraintEditor-4019: Port 'o_rxlane_done_2' unspecified I/O constraint.
W: ConstraintEditor-4019: Port 'o_txlane_done_2' unspecified I/O constraint.
W: ConstraintEditor-4019: Port 'tx_disable' unspecified I/O constraint.
Constraint check end.
I: Column Clock Check open.
Read Column Clock Map.

Placement started.
Phase 1 Pre global placement started.
Mapping instance GRS_INST/grs_ccs to CCS_87_316.
Mapping instance dl_u_ips2l_pcie_wrap/U_IPS2L_PCIE_TOP/U_IPS2L_PCIE_HARD_CTRL/u_gtp_pcie/gateop to PCIE_315_918.
Mapping instance dl_I_ips_ddr_top/u_ddrphy_top/ddrphy_gpll/u_gpll/gpll_inst to GPLL_367_463.
Mapping instance dl_I_ips_ddr_top/u_ddrphy_top/ddrphy_slice_top/i_dqs_bank[0].u_ddrphy_ioclkdiv/ddrphy_ioclk_div_inst to DDRPHY_IOCLK_DIV_368_310.
Mapping instance dl_I_ips_ddr_top/u_ddrphy_top/ddrphy_slice_top/i_dqs_bank[0].ddrphy_ppll/u_ppll/ppll_inst to PPLL_367_307.
Mapping instance dl_I_ips_ddr_top/u_ddrphy_top/ddrphy_slice_top/i_ca_group[0].u_ddc_ca/ddc_inst to DDR_PHY_369_465.
Mapping instance dl_I_ips_ddr_top/u_ddrphy_top/ddrphy_slice_top/i_ca_group[1].u_ddc_ca/ddc_inst to DDR_PHY_369_463.
Mapping instance dl_I_ips_ddr_top/u_ddrphy_top/ddrphy_slice_top/i_ca_group[2].u_ddc_ca/ddc_inst to DDR_PHY_369_309.
Mapping instance dl_I_ips_ddr_top/u_ddrphy_top/ddrphy_slice_top/i_dqs_bank[1].u_ddrphy_ioclkdiv/ddrphy_ioclk_div_inst to DDRPHY_IOCLK_DIV_368_616.
Mapping instance dl_I_ips_ddr_top/u_ddrphy_top/ddrphy_slice_top/i_dqs_bank[1].ddrphy_ppll/u_ppll/ppll_inst to PPLL_367_613.
Mapping instance dl_I_ips_ddr_top/u_ddrphy_top/ddrphy_slice_top/i_dqs_group[0].ddrphy_data_slice/u_ddc_dq/ddc_inst_PHY to DDR_PHY_369_613.
Mapping instance dl_I_ips_ddr_top/u_ddrphy_top/ddrphy_slice_top/i_dqs_group[1].ddrphy_data_slice/u_ddc_dq/ddc_inst_PHY to DDR_PHY_369_615.
Phase 1.1 1st GP placement started.
Design Utilization : 14%.
First map gop timing takes 1.45 sec
Worst slack after clock region global placement is -13154
Wirelength after clock region global placement is 327410 and checksum is 6BE8DCA8D725F7A6.
1st GP placement takes 7.48 sec.

Phase 1.2 Clock placement started.
Mapping instance dl_I_ips_ddr_top/u_ddrphy_top/ddrphy_slice_top/i_dqs_bank[0].u_clkbufr/goprclk to RCKB_363_456.
Mapping instance dl_I_ips_ddr_top/u_ddrphy_top/ddrphy_slice_top/i_dqs_bank[1].u_clkbufr/goprclk to RCKB_363_762.
Mapping instance dl_I_ips_ddr_top/u_ddrphy_top/u_clkbufm/clkbufm_inst to MRCKB_361_456.
Mapping instance clkbufg_0/gopclkbufg to USCM_215_624.
Mapping instance dl_I_ips_ddr_top/u_ddrphy_top/u_sysclk_bufg/gopclkbufg to USCM_215_576.
Mapping instance dl_u_ips2l_pcie_wrap/U_IPS2L_PCIE_TOP/U_IPS2L_HSSTLP_PCIE_SOFT_PHY/u_clkbufg/gopclkbufg to USCM_215_627.
Mapping instance clkbufg_3/gopclkbufg to USCM_215_630.
Mapping instance clkbufg_5/gopclkbufg to USCM_215_633.
Mapping instance clkbufg_6/gopclkbufg to USCM_215_636.
Mapping instance dl_pll_inst/u_gpll/gpll_inst to GPLL_7_463.
Mapping instance clkbufg_2/gopclkbufg to USCM_215_579.
Mapping instance clkbufg_4/gopclkbufg to USCM_215_582.
Mapping instance dl_I_ips_ddr_top/u_ddrphy_top/rst_clk_gpll/u_gpll/gpll_inst to GPLL_7_157.
Mapping instance dl_I_ips_ddr_top/u_ddrphy_top/u_rst_clk_bufg/gopclkbufg to USCM_215_585.
Mapping instance clkbufg_1/gopclkbufg to USCM_215_588.
Clock placement takes 0.17 sec.

Wirelength after Pre Global Placement is 327410 and checksum is 6BE8DCA8D725F7A6.
Pre global placement takes 8.06 sec.

Phase 2 Global placement started.
Phase 2.1 Fixed placement started.
Placed fixed group with base inst cam_init_done_obuf[0]/opit_1 on IOLHR_16_612.
Placed fixed group with base inst cam_init_done_obuf[1]/opit_1 on IOLHR_16_912.
Placed fixed group with base inst ddr3_rst_n_obuf/opit_1 on IOLHR_364_606.
Placed fixed group with base inst dl_I_ips_ddr_top/u_ddrphy_top/ddrphy_slice_top/i_dqs_group[0].ddrphy_data_slice/dq_loop[0].u_iobuf_dq/opit_1 on IOLHR_364_624.
Placed fixed group with base inst dl_I_ips_ddr_top/u_ddrphy_top/ddrphy_slice_top/i_dqs_group[0].ddrphy_data_slice/dq_loop[1].u_iobuf_dq/opit_1 on IOLHR_364_630.
Placed fixed group with base inst dl_I_ips_ddr_top/u_ddrphy_top/ddrphy_slice_top/i_dqs_group[0].ddrphy_data_slice/dq_loop[2].u_iobuf_dq/opit_1 on IOLHR_364_636.
Placed fixed group with base inst dl_I_ips_ddr_top/u_ddrphy_top/ddrphy_slice_top/i_dqs_group[0].ddrphy_data_slice/dq_loop[3].u_iobuf_dq/opit_1 on IOLHR_364_642.
Placed fixed group with base inst dl_I_ips_ddr_top/u_ddrphy_top/ddrphy_slice_top/i_dqs_group[0].ddrphy_data_slice/dq_loop[4].u_iobuf_dq/opit_1 on IOLHR_364_648.
Placed fixed group with base inst dl_I_ips_ddr_top/u_ddrphy_top/ddrphy_slice_top/i_dqs_group[0].ddrphy_data_slice/dq_loop[5].u_iobuf_dq/opit_1 on IOLHR_364_666.
Placed fixed group with base inst dl_I_ips_ddr_top/u_ddrphy_top/ddrphy_slice_top/i_dqs_group[0].ddrphy_data_slice/dq_loop[6].u_iobuf_dq/opit_1 on IOLHR_364_672.
Placed fixed group with base inst dl_I_ips_ddr_top/u_ddrphy_top/ddrphy_slice_top/i_dqs_group[0].ddrphy_data_slice/dq_loop[7].u_iobuf_dq/opit_1 on IOLHR_364_684.
Placed fixed group with base inst dl_I_ips_ddr_top/u_ddrphy_top/ddrphy_slice_top/i_dqs_group[0].ddrphy_data_slice/genblk1.u_iobufco_dqs/opit_2 on IOLHR_364_660.
Placed fixed group with base inst dl_I_ips_ddr_top/u_ddrphy_top/ddrphy_slice_top/i_dqs_group[0].ddrphy_data_slice/u_outbuft_dm/opit_1 on IOLHR_364_618.
Placed fixed group with base inst dl_I_ips_ddr_top/u_ddrphy_top/ddrphy_slice_top/i_dqs_group[1].ddrphy_data_slice/dq_loop[0].u_iobuf_dq/opit_1 on IOLHR_364_702.
Placed fixed group with base inst dl_I_ips_ddr_top/u_ddrphy_top/ddrphy_slice_top/i_dqs_group[1].ddrphy_data_slice/dq_loop[1].u_iobuf_dq/opit_1 on IOLHR_364_708.
Placed fixed group with base inst dl_I_ips_ddr_top/u_ddrphy_top/ddrphy_slice_top/i_dqs_group[1].ddrphy_data_slice/dq_loop[2].u_iobuf_dq/opit_1 on IOLHR_364_714.
Placed fixed group with base inst dl_I_ips_ddr_top/u_ddrphy_top/ddrphy_slice_top/i_dqs_group[1].ddrphy_data_slice/dq_loop[3].u_iobuf_dq/opit_1 on IOLHR_364_720.
Placed fixed group with base inst dl_I_ips_ddr_top/u_ddrphy_top/ddrphy_slice_top/i_dqs_group[1].ddrphy_data_slice/dq_loop[4].u_iobuf_dq/opit_1 on IOLHR_364_738.
Placed fixed group with base inst dl_I_ips_ddr_top/u_ddrphy_top/ddrphy_slice_top/i_dqs_group[1].ddrphy_data_slice/dq_loop[5].u_iobuf_dq/opit_1 on IOLHR_364_744.
Placed fixed group with base inst dl_I_ips_ddr_top/u_ddrphy_top/ddrphy_slice_top/i_dqs_group[1].ddrphy_data_slice/dq_loop[6].u_iobuf_dq/opit_1 on IOLHR_364_750.
Placed fixed group with base inst dl_I_ips_ddr_top/u_ddrphy_top/ddrphy_slice_top/i_dqs_group[1].ddrphy_data_slice/dq_loop[7].u_iobuf_dq/opit_1 on IOLHR_364_756.
Placed fixed group with base inst dl_I_ips_ddr_top/u_ddrphy_top/ddrphy_slice_top/i_dqs_group[1].ddrphy_data_slice/genblk1.u_iobufco_dqs/opit_2 on IOLHR_364_732.
Placed fixed group with base inst dl_I_ips_ddr_top/u_ddrphy_top/ddrphy_slice_top/i_dqs_group[1].ddrphy_data_slice/u_outbuft_dm/opit_1 on IOLHR_364_696.
Placed fixed group with base inst dl_I_ips_ddr_top/u_ddrphy_top/ddrphy_slice_top/i_mem_addr_0[0].u_outbuft_addr0/opit_1 on IOLHR_364_600.
Placed fixed group with base inst dl_I_ips_ddr_top/u_ddrphy_top/ddrphy_slice_top/i_mem_addr_0[1].u_outbuft_addr0/opit_1 on IOLHR_364_594.
Placed fixed group with base inst dl_I_ips_ddr_top/u_ddrphy_top/ddrphy_slice_top/i_mem_addr_0[2].u_outbuft_addr0/opit_1 on IOLHR_364_588.
Placed fixed group with base inst dl_I_ips_ddr_top/u_ddrphy_top/ddrphy_slice_top/i_mem_addr_0[3].u_outbuft_addr0/opit_1 on IOLHR_364_582.
Placed fixed group with base inst dl_I_ips_ddr_top/u_ddrphy_top/ddrphy_slice_top/i_mem_addr_0[4].u_outbuft_addr0/opit_1 on IOLHR_364_576.
Placed fixed group with base inst dl_I_ips_ddr_top/u_ddrphy_top/ddrphy_slice_top/i_mem_addr_0[5].u_outbuft_addr0/opit_1 on IOLHR_364_570.
Placed fixed group with base inst dl_I_ips_ddr_top/u_ddrphy_top/ddrphy_slice_top/i_mem_addr_0[6].u_outbuft_addr0/opit_1 on IOLHR_364_564.
Placed fixed group with base inst dl_I_ips_ddr_top/u_ddrphy_top/ddrphy_slice_top/i_mem_addr_0[7].u_outbuft_addr0/opit_1 on IOLHR_364_558.
Placed fixed group with base inst dl_I_ips_ddr_top/u_ddrphy_top/ddrphy_slice_top/i_mem_addr_0[8].u_outbuft_addr0/opit_1 on IOLHR_364_552.
Placed fixed group with base inst dl_I_ips_ddr_top/u_ddrphy_top/ddrphy_slice_top/i_mem_addr_0[9].u_outbuft_addr0/opit_1 on IOLHR_364_546.
Placed fixed group with base inst dl_I_ips_ddr_top/u_ddrphy_top/ddrphy_slice_top/i_mem_addr_0[10].u_outbuft_addr0/opit_1 on IOLHR_364_540.
Placed fixed group with base inst dl_I_ips_ddr_top/u_ddrphy_top/ddrphy_slice_top/i_mem_addr_0[11].u_outbuft_addr0/opit_1 on IOLHR_364_528.
Placed fixed group with base inst dl_I_ips_ddr_top/u_ddrphy_top/ddrphy_slice_top/i_mem_addr_0[12].u_outbuft_addr0/opit_1 on IOLHR_364_522.
Placed fixed group with base inst dl_I_ips_ddr_top/u_ddrphy_top/ddrphy_slice_top/i_mem_addr_0[13].u_outbuft_addr0/opit_1 on IOLHR_364_516.
Placed fixed group with base inst dl_I_ips_ddr_top/u_ddrphy_top/ddrphy_slice_top/i_mem_addr_0[14].u_outbuft_addr0/opit_1 on IOLHR_364_510.
Placed fixed group with base inst dl_I_ips_ddr_top/u_ddrphy_top/ddrphy_slice_top/k_mem_ba[0].u_outbuft_ba/opit_1 on IOLHR_364_498.
Placed fixed group with base inst dl_I_ips_ddr_top/u_ddrphy_top/ddrphy_slice_top/k_mem_ba[1].u_outbuft_ba/opit_1 on IOLHR_364_492.
Placed fixed group with base inst dl_I_ips_ddr_top/u_ddrphy_top/ddrphy_slice_top/k_mem_ba[2].u_outbuft_ba/opit_1 on IOLHR_364_486.
Placed fixed group with base inst dl_I_ips_ddr_top/u_ddrphy_top/ddrphy_slice_top/u_outbuft_casn/opit_1 on IOLHR_364_414.
Placed fixed group with base inst dl_I_ips_ddr_top/u_ddrphy_top/ddrphy_slice_top/u_outbuft_cke/opit_1 on IOLHR_364_462.
Placed fixed group with base inst dl_I_ips_ddr_top/u_ddrphy_top/ddrphy_slice_top/u_outbuft_csn/opit_1 on IOLHR_364_408.
Placed fixed group with base inst dl_I_ips_ddr_top/u_ddrphy_top/ddrphy_slice_top/u_outbuft_odt/opit_1 on IOLHR_364_402.
Placed fixed group with base inst dl_I_ips_ddr_top/u_ddrphy_top/ddrphy_slice_top/u_outbuft_rasn/opit_1 on IOLHR_364_420.
Placed fixed group with base inst dl_I_ips_ddr_top/u_ddrphy_top/ddrphy_slice_top/u_outbuft_wen/opit_1 on IOLHR_364_426.
Placed fixed group with base inst dl_I_ips_ddr_top/u_ddrphy_top/ddrphy_slice_top/u_outbuftco_ck/opit_3 on IOLHR_364_480.
Placed fixed group with base inst dl_u_ips2l_pcie_wrap/U_IPS2L_PCIE_TOP/U_IPS2L_HSSTLP_PCIE_SOFT_PHY/x2.GTP_HSST_2LANE_TOP/U_GTP_HSSTLP_WRAPPER/CHANNEL0_ENABLE.U_GTP_HSSTLP_LANE0/gophsst on HSSTLP_364_918.
Placed fixed group with base inst hdmi_b_ibuf[3]/opit_1 on IOLHR_16_474.
Placed fixed group with base inst hdmi_b_ibuf[4]/opit_1 on IOLHR_16_336.
Placed fixed group with base inst hdmi_b_ibuf[5]/opit_1 on IOLHR_16_480.
Placed fixed group with base inst hdmi_b_ibuf[6]/opit_1 on IOLHR_16_342.
Placed fixed group with base inst hdmi_b_ibuf[7]/opit_1 on IOLHR_16_396.
Placed fixed group with base inst hdmi_de_ibuf/opit_1 on IOLHR_16_318.
Placed fixed group with base inst hdmi_g_ibuf[2]/opit_1 on IOLHR_16_354.
Placed fixed group with base inst hdmi_g_ibuf[3]/opit_1 on IOLHR_16_408.
Placed fixed group with base inst hdmi_g_ibuf[4]/opit_1 on IOLHR_16_360.
Placed fixed group with base inst hdmi_g_ibuf[5]/opit_1 on IOLHR_16_414.
Placed fixed group with base inst hdmi_g_ibuf[6]/opit_1 on IOLHR_16_366.
Placed fixed group with base inst hdmi_g_ibuf[7]/opit_1 on IOLHR_16_420.
Placed fixed group with base inst hdmi_pix_clk_ibuf/opit_1 on IOLHR_16_468.
Placed fixed group with base inst hdmi_r_ibuf[3]/opit_1 on IOLHR_16_306.
Placed fixed group with base inst hdmi_r_ibuf[4]/opit_1 on IOLHR_16_444.
Placed fixed group with base inst hdmi_r_ibuf[5]/opit_1 on IOLHR_16_486.
Placed fixed group with base inst hdmi_r_ibuf[6]/opit_1 on IOLHR_16_450.
Placed fixed group with base inst hdmi_r_ibuf[7]/opit_1 on IOLHR_16_492.
Placed fixed group with base inst hdmi_rx_scl_iobuf/opit_1 on IOLHR_16_510.
Placed fixed group with base inst hdmi_rx_sda_tri/opit_1 on IOLHR_16_516.
Placed fixed group with base inst hdmi_vs_ibuf/opit_1 on IOLHR_16_312.
Placed fixed group with base inst sys_clk_ibuf/opit_1 on IOLHR_364_468.
Placed fixed group with base inst sys_rst_n_ibuf/opit_1 on IOLHR_16_624.
Placed fixed instance U_INST/U_GTP_HSSTLP_WRAPPER/CHANNEL2_ENABLE.U_GTP_HSSTLP_LANE2/gophsst on HSSTLP_364_918.
Placed fixed instance U_INST/U_GTP_HSSTLP_WRAPPER/PLL0_ENABLE.U_GTP_HSSTLP_PLL0/gophsst on HSSTLP_364_918.
Placed fixed instance dl_I_ips_ddr_top/u_ddrphy_top/ddrphy_reset_ctrl/ddrphy_ioclk_gate[0]/opit_0_inv on CLMA_357_354.
Placed fixed instance dl_I_ips_ddr_top/u_ddrphy_top/ddrphy_reset_ctrl/ddrphy_ioclk_gate[1]/opit_0_inv on CLMA_357_660.
Placed fixed instance dl_u_ips2l_pcie_wrap/U_IPS2L_PCIE_TOP/U_IPS2L_HSSTLP_PCIE_SOFT_PHY/x2.GTP_HSST_2LANE_TOP/U_GTP_HSSTLP_WRAPPER/PLL0_ENABLE.U_GTP_HSSTLP_PLL0/gophsst on HSSTLP_364_918.
Placed fixed instance GRS_INST/grs_ccs on CCS_87_316.
Placed fixed instance clkbufg_0/gopclkbufg on USCM_215_624.
Placed fixed instance clkbufg_1/gopclkbufg on USCM_215_588.
Placed fixed instance clkbufg_2/gopclkbufg on USCM_215_579.
Placed fixed instance clkbufg_3/gopclkbufg on USCM_215_630.
Placed fixed instance clkbufg_4/gopclkbufg on USCM_215_582.
Placed fixed instance clkbufg_5/gopclkbufg on USCM_215_633.
Placed fixed instance clkbufg_6/gopclkbufg on USCM_215_636.
Placed fixed instance dl_I_ips_ddr_top/u_ddrphy_top/ddrphy_gpll/u_gpll/gpll_inst on GPLL_367_463.
Placed fixed instance dl_I_ips_ddr_top/u_ddrphy_top/ddrphy_slice_top/i_ca_group[0].u_ddc_ca/ddc_inst on DDR_PHY_369_465.
Placed fixed instance dl_I_ips_ddr_top/u_ddrphy_top/ddrphy_slice_top/i_ca_group[1].u_ddc_ca/ddc_inst on DDR_PHY_369_463.
Placed fixed instance dl_I_ips_ddr_top/u_ddrphy_top/ddrphy_slice_top/i_ca_group[2].u_ddc_ca/ddc_inst on DDR_PHY_369_309.
Placed fixed instance dl_I_ips_ddr_top/u_ddrphy_top/ddrphy_slice_top/i_dqs_bank[0].ddrphy_ppll/u_ppll/ppll_inst on PPLL_367_307.
Placed fixed instance dl_I_ips_ddr_top/u_ddrphy_top/ddrphy_slice_top/i_dqs_bank[0].u_clkbufr/goprclk on RCKB_363_456.
Placed fixed instance dl_I_ips_ddr_top/u_ddrphy_top/ddrphy_slice_top/i_dqs_bank[0].u_ddrphy_ioclkdiv/ddrphy_ioclk_div_inst on DDRPHY_IOCLK_DIV_368_310.
Placed fixed instance dl_I_ips_ddr_top/u_ddrphy_top/ddrphy_slice_top/i_dqs_bank[1].ddrphy_ppll/u_ppll/ppll_inst on PPLL_367_613.
Placed fixed instance dl_I_ips_ddr_top/u_ddrphy_top/ddrphy_slice_top/i_dqs_bank[1].u_clkbufr/goprclk on RCKB_363_762.
Placed fixed instance dl_I_ips_ddr_top/u_ddrphy_top/ddrphy_slice_top/i_dqs_bank[1].u_ddrphy_ioclkdiv/ddrphy_ioclk_div_inst on DDRPHY_IOCLK_DIV_368_616.
Placed fixed instance dl_I_ips_ddr_top/u_ddrphy_top/ddrphy_slice_top/i_dqs_group[0].ddrphy_data_slice/u_ddc_dq/ddc_inst_PHY on DDR_PHY_369_613.
Placed fixed instance dl_I_ips_ddr_top/u_ddrphy_top/ddrphy_slice_top/i_dqs_group[1].ddrphy_data_slice/u_ddc_dq/ddc_inst_PHY on DDR_PHY_369_615.
Placed fixed instance dl_I_ips_ddr_top/u_ddrphy_top/rst_clk_gpll/u_gpll/gpll_inst on GPLL_7_157.
Placed fixed instance dl_I_ips_ddr_top/u_ddrphy_top/u_clkbufm/clkbufm_inst on MRCKB_361_456.
Placed fixed instance dl_I_ips_ddr_top/u_ddrphy_top/u_ddrphy_cpd/cpd_inst on DDRPHY_CPD_369_466.
Placed fixed instance dl_I_ips_ddr_top/u_ddrphy_top/u_rst_clk_bufg/gopclkbufg on USCM_215_585.
Placed fixed instance dl_I_ips_ddr_top/u_ddrphy_top/u_sysclk_bufg/gopclkbufg on USCM_215_576.
Placed fixed instance dl_pll_inst/u_gpll/gpll_inst on GPLL_7_463.
Placed fixed instance dl_u_ips2l_pcie_wrap/U_IPS2L_PCIE_TOP/U_IPS2L_HSSTLP_PCIE_SOFT_PHY/u_clkbufg/gopclkbufg on USCM_215_627.
Placed fixed instance dl_u_ips2l_pcie_wrap/U_IPS2L_PCIE_TOP/U_IPS2L_PCIE_HARD_CTRL/u_gtp_pcie/gateop on PCIE_315_918.
Placed fixed instance pcie_refclk_n_ibuf_hsst on SPAD_363_922.
Placed fixed instance pcie_refclk_p_ibuf_hsst on SPAD_363_921.
Placed fixed instance BKCL_auto_0 on BKCL_1_646.
Placed fixed instance BKCL_auto_1 on BKCL_1_340.
Placed fixed instance BKCL_auto_2 on BKCL_373_646.
Placed fixed instance BKCL_auto_3 on BKCL_373_340.
Fixed placement takes 0.30 sec.

Phase 2.2 Process placement started.
I: The IO driver of dl_I_ips_ddr_top/u_ddrphy_top/rst_clk_gpll/u_gpll/gpll_inst(CLKIN1) is not constraint at pllpad, its clock path will pass through SRB.
I: The IO driver of dl_pll_inst/u_gpll/gpll_inst(CLKIN1) is not constraint at pllpad, its clock path will pass through SRB.
Process placement takes 0.00 sec.

Phase 2.3 IO placement started.
IO placement takes 0.08 sec.

Phase 2.4 2nd GP placement started.
Run super clustering :
	Initial slack -5874.
	1 iterations finished.
	Final slack -5874.
Super clustering done.
Design Utilization : 14%.
Worst slack after global placement is -6058
2nd GP placement takes 4.23 sec.

Wirelength after global placement is 156317 and checksum is 41595AAC9DC7288.
Global placement takes 4.61 sec.

Phase 3 Post global placement started.
Packing LUT6D started.
I: LUT6D pack result: There are 3423 LUT6 in collection, pack success:117
Packing LUT6D takes 1.12 sec.
Phase 3.1 Macro cell placement started.
I: Process macros using "Greedy".
Wirelength after macro cell placement is 172368 and checksum is C756CC8DAECB7EAF.
Macro cell placement takes 0.06 sec.

Phase 3.2 3rd GP placement started.
Run super clustering :
	Initial slack -5874.
	1 iterations finished.
	Final slack -5874.
Super clustering done.
Design Utilization : 14%.
Worst slack after post global placement is -5658
3rd GP placement takes 3.16 sec.

Wirelength after post global placement is 151134 and checksum is A63711F1807AC6B7.
Packing LUT6D started.
I: LUT6D pack result: There are 3212 LUT6 in collection, pack success:15
Packing LUT6D takes 1.12 sec.
Post global placement takes 5.50 sec.

Phase 4 Legalization started.
The average distance in LP is 0.788661.
Wirelength after legalization is 175702 and checksum is D93BC71DE02E220C.
Legalization takes 0.77 sec.

Phase 5 Timing-driven detailed placement started.
Phase 5.1 Replication placement started.
Worst slack before Replication Place is -4400.
Replication placement takes 0.66 sec.

Wirelength after replication placement is 175745 and checksum is F831D98DAB23DDBB.
Phase 5.2 Swapping placement started.
Worst slack before detailed placement is -4400, TNS before detailed placement is -346986. 
Cost at Swap iteration 0 : -4400, wslk -4363, tns -345469, takes 0.02 sec.
Cost at DP iteration 0 : -4363, wslk -4110, tns -335533, takes 0.05 sec.
Cost at Swap iteration 1 : -4110, wslk -4110, tns -335410, takes 0.09 sec.
Cost at Swap iteration 2 : -4110, wslk -4110, tns -335410, takes 0.28 sec.
Cost at DP iteration 2 : -4110, wslk -4091, tns -335183, takes 0.16 sec.
Cost at Swap iteration 3 : -4091, wslk -4091, tns -335183, takes 0.08 sec.
Cost at Swap iteration 4 : -4091, wslk -4091, tns -335183, takes 0.28 sec.
Cost at DP iteration 4 : -4091, wslk -4084, tns -333950, takes 0.27 sec.
Cost at Swap iteration 5 : -4084, wslk -4084, tns -333950, takes 0.09 sec.
Cost at Swap iteration 6 : -4084, wslk -4084, tns -333950, takes 0.25 sec.
Cost at DP iteration 6 : -4084, wslk -4084, tns -333950, takes 0.30 sec.
Cost at Swap iteration 7 : -4084, wslk -4084, tns -333950, takes 0.08 sec.
Worst slack after detailed placement is -4084, TNS after detailed placement is -333950. 
Swapping placement takes 2.52 sec.

I: Place-6001: Add the new LUT instances CLMS_285_487(/devCL6L5Q_S) CLMA_285_552(/devDL6L5Q) replicated by the FF instance CLMA_243_432(/FFAPP3/FF) .
Origin dl_I_ips_ddr_top/u_ddrphy_top/ddrphy_dfi/dfi_init_complete/opit_0_inv_L5Q replicates:
    CLMS_285_487(/devCL6L5Q_S) : dl_I_ips_ddr_top/u_ddrphy_top/ddrphy_dfi/dfi_init_complete/opit_0_inv_L5Q_1(gopLUT6L5Q)
    CLMA_285_552(/devDL6L5Q) : dl_I_ips_ddr_top/u_ddrphy_top/ddrphy_dfi/dfi_init_complete/opit_0_inv_L5Q_2(gopLUT6L5Q)
Wirelength after detailed placement is 175974 and checksum is A58DCD6237E3D7C4.
Timing-driven detailed placement takes 3.20 sec.

Worst slack is -4500, TNS after placement is -786544.
Placement done.
Total placement takes 26.33 sec.
Finished placement.

Routing started.
Building routing graph takes 2.34 sec.
Worst slack is -4500, TNS before global route is -786544.
Processing design graph takes 1.23 sec.
Total memory for routing:
	229.469230 M.
Total nets for routing : 21078.
Global Routing step 1 processed 0 nets, it takes 1.50 sec.
Rcf routing step 1 processed 0 nets, it takes 0.00 sec.
Rcf routing step 2 processed 0 nets, it takes 0.00 sec.
Rcf routing step 3 processed 0 nets, it takes 0.00 sec.
Unrouted nets 0 at the end of iteration 0.
Global Routing step 1 processed 57 nets, it takes 0.03 sec.
Unrouted nets 204 at the end of iteration 0.
Unrouted nets 111 at the end of iteration 1.
Unrouted nets 76 at the end of iteration 2.
Unrouted nets 57 at the end of iteration 3.
Unrouted nets 50 at the end of iteration 4.
Unrouted nets 38 at the end of iteration 5.
Unrouted nets 36 at the end of iteration 6.
Unrouted nets 15 at the end of iteration 7.
Unrouted nets 4 at the end of iteration 8.
Unrouted nets 0 at the end of iteration 9.
Global Routing step 2 processed 527 nets, it takes 1.16 sec.
Unrouted nets 0 at the end of iteration 0.
Global Routing step 3 processed 6 nets, it takes 0.03 sec.
Unrouted nets 449 at the end of iteration 0.
Unrouted nets 245 at the end of iteration 1.
Unrouted nets 138 at the end of iteration 2.
Unrouted nets 69 at the end of iteration 3.
Unrouted nets 45 at the end of iteration 4.
Unrouted nets 23 at the end of iteration 5.
Unrouted nets 10 at the end of iteration 6.
Unrouted nets 0 at the end of iteration 7.
Global Routing step 4 processed 768 nets, it takes 0.83 sec.
Global routing takes 2.09 sec.
Total 23361 subnets.
    forward max bucket size 30484 , backward 852.
        Unrouted nets 15659 at the end of iteration 0.
    route iteration 0, CPU time elapsed 2.531250 sec.
    forward max bucket size 460 , backward 811.
        Unrouted nets 12982 at the end of iteration 1.
    route iteration 1, CPU time elapsed 2.593750 sec.
    forward max bucket size 1344 , backward 807.
        Unrouted nets 10862 at the end of iteration 2.
    route iteration 2, CPU time elapsed 2.000000 sec.
    forward max bucket size 1138 , backward 523.
        Unrouted nets 9160 at the end of iteration 3.
    route iteration 3, CPU time elapsed 1.843750 sec.
    forward max bucket size 1336 , backward 363.
        Unrouted nets 8586 at the end of iteration 4.
    route iteration 4, CPU time elapsed 1.500000 sec.
    forward max bucket size 489 , backward 301.
        Unrouted nets 7156 at the end of iteration 5.
    route iteration 5, CPU time elapsed 1.312500 sec.
    forward max bucket size 486 , backward 388.
        Unrouted nets 5926 at the end of iteration 6.
    route iteration 6, CPU time elapsed 1.109375 sec.
    forward max bucket size 530 , backward 376.
        Unrouted nets 4874 at the end of iteration 7.
    route iteration 7, CPU time elapsed 0.921875 sec.
    forward max bucket size 464 , backward 424.
        Unrouted nets 3972 at the end of iteration 8.
    route iteration 8, CPU time elapsed 0.765625 sec.
    forward max bucket size 568 , backward 339.
        Unrouted nets 3298 at the end of iteration 9.
    route iteration 9, CPU time elapsed 0.734375 sec.
    forward max bucket size 1019 , backward 547.
        Unrouted nets 2745 at the end of iteration 10.
    route iteration 10, CPU time elapsed 0.640625 sec.
    forward max bucket size 504 , backward 494.
        Unrouted nets 2375 at the end of iteration 11.
    route iteration 11, CPU time elapsed 0.515625 sec.
    forward max bucket size 572 , backward 519.
        Unrouted nets 1856 at the end of iteration 12.
    route iteration 12, CPU time elapsed 0.437500 sec.
    forward max bucket size 466 , backward 510.
        Unrouted nets 1558 at the end of iteration 13.
    route iteration 13, CPU time elapsed 0.375000 sec.
    forward max bucket size 496 , backward 355.
        Unrouted nets 1376 at the end of iteration 14.
    route iteration 14, CPU time elapsed 0.328125 sec.
    forward max bucket size 459 , backward 383.
        Unrouted nets 1250 at the end of iteration 15.
    route iteration 15, CPU time elapsed 0.359375 sec.
    forward max bucket size 433 , backward 386.
        Unrouted nets 1050 at the end of iteration 16.
    route iteration 16, CPU time elapsed 0.281250 sec.
    forward max bucket size 859 , backward 460.
        Unrouted nets 909 at the end of iteration 17.
    route iteration 17, CPU time elapsed 0.265625 sec.
    forward max bucket size 518 , backward 303.
        Unrouted nets 779 at the end of iteration 18.
    route iteration 18, CPU time elapsed 0.250000 sec.
    forward max bucket size 518 , backward 370.
        Unrouted nets 662 at the end of iteration 19.
    route iteration 19, CPU time elapsed 0.234375 sec.
    forward max bucket size 561 , backward 340.
        Unrouted nets 529 at the end of iteration 20.
    route iteration 20, CPU time elapsed 0.156250 sec.
    forward max bucket size 403 , backward 354.
        Unrouted nets 466 at the end of iteration 21.
    route iteration 21, CPU time elapsed 0.171875 sec.
    forward max bucket size 456 , backward 393.
        Unrouted nets 382 at the end of iteration 22.
    route iteration 22, CPU time elapsed 0.125000 sec.
    forward max bucket size 492 , backward 385.
        Unrouted nets 325 at the end of iteration 23.
    route iteration 23, CPU time elapsed 0.125000 sec.
    forward max bucket size 474 , backward 305.
        Unrouted nets 275 at the end of iteration 24.
    route iteration 24, CPU time elapsed 0.140625 sec.
    forward max bucket size 480 , backward 313.
        Unrouted nets 259 at the end of iteration 25.
    route iteration 25, CPU time elapsed 0.140625 sec.
    forward max bucket size 416 , backward 317.
        Unrouted nets 217 at the end of iteration 26.
    route iteration 26, CPU time elapsed 0.109375 sec.
    forward max bucket size 427 , backward 341.
        Unrouted nets 182 at the end of iteration 27.
    route iteration 27, CPU time elapsed 0.093750 sec.
    forward max bucket size 448 , backward 163.
        Unrouted nets 144 at the end of iteration 28.
    route iteration 28, CPU time elapsed 0.093750 sec.
    forward max bucket size 483 , backward 143.
        Unrouted nets 129 at the end of iteration 29.
    route iteration 29, CPU time elapsed 0.093750 sec.
    forward max bucket size 208 , backward 182.
        Unrouted nets 117 at the end of iteration 30.
    route iteration 30, CPU time elapsed 0.093750 sec.
    forward max bucket size 511 , backward 290.
        Unrouted nets 91 at the end of iteration 31.
    route iteration 31, CPU time elapsed 0.093750 sec.
    forward max bucket size 445 , backward 212.
        Unrouted nets 78 at the end of iteration 32.
    route iteration 32, CPU time elapsed 0.078125 sec.
    forward max bucket size 170 , backward 286.
        Unrouted nets 73 at the end of iteration 33.
    route iteration 33, CPU time elapsed 0.078125 sec.
    forward max bucket size 164 , backward 286.
        Unrouted nets 73 at the end of iteration 34.
    route iteration 34, CPU time elapsed 0.109375 sec.
    forward max bucket size 218 , backward 203.
        Unrouted nets 55 at the end of iteration 35.
    route iteration 35, CPU time elapsed 0.062500 sec.
    forward max bucket size 117 , backward 227.
        Unrouted nets 49 at the end of iteration 36.
    route iteration 36, CPU time elapsed 0.078125 sec.
    forward max bucket size 141 , backward 243.
        Unrouted nets 63 at the end of iteration 37.
    route iteration 37, CPU time elapsed 0.046875 sec.
    forward max bucket size 471 , backward 226.
        Unrouted nets 54 at the end of iteration 38.
    route iteration 38, CPU time elapsed 0.078125 sec.
    forward max bucket size 163 , backward 144.
        Unrouted nets 52 at the end of iteration 39.
    route iteration 39, CPU time elapsed 0.093750 sec.
    forward max bucket size 153 , backward 47.
        Unrouted nets 42 at the end of iteration 40.
    route iteration 40, CPU time elapsed 0.062500 sec.
    forward max bucket size 155 , backward 119.
        Unrouted nets 34 at the end of iteration 41.
    route iteration 41, CPU time elapsed 0.078125 sec.
    forward max bucket size 104 , backward 86.
        Unrouted nets 26 at the end of iteration 42.
    route iteration 42, CPU time elapsed 0.093750 sec.
    forward max bucket size 152 , backward 115.
        Unrouted nets 32 at the end of iteration 43.
    route iteration 43, CPU time elapsed 0.046875 sec.
    forward max bucket size 229 , backward 233.
        Unrouted nets 33 at the end of iteration 44.
    route iteration 44, CPU time elapsed 0.078125 sec.
    forward max bucket size 238 , backward 129.
        Unrouted nets 35 at the end of iteration 45.
    route iteration 45, CPU time elapsed 0.078125 sec.
    forward max bucket size 160 , backward 64.
        Unrouted nets 35 at the end of iteration 46.
    route iteration 46, CPU time elapsed 0.093750 sec.
    forward max bucket size 30 , backward 25.
        Unrouted nets 30 at the end of iteration 47.
    route iteration 47, CPU time elapsed 0.031250 sec.
    forward max bucket size 30 , backward 74.
        Unrouted nets 27 at the end of iteration 48.
    route iteration 48, CPU time elapsed 0.046875 sec.
    forward max bucket size 57 , backward 16.
        Unrouted nets 30 at the end of iteration 49.
    route iteration 49, CPU time elapsed 0.062500 sec.
    forward max bucket size 92 , backward 111.
        Unrouted nets 34 at the end of iteration 50.
    route iteration 50, CPU time elapsed 0.078125 sec.
    forward max bucket size 68 , backward 56.
        Unrouted nets 26 at the end of iteration 51.
    route iteration 51, CPU time elapsed 0.093750 sec.
    forward max bucket size 68 , backward 16.
        Unrouted nets 16 at the end of iteration 52.
    route iteration 52, CPU time elapsed 0.093750 sec.
    forward max bucket size 45 , backward 17.
        Unrouted nets 23 at the end of iteration 53.
    route iteration 53, CPU time elapsed 0.062500 sec.
    forward max bucket size 49 , backward 19.
        Unrouted nets 34 at the end of iteration 54.
    route iteration 54, CPU time elapsed 0.093750 sec.
    forward max bucket size 46 , backward 25.
        Unrouted nets 26 at the end of iteration 55.
    route iteration 55, CPU time elapsed 0.062500 sec.
    forward max bucket size 19 , backward 16.
        Unrouted nets 20 at the end of iteration 56.
    route iteration 56, CPU time elapsed 0.078125 sec.
    forward max bucket size 92 , backward 29.
        Unrouted nets 20 at the end of iteration 57.
    route iteration 57, CPU time elapsed 0.062500 sec.
    forward max bucket size 39 , backward 21.
        Unrouted nets 16 at the end of iteration 58.
    route iteration 58, CPU time elapsed 0.046875 sec.
    forward max bucket size 19 , backward 16.
        Unrouted nets 13 at the end of iteration 59.
    route iteration 59, CPU time elapsed 0.078125 sec.
    forward max bucket size 30 , backward 19.
        Unrouted nets 9 at the end of iteration 60.
    route iteration 60, CPU time elapsed 0.062500 sec.
    forward max bucket size 18 , backward 13.
        Unrouted nets 4 at the end of iteration 61.
    route iteration 61, CPU time elapsed 0.046875 sec.
    forward max bucket size 30 , backward 12.
        Unrouted nets 2 at the end of iteration 62.
    route iteration 62, CPU time elapsed 0.062500 sec.
    forward max bucket size 18 , backward 5.
        Unrouted nets 2 at the end of iteration 63.
    route iteration 63, CPU time elapsed 0.078125 sec.
    forward max bucket size 5 , backward 3.
        Unrouted nets 0 at the end of iteration 64.
    route iteration 64, CPU time elapsed 0.062500 sec.
Detailed routing takes 64 iterations
I: Design net nt_hdmi_pix_clk is routed by general path.
C: Route-2036: The clock path from hdmi_pix_clk_ibuf/opit_1:DI_TO_CLK to clkbufg_1/gopclkbufg:CLK is routed by SRB.
I: Design net dl_coms1_reg_config/clock_20k is routed by general path.
C: Route-2036: The clock path from dl_coms1_reg_config/clock_20k_cnt[0]/opit_0_inv_L6QL5Q:L6Q to dl_coms1_reg_config/config_step_reg[1]/opit_0_inv_srl:CLK is routed by SRB.
I: Design net ntclkbufg_1 is routed by general path.
C: Route-2036: The clock path from clkbufg_1/gopclkbufg:CLKOUT to dl_axi_ctrl_inst/frame_read_write_m0/Gen_WFIFO_16i.dl_write_buf_16i/U_ipm2l_fifo_afifo_16i_128o_512/U_ipm2l_fifo_ctrl/ASYN_CTRL.wrptr1[4]/opit_0_srl:CLK is routed by SRB.
I: Design net nt_sys_clk is routed by general path.
C: Route-2036: The clock path from sys_clk_ibuf/opit_1:DI_TO_CLK to U_INST/U_IPM2L_HSSTLP_RST/AUTO_MODE.hsstlp_rst_pll/pll0_lock_deb/rise_cnt[7]/opit_0_inv_L6QL5Q:CLK is routed by SRB.
Detailed routing takes 24.84 sec.
Start fix hold violation.
Build tmp routing results takes 0.16 sec.
Timing analysis takes 0.19 sec.
Hold violation fix iter 0 takes 5.19 sec, total_step_forward 871450.
Incremental timing analysis takes 0.14 sec.
Hold violation fix iter 1 takes 0.84 sec, total_step_forward 183545.
Incremental timing analysis takes 0.14 sec.
Hold violation fix iter 2 takes 1.81 sec, total_step_forward 361228.
Incremental timing analysis takes 0.12 sec.
Hold violation fix iter 3 takes 0.61 sec, total_step_forward 125180.
Incremental timing analysis takes 0.19 sec.
Hold violation fix iter 4 takes 0.58 sec, total_step_forward 127681.
Incremental timing analysis takes 0.11 sec.
Hold violation fix iter 5 takes 0.47 sec, total_step_forward 130680.
Hold Violation Fix in router takes 6 iterations.
Fix hold violation Finished.
Hold Violation Fix in router takes 12.39 sec.

Dispose routing result:
    Collect routing result.
    Delete unused device instances.
    Annotate routing result.
    Change LUT configuration.
    Dispose misc instances.
    Annotate routing result again.
Finish routing takes 1.00 sec.
Used SRB routing arc is 197369.
Cleanup routing takes 0.00 sec.
Routing done.
Total routing takes 46.45 sec.


Device Utilization Summary :
+------------------------------------------------------------------------------+
| Logic Utilization           | Used     | Available     | Utilization(%)     
+------------------------------------------------------------------------------+
| Use of ADC                  | 0        | 1             | 0                  
| Use of ANALOG               | 0        | 1             | 0                  
| Use of APM                  | 0        | 240           | 0                  
| Use of BKCL                 | 4        | 6             | 67                 
| Use of CCS                  | 1        | 1             | 100                
| Use of CLMA                 | 2132     | 11675         | 19                 
|   FF                        | 6755     | 93400         | 8                  
|   LUT                       | 6330     | 46700         | 14                 
|   LUT-FF pairs              | 3773     | 46700         | 9                  
| Use of CLMS                 | 943      | 4975          | 19                 
|   FF                        | 2452     | 39800         | 7                  
|   LUT                       | 2612     | 19900         | 14                 
|   LUT-FF pairs              | 1204     | 19900         | 7                  
|   Distributed RAM           | 605      | 19900         | 4                  
| Use of DDRPHY_CPD           | 1        | 12            | 9                  
| Use of DDRPHY_IOCLK_DIV     | 2        | 6             | 34                 
| Use of DDR_PHY              | 5        | 24            | 21                 
| Use of DRM                  | 50       | 155           | 33                 
| Use of GPLL                 | 3        | 6             | 50                 
| Use of GSEB                 | 0        | 218           | 0                  
| Use of HARD0                | 1432     | 10550         | 14                 
| Use of HCKB                 | 32       | 96            | 34                 
|  HCKB dataused              | 5        | 96            | 6                  
| Use of HCKMUX_TEST          | 0        | 8             | 0                  
| Use of HSSTLP               | 1        | 1             | 100                
| Use of IO                   | 108      | 285           | 38                 
|   IOBD                      | 54       | 137           | 40                 
|   IOBS                      | 54       | 148           | 37                 
| Use of IOCKB                | 0        | 24            | 0                  
| Use of IOCKMUX_TEST         | 0        | 6             | 0                  
| Use of IOLHR                | 108      | 300           | 36                 
| Use of KEYRAM               | 0        | 1             | 0                  
| Use of MFG_TEST             | 0        | 1             | 0                  
| Use of MRCKB                | 1        | 12            | 9                  
| Use of MRCKMUX_TEST         | 0        | 6             | 0                  
| Use of MRPOSTMUX_TEST       | 0        | 6             | 0                  
| Use of PCIE                 | 1        | 1             | 100                
| Use of PCKMUX_TEST          | 0        | 12            | 0                  
| Use of PLLMRMUX_TEST        | 0        | 6             | 0                  
| Use of PLLREFMUX_TEST       | 0        | 6             | 0                  
| Use of PPLL                 | 2        | 6             | 34                 
| Use of PREGMUXC_TEST        | 0        | 4             | 0                  
| Use of PREGMUXLR_TEST       | 0        | 6             | 0                  
| Use of RCKB                 | 3        | 24            | 13                 
|  RCKB dataused              | 1        | 24            | 5                  
| Use of RCKMUX_TEST          | 0        | 6             | 0                  
| Use of SCANCHAIN            | 0        | 1             | 0                  
| Use of SCKMUX_TEST          | 0        | 12            | 0                  
| Use of SFB                  | 0        | 2225          | 0                  
| Use of SPAD                 | 2        | 4             | 50                 
| Use of TSERDES              | 10       | 48            | 21                 
| Use of USCM                 | 11       | 32            | 35                 
|  USCM dataused              | 0        | 32            | 0                  
| Use of USCMMUX_TEST         | 0        | 32            | 0                  
+------------------------------------------------------------------------------+

Finished routing.
Design 'dl_fpga_prj' has been placed and routed successfully.
Saving design to DB.
Finished placement and routing.
Action pnr: Real time elapsed is 0h:2m:30s
Action pnr: CPU time elapsed is 0h:1m:50s
Action pnr: Process CPU time elapsed is 0h:2m:4s
Current time: Sat Apr 25 02:54:14 2026
Action pnr: Peak memory pool usage is 2,361 MB
