#Build: Fabric Compiler 2022.2-SP6.4, Build 146967, Jan 31 01:39 2024
#Install: D:\pango\PDS_2022.2-SP6.4\bin
#Application name: pds_shell.exe
#OS: Windows 10 10.0.26100
#Hostname: computer
Generated by Fabric Compiler (version 2022.2-SP6.4 build 146967) at Fri Nov  7 12:35:05 2025
Compiling verification operator library.
Compiling common defs.
Compiling prim grid devices.
Compiling gate devices.
Compiling gate operators.
Building architecture model.
Loading device packaging model.
pnr strategy configuration : 
strategy name : 0
Building architecture floorplan logic view.
Constraint check start.
Executing : def_port {cam1_scl} LOC=R14 VCCIO=3.3 IOSTANDARD=LVCMOS33 DRIVE=8 SLEW=SLOW NONE=TRUE
C: ConstraintEditor-2002: [E:/11.7/dl/dl/project/device_map/image_pcie_capture.pcf(line number: 3)] | Port cam1_scl has been placed at location R14, whose type is share pin.
Executing : def_port {cam1_scl} LOC=R14 VCCIO=3.3 IOSTANDARD=LVCMOS33 DRIVE=8 SLEW=SLOW NONE=TRUE successfully
Executing : def_port {cam1_sda} LOC=P14 VCCIO=3.3 IOSTANDARD=LVCMOS33 DRIVE=8 SLEW=SLOW NONE=TRUE
C: ConstraintEditor-2002: [E:/11.7/dl/dl/project/device_map/image_pcie_capture.pcf(line number: 4)] | Port cam1_sda has been placed at location P14, whose type is share pin.
Executing : def_port {cam1_sda} LOC=P14 VCCIO=3.3 IOSTANDARD=LVCMOS33 DRIVE=8 SLEW=SLOW NONE=TRUE successfully
Executing : def_port {cam2_scl} LOC=U20 VCCIO=3.3 IOSTANDARD=LVCMOS33 DRIVE=8 SLEW=SLOW NONE=TRUE
Executing : def_port {cam2_scl} LOC=U20 VCCIO=3.3 IOSTANDARD=LVCMOS33 DRIVE=8 SLEW=SLOW NONE=TRUE successfully
Executing : def_port {cam2_sda} LOC=N17 VCCIO=3.3 IOSTANDARD=LVCMOS33 DRIVE=8 SLEW=SLOW NONE=TRUE
Executing : def_port {cam2_sda} LOC=N17 VCCIO=3.3 IOSTANDARD=LVCMOS33 DRIVE=8 SLEW=SLOW NONE=TRUE successfully
Executing : def_port {cam_fmc_scl} LOC=E14 VCCIO=3.3 IOSTANDARD=LVCMOS33 DRIVE=8 SLEW=SLOW NONE=TRUE
Executing : def_port {cam_fmc_scl} LOC=E14 VCCIO=3.3 IOSTANDARD=LVCMOS33 DRIVE=8 SLEW=SLOW NONE=TRUE successfully
Executing : def_port {cam_fmc_sda} LOC=F16 VCCIO=3.3 IOSTANDARD=LVCMOS33 DRIVE=8 SLEW=SLOW NONE=TRUE
Executing : def_port {cam_fmc_sda} LOC=F16 VCCIO=3.3 IOSTANDARD=LVCMOS33 DRIVE=8 SLEW=SLOW NONE=TRUE successfully
Executing : def_port {ddr3_dq[0]} LOC=P6 VCCIO=1.5 IOSTANDARD=SSTL15_I DRIVE=8.9 SLEW=FAST VREF_MODE=INT VREF_MODE_VALUE=0.5 DDR_TERM_MODE=ON UNUSED=TRUE
Executing : def_port {ddr3_dq[0]} LOC=P6 VCCIO=1.5 IOSTANDARD=SSTL15_I DRIVE=8.9 SLEW=FAST VREF_MODE=INT VREF_MODE_VALUE=0.5 DDR_TERM_MODE=ON UNUSED=TRUE successfully
Executing : def_port {ddr3_dq[1]} LOC=M5 VCCIO=1.5 IOSTANDARD=SSTL15_I DRIVE=8.9 SLEW=FAST VREF_MODE=INT VREF_MODE_VALUE=0.5 DDR_TERM_MODE=ON UNUSED=TRUE
Executing : def_port {ddr3_dq[1]} LOC=M5 VCCIO=1.5 IOSTANDARD=SSTL15_I DRIVE=8.9 SLEW=FAST VREF_MODE=INT VREF_MODE_VALUE=0.5 DDR_TERM_MODE=ON UNUSED=TRUE successfully
Executing : def_port {ddr3_dq[2]} LOC=M6 VCCIO=1.5 IOSTANDARD=SSTL15_I DRIVE=8.9 SLEW=FAST VREF_MODE=INT VREF_MODE_VALUE=0.5 DDR_TERM_MODE=ON UNUSED=TRUE
Executing : def_port {ddr3_dq[2]} LOC=M6 VCCIO=1.5 IOSTANDARD=SSTL15_I DRIVE=8.9 SLEW=FAST VREF_MODE=INT VREF_MODE_VALUE=0.5 DDR_TERM_MODE=ON UNUSED=TRUE successfully
Executing : def_port {ddr3_dq[3]} LOC=N2 VCCIO=1.5 IOSTANDARD=SSTL15_I DRIVE=8.9 SLEW=FAST VREF_MODE=INT VREF_MODE_VALUE=0.5 DDR_TERM_MODE=ON UNUSED=TRUE
Executing : def_port {ddr3_dq[3]} LOC=N2 VCCIO=1.5 IOSTANDARD=SSTL15_I DRIVE=8.9 SLEW=FAST VREF_MODE=INT VREF_MODE_VALUE=0.5 DDR_TERM_MODE=ON UNUSED=TRUE successfully
Executing : def_port {ddr3_dq[4]} LOC=P2 VCCIO=1.5 IOSTANDARD=SSTL15_I DRIVE=8.9 SLEW=FAST VREF_MODE=INT VREF_MODE_VALUE=0.5 DDR_TERM_MODE=ON UNUSED=TRUE
Executing : def_port {ddr3_dq[4]} LOC=P2 VCCIO=1.5 IOSTANDARD=SSTL15_I DRIVE=8.9 SLEW=FAST VREF_MODE=INT VREF_MODE_VALUE=0.5 DDR_TERM_MODE=ON UNUSED=TRUE successfully
Executing : def_port {ddr3_dq[5]} LOC=P1 VCCIO=1.5 IOSTANDARD=SSTL15_I DRIVE=8.9 SLEW=FAST VREF_MODE=INT VREF_MODE_VALUE=0.5 DDR_TERM_MODE=ON UNUSED=TRUE
Executing : def_port {ddr3_dq[5]} LOC=P1 VCCIO=1.5 IOSTANDARD=SSTL15_I DRIVE=8.9 SLEW=FAST VREF_MODE=INT VREF_MODE_VALUE=0.5 DDR_TERM_MODE=ON UNUSED=TRUE successfully
Executing : def_port {ddr3_dq[6]} LOC=R1 VCCIO=1.5 IOSTANDARD=SSTL15_I DRIVE=8.9 SLEW=FAST VREF_MODE=INT VREF_MODE_VALUE=0.5 DDR_TERM_MODE=ON UNUSED=TRUE
Executing : def_port {ddr3_dq[6]} LOC=R1 VCCIO=1.5 IOSTANDARD=SSTL15_I DRIVE=8.9 SLEW=FAST VREF_MODE=INT VREF_MODE_VALUE=0.5 DDR_TERM_MODE=ON UNUSED=TRUE successfully
Executing : def_port {ddr3_dq[7]} LOC=N4 VCCIO=1.5 IOSTANDARD=SSTL15_I DRIVE=8.9 SLEW=FAST VREF_MODE=INT VREF_MODE_VALUE=0.5 DDR_TERM_MODE=ON UNUSED=TRUE
Executing : def_port {ddr3_dq[7]} LOC=N4 VCCIO=1.5 IOSTANDARD=SSTL15_I DRIVE=8.9 SLEW=FAST VREF_MODE=INT VREF_MODE_VALUE=0.5 DDR_TERM_MODE=ON UNUSED=TRUE successfully
Executing : def_port {ddr3_dq[8]} LOC=J6 VCCIO=1.5 IOSTANDARD=SSTL15_I DRIVE=8.9 SLEW=FAST VREF_MODE=INT VREF_MODE_VALUE=0.5 DDR_TERM_MODE=ON UNUSED=TRUE
Executing : def_port {ddr3_dq[8]} LOC=J6 VCCIO=1.5 IOSTANDARD=SSTL15_I DRIVE=8.9 SLEW=FAST VREF_MODE=INT VREF_MODE_VALUE=0.5 DDR_TERM_MODE=ON UNUSED=TRUE successfully
Executing : def_port {ddr3_dq[9]} LOC=K6 VCCIO=1.5 IOSTANDARD=SSTL15_I DRIVE=8.9 SLEW=FAST VREF_MODE=INT VREF_MODE_VALUE=0.5 DDR_TERM_MODE=ON UNUSED=TRUE
Executing : def_port {ddr3_dq[9]} LOC=K6 VCCIO=1.5 IOSTANDARD=SSTL15_I DRIVE=8.9 SLEW=FAST VREF_MODE=INT VREF_MODE_VALUE=0.5 DDR_TERM_MODE=ON UNUSED=TRUE successfully
Executing : def_port {ddr3_dq[10]} LOC=M2 VCCIO=1.5 IOSTANDARD=SSTL15_I DRIVE=8.9 SLEW=FAST VREF_MODE=INT VREF_MODE_VALUE=0.5 DDR_TERM_MODE=ON UNUSED=TRUE
Executing : def_port {ddr3_dq[10]} LOC=M2 VCCIO=1.5 IOSTANDARD=SSTL15_I DRIVE=8.9 SLEW=FAST VREF_MODE=INT VREF_MODE_VALUE=0.5 DDR_TERM_MODE=ON UNUSED=TRUE successfully
Executing : def_port {ddr3_dq[11]} LOC=M3 VCCIO=1.5 IOSTANDARD=SSTL15_I DRIVE=8.9 SLEW=FAST VREF_MODE=INT VREF_MODE_VALUE=0.5 DDR_TERM_MODE=ON UNUSED=TRUE
Executing : def_port {ddr3_dq[11]} LOC=M3 VCCIO=1.5 IOSTANDARD=SSTL15_I DRIVE=8.9 SLEW=FAST VREF_MODE=INT VREF_MODE_VALUE=0.5 DDR_TERM_MODE=ON UNUSED=TRUE successfully
Executing : def_port {ddr3_dq[12]} LOC=K3 VCCIO=1.5 IOSTANDARD=SSTL15_I DRIVE=8.9 SLEW=FAST VREF_MODE=INT VREF_MODE_VALUE=0.5 DDR_TERM_MODE=ON UNUSED=TRUE
Executing : def_port {ddr3_dq[12]} LOC=K3 VCCIO=1.5 IOSTANDARD=SSTL15_I DRIVE=8.9 SLEW=FAST VREF_MODE=INT VREF_MODE_VALUE=0.5 DDR_TERM_MODE=ON UNUSED=TRUE successfully
Executing : def_port {ddr3_dq[13]} LOC=L3 VCCIO=1.5 IOSTANDARD=SSTL15_I DRIVE=8.9 SLEW=FAST VREF_MODE=INT VREF_MODE_VALUE=0.5 DDR_TERM_MODE=ON UNUSED=TRUE
Executing : def_port {ddr3_dq[13]} LOC=L3 VCCIO=1.5 IOSTANDARD=SSTL15_I DRIVE=8.9 SLEW=FAST VREF_MODE=INT VREF_MODE_VALUE=0.5 DDR_TERM_MODE=ON UNUSED=TRUE successfully
Executing : def_port {ddr3_dq[14]} LOC=J4 VCCIO=1.5 IOSTANDARD=SSTL15_I DRIVE=8.9 SLEW=FAST VREF_MODE=INT VREF_MODE_VALUE=0.5 DDR_TERM_MODE=ON UNUSED=TRUE
Executing : def_port {ddr3_dq[14]} LOC=J4 VCCIO=1.5 IOSTANDARD=SSTL15_I DRIVE=8.9 SLEW=FAST VREF_MODE=INT VREF_MODE_VALUE=0.5 DDR_TERM_MODE=ON UNUSED=TRUE successfully
Executing : def_port {ddr3_dq[15]} LOC=K4 VCCIO=1.5 IOSTANDARD=SSTL15_I DRIVE=8.9 SLEW=FAST VREF_MODE=INT VREF_MODE_VALUE=0.5 DDR_TERM_MODE=ON UNUSED=TRUE
Executing : def_port {ddr3_dq[15]} LOC=K4 VCCIO=1.5 IOSTANDARD=SSTL15_I DRIVE=8.9 SLEW=FAST VREF_MODE=INT VREF_MODE_VALUE=0.5 DDR_TERM_MODE=ON UNUSED=TRUE successfully
Executing : def_port {ddr3_dqs[0]} LOC=P5 VCCIO=1.5 IOSTANDARD=SSTL15D_I DRIVE=8.9 SLEW=FAST VREF_MODE=INT VREF_MODE_VALUE=0.5 DDR_TERM_MODE=ON DDR_RES=60 CP_DYN_TERM=ON UNUSED=TRUE
Executing : def_port {ddr3_dqs[0]} LOC=P5 VCCIO=1.5 IOSTANDARD=SSTL15D_I DRIVE=8.9 SLEW=FAST VREF_MODE=INT VREF_MODE_VALUE=0.5 DDR_TERM_MODE=ON DDR_RES=60 CP_DYN_TERM=ON UNUSED=TRUE successfully
Executing : def_port {ddr3_dqs[1]} LOC=M1 VCCIO=1.5 IOSTANDARD=SSTL15D_I DRIVE=8.9 SLEW=FAST VREF_MODE=INT VREF_MODE_VALUE=0.5 DDR_TERM_MODE=ON DDR_RES=60 CP_DYN_TERM=ON UNUSED=TRUE
Executing : def_port {ddr3_dqs[1]} LOC=M1 VCCIO=1.5 IOSTANDARD=SSTL15D_I DRIVE=8.9 SLEW=FAST VREF_MODE=INT VREF_MODE_VALUE=0.5 DDR_TERM_MODE=ON DDR_RES=60 CP_DYN_TERM=ON UNUSED=TRUE successfully
Executing : def_port {ddr3_dqs_n[0]} LOC=P4 VCCIO=1.5 IOSTANDARD=SSTL15D_I DRIVE=8.9 SLEW=FAST VREF_MODE=INT VREF_MODE_VALUE=0.5 DDR_TERM_MODE=ON DDR_RES=60 CP_DYN_TERM=ON UNUSED=TRUE
Executing : def_port {ddr3_dqs_n[0]} LOC=P4 VCCIO=1.5 IOSTANDARD=SSTL15D_I DRIVE=8.9 SLEW=FAST VREF_MODE=INT VREF_MODE_VALUE=0.5 DDR_TERM_MODE=ON DDR_RES=60 CP_DYN_TERM=ON UNUSED=TRUE successfully
Executing : def_port {ddr3_dqs_n[1]} LOC=L1 VCCIO=1.5 IOSTANDARD=SSTL15D_I DRIVE=8.9 SLEW=FAST VREF_MODE=INT VREF_MODE_VALUE=0.5 DDR_TERM_MODE=ON DDR_RES=60 CP_DYN_TERM=ON UNUSED=TRUE
Executing : def_port {ddr3_dqs_n[1]} LOC=L1 VCCIO=1.5 IOSTANDARD=SSTL15D_I DRIVE=8.9 SLEW=FAST VREF_MODE=INT VREF_MODE_VALUE=0.5 DDR_TERM_MODE=ON DDR_RES=60 CP_DYN_TERM=ON UNUSED=TRUE successfully
Executing : def_port {cam1_reset_n} LOC=V18 VCCIO=3.3 IOSTANDARD=LVCMOS33 DRIVE=8 SLEW=SLOW NONE=TRUE
Executing : def_port {cam1_reset_n} LOC=V18 VCCIO=3.3 IOSTANDARD=LVCMOS33 DRIVE=8 SLEW=SLOW NONE=TRUE successfully
Executing : def_port {cam2_reset_n} LOC=AA21 VCCIO=3.3 IOSTANDARD=LVCMOS33 DRIVE=8 SLEW=SLOW NONE=TRUE
C: ConstraintEditor-2002: [E:/11.7/dl/dl/project/device_map/image_pcie_capture.pcf(line number: 30)] | Port cam2_reset_n has been placed at location AA21, whose type is share pin.
Executing : def_port {cam2_reset_n} LOC=AA21 VCCIO=3.3 IOSTANDARD=LVCMOS33 DRIVE=8 SLEW=SLOW NONE=TRUE successfully
Executing : def_port {cam_fmc_reset_n} LOC=B13 VCCIO=3.3 IOSTANDARD=LVCMOS33 DRIVE=8 SLEW=SLOW NONE=TRUE
Executing : def_port {cam_fmc_reset_n} LOC=B13 VCCIO=3.3 IOSTANDARD=LVCMOS33 DRIVE=8 SLEW=SLOW NONE=TRUE successfully
Executing : def_port {cam_init_done[0]} LOC=M17 VCCIO=1.8 IOSTANDARD=LVCMOS18 DRIVE=4 SLEW=FAST NONE=TRUE
Executing : def_port {cam_init_done[0]} LOC=M17 VCCIO=1.8 IOSTANDARD=LVCMOS18 DRIVE=4 SLEW=FAST NONE=TRUE successfully
Executing : def_port {cam_init_done[1]} LOC=J16 VCCIO=1.8 IOSTANDARD=LVCMOS18 DRIVE=4 SLEW=FAST NONE=TRUE
Executing : def_port {cam_init_done[1]} LOC=J16 VCCIO=1.8 IOSTANDARD=LVCMOS18 DRIVE=4 SLEW=FAST NONE=TRUE successfully
Executing : def_port {ddr3_a[0]} LOC=T1 VCCIO=1.5 IOSTANDARD=SSTL15_I DRIVE=8.9 SLEW=FAST UNUSED=TRUE
Executing : def_port {ddr3_a[0]} LOC=T1 VCCIO=1.5 IOSTANDARD=SSTL15_I DRIVE=8.9 SLEW=FAST UNUSED=TRUE successfully
Executing : def_port {ddr3_a[1]} LOC=U1 VCCIO=1.5 IOSTANDARD=SSTL15_I DRIVE=8.9 SLEW=FAST UNUSED=TRUE
Executing : def_port {ddr3_a[1]} LOC=U1 VCCIO=1.5 IOSTANDARD=SSTL15_I DRIVE=8.9 SLEW=FAST UNUSED=TRUE successfully
Executing : def_port {ddr3_a[2]} LOC=U2 VCCIO=1.5 IOSTANDARD=SSTL15_I DRIVE=8.9 SLEW=FAST UNUSED=TRUE
Executing : def_port {ddr3_a[2]} LOC=U2 VCCIO=1.5 IOSTANDARD=SSTL15_I DRIVE=8.9 SLEW=FAST UNUSED=TRUE successfully
Executing : def_port {ddr3_a[3]} LOC=V2 VCCIO=1.5 IOSTANDARD=SSTL15_I DRIVE=8.9 SLEW=FAST UNUSED=TRUE
Executing : def_port {ddr3_a[3]} LOC=V2 VCCIO=1.5 IOSTANDARD=SSTL15_I DRIVE=8.9 SLEW=FAST UNUSED=TRUE successfully
Executing : def_port {ddr3_a[4]} LOC=R3 VCCIO=1.5 IOSTANDARD=SSTL15_I DRIVE=8.9 SLEW=FAST UNUSED=TRUE
Executing : def_port {ddr3_a[4]} LOC=R3 VCCIO=1.5 IOSTANDARD=SSTL15_I DRIVE=8.9 SLEW=FAST UNUSED=TRUE successfully
Executing : def_port {ddr3_a[5]} LOC=R2 VCCIO=1.5 IOSTANDARD=SSTL15_I DRIVE=8.9 SLEW=FAST UNUSED=TRUE
Executing : def_port {ddr3_a[5]} LOC=R2 VCCIO=1.5 IOSTANDARD=SSTL15_I DRIVE=8.9 SLEW=FAST UNUSED=TRUE successfully
Executing : def_port {ddr3_a[6]} LOC=W2 VCCIO=1.5 IOSTANDARD=SSTL15_I DRIVE=8.9 SLEW=FAST UNUSED=TRUE
Executing : def_port {ddr3_a[6]} LOC=W2 VCCIO=1.5 IOSTANDARD=SSTL15_I DRIVE=8.9 SLEW=FAST UNUSED=TRUE successfully
Executing : def_port {ddr3_a[7]} LOC=Y2 VCCIO=1.5 IOSTANDARD=SSTL15_I DRIVE=8.9 SLEW=FAST UNUSED=TRUE
Executing : def_port {ddr3_a[7]} LOC=Y2 VCCIO=1.5 IOSTANDARD=SSTL15_I DRIVE=8.9 SLEW=FAST UNUSED=TRUE successfully
Executing : def_port {ddr3_a[8]} LOC=W1 VCCIO=1.5 IOSTANDARD=SSTL15_I DRIVE=8.9 SLEW=FAST UNUSED=TRUE
Executing : def_port {ddr3_a[8]} LOC=W1 VCCIO=1.5 IOSTANDARD=SSTL15_I DRIVE=8.9 SLEW=FAST UNUSED=TRUE successfully
Executing : def_port {ddr3_a[9]} LOC=Y1 VCCIO=1.5 IOSTANDARD=SSTL15_I DRIVE=8.9 SLEW=FAST UNUSED=TRUE
Executing : def_port {ddr3_a[9]} LOC=Y1 VCCIO=1.5 IOSTANDARD=SSTL15_I DRIVE=8.9 SLEW=FAST UNUSED=TRUE successfully
Executing : def_port {ddr3_a[10]} LOC=U3 VCCIO=1.5 IOSTANDARD=SSTL15_I DRIVE=8.9 SLEW=FAST UNUSED=TRUE
Executing : def_port {ddr3_a[10]} LOC=U3 VCCIO=1.5 IOSTANDARD=SSTL15_I DRIVE=8.9 SLEW=FAST UNUSED=TRUE successfully
Executing : def_port {ddr3_a[11]} LOC=AA1 VCCIO=1.5 IOSTANDARD=SSTL15_I DRIVE=8.9 SLEW=FAST UNUSED=TRUE
Executing : def_port {ddr3_a[11]} LOC=AA1 VCCIO=1.5 IOSTANDARD=SSTL15_I DRIVE=8.9 SLEW=FAST UNUSED=TRUE successfully
Executing : def_port {ddr3_a[12]} LOC=AB1 VCCIO=1.5 IOSTANDARD=SSTL15_I DRIVE=8.9 SLEW=FAST UNUSED=TRUE
Executing : def_port {ddr3_a[12]} LOC=AB1 VCCIO=1.5 IOSTANDARD=SSTL15_I DRIVE=8.9 SLEW=FAST UNUSED=TRUE successfully
Executing : def_port {ddr3_a[13]} LOC=AB3 VCCIO=1.5 IOSTANDARD=SSTL15_I DRIVE=8.9 SLEW=FAST UNUSED=TRUE
Executing : def_port {ddr3_a[13]} LOC=AB3 VCCIO=1.5 IOSTANDARD=SSTL15_I DRIVE=8.9 SLEW=FAST UNUSED=TRUE successfully
Executing : def_port {ddr3_a[14]} LOC=AB2 VCCIO=1.5 IOSTANDARD=SSTL15_I DRIVE=8.9 SLEW=FAST UNUSED=TRUE
Executing : def_port {ddr3_a[14]} LOC=AB2 VCCIO=1.5 IOSTANDARD=SSTL15_I DRIVE=8.9 SLEW=FAST UNUSED=TRUE successfully
Executing : def_port {ddr3_ba[0]} LOC=AA3 VCCIO=1.5 IOSTANDARD=SSTL15_I DRIVE=8.9 SLEW=FAST UNUSED=TRUE
Executing : def_port {ddr3_ba[0]} LOC=AA3 VCCIO=1.5 IOSTANDARD=SSTL15_I DRIVE=8.9 SLEW=FAST UNUSED=TRUE successfully
Executing : def_port {ddr3_ba[1]} LOC=AA5 VCCIO=1.5 IOSTANDARD=SSTL15_I DRIVE=8.9 SLEW=FAST UNUSED=TRUE
Executing : def_port {ddr3_ba[1]} LOC=AA5 VCCIO=1.5 IOSTANDARD=SSTL15_I DRIVE=8.9 SLEW=FAST UNUSED=TRUE successfully
Executing : def_port {ddr3_ba[2]} LOC=AB5 VCCIO=1.5 IOSTANDARD=SSTL15_I DRIVE=8.9 SLEW=FAST UNUSED=TRUE
Executing : def_port {ddr3_ba[2]} LOC=AB5 VCCIO=1.5 IOSTANDARD=SSTL15_I DRIVE=8.9 SLEW=FAST UNUSED=TRUE successfully
Executing : def_port {ddr3_cas_n} LOC=U6 VCCIO=1.5 IOSTANDARD=SSTL15_I DRIVE=8.9 SLEW=FAST UNUSED=TRUE
Executing : def_port {ddr3_cas_n} LOC=U6 VCCIO=1.5 IOSTANDARD=SSTL15_I DRIVE=8.9 SLEW=FAST UNUSED=TRUE successfully
Executing : def_port {ddr3_ck} LOC=Y4 VCCIO=1.5 IOSTANDARD=SSTL15D_I DRIVE=8.9 SLEW=FAST UNUSED=TRUE
Executing : def_port {ddr3_ck} LOC=Y4 VCCIO=1.5 IOSTANDARD=SSTL15D_I DRIVE=8.9 SLEW=FAST UNUSED=TRUE successfully
Executing : def_port {ddr3_ck_n} LOC=AA4 VCCIO=1.5 IOSTANDARD=SSTL15D_I DRIVE=8.9 SLEW=FAST UNUSED=TRUE
Executing : def_port {ddr3_ck_n} LOC=AA4 VCCIO=1.5 IOSTANDARD=SSTL15D_I DRIVE=8.9 SLEW=FAST UNUSED=TRUE successfully
Executing : def_port {ddr3_cke} LOC=W4 VCCIO=1.5 IOSTANDARD=SSTL15_I DRIVE=8.9 SLEW=FAST UNUSED=TRUE
Executing : def_port {ddr3_cke} LOC=W4 VCCIO=1.5 IOSTANDARD=SSTL15_I DRIVE=8.9 SLEW=FAST UNUSED=TRUE successfully
Executing : def_port {ddr3_cs_n} LOC=V5 VCCIO=1.5 IOSTANDARD=SSTL15_I DRIVE=8.9 SLEW=FAST UNUSED=TRUE
Executing : def_port {ddr3_cs_n} LOC=V5 VCCIO=1.5 IOSTANDARD=SSTL15_I DRIVE=8.9 SLEW=FAST UNUSED=TRUE successfully
Executing : def_port {ddr3_dm[0]} LOC=N5 VCCIO=1.5 IOSTANDARD=SSTL15_I DRIVE=8.9 SLEW=FAST UNUSED=TRUE
Executing : def_port {ddr3_dm[0]} LOC=N5 VCCIO=1.5 IOSTANDARD=SSTL15_I DRIVE=8.9 SLEW=FAST UNUSED=TRUE successfully
Executing : def_port {ddr3_dm[1]} LOC=L5 VCCIO=1.5 IOSTANDARD=SSTL15_I DRIVE=8.9 SLEW=FAST UNUSED=TRUE
Executing : def_port {ddr3_dm[1]} LOC=L5 VCCIO=1.5 IOSTANDARD=SSTL15_I DRIVE=8.9 SLEW=FAST UNUSED=TRUE successfully
Executing : def_port {ddr3_odt} LOC=R6 VCCIO=1.5 IOSTANDARD=SSTL15_I DRIVE=8.9 SLEW=FAST UNUSED=TRUE
Executing : def_port {ddr3_odt} LOC=R6 VCCIO=1.5 IOSTANDARD=SSTL15_I DRIVE=8.9 SLEW=FAST UNUSED=TRUE successfully
Executing : def_port {ddr3_ras_n} LOC=W5 VCCIO=1.5 IOSTANDARD=SSTL15_I DRIVE=8.9 SLEW=FAST UNUSED=TRUE
Executing : def_port {ddr3_ras_n} LOC=W5 VCCIO=1.5 IOSTANDARD=SSTL15_I DRIVE=8.9 SLEW=FAST UNUSED=TRUE successfully
Executing : def_port {ddr3_rst_n} LOC=T3 VCCIO=1.5 IOSTANDARD=SSTL15_I DRIVE=8.9 SLEW=FAST UNUSED=TRUE
Executing : def_port {ddr3_rst_n} LOC=T3 VCCIO=1.5 IOSTANDARD=SSTL15_I DRIVE=8.9 SLEW=FAST UNUSED=TRUE successfully
Executing : def_port {ddr3_we_n} LOC=W6 VCCIO=1.5 IOSTANDARD=SSTL15_I DRIVE=8.9 SLEW=FAST UNUSED=TRUE
Executing : def_port {ddr3_we_n} LOC=W6 VCCIO=1.5 IOSTANDARD=SSTL15_I DRIVE=8.9 SLEW=FAST UNUSED=TRUE successfully
Executing : def_port {cam1_data[0]} LOC=Y18 VCCIO=3.3 IOSTANDARD=LVCMOS33 NONE=TRUE
Executing : def_port {cam1_data[0]} LOC=Y18 VCCIO=3.3 IOSTANDARD=LVCMOS33 NONE=TRUE successfully
Executing : def_port {cam1_data[1]} LOC=AA19 VCCIO=3.3 IOSTANDARD=LVCMOS18 NONE=TRUE
C: ConstraintEditor-2002: [E:/11.7/dl/dl/project/device_map/image_pcie_capture.pcf(line number: 64)] | Port cam1_data[1] has been placed at location AA19, whose type is share pin.
Executing : def_port {cam1_data[1]} LOC=AA19 VCCIO=3.3 IOSTANDARD=LVCMOS18 NONE=TRUE successfully
Executing : def_port {cam1_data[2]} LOC=AB20 VCCIO=3.3 IOSTANDARD=LVCMOS33 NONE=TRUE
C: ConstraintEditor-2002: [E:/11.7/dl/dl/project/device_map/image_pcie_capture.pcf(line number: 65)] | Port cam1_data[2] has been placed at location AB20, whose type is share pin.
Executing : def_port {cam1_data[2]} LOC=AB20 VCCIO=3.3 IOSTANDARD=LVCMOS33 NONE=TRUE successfully
Executing : def_port {cam1_data[3]} LOC=V19 VCCIO=3.3 IOSTANDARD=LVCMOS33 NONE=TRUE
Executing : def_port {cam1_data[3]} LOC=V19 VCCIO=3.3 IOSTANDARD=LVCMOS33 NONE=TRUE successfully
Executing : def_port {cam1_data[4]} LOC=L13 VCCIO=1.8 IOSTANDARD=LVCMOS18 NONE=TRUE
C: ConstraintEditor-2002: [E:/11.7/dl/dl/project/device_map/image_pcie_capture.pcf(line number: 67)] | Port cam1_data[4] has been placed at location L13, whose type is share pin.
Executing : def_port {cam1_data[4]} LOC=L13 VCCIO=1.8 IOSTANDARD=LVCMOS18 NONE=TRUE successfully
Executing : def_port {cam1_data[5]} LOC=AB22 VCCIO=3.3 IOSTANDARD=LVCMOS33 NONE=TRUE
C: ConstraintEditor-2002: [E:/11.7/dl/dl/project/device_map/image_pcie_capture.pcf(line number: 68)] | Port cam1_data[5] has been placed at location AB22, whose type is share pin.
Executing : def_port {cam1_data[5]} LOC=AB22 VCCIO=3.3 IOSTANDARD=LVCMOS33 NONE=TRUE successfully
Executing : def_port {cam1_data[6]} LOC=Y19 VCCIO=3.3 IOSTANDARD=LVCMOS33 NONE=TRUE
Executing : def_port {cam1_data[6]} LOC=Y19 VCCIO=3.3 IOSTANDARD=LVCMOS33 NONE=TRUE successfully
Executing : def_port {cam1_data[7]} LOC=AB21 VCCIO=3.3 IOSTANDARD=LVCMOS33 NONE=TRUE
C: ConstraintEditor-2002: [E:/11.7/dl/dl/project/device_map/image_pcie_capture.pcf(line number: 70)] | Port cam1_data[7] has been placed at location AB21, whose type is share pin.
Executing : def_port {cam1_data[7]} LOC=AB21 VCCIO=3.3 IOSTANDARD=LVCMOS33 NONE=TRUE successfully
Executing : def_port {cam1_href} LOC=N15 VCCIO=3.3 IOSTANDARD=LVCMOS33 NONE=TRUE
Executing : def_port {cam1_href} LOC=N15 VCCIO=3.3 IOSTANDARD=LVCMOS33 NONE=TRUE successfully
Executing : def_port {cam1_pclk} LOC=T18 VCCIO=3.3 IOSTANDARD=LVCMOS33 NONE=TRUE
C: ConstraintEditor-2002: [E:/11.7/dl/dl/project/device_map/image_pcie_capture.pcf(line number: 72)] | Port cam1_pclk has been placed at location T18, whose type is share pin.
Executing : def_port {cam1_pclk} LOC=T18 VCCIO=3.3 IOSTANDARD=LVCMOS33 NONE=TRUE successfully
Executing : def_port {cam1_vsync} LOC=W17 VCCIO=3.3 IOSTANDARD=LVCMOS33 NONE=TRUE
C: ConstraintEditor-2002: [E:/11.7/dl/dl/project/device_map/image_pcie_capture.pcf(line number: 73)] | Port cam1_vsync has been placed at location W17, whose type is share pin.
Executing : def_port {cam1_vsync} LOC=W17 VCCIO=3.3 IOSTANDARD=LVCMOS33 NONE=TRUE successfully
Executing : def_port {cam2_data[0]} LOC=U17 VCCIO=3.3 IOSTANDARD=LVCMOS33 NONE=TRUE
C: ConstraintEditor-2002: [E:/11.7/dl/dl/project/device_map/image_pcie_capture.pcf(line number: 74)] | Port cam2_data[0] has been placed at location U17, whose type is share pin.
Executing : def_port {cam2_data[0]} LOC=U17 VCCIO=3.3 IOSTANDARD=LVCMOS33 NONE=TRUE successfully
Executing : def_port {cam2_data[1]} LOC=V20 VCCIO=3.3 IOSTANDARD=LVCMOS33 NONE=TRUE
Executing : def_port {cam2_data[1]} LOC=V20 VCCIO=3.3 IOSTANDARD=LVCMOS33 NONE=TRUE successfully
Executing : def_port {cam2_data[2]} LOC=R16 VCCIO=3.3 IOSTANDARD=LVCMOS33 NONE=TRUE
C: ConstraintEditor-2002: [E:/11.7/dl/dl/project/device_map/image_pcie_capture.pcf(line number: 76)] | Port cam2_data[2] has been placed at location R16, whose type is share pin.
Executing : def_port {cam2_data[2]} LOC=R16 VCCIO=3.3 IOSTANDARD=LVCMOS33 NONE=TRUE successfully
Executing : def_port {cam2_data[3]} LOC=P15 VCCIO=3.3 IOSTANDARD=LVCMOS33 NONE=TRUE
C: ConstraintEditor-2002: [E:/11.7/dl/dl/project/device_map/image_pcie_capture.pcf(line number: 77)] | Port cam2_data[3] has been placed at location P15, whose type is share pin.
Executing : def_port {cam2_data[3]} LOC=P15 VCCIO=3.3 IOSTANDARD=LVCMOS33 NONE=TRUE successfully
Executing : def_port {cam2_data[4]} LOC=W19 VCCIO=3.3 IOSTANDARD=LVCMOS33 NONE=TRUE
Executing : def_port {cam2_data[4]} LOC=W19 VCCIO=3.3 IOSTANDARD=LVCMOS33 NONE=TRUE successfully
Executing : def_port {cam2_data[5]} LOC=W20 VCCIO=3.3 IOSTANDARD=LVCMOS33 NONE=TRUE
Executing : def_port {cam2_data[5]} LOC=W20 VCCIO=3.3 IOSTANDARD=LVCMOS33 NONE=TRUE successfully
Executing : def_port {cam2_data[6]} LOC=P17 VCCIO=3.3 IOSTANDARD=LVCMOS18 NONE=TRUE
C: ConstraintEditor-2002: [E:/11.7/dl/dl/project/device_map/image_pcie_capture.pcf(line number: 80)] | Port cam2_data[6] has been placed at location P17, whose type is share pin.
Executing : def_port {cam2_data[6]} LOC=P17 VCCIO=3.3 IOSTANDARD=LVCMOS18 NONE=TRUE successfully
Executing : def_port {cam2_data[7]} LOC=AB18 VCCIO=3.3 IOSTANDARD=LVCMOS33 NONE=TRUE
C: ConstraintEditor-2002: [E:/11.7/dl/dl/project/device_map/image_pcie_capture.pcf(line number: 81)] | Port cam2_data[7] has been placed at location AB18, whose type is share pin.
Executing : def_port {cam2_data[7]} LOC=AB18 VCCIO=3.3 IOSTANDARD=LVCMOS33 NONE=TRUE successfully
Executing : def_port {cam2_href} LOC=U18 VCCIO=3.3 IOSTANDARD=LVCMOS33 NONE=TRUE
C: ConstraintEditor-2002: [E:/11.7/dl/dl/project/device_map/image_pcie_capture.pcf(line number: 82)] | Port cam2_href has been placed at location U18, whose type is share pin.
Executing : def_port {cam2_href} LOC=U18 VCCIO=3.3 IOSTANDARD=LVCMOS33 NONE=TRUE successfully
Executing : def_port {cam2_pclk} LOC=P16 VCCIO=3.3 IOSTANDARD=LVCMOS33 NONE=TRUE
C: ConstraintEditor-2002: [E:/11.7/dl/dl/project/device_map/image_pcie_capture.pcf(line number: 83)] | Port cam2_pclk has been placed at location P16, whose type is share pin.
Executing : def_port {cam2_pclk} LOC=P16 VCCIO=3.3 IOSTANDARD=LVCMOS33 NONE=TRUE successfully
Executing : def_port {cam2_vsync} LOC=R17 VCCIO=3.3 IOSTANDARD=LVCMOS33 NONE=TRUE
C: ConstraintEditor-2002: [E:/11.7/dl/dl/project/device_map/image_pcie_capture.pcf(line number: 84)] | Port cam2_vsync has been placed at location R17, whose type is share pin.
Executing : def_port {cam2_vsync} LOC=R17 VCCIO=3.3 IOSTANDARD=LVCMOS33 NONE=TRUE successfully
Executing : def_port {cam_fmc_data[0]} LOC=C19 VCCIO=3.3 IOSTANDARD=LVCMOS33 NONE=TRUE
Executing : def_port {cam_fmc_data[0]} LOC=C19 VCCIO=3.3 IOSTANDARD=LVCMOS33 NONE=TRUE successfully
Executing : def_port {cam_fmc_data[1]} LOC=B16 VCCIO=3.3 IOSTANDARD=LVCMOS33 NONE=TRUE
Executing : def_port {cam_fmc_data[1]} LOC=B16 VCCIO=3.3 IOSTANDARD=LVCMOS33 NONE=TRUE successfully
Executing : def_port {cam_fmc_data[2]} LOC=B15 VCCIO=3.3 IOSTANDARD=LVCMOS33 NONE=TRUE
Executing : def_port {cam_fmc_data[2]} LOC=B15 VCCIO=3.3 IOSTANDARD=LVCMOS33 NONE=TRUE successfully
Executing : def_port {cam_fmc_data[3]} LOC=E13 VCCIO=3.3 IOSTANDARD=LVCMOS33 NONE=TRUE
Executing : def_port {cam_fmc_data[3]} LOC=E13 VCCIO=3.3 IOSTANDARD=LVCMOS33 NONE=TRUE successfully
Executing : def_port {cam_fmc_data[4]} LOC=C20 VCCIO=3.3 IOSTANDARD=LVCMOS33 NONE=TRUE
Executing : def_port {cam_fmc_data[4]} LOC=C20 VCCIO=3.3 IOSTANDARD=LVCMOS33 NONE=TRUE successfully
Executing : def_port {cam_fmc_data[5]} LOC=E18 VCCIO=3.3 IOSTANDARD=LVCMOS33 NONE=TRUE
Executing : def_port {cam_fmc_data[5]} LOC=E18 VCCIO=3.3 IOSTANDARD=LVCMOS33 NONE=TRUE successfully
Executing : def_port {cam_fmc_data[6]} LOC=E16 VCCIO=3.3 IOSTANDARD=LVCMOS33 NONE=TRUE
Executing : def_port {cam_fmc_data[6]} LOC=E16 VCCIO=3.3 IOSTANDARD=LVCMOS33 NONE=TRUE successfully
Executing : def_port {cam_fmc_data[7]} LOC=D16 VCCIO=3.3 IOSTANDARD=LVCMOS33 NONE=TRUE
Executing : def_port {cam_fmc_data[7]} LOC=D16 VCCIO=3.3 IOSTANDARD=LVCMOS33 NONE=TRUE successfully
Executing : def_port {cam_fmc_href} LOC=A16 VCCIO=3.3 IOSTANDARD=LVCMOS33 NONE=TRUE
Executing : def_port {cam_fmc_href} LOC=A16 VCCIO=3.3 IOSTANDARD=LVCMOS33 NONE=TRUE successfully
Executing : def_port {cam_fmc_pclk} LOC=C18 VCCIO=3.3 IOSTANDARD=LVCMOS33 NONE=TRUE
Executing : def_port {cam_fmc_pclk} LOC=C18 VCCIO=3.3 IOSTANDARD=LVCMOS33 NONE=TRUE successfully
Executing : def_port {cam_fmc_vsync} LOC=A15 VCCIO=3.3 IOSTANDARD=LVCMOS33 NONE=TRUE
Executing : def_port {cam_fmc_vsync} LOC=A15 VCCIO=3.3 IOSTANDARD=LVCMOS33 NONE=TRUE successfully
Executing : def_port {pcie_perst_n} LOC=M16 VCCIO=1.8 IOSTANDARD=LVCMOS18 NONE=TRUE
C: ConstraintEditor-2001: [E:/11.7/dl/dl/project/device_map/image_pcie_capture.pcf(line number: 96)] Object 'pcie_perst_n' is dangling, which has no connection. it will be ignored.
Executing : def_port {pcie_perst_n} LOC=M16 VCCIO=1.8 IOSTANDARD=LVCMOS18 NONE=TRUE failed
Executing : def_port {pcie_refclk_n} LOC=E6
Executing : def_port {pcie_refclk_n} LOC=E6 successfully
Executing : def_port {pcie_refclk_p} LOC=F6
Executing : def_port {pcie_refclk_p} LOC=F6 successfully
Executing : def_port {sys_clk} LOC=V4 VCCIO=1.5 IOSTANDARD=LVCMOS15 UNUSED=TRUE
Executing : def_port {sys_clk} LOC=V4 VCCIO=1.5 IOSTANDARD=LVCMOS15 UNUSED=TRUE successfully
Executing : def_port {sys_rst_n} LOC=M15 VCCIO=1.8 IOSTANDARD=LVCMOS18 UNUSED=TRUE
C: ConstraintEditor-2002: [E:/11.7/dl/dl/project/device_map/image_pcie_capture.pcf(line number: 100)] | Port sys_rst_n has been placed at location M15, whose type is share pin.
Executing : def_port {sys_rst_n} LOC=M15 VCCIO=1.8 IOSTANDARD=LVCMOS18 UNUSED=TRUE successfully
Executing : def_inst_site {U_INST/U_GTP_HSSTLP_WRAPPER/CHANNEL2_ENABLE.U_GTP_HSSTLP_LANE2/gophsst} HSSTLP_364_918 U2_HSSTLP_LANE
Executing : def_inst_site {U_INST/U_GTP_HSSTLP_WRAPPER/CHANNEL2_ENABLE.U_GTP_HSSTLP_LANE2/gophsst} HSSTLP_364_918 U2_HSSTLP_LANE successfully
Executing : def_inst_site {U_INST/U_GTP_HSSTLP_WRAPPER/PLL0_ENABLE.U_GTP_HSSTLP_PLL0/gophsst} HSSTLP_364_918 U1_HSSTLP_PLL
Executing : def_inst_site {U_INST/U_GTP_HSSTLP_WRAPPER/PLL0_ENABLE.U_GTP_HSSTLP_PLL0/gophsst} HSSTLP_364_918 U1_HSSTLP_PLL successfully
Executing : def_inst_site {dl_I_ips_ddr_top/u_ddrphy_top/ddrphy_reset_ctrl/ddrphy_ioclk_gate[0]/opit_0_inv} CLMA_357_354 FF3
Executing : def_inst_site {dl_I_ips_ddr_top/u_ddrphy_top/ddrphy_reset_ctrl/ddrphy_ioclk_gate[0]/opit_0_inv} CLMA_357_354 FF3 successfully
Executing : def_inst_site {dl_I_ips_ddr_top/u_ddrphy_top/ddrphy_reset_ctrl/ddrphy_ioclk_gate[1]/opit_0_inv} CLMA_357_660 FF3
Executing : def_inst_site {dl_I_ips_ddr_top/u_ddrphy_top/ddrphy_reset_ctrl/ddrphy_ioclk_gate[1]/opit_0_inv} CLMA_357_660 FF3 successfully
Executing : def_inst_site {dl_I_ips_ddr_top/u_ddrphy_top/u_ddrphy_cpd/cpd_inst} DDRPHY_CPD_369_466
Executing : def_inst_site {dl_I_ips_ddr_top/u_ddrphy_top/u_ddrphy_cpd/cpd_inst} DDRPHY_CPD_369_466 successfully
Executing : def_inst_site {dl_u_ips2l_pcie_wrap/U_IPS2L_PCIE_TOP/U_IPS2L_HSSTLP_PCIE_SOFT_PHY/x2.GTP_HSST_2LANE_TOP/U_GTP_HSSTLP_WRAPPER/CHANNEL0_ENABLE.U_GTP_HSSTLP_LANE0/gophsst} HSSTLP_364_918 U0_HSSTLP_LANE
Executing : def_inst_site {dl_u_ips2l_pcie_wrap/U_IPS2L_PCIE_TOP/U_IPS2L_HSSTLP_PCIE_SOFT_PHY/x2.GTP_HSST_2LANE_TOP/U_GTP_HSSTLP_WRAPPER/CHANNEL0_ENABLE.U_GTP_HSSTLP_LANE0/gophsst} HSSTLP_364_918 U0_HSSTLP_LANE successfully
Executing : def_inst_site {dl_u_ips2l_pcie_wrap/U_IPS2L_PCIE_TOP/U_IPS2L_HSSTLP_PCIE_SOFT_PHY/x2.GTP_HSST_2LANE_TOP/U_GTP_HSSTLP_WRAPPER/CHANNEL1_ENABLE.U_GTP_HSSTLP_LANE1/gophsst} HSSTLP_364_918 U1_HSSTLP_LANE
Executing : def_inst_site {dl_u_ips2l_pcie_wrap/U_IPS2L_PCIE_TOP/U_IPS2L_HSSTLP_PCIE_SOFT_PHY/x2.GTP_HSST_2LANE_TOP/U_GTP_HSSTLP_WRAPPER/CHANNEL1_ENABLE.U_GTP_HSSTLP_LANE1/gophsst} HSSTLP_364_918 U1_HSSTLP_LANE successfully
Executing : def_inst_site {dl_u_ips2l_pcie_wrap/U_IPS2L_PCIE_TOP/U_IPS2L_HSSTLP_PCIE_SOFT_PHY/x2.GTP_HSST_2LANE_TOP/U_GTP_HSSTLP_WRAPPER/PLL0_ENABLE.U_GTP_HSSTLP_PLL0/gophsst} HSSTLP_364_918 U0_HSSTLP_PLL
Executing : def_inst_site {dl_u_ips2l_pcie_wrap/U_IPS2L_PCIE_TOP/U_IPS2L_HSSTLP_PCIE_SOFT_PHY/x2.GTP_HSST_2LANE_TOP/U_GTP_HSSTLP_WRAPPER/PLL0_ENABLE.U_GTP_HSSTLP_PLL0/gophsst} HSSTLP_364_918 U0_HSSTLP_PLL successfully
W: ConstraintEditor-4019: Port Bus 'o_pl_err' unspecified I/O constraint.
W: ConstraintEditor-4019: Port Bus 'o_rdecer_2' unspecified I/O constraint.
W: ConstraintEditor-4019: Port Bus 'o_rdisper_2' unspecified I/O constraint.
W: ConstraintEditor-4019: Port Bus 'o_rxstatus_2' unspecified I/O constraint.
W: ConstraintEditor-4019: Port Bus 'o_wtchdg_st_0' unspecified I/O constraint.
W: ConstraintEditor-4019: Port Bus 'pcie_rxn' unspecified I/O constraint.
W: ConstraintEditor-4019: Port Bus 'pcie_rxp' unspecified I/O constraint.
W: ConstraintEditor-4019: Port Bus 'pcie_txn' unspecified I/O constraint.
W: ConstraintEditor-4019: Port Bus 'pcie_txp' unspecified I/O constraint.
W: ConstraintEditor-4019: Port 'i_p_l2rxn' unspecified I/O constraint.
W: ConstraintEditor-4019: Port 'i_p_l2rxp' unspecified I/O constraint.
W: ConstraintEditor-4019: Port 'o_p_l2txn' unspecified I/O constraint.
W: ConstraintEditor-4019: Port 'o_p_l2txp' unspecified I/O constraint.
W: ConstraintEditor-4019: Port 'o_p_lx_cdr_align_2' unspecified I/O constraint.
W: ConstraintEditor-4019: Port 'o_p_pll_lock_0' unspecified I/O constraint.
W: ConstraintEditor-4019: Port 'o_p_rx_sigdet_sta_2' unspecified I/O constraint.
W: ConstraintEditor-4019: Port 'o_pll_done_0' unspecified I/O constraint.
W: ConstraintEditor-4019: Port 'o_rxlane_done_2' unspecified I/O constraint.
W: ConstraintEditor-4019: Port 'o_txlane_done_2' unspecified I/O constraint.
W: ConstraintEditor-4019: Port 'tx_disable' unspecified I/O constraint.
Constraint check end.
I: Column Clock Check open.
Read Column Clock Map.

Placement started.
Phase 1 Pre global placement started.
Mapping instance GRS_INST/grs_ccs to CCS_87_316.
Mapping instance dl_u_ips2l_pcie_wrap/U_IPS2L_PCIE_TOP/U_IPS2L_PCIE_HARD_CTRL/u_gtp_pcie/gateop to PCIE_315_918.
Mapping instance u_CORES/u_GTP_SCANCHAIN_PG/scanchain to SCANCHAIN_88_312.
Mapping instance dl_I_ips_ddr_top/u_ddrphy_top/ddrphy_gpll/u_gpll/gpll_inst to GPLL_367_463.
Mapping instance dl_I_ips_ddr_top/u_ddrphy_top/ddrphy_slice_top/i_dqs_bank[0].u_ddrphy_ioclkdiv/ddrphy_ioclk_div_inst to DDRPHY_IOCLK_DIV_368_310.
Mapping instance dl_I_ips_ddr_top/u_ddrphy_top/ddrphy_slice_top/i_dqs_bank[0].ddrphy_ppll/u_ppll/ppll_inst to PPLL_367_307.
Mapping instance dl_I_ips_ddr_top/u_ddrphy_top/ddrphy_slice_top/i_ca_group[0].u_ddc_ca/ddc_inst to DDR_PHY_369_465.
Mapping instance dl_I_ips_ddr_top/u_ddrphy_top/ddrphy_slice_top/i_ca_group[1].u_ddc_ca/ddc_inst to DDR_PHY_369_463.
Mapping instance dl_I_ips_ddr_top/u_ddrphy_top/ddrphy_slice_top/i_ca_group[2].u_ddc_ca/ddc_inst to DDR_PHY_369_309.
Mapping instance dl_I_ips_ddr_top/u_ddrphy_top/ddrphy_slice_top/i_dqs_bank[1].u_ddrphy_ioclkdiv/ddrphy_ioclk_div_inst to DDRPHY_IOCLK_DIV_368_616.
Mapping instance dl_I_ips_ddr_top/u_ddrphy_top/ddrphy_slice_top/i_dqs_bank[1].ddrphy_ppll/u_ppll/ppll_inst to PPLL_367_613.
Mapping instance dl_I_ips_ddr_top/u_ddrphy_top/ddrphy_slice_top/i_dqs_group[0].ddrphy_data_slice/u_ddc_dq/ddc_inst_PHY to DDR_PHY_369_613.
Mapping instance dl_I_ips_ddr_top/u_ddrphy_top/ddrphy_slice_top/i_dqs_group[1].ddrphy_data_slice/u_ddc_dq/ddc_inst_PHY to DDR_PHY_369_615.
Phase 1.1 1st GP placement started.
Design Utilization : 15%.
First map gop timing takes 3.66 sec
Worst slack after clock region global placement is -4107
Wirelength after clock region global placement is 307340 and checksum is 4020CE8146044176.
1st GP placement takes 13.78 sec.

Phase 1.2 Clock placement started.
Mapping instance dl_I_ips_ddr_top/u_ddrphy_top/ddrphy_slice_top/i_dqs_bank[0].u_clkbufr/goprclk to RCKB_363_456.
Mapping instance dl_I_ips_ddr_top/u_ddrphy_top/ddrphy_slice_top/i_dqs_bank[1].u_clkbufr/goprclk to RCKB_363_762.
Mapping instance dl_I_ips_ddr_top/u_ddrphy_top/u_clkbufm/clkbufm_inst to MRCKB_361_456.
C: Place-2028: REGION_CLOCK: the driver cam2_pclk_ibuf/opit_1 fixed at IOLHR_16_318 is unreasonable. Sub-optimal placement for a clock source and a clock buffer.
Mapping instance dl_cmos2_8_16bit/dl_u_GTP_IOCLKDIV/iockdiv_inst to RCKB_9_150.
Mapping instance dl_cmosfmc_8_16bit/dl_u_GTP_IOCLKDIV/iockdiv_inst to RCKB_9_1068.
C: Place-2028: REGION_CLOCK: the driver cam1_pclk_ibuf/opit_1 fixed at IOLHR_16_360 is unreasonable. Sub-optimal placement for a clock source and a clock buffer.
Mapping instance dl_cmos1_8_16bit/dl_u_GTP_IOCLKDIV/iockdiv_inst to RCKB_9_151.
Mapping instance clkbufg_3/gopclkbufg to USCM_215_624.
Mapping instance dl_I_ips_ddr_top/u_ddrphy_top/u_sysclk_bufg/gopclkbufg to USCM_215_576.
Mapping instance clkbufg_4/gopclkbufg to USCM_215_627.
Mapping instance dl_u_ips2l_pcie_wrap/U_IPS2L_PCIE_TOP/U_IPS2L_HSSTLP_PCIE_SOFT_PHY/u_clkbufg/gopclkbufg to USCM_215_630.
Mapping instance clkbufg_6/gopclkbufg to USCM_215_633.
Mapping instance clkbufg_12/gopclkbufg to USCM_215_636.
Mapping instance dl_pll_inst/u_gpll/gpll_inst to GPLL_7_463.
Mapping instance clkbufg_10/gopclkbufg to USCM_215_579.
Mapping instance clkbufg_11/gopclkbufg to USCM_215_582.
Mapping instance dl_I_ips_ddr_top/u_ddrphy_top/rst_clk_gpll/u_gpll/gpll_inst to GPLL_7_157.
Mapping instance dl_I_ips_ddr_top/u_ddrphy_top/u_rst_clk_bufg/gopclkbufg to USCM_215_585.
C: Place-2028: GLOBAL_CLOCK: the driver u_CORES/u_GTP_SCANCHAIN_PG/scanchain fixed at SCANCHAIN_88_312 is unreasonable. Sub-optimal placement for a clock source and a clock buffer.
Mapping instance clkbufg_5/gopclkbufg to USCM_215_588.
C: Place-2028: GLOBAL_CLOCK: the driver cam1_pclk_ibuf/opit_1 fixed at IOLHR_16_360 is unreasonable. Sub-optimal placement for a clock source and a clock buffer.
Mapping instance clkbufg_7/gopclkbufg to USCM_215_591.
C: Place-2028: GLOBAL_CLOCK: the driver cam2_pclk_ibuf/opit_1 fixed at IOLHR_16_318 is unreasonable. Sub-optimal placement for a clock source and a clock buffer.
Mapping instance clkbufg_8/gopclkbufg to USCM_215_594.
Mapping instance clkbufg_9/gopclkbufg to USCM_215_639.
Clock placement takes 0.44 sec.

Wirelength after Pre Global Placement is 307340 and checksum is 4020CE8146044176.
Pre global placement takes 15.22 sec.

Phase 2 Global placement started.
Phase 2.1 Fixed placement started.
Placed fixed group with base inst cam1_data_ibuf[0]/opit_1 on IOLHR_16_450.
Placed fixed group with base inst cam1_data_ibuf[1]/opit_1 on IOLHR_16_426.
Placed fixed group with base inst cam1_data_ibuf[2]/opit_1 on IOLHR_16_420.
Placed fixed group with base inst cam1_data_ibuf[3]/opit_1 on IOLHR_16_432.
Placed fixed group with base inst cam1_data_ibuf[4]/opit_1 on IOLHR_16_666.
Placed fixed group with base inst cam1_data_ibuf[5]/opit_1 on IOLHR_16_486.
Placed fixed group with base inst cam1_data_ibuf[6]/opit_1 on IOLHR_16_444.
Placed fixed group with base inst cam1_data_ibuf[7]/opit_1 on IOLHR_16_492.
Placed fixed group with base inst cam1_href_ibuf/opit_1 on IOLHR_16_306.
Placed fixed group with base inst cam1_pclk_ibuf/opit_1 on IOLHR_16_360.
Placed fixed group with base inst cam1_reset_n_obuf/opit_1 on IOLHR_16_438.
Placed fixed group with base inst cam1_scl_iobuf/opit_1 on IOLHR_16_372.
Placed fixed group with base inst cam1_vsync_ibuf/opit_1 on IOLHR_16_408.
Placed fixed group with base inst cam2_data_ibuf[0]/opit_1 on IOLHR_16_390.
Placed fixed group with base inst cam2_data_ibuf[1]/opit_1 on IOLHR_16_474.
Placed fixed group with base inst cam2_data_ibuf[2]/opit_1 on IOLHR_16_336.
Placed fixed group with base inst cam2_data_ibuf[3]/opit_1 on IOLHR_16_342.
Placed fixed group with base inst cam2_data_ibuf[4]/opit_1 on IOLHR_16_468.
Placed fixed group with base inst cam2_data_ibuf[5]/opit_1 on IOLHR_16_462.
Placed fixed group with base inst cam2_data_ibuf[6]/opit_1 on IOLHR_16_348.
Placed fixed group with base inst cam2_data_ibuf[7]/opit_1 on IOLHR_16_396.
Placed fixed group with base inst cam2_href_ibuf/opit_1 on IOLHR_16_384.
Placed fixed group with base inst cam2_pclk_ibuf/opit_1 on IOLHR_16_318.
Placed fixed group with base inst cam2_reset_n_obuf/opit_1 on IOLHR_16_510.
Placed fixed group with base inst cam2_scl_iobuf/opit_1 on IOLHR_16_480.
Placed fixed group with base inst cam2_vsync_ibuf/opit_1 on IOLHR_16_312.
Placed fixed group with base inst cam_fmc_data_ibuf[0]/opit_1 on IOLHR_16_1056.
Placed fixed group with base inst cam_fmc_data_ibuf[1]/opit_1 on IOLHR_16_1134.
Placed fixed group with base inst cam_fmc_data_ibuf[2]/opit_1 on IOLHR_16_1140.
Placed fixed group with base inst cam_fmc_data_ibuf[3]/opit_1 on IOLHR_16_1176.
Placed fixed group with base inst cam_fmc_data_ibuf[4]/opit_1 on IOLHR_16_984.
Placed fixed group with base inst cam_fmc_data_ibuf[5]/opit_1 on IOLHR_16_1032.
Placed fixed group with base inst cam_fmc_data_ibuf[6]/opit_1 on IOLHR_16_1164.
Placed fixed group with base inst cam_fmc_data_ibuf[7]/opit_1 on IOLHR_16_1158.
Placed fixed group with base inst cam_fmc_href_ibuf/opit_1 on IOLHR_16_1110.
Placed fixed group with base inst cam_fmc_pclk_ibuf/opit_1 on IOLHR_16_1062.
Placed fixed group with base inst cam_fmc_reset_n_obuf/opit_1 on IOLHR_16_1122.
Placed fixed group with base inst cam_fmc_scl_iobuf/opit_1 on IOLHR_16_1170.
Placed fixed group with base inst cam_fmc_vsync_ibuf/opit_1 on IOLHR_16_1116.
Placed fixed group with base inst cam_init_done_obuf[0]/opit_1 on IOLHR_16_612.
Placed fixed group with base inst cam_init_done_obuf[1]/opit_1 on IOLHR_16_912.
Placed fixed group with base inst ddr3_rst_n_obuf/opit_1 on IOLHR_364_606.
Placed fixed group with base inst dl_I_ips_ddr_top/u_ddrphy_top/ddrphy_slice_top/i_dqs_group[0].ddrphy_data_slice/dq_loop[0].u_iobuf_dq/opit_1 on IOLHR_364_624.
Placed fixed group with base inst dl_I_ips_ddr_top/u_ddrphy_top/ddrphy_slice_top/i_dqs_group[0].ddrphy_data_slice/dq_loop[1].u_iobuf_dq/opit_1 on IOLHR_364_630.
Placed fixed group with base inst dl_I_ips_ddr_top/u_ddrphy_top/ddrphy_slice_top/i_dqs_group[0].ddrphy_data_slice/dq_loop[2].u_iobuf_dq/opit_1 on IOLHR_364_636.
Placed fixed group with base inst dl_I_ips_ddr_top/u_ddrphy_top/ddrphy_slice_top/i_dqs_group[0].ddrphy_data_slice/dq_loop[3].u_iobuf_dq/opit_1 on IOLHR_364_642.
Placed fixed group with base inst dl_I_ips_ddr_top/u_ddrphy_top/ddrphy_slice_top/i_dqs_group[0].ddrphy_data_slice/dq_loop[4].u_iobuf_dq/opit_1 on IOLHR_364_648.
Placed fixed group with base inst dl_I_ips_ddr_top/u_ddrphy_top/ddrphy_slice_top/i_dqs_group[0].ddrphy_data_slice/dq_loop[5].u_iobuf_dq/opit_1 on IOLHR_364_666.
Placed fixed group with base inst dl_I_ips_ddr_top/u_ddrphy_top/ddrphy_slice_top/i_dqs_group[0].ddrphy_data_slice/dq_loop[6].u_iobuf_dq/opit_1 on IOLHR_364_672.
Placed fixed group with base inst dl_I_ips_ddr_top/u_ddrphy_top/ddrphy_slice_top/i_dqs_group[0].ddrphy_data_slice/dq_loop[7].u_iobuf_dq/opit_1 on IOLHR_364_684.
Placed fixed group with base inst dl_I_ips_ddr_top/u_ddrphy_top/ddrphy_slice_top/i_dqs_group[0].ddrphy_data_slice/genblk1.u_iobufco_dqs/opit_2 on IOLHR_364_660.
Placed fixed group with base inst dl_I_ips_ddr_top/u_ddrphy_top/ddrphy_slice_top/i_dqs_group[0].ddrphy_data_slice/u_outbuft_dm/opit_1 on IOLHR_364_618.
Placed fixed group with base inst dl_I_ips_ddr_top/u_ddrphy_top/ddrphy_slice_top/i_dqs_group[1].ddrphy_data_slice/dq_loop[0].u_iobuf_dq/opit_1 on IOLHR_364_702.
Placed fixed group with base inst dl_I_ips_ddr_top/u_ddrphy_top/ddrphy_slice_top/i_dqs_group[1].ddrphy_data_slice/dq_loop[1].u_iobuf_dq/opit_1 on IOLHR_364_708.
Placed fixed group with base inst dl_I_ips_ddr_top/u_ddrphy_top/ddrphy_slice_top/i_dqs_group[1].ddrphy_data_slice/dq_loop[2].u_iobuf_dq/opit_1 on IOLHR_364_714.
Placed fixed group with base inst dl_I_ips_ddr_top/u_ddrphy_top/ddrphy_slice_top/i_dqs_group[1].ddrphy_data_slice/dq_loop[3].u_iobuf_dq/opit_1 on IOLHR_364_720.
Placed fixed group with base inst dl_I_ips_ddr_top/u_ddrphy_top/ddrphy_slice_top/i_dqs_group[1].ddrphy_data_slice/dq_loop[4].u_iobuf_dq/opit_1 on IOLHR_364_738.
Placed fixed group with base inst dl_I_ips_ddr_top/u_ddrphy_top/ddrphy_slice_top/i_dqs_group[1].ddrphy_data_slice/dq_loop[5].u_iobuf_dq/opit_1 on IOLHR_364_744.
Placed fixed group with base inst dl_I_ips_ddr_top/u_ddrphy_top/ddrphy_slice_top/i_dqs_group[1].ddrphy_data_slice/dq_loop[6].u_iobuf_dq/opit_1 on IOLHR_364_750.
Placed fixed group with base inst dl_I_ips_ddr_top/u_ddrphy_top/ddrphy_slice_top/i_dqs_group[1].ddrphy_data_slice/dq_loop[7].u_iobuf_dq/opit_1 on IOLHR_364_756.
Placed fixed group with base inst dl_I_ips_ddr_top/u_ddrphy_top/ddrphy_slice_top/i_dqs_group[1].ddrphy_data_slice/genblk1.u_iobufco_dqs/opit_2 on IOLHR_364_732.
Placed fixed group with base inst dl_I_ips_ddr_top/u_ddrphy_top/ddrphy_slice_top/i_dqs_group[1].ddrphy_data_slice/u_outbuft_dm/opit_1 on IOLHR_364_696.
Placed fixed group with base inst dl_I_ips_ddr_top/u_ddrphy_top/ddrphy_slice_top/i_mem_addr_0[0].u_outbuft_addr0/opit_1 on IOLHR_364_600.
Placed fixed group with base inst dl_I_ips_ddr_top/u_ddrphy_top/ddrphy_slice_top/i_mem_addr_0[1].u_outbuft_addr0/opit_1 on IOLHR_364_594.
Placed fixed group with base inst dl_I_ips_ddr_top/u_ddrphy_top/ddrphy_slice_top/i_mem_addr_0[2].u_outbuft_addr0/opit_1 on IOLHR_364_588.
Placed fixed group with base inst dl_I_ips_ddr_top/u_ddrphy_top/ddrphy_slice_top/i_mem_addr_0[3].u_outbuft_addr0/opit_1 on IOLHR_364_582.
Placed fixed group with base inst dl_I_ips_ddr_top/u_ddrphy_top/ddrphy_slice_top/i_mem_addr_0[4].u_outbuft_addr0/opit_1 on IOLHR_364_576.
Placed fixed group with base inst dl_I_ips_ddr_top/u_ddrphy_top/ddrphy_slice_top/i_mem_addr_0[5].u_outbuft_addr0/opit_1 on IOLHR_364_570.
Placed fixed group with base inst dl_I_ips_ddr_top/u_ddrphy_top/ddrphy_slice_top/i_mem_addr_0[6].u_outbuft_addr0/opit_1 on IOLHR_364_564.
Placed fixed group with base inst dl_I_ips_ddr_top/u_ddrphy_top/ddrphy_slice_top/i_mem_addr_0[7].u_outbuft_addr0/opit_1 on IOLHR_364_558.
Placed fixed group with base inst dl_I_ips_ddr_top/u_ddrphy_top/ddrphy_slice_top/i_mem_addr_0[8].u_outbuft_addr0/opit_1 on IOLHR_364_552.
Placed fixed group with base inst dl_I_ips_ddr_top/u_ddrphy_top/ddrphy_slice_top/i_mem_addr_0[9].u_outbuft_addr0/opit_1 on IOLHR_364_546.
Placed fixed group with base inst dl_I_ips_ddr_top/u_ddrphy_top/ddrphy_slice_top/i_mem_addr_0[10].u_outbuft_addr0/opit_1 on IOLHR_364_540.
Placed fixed group with base inst dl_I_ips_ddr_top/u_ddrphy_top/ddrphy_slice_top/i_mem_addr_0[11].u_outbuft_addr0/opit_1 on IOLHR_364_528.
Placed fixed group with base inst dl_I_ips_ddr_top/u_ddrphy_top/ddrphy_slice_top/i_mem_addr_0[12].u_outbuft_addr0/opit_1 on IOLHR_364_522.
Placed fixed group with base inst dl_I_ips_ddr_top/u_ddrphy_top/ddrphy_slice_top/i_mem_addr_0[13].u_outbuft_addr0/opit_1 on IOLHR_364_516.
Placed fixed group with base inst dl_I_ips_ddr_top/u_ddrphy_top/ddrphy_slice_top/i_mem_addr_0[14].u_outbuft_addr0/opit_1 on IOLHR_364_510.
Placed fixed group with base inst dl_I_ips_ddr_top/u_ddrphy_top/ddrphy_slice_top/k_mem_ba[0].u_outbuft_ba/opit_1 on IOLHR_364_498.
Placed fixed group with base inst dl_I_ips_ddr_top/u_ddrphy_top/ddrphy_slice_top/k_mem_ba[1].u_outbuft_ba/opit_1 on IOLHR_364_492.
Placed fixed group with base inst dl_I_ips_ddr_top/u_ddrphy_top/ddrphy_slice_top/k_mem_ba[2].u_outbuft_ba/opit_1 on IOLHR_364_486.
Placed fixed group with base inst dl_I_ips_ddr_top/u_ddrphy_top/ddrphy_slice_top/u_outbuft_casn/opit_1 on IOLHR_364_414.
Placed fixed group with base inst dl_I_ips_ddr_top/u_ddrphy_top/ddrphy_slice_top/u_outbuft_cke/opit_1 on IOLHR_364_462.
Placed fixed group with base inst dl_I_ips_ddr_top/u_ddrphy_top/ddrphy_slice_top/u_outbuft_csn/opit_1 on IOLHR_364_408.
Placed fixed group with base inst dl_I_ips_ddr_top/u_ddrphy_top/ddrphy_slice_top/u_outbuft_odt/opit_1 on IOLHR_364_402.
Placed fixed group with base inst dl_I_ips_ddr_top/u_ddrphy_top/ddrphy_slice_top/u_outbuft_rasn/opit_1 on IOLHR_364_420.
Placed fixed group with base inst dl_I_ips_ddr_top/u_ddrphy_top/ddrphy_slice_top/u_outbuft_wen/opit_1 on IOLHR_364_426.
Placed fixed group with base inst dl_I_ips_ddr_top/u_ddrphy_top/ddrphy_slice_top/u_outbuftco_ck/opit_3 on IOLHR_364_480.
Placed fixed group with base inst dl_coms1_reg_config.dl_u1.i2c_sdat_tri/opit_1 on IOLHR_16_378.
Placed fixed group with base inst dl_coms2_reg_config.dl_u1.i2c_sdat_tri/opit_1 on IOLHR_16_354.
Placed fixed group with base inst dl_comsfmc_reg_config.dl_u1.i2c_sdat_tri/opit_1 on IOLHR_16_1200.
Placed fixed group with base inst dl_u_ips2l_pcie_wrap/U_IPS2L_PCIE_TOP/U_IPS2L_HSSTLP_PCIE_SOFT_PHY/x2.GTP_HSST_2LANE_TOP/U_GTP_HSSTLP_WRAPPER/CHANNEL0_ENABLE.U_GTP_HSSTLP_LANE0/gophsst on HSSTLP_364_918.
Placed fixed group with base inst sys_clk_ibuf/opit_1 on IOLHR_364_468.
Placed fixed group with base inst sys_rst_n_ibuf/opit_1 on IOLHR_16_624.
Placed fixed instance U_INST/U_GTP_HSSTLP_WRAPPER/CHANNEL2_ENABLE.U_GTP_HSSTLP_LANE2/gophsst on HSSTLP_364_918.
Placed fixed instance U_INST/U_GTP_HSSTLP_WRAPPER/PLL0_ENABLE.U_GTP_HSSTLP_PLL0/gophsst on HSSTLP_364_918.
Placed fixed instance dl_I_ips_ddr_top/u_ddrphy_top/ddrphy_reset_ctrl/ddrphy_ioclk_gate[0]/opit_0_inv on CLMA_357_354.
Placed fixed instance dl_I_ips_ddr_top/u_ddrphy_top/ddrphy_reset_ctrl/ddrphy_ioclk_gate[1]/opit_0_inv on CLMA_357_660.
Placed fixed instance dl_u_ips2l_pcie_wrap/U_IPS2L_PCIE_TOP/U_IPS2L_HSSTLP_PCIE_SOFT_PHY/x2.GTP_HSST_2LANE_TOP/U_GTP_HSSTLP_WRAPPER/PLL0_ENABLE.U_GTP_HSSTLP_PLL0/gophsst on HSSTLP_364_918.
Placed fixed instance GRS_INST/grs_ccs on CCS_87_316.
Placed fixed instance clkbufg_3/gopclkbufg on USCM_215_624.
Placed fixed instance clkbufg_4/gopclkbufg on USCM_215_627.
Placed fixed instance clkbufg_5/gopclkbufg on USCM_215_588.
Placed fixed instance clkbufg_6/gopclkbufg on USCM_215_633.
Placed fixed instance clkbufg_7/gopclkbufg on USCM_215_591.
Placed fixed instance clkbufg_8/gopclkbufg on USCM_215_594.
Placed fixed instance clkbufg_9/gopclkbufg on USCM_215_639.
Placed fixed instance clkbufg_10/gopclkbufg on USCM_215_579.
Placed fixed instance clkbufg_11/gopclkbufg on USCM_215_582.
Placed fixed instance clkbufg_12/gopclkbufg on USCM_215_636.
Placed fixed instance dl_I_ips_ddr_top/u_ddrphy_top/ddrphy_gpll/u_gpll/gpll_inst on GPLL_367_463.
Placed fixed instance dl_I_ips_ddr_top/u_ddrphy_top/ddrphy_slice_top/i_ca_group[0].u_ddc_ca/ddc_inst on DDR_PHY_369_465.
Placed fixed instance dl_I_ips_ddr_top/u_ddrphy_top/ddrphy_slice_top/i_ca_group[1].u_ddc_ca/ddc_inst on DDR_PHY_369_463.
Placed fixed instance dl_I_ips_ddr_top/u_ddrphy_top/ddrphy_slice_top/i_ca_group[2].u_ddc_ca/ddc_inst on DDR_PHY_369_309.
Placed fixed instance dl_I_ips_ddr_top/u_ddrphy_top/ddrphy_slice_top/i_dqs_bank[0].ddrphy_ppll/u_ppll/ppll_inst on PPLL_367_307.
Placed fixed instance dl_I_ips_ddr_top/u_ddrphy_top/ddrphy_slice_top/i_dqs_bank[0].u_clkbufr/goprclk on RCKB_363_456.
Placed fixed instance dl_I_ips_ddr_top/u_ddrphy_top/ddrphy_slice_top/i_dqs_bank[0].u_ddrphy_ioclkdiv/ddrphy_ioclk_div_inst on DDRPHY_IOCLK_DIV_368_310.
Placed fixed instance dl_I_ips_ddr_top/u_ddrphy_top/ddrphy_slice_top/i_dqs_bank[1].ddrphy_ppll/u_ppll/ppll_inst on PPLL_367_613.
Placed fixed instance dl_I_ips_ddr_top/u_ddrphy_top/ddrphy_slice_top/i_dqs_bank[1].u_clkbufr/goprclk on RCKB_363_762.
Placed fixed instance dl_I_ips_ddr_top/u_ddrphy_top/ddrphy_slice_top/i_dqs_bank[1].u_ddrphy_ioclkdiv/ddrphy_ioclk_div_inst on DDRPHY_IOCLK_DIV_368_616.
Placed fixed instance dl_I_ips_ddr_top/u_ddrphy_top/ddrphy_slice_top/i_dqs_group[0].ddrphy_data_slice/u_ddc_dq/ddc_inst_PHY on DDR_PHY_369_613.
Placed fixed instance dl_I_ips_ddr_top/u_ddrphy_top/ddrphy_slice_top/i_dqs_group[1].ddrphy_data_slice/u_ddc_dq/ddc_inst_PHY on DDR_PHY_369_615.
Placed fixed instance dl_I_ips_ddr_top/u_ddrphy_top/rst_clk_gpll/u_gpll/gpll_inst on GPLL_7_157.
Placed fixed instance dl_I_ips_ddr_top/u_ddrphy_top/u_clkbufm/clkbufm_inst on MRCKB_361_456.
Placed fixed instance dl_I_ips_ddr_top/u_ddrphy_top/u_ddrphy_cpd/cpd_inst on DDRPHY_CPD_369_466.
Placed fixed instance dl_I_ips_ddr_top/u_ddrphy_top/u_rst_clk_bufg/gopclkbufg on USCM_215_585.
Placed fixed instance dl_I_ips_ddr_top/u_ddrphy_top/u_sysclk_bufg/gopclkbufg on USCM_215_576.
Placed fixed instance dl_cmos1_8_16bit/dl_u_GTP_IOCLKDIV/iockdiv_inst on RCKB_9_151.
Placed fixed instance dl_cmos2_8_16bit/dl_u_GTP_IOCLKDIV/iockdiv_inst on RCKB_9_150.
Placed fixed instance dl_cmosfmc_8_16bit/dl_u_GTP_IOCLKDIV/iockdiv_inst on RCKB_9_1068.
Placed fixed instance dl_pll_inst/u_gpll/gpll_inst on GPLL_7_463.
Placed fixed instance dl_u_ips2l_pcie_wrap/U_IPS2L_PCIE_TOP/U_IPS2L_HSSTLP_PCIE_SOFT_PHY/u_clkbufg/gopclkbufg on USCM_215_630.
Placed fixed instance dl_u_ips2l_pcie_wrap/U_IPS2L_PCIE_TOP/U_IPS2L_PCIE_HARD_CTRL/u_gtp_pcie/gateop on PCIE_315_918.
Placed fixed instance pcie_refclk_n_ibuf_hsst on SPAD_363_922.
Placed fixed instance pcie_refclk_p_ibuf_hsst on SPAD_363_921.
Placed fixed instance u_CORES/u_GTP_SCANCHAIN_PG/scanchain on SCANCHAIN_88_312.
Placed fixed instance BKCL_auto_0 on BKCL_1_952.
Placed fixed instance BKCL_auto_1 on BKCL_1_646.
Placed fixed instance BKCL_auto_2 on BKCL_1_340.
Placed fixed instance BKCL_auto_3 on BKCL_373_646.
Placed fixed instance BKCL_auto_4 on BKCL_373_340.
Fixed placement takes 0.52 sec.

Phase 2.2 Process placement started.
I: The IO driver of dl_I_ips_ddr_top/u_ddrphy_top/rst_clk_gpll/u_gpll/gpll_inst(CLKIN1) is not constraint at pllpad, its clock path will pass through SRB.
I: The IO driver of dl_pll_inst/u_gpll/gpll_inst(CLKIN1) is not constraint at pllpad, its clock path will pass through SRB.
Process placement takes 0.02 sec.

Phase 2.3 IO placement started.
IO placement takes 0.17 sec.

Phase 2.4 2nd GP placement started.
Run super clustering :
	Initial slack -5814.
	1 iterations finished.
	Final slack -5814.
Super clustering done.
Design Utilization : 15%.
Worst slack after global placement is -7061
2nd GP placement takes 14.42 sec.

Wirelength after global placement is 189083 and checksum is 87C85080D8E58198.
Global placement takes 15.16 sec.

Phase 3 Post global placement started.
Packing LUT6D started.
I: LUT6D pack result: There are 3496 LUT6 in collection, pack success:105
Packing LUT6D takes 2.31 sec.
Phase 3.1 Macro cell placement started.
I: Process macros using "Greedy".
Wirelength after macro cell placement is 203747 and checksum is 9807EC601F04C1A1.
Macro cell placement takes 0.14 sec.

Phase 3.2 3rd GP placement started.
Run super clustering :
	Initial slack -5814.
	1 iterations finished.
	Final slack -5814.
Super clustering done.
Design Utilization : 15%.
Worst slack after post global placement is -7258
3rd GP placement takes 6.86 sec.

Wirelength after post global placement is 160855 and checksum is 6223B6910EB5B45A.
Packing LUT6D started.
I: LUT6D pack result: There are 3307 LUT6 in collection, pack success:18
Packing LUT6D takes 2.17 sec.
Post global placement takes 11.53 sec.

Phase 4 Legalization started.
The average distance in LP is 0.823253.
Wirelength after legalization is 188656 and checksum is E767938B46CECA80.
Legalization takes 1.83 sec.

Phase 5 Timing-driven detailed placement started.
Phase 5.1 Replication placement started.
Worst slack before Replication Place is -6101.
Replication placement takes 1.62 sec.

Wirelength after replication placement is 188884 and checksum is BAD1286D41290105.
Phase 5.2 Swapping placement started.
Worst slack before detailed placement is -5807, TNS before detailed placement is -587213. 
Cost at Swap iteration 0 : -5807, wslk -5866, tns -586806, takes 0.17 sec.
Cost at DP iteration 0 : -5866, wslk -5690, tns -573789, takes 0.11 sec.
Cost at Swap iteration 1 : -5690, wslk -5690, tns -572609, takes 0.16 sec.
Cost at Swap iteration 2 : -5690, wslk -5811, tns -572002, takes 0.47 sec.
Cost at DP iteration 2 : -5811, wslk -5704, tns -570440, takes 0.58 sec.
Cost at Swap iteration 3 : -5704, wslk -5704, tns -570523, takes 0.16 sec.
Worst slack after detailed placement is -5704, TNS after detailed placement is -570523. 
Swapping placement takes 2.59 sec.

I: Place-6001: Add the new FF instances CLMA_81_462(/FFAPP2/FF) CLMS_75_637(/FFAPP2/FF) CLMA_159_570(/FFAPP0/FF) CLMA_159_612(/FFAPP0/FF) replicated by the FF instance CLMS_63_607(/FFAPP2/FF) .
Origin dl_I_ips_ddr_top/u_ddrphy_top/ddrphy_dfi/dfi_init_complete/opit_0_inv_L5Q replicates:
    CLMA_81_462(/FFAPP2/FF)  : dl_I_ips_ddr_top/u_ddrphy_top/ddrphy_dfi/dfi_init_complete/opit_0_inv_L5Q_1(gopLUT6L5Q)
    CLMS_75_637(/FFAPP2/FF)  : dl_I_ips_ddr_top/u_ddrphy_top/ddrphy_dfi/dfi_init_complete/opit_0_inv_L5Q_2(gopLUT6L5Q)
    CLMA_159_570(/FFAPP0/FF)  : dl_I_ips_ddr_top/u_ddrphy_top/ddrphy_dfi/dfi_init_complete/opit_0_inv_L5Q_3(gopLUT6L5Q)
    CLMA_159_612(/FFAPP0/FF)  : dl_I_ips_ddr_top/u_ddrphy_top/ddrphy_dfi/dfi_init_complete/opit_0_inv_L5Q_4(gopLUT6L5Q)
Wirelength after detailed placement is 190082 and checksum is E4118A2E4DDDA773.
Timing-driven detailed placement takes 4.27 sec.

Worst slack is -5724, TNS after placement is -1023706.
Placement done.
Total placement takes 54.98 sec.
Finished placement.

Routing started.
Building routing graph takes 5.56 sec.
Worst slack is -5724, TNS before global route is -1023706.
Processing design graph takes 3.14 sec.
Total memory for routing:
	230.379199 M.
Total nets for routing : 22653.
Global Routing step 1 processed 0 nets, it takes 7.03 sec.
Rcf routing step 1 processed 0 nets, it takes 0.00 sec.
Rcf routing step 2 processed 0 nets, it takes 0.00 sec.
Rcf routing step 3 processed 0 nets, it takes 0.00 sec.
Unrouted nets 0 at the end of iteration 0.
Global Routing step 1 processed 64 nets, it takes 0.06 sec.
Unrouted nets 239 at the end of iteration 0.
Unrouted nets 152 at the end of iteration 1.
Unrouted nets 77 at the end of iteration 2.
Unrouted nets 46 at the end of iteration 3.
Unrouted nets 30 at the end of iteration 4.
Unrouted nets 18 at the end of iteration 5.
Unrouted nets 15 at the end of iteration 6.
Unrouted nets 9 at the end of iteration 7.
Unrouted nets 2 at the end of iteration 8.
Unrouted nets 0 at the end of iteration 9.
Global Routing step 2 processed 486 nets, it takes 1.89 sec.
Unrouted nets 4 at the end of iteration 0.
Unrouted nets 0 at the end of iteration 1.
Global Routing step 3 processed 7 nets, it takes 0.06 sec.
Unrouted nets 450 at the end of iteration 0.
Unrouted nets 248 at the end of iteration 1.
Unrouted nets 139 at the end of iteration 2.
Unrouted nets 64 at the end of iteration 3.
Unrouted nets 36 at the end of iteration 4.
Unrouted nets 16 at the end of iteration 5.
Unrouted nets 10 at the end of iteration 6.
Unrouted nets 4 at the end of iteration 7.
Unrouted nets 2 at the end of iteration 8.
Unrouted nets 0 at the end of iteration 9.
Global Routing step 4 processed 813 nets, it takes 2.45 sec.
Global routing takes 4.59 sec.
Total 24797 subnets.
    forward max bucket size 56788 , backward 437.
        Unrouted nets 16480 at the end of iteration 0.
    route iteration 0, CPU time elapsed 6.984375 sec.
    forward max bucket size 30926 , backward 467.
        Unrouted nets 13022 at the end of iteration 1.
    route iteration 1, CPU time elapsed 5.578125 sec.
    forward max bucket size 26898 , backward 467.
        Unrouted nets 10558 at the end of iteration 2.
    route iteration 2, CPU time elapsed 5.046875 sec.
    forward max bucket size 28397 , backward 461.
        Unrouted nets 8731 at the end of iteration 3.
    route iteration 3, CPU time elapsed 4.218750 sec.
    forward max bucket size 87725 , backward 741.
        Unrouted nets 7275 at the end of iteration 4.
    route iteration 4, CPU time elapsed 4.515625 sec.
    forward max bucket size 795 , backward 439.
        Unrouted nets 7222 at the end of iteration 5.
    route iteration 5, CPU time elapsed 2.390625 sec.
    forward max bucket size 510 , backward 426.
        Unrouted nets 6252 at the end of iteration 6.
    route iteration 6, CPU time elapsed 2.078125 sec.
    forward max bucket size 653 , backward 442.
        Unrouted nets 5183 at the end of iteration 7.
    route iteration 7, CPU time elapsed 1.859375 sec.
    forward max bucket size 671 , backward 383.
        Unrouted nets 4424 at the end of iteration 8.
    route iteration 8, CPU time elapsed 1.515625 sec.
    forward max bucket size 855 , backward 741.
        Unrouted nets 3657 at the end of iteration 9.
    route iteration 9, CPU time elapsed 1.375000 sec.
    forward max bucket size 505 , backward 283.
        Unrouted nets 3167 at the end of iteration 10.
    route iteration 10, CPU time elapsed 1.187500 sec.
    forward max bucket size 22138 , backward 472.
        Unrouted nets 2635 at the end of iteration 11.
    route iteration 11, CPU time elapsed 1.218750 sec.
    forward max bucket size 523 , backward 458.
        Unrouted nets 2080 at the end of iteration 12.
    route iteration 12, CPU time elapsed 0.859375 sec.
    forward max bucket size 530 , backward 552.
        Unrouted nets 1736 at the end of iteration 13.
    route iteration 13, CPU time elapsed 0.718750 sec.
    forward max bucket size 691 , backward 366.
        Unrouted nets 1474 at the end of iteration 14.
    route iteration 14, CPU time elapsed 0.562500 sec.
    forward max bucket size 646 , backward 536.
        Unrouted nets 1219 at the end of iteration 15.
    route iteration 15, CPU time elapsed 0.578125 sec.
    forward max bucket size 647 , backward 476.
        Unrouted nets 1067 at the end of iteration 16.
    route iteration 16, CPU time elapsed 0.468750 sec.
    forward max bucket size 15302 , backward 442.
        Unrouted nets 956 at the end of iteration 17.
    route iteration 17, CPU time elapsed 0.593750 sec.
    forward max bucket size 19279 , backward 528.
        Unrouted nets 826 at the end of iteration 18.
    route iteration 18, CPU time elapsed 0.546875 sec.
    forward max bucket size 573 , backward 302.
        Unrouted nets 676 at the end of iteration 19.
    route iteration 19, CPU time elapsed 0.390625 sec.
    forward max bucket size 613 , backward 582.
        Unrouted nets 599 at the end of iteration 20.
    route iteration 20, CPU time elapsed 0.312500 sec.
    forward max bucket size 487 , backward 595.
        Unrouted nets 515 at the end of iteration 21.
    route iteration 21, CPU time elapsed 0.312500 sec.
    forward max bucket size 527 , backward 199.
        Unrouted nets 430 at the end of iteration 22.
    route iteration 22, CPU time elapsed 0.250000 sec.
    forward max bucket size 500 , backward 434.
        Unrouted nets 329 at the end of iteration 23.
    route iteration 23, CPU time elapsed 0.218750 sec.
    forward max bucket size 225 , backward 239.
        Unrouted nets 268 at the end of iteration 24.
    route iteration 24, CPU time elapsed 0.187500 sec.
    forward max bucket size 302 , backward 262.
        Unrouted nets 246 at the end of iteration 25.
    route iteration 25, CPU time elapsed 0.171875 sec.
    forward max bucket size 616 , backward 534.
        Unrouted nets 221 at the end of iteration 26.
    route iteration 26, CPU time elapsed 0.203125 sec.
    forward max bucket size 522 , backward 333.
        Unrouted nets 184 at the end of iteration 27.
    route iteration 27, CPU time elapsed 0.203125 sec.
    forward max bucket size 566 , backward 345.
        Unrouted nets 190 at the end of iteration 28.
    route iteration 28, CPU time elapsed 0.171875 sec.
    forward max bucket size 549 , backward 288.
        Unrouted nets 195 at the end of iteration 29.
    route iteration 29, CPU time elapsed 0.156250 sec.
    forward max bucket size 557 , backward 156.
        Unrouted nets 150 at the end of iteration 30.
    route iteration 30, CPU time elapsed 0.156250 sec.
    forward max bucket size 451 , backward 195.
        Unrouted nets 134 at the end of iteration 31.
    route iteration 31, CPU time elapsed 0.109375 sec.
    forward max bucket size 522 , backward 187.
        Unrouted nets 109 at the end of iteration 32.
    route iteration 32, CPU time elapsed 0.140625 sec.
    forward max bucket size 229 , backward 128.
        Unrouted nets 93 at the end of iteration 33.
    route iteration 33, CPU time elapsed 0.125000 sec.
    forward max bucket size 139 , backward 81.
        Unrouted nets 80 at the end of iteration 34.
    route iteration 34, CPU time elapsed 0.125000 sec.
    forward max bucket size 151 , backward 105.
        Unrouted nets 58 at the end of iteration 35.
    route iteration 35, CPU time elapsed 0.140625 sec.
    forward max bucket size 329 , backward 118.
        Unrouted nets 55 at the end of iteration 36.
    route iteration 36, CPU time elapsed 0.109375 sec.
    forward max bucket size 134 , backward 108.
        Unrouted nets 55 at the end of iteration 37.
    route iteration 37, CPU time elapsed 0.109375 sec.
    forward max bucket size 110 , backward 85.
        Unrouted nets 63 at the end of iteration 38.
    route iteration 38, CPU time elapsed 0.125000 sec.
    forward max bucket size 85 , backward 110.
        Unrouted nets 61 at the end of iteration 39.
    route iteration 39, CPU time elapsed 0.125000 sec.
    forward max bucket size 105 , backward 85.
        Unrouted nets 57 at the end of iteration 40.
    route iteration 40, CPU time elapsed 0.140625 sec.
    forward max bucket size 174 , backward 164.
        Unrouted nets 37 at the end of iteration 41.
    route iteration 41, CPU time elapsed 0.109375 sec.
    forward max bucket size 299 , backward 265.
        Unrouted nets 33 at the end of iteration 42.
    route iteration 42, CPU time elapsed 0.109375 sec.
    forward max bucket size 82 , backward 27.
        Unrouted nets 33 at the end of iteration 43.
    route iteration 43, CPU time elapsed 0.109375 sec.
    forward max bucket size 473 , backward 191.
        Unrouted nets 19 at the end of iteration 44.
    route iteration 44, CPU time elapsed 0.109375 sec.
    forward max bucket size 90 , backward 86.
        Unrouted nets 19 at the end of iteration 45.
    route iteration 45, CPU time elapsed 0.093750 sec.
    forward max bucket size 61 , backward 102.
        Unrouted nets 15 at the end of iteration 46.
    route iteration 46, CPU time elapsed 0.109375 sec.
    forward max bucket size 63 , backward 90.
        Unrouted nets 8 at the end of iteration 47.
    route iteration 47, CPU time elapsed 0.093750 sec.
    forward max bucket size 29 , backward 58.
        Unrouted nets 7 at the end of iteration 48.
    route iteration 48, CPU time elapsed 0.093750 sec.
    forward max bucket size 36 , backward 23.
        Unrouted nets 6 at the end of iteration 49.
    route iteration 49, CPU time elapsed 0.109375 sec.
    forward max bucket size 15 , backward 13.
        Unrouted nets 5 at the end of iteration 50.
    route iteration 50, CPU time elapsed 0.093750 sec.
    forward max bucket size 13 , backward 43.
        Unrouted nets 3 at the end of iteration 51.
    route iteration 51, CPU time elapsed 0.078125 sec.
    forward max bucket size 19 , backward 16.
        Unrouted nets 2 at the end of iteration 52.
    route iteration 52, CPU time elapsed 0.093750 sec.
    forward max bucket size 16 , backward 13.
        Unrouted nets 2 at the end of iteration 53.
    route iteration 53, CPU time elapsed 0.109375 sec.
    forward max bucket size 37 , backward 12.
        Unrouted nets 2 at the end of iteration 54.
    route iteration 54, CPU time elapsed 0.093750 sec.
    forward max bucket size 37 , backward 10.
        Unrouted nets 2 at the end of iteration 55.
    route iteration 55, CPU time elapsed 0.109375 sec.
    forward max bucket size 50 , backward 6.
        Unrouted nets 2 at the end of iteration 56.
    route iteration 56, CPU time elapsed 0.078125 sec.
    forward max bucket size 31 , backward 12.
        Unrouted nets 2 at the end of iteration 57.
    route iteration 57, CPU time elapsed 0.093750 sec.
    forward max bucket size 4 , backward 3.
        Unrouted nets 0 at the end of iteration 58.
    route iteration 58, CPU time elapsed 0.093750 sec.
Detailed routing takes 58 iterations
I: Design net u_CORES/drck_o is routed by general path.
C: Route-2036: The clock path from u_CORES/u_GTP_SCANCHAIN_PG/scanchain:TCK1 to clkbufg_5/gopclkbufg:CLK is routed by SRB.
I: Design net nt_cam_fmc_pclk is routed by general path.
C: Route-2036: The clock path from cam_fmc_pclk_ibuf/opit_1:DI_TO_CLK to clkbufg_9/gopclkbufg:CLK is routed by SRB.
I: Design net nt_cam1_pclk is routed by general path.
C: Route-2036: The clock path from cam1_pclk_ibuf/opit_1:DI_TO_CLK to clkbufg_7/gopclkbufg:CLK is routed by SRB.
I: Design net nt_cam2_pclk is routed by general path.
C: Route-2036: The clock path from cam2_pclk_ibuf/opit_1:DI_TO_CLK to clkbufg_8/gopclkbufg:CLK is routed by SRB.
I: Design net dl_coms1_reg_config/clock_20k is routed by general path.
C: Route-2036: The clock path from dl_coms1_reg_config/clock_20k_cnt[0]/opit_0_inv_L6QL5Q:L6Q to dl_coms1_reg_config/config_step_reg[1]/opit_0_inv_srl:CLK is routed by SRB.
I: Design net u_CORES/capt_o is routed by general path.
C: Route-2036: The clock path from u_CORES/u_GTP_SCANCHAIN_PG/scanchain:CAPTUREDR to u_CORES/u_debug_core_0/u_hub_data_decode/id_sample.conf_id[4]/opit_0_inv:CLK is routed by SRB.
I: Design net ntclkbufg_2 is routed by general path.
C: Route-2036: The clock path from clkbufg_5/gopclkbufg:CLKOUT to u_CORES/u_debug_core_0/u0_trig_unit/conf_reg[31]/opit_0_inv_L6QL5Q:CLK is routed by SRB.
I: Design net ntclkbufg_4 is routed by general path.
C: Route-2036: The clock path from clkbufg_7/gopclkbufg:CLKOUT to dl_cmos1_8_16bit/de_out1/opit_0_L6Q:CLK is routed by SRB.
I: Design net ntclkbufg_6 is routed by general path.
C: Route-2036: The clock path from clkbufg_9/gopclkbufg:CLKOUT to cam_fmc_data_d1[6]/opit_0_srl:CLK is routed by SRB.
I: Design net ntclkbufg_5 is routed by general path.
C: Route-2036: The clock path from clkbufg_8/gopclkbufg:CLKOUT to cam2_href_d2/opit_0_srl:CLK is routed by SRB.
I: Design net nt_sys_clk is routed by general path.
C: Route-2036: The clock path from sys_clk_ibuf/opit_1:DI_TO_CLK to U_INST/U_IPM2L_HSSTLP_RST/AUTO_MODE.hsstlp_rst_pll/pll0_lock_wtchdg/wtchdg_st[1]/opit_0_inv_L6QL5Q1:CLK is routed by SRB.
Detailed routing takes 51.03 sec.
Start fix hold violation.
Build tmp routing results takes 0.36 sec.
Timing analysis takes 0.41 sec.
Hold violation fix iter 0 takes 7.39 sec, total_step_forward 403963.
Incremental timing analysis takes 0.31 sec.
Hold violation fix iter 1 takes 0.00 sec, total_step_forward 154.
Incremental timing analysis takes 0.33 sec.
Hold violation fix iter 2 takes 1.95 sec, total_step_forward 160650.
Incremental timing analysis takes 0.25 sec.
Hold violation fix iter 3 takes 0.02 sec, total_step_forward 217.
Incremental timing analysis takes 0.28 sec.
Hold violation fix iter 4 takes 0.02 sec, total_step_forward 5.
Incremental timing analysis takes 0.31 sec.
Hold violation fix iter 5 takes 0.02 sec, total_step_forward 0.
Hold Violation Fix in router takes 6 iterations.
Fix hold violation Finished.
Hold Violation Fix in router takes 15.78 sec.

Dispose routing result:
    Collect routing result.
    Delete unused device instances.
    Annotate routing result.
    Change LUT configuration.
    Dispose misc instances.
    Annotate routing result again.
Finish routing takes 2.12 sec.
Used SRB routing arc is 206800.
Cleanup routing takes 0.06 sec.
Routing done.
Total routing takes 91.62 sec.


Device Utilization Summary :
+------------------------------------------------------------------------------+
| Logic Utilization           | Used     | Available     | Utilization(%)     
+------------------------------------------------------------------------------+
| Use of ADC                  | 0        | 1             | 0                  
| Use of ANALOG               | 0        | 1             | 0                  
| Use of APM                  | 0        | 240           | 0                  
| Use of BKCL                 | 5        | 6             | 84                 
| Use of CCS                  | 1        | 1             | 100                
| Use of CLMA                 | 2359     | 11675         | 21                 
|   FF                        | 7493     | 93400         | 9                  
|   LUT                       | 6602     | 46700         | 15                 
|   LUT-FF pairs              | 3962     | 46700         | 9                  
| Use of CLMS                 | 1108     | 4975          | 23                 
|   FF                        | 2911     | 39800         | 8                  
|   LUT                       | 2884     | 19900         | 15                 
|   LUT-FF pairs              | 1390     | 19900         | 7                  
|   Distributed RAM           | 605      | 19900         | 4                  
| Use of DDRPHY_CPD           | 1        | 12            | 9                  
| Use of DDRPHY_IOCLK_DIV     | 2        | 6             | 34                 
| Use of DDR_PHY              | 5        | 24            | 21                 
| Use of DRM                  | 54       | 155           | 35                 
| Use of GPLL                 | 3        | 6             | 50                 
| Use of GSEB                 | 0        | 218           | 0                  
| Use of HARD0                | 1562     | 10550         | 15                 
| Use of HCKB                 | 35       | 96            | 37                 
|  HCKB dataused              | 1        | 96            | 2                  
| Use of HCKMUX_TEST          | 0        | 8             | 0                  
| Use of HSSTLP               | 1        | 1             | 100                
| Use of IO                   | 119      | 285           | 42                 
|   IOBD                      | 57       | 137           | 42                 
|   IOBS                      | 62       | 148           | 42                 
| Use of IOCKB                | 0        | 24            | 0                  
| Use of IOCKMUX_TEST         | 0        | 6             | 0                  
| Use of IOLHR                | 119      | 300           | 40                 
| Use of KEYRAM               | 0        | 1             | 0                  
| Use of MFG_TEST             | 0        | 1             | 0                  
| Use of MRCKB                | 1        | 12            | 9                  
| Use of MRCKMUX_TEST         | 0        | 6             | 0                  
| Use of MRPOSTMUX_TEST       | 0        | 6             | 0                  
| Use of PCIE                 | 1        | 1             | 100                
| Use of PCKMUX_TEST          | 0        | 12            | 0                  
| Use of PLLMRMUX_TEST        | 0        | 6             | 0                  
| Use of PLLREFMUX_TEST       | 0        | 6             | 0                  
| Use of PPLL                 | 2        | 6             | 34                 
| Use of PREGMUXC_TEST        | 0        | 4             | 0                  
| Use of PREGMUXLR_TEST       | 0        | 6             | 0                  
| Use of RCKB                 | 5        | 24            | 21                 
|  RCKB dataused              | 0        | 24            | 0                  
| Use of RCKMUX_TEST          | 0        | 6             | 0                  
| Use of SCANCHAIN            | 1        | 1             | 100                
| Use of SCKMUX_TEST          | 0        | 12            | 0                  
| Use of SFB                  | 0        | 2225          | 0                  
| Use of SPAD                 | 2        | 4             | 50                 
| Use of TSERDES              | 10       | 48            | 21                 
| Use of USCM                 | 14       | 32            | 44                 
|  USCM dataused              | 0        | 32            | 0                  
| Use of USCMMUX_TEST         | 0        | 32            | 0                  
+------------------------------------------------------------------------------+

Finished routing.
Design 'dl_fpga_prj' has been placed and routed successfully.
Saving design to DB.
Finished placement and routing.
Action pnr: Real time elapsed is 0h:3m:56s
Action pnr: CPU time elapsed is 0h:3m:40s
Action pnr: Process CPU time elapsed is 0h:4m:41s
Current time: Fri Nov  7 12:38:59 2025
Action pnr: Peak memory pool usage is 2,212 MB
