[Info] [2025-5-1 14:59:28] /***************************Start Configuration***************************/
[Info] [2025-5-1 14:59:28] Path: D:/pango/PDS_2022.2-SP6.4/bin
[Info] [2025-5-1 14:59:28] Version: 146967
[Info] [2025-5-1 14:59:29] Current Path: D:/Downloads/pg2l200/2_Demo/3_6_HDMI_IN_DDR3_mid_filter/3_6_HDMI_IN_DDR3_mid_filter/HDMI_IN_DDR3_mid_filter
[Info] [2025-5-1 14:59:29] PDS Dir Path: D:/Downloads/pg2l200/2_Demo/3_6_HDMI_IN_DDR3_mid_filter/3_6_HDMI_IN_DDR3_mid_filter/HDMI_IN_DDR3_mid_filter
[Info] [2025-5-1 14:59:32] Configuration is not connect with server. connect first then scan chain.
[Debug] [2025-5-1 14:59:32] Client Local host name:PC-20200227DQAD
[Debug] [2025-5-1 14:59:32] Client Local Address:192.168.3.78
[Debug] [2025-5-1 14:59:32] Server Address:127.0.0.1, Port:65420
[Debug] [2025-5-1 14:59:33] Log::Print : Connecting to server[127.0.0.1 : 65420].
[Info] [2025-5-1 14:59:33] Connect OK, Server: 127.0.0.1  Port: 65420
[Debug] [2025-5-1 14:59:33] Finish.
[Info] [2025-5-1 14:59:33] Connect server succeeded
[Debug] [2025-5-1 14:59:33] Send RPC:1
[Debug] [2025-5-1 14:59:33] Send cmd [check version information:40004] OK
[Debug] [2025-5-1 14:59:33] Log::Print : Connect to server[127.0.0.1 : 65420] successfully.
[Debug] [2025-5-1 14:59:33] Send RPC:2
[Debug] [2025-5-1 14:59:33] Send cmd [get_cable_paras:40010] OK
[Debug] [2025-5-1 14:59:33] Begin to send initialize chain cmd...
[Debug] [2025-5-1 14:59:33] Send RPC:3
[Debug] [2025-5-1 14:59:33] Send cmd [Open config cable:20001] OK
[Debug] [2025-5-1 14:59:33] End to send initialize chain cmd.
[Debug] [2025-5-1 14:59:33] COMMAND[check version information] execute successfully, takes 0.4 secs.
[Debug] [2025-5-1 14:59:33] Log::Print : COMMAND[check version information] execute successfully, takes 0.4 secs.
[Debug] [2025-5-1 14:59:34] COMMAND[get_cable_paras] execute successfully, takes 1.0 secs.
[Debug] [2025-5-1 14:59:34] Log::Print : The cable List : 
Cable index 0:USB Cable II/fffffffffffffffe 

[Debug] [2025-5-1 14:59:34] Log::Print : COMMAND[get_cable_paras] execute successfully, takes 1.0 secs.
[Debug] [2025-5-1 14:59:35] begin the exec of open cable cmd...
[Debug] [2025-5-1 14:59:35] Begin to deal with chain from server...
[Debug] [2025-5-1 14:59:35] Begin to set user chain...
[Debug] [2025-5-1 14:59:35] End to set user chain.
[Debug] [2025-5-1 14:59:35] Begin to update graphic item and tree item ...
[Debug] [2025-5-1 14:59:35] End to update graphic item and tree item ...
[Debug] [2025-5-1 14:59:35] Log::Print : PANGO USB CABLE II cable driver: D2XX DLL
[Debug] [2025-5-1 14:59:35] Log::Print : PG2L200H
[Debug] [2025-5-1 14:59:35] Log::Print : This device configure situation (done bit): 1
[Info] [2025-5-1 15:01:38] set OpenLastPath: D:/Downloads/pg2l200/2_Demo/3_6_HDMI_IN_DDR3_mid_filter/3_6_HDMI_IN_DDR3_mid_filter/HDMI_IN_DDR3_mid_filter/generate_bitstream/HDMI_IN_DDR3_mid_filter_top.sbit
[Debug] [2025-5-1 15:01:38] begin to get device info from CFG file...
[Debug] [2025-5-1 15:01:38] end to get device info from CFG file...
[Debug] [2025-5-1 15:01:38] Begin to update graphic item and tree item ...
[Debug] [2025-5-1 15:01:38] End to update graphic item and tree item ...
[Debug] [2025-5-1 15:01:38] Begin to update graphic item and tree item ...
[Debug] [2025-5-1 15:01:38] End to update graphic item and tree item ...
[Debug] [2025-5-1 15:01:38] End to deal wiht chain from server.
[Debug] [2025-5-1 15:01:38] end the exec of open cable cmd.
[Debug] [2025-5-1 15:01:38] COMMAND[Open config cable] execute successfully, takes 124.1 secs.
[Debug] [2025-5-1 15:01:38] Log::Print : COMMAND[Open config cable] execute successfully, takes 124.1 secs.
[Debug] [2025-5-1 15:01:43] Begin to send programming cmd...
[Debug] [2025-5-1 15:01:43] Send RPC:4
[Debug] [2025-5-1 15:01:43] Begin to send program data.
[Debug] [2025-5-1 15:01:43] End to send program data.
[Debug] [2025-5-1 15:01:43] Send cmd [Program:20002] OK
[Debug] [2025-5-1 15:01:44] The value of Progress is 6
[Debug] [2025-5-1 15:01:44] The value of Progress is 10
[Debug] [2025-5-1 15:01:44] The value of Progress is 15
[Debug] [2025-5-1 15:01:45] The value of Progress is 20
[Debug] [2025-5-1 15:01:45] The value of Progress is 25
[Debug] [2025-5-1 15:01:45] The value of Progress is 30
[Debug] [2025-5-1 15:01:46] The value of Progress is 35
[Debug] [2025-5-1 15:01:46] The value of Progress is 40
[Debug] [2025-5-1 15:01:47] The value of Progress is 45
[Debug] [2025-5-1 15:01:47] The value of Progress is 50
[Debug] [2025-5-1 15:01:47] The value of Progress is 55
[Debug] [2025-5-1 15:01:48] The value of Progress is 60
[Debug] [2025-5-1 15:01:48] The value of Progress is 65
[Debug] [2025-5-1 15:01:48] The value of Progress is 70
[Debug] [2025-5-1 15:01:49] The value of Progress is 75
[Debug] [2025-5-1 15:01:49] The value of Progress is 80
[Debug] [2025-5-1 15:01:50] The value of Progress is 85
[Debug] [2025-5-1 15:01:50] The value of Progress is 90
[Debug] [2025-5-1 15:01:50] The value of Progress is 95
[Debug] [2025-5-1 15:01:51] The value of Progress is 100
[Debug] [2025-5-1 15:01:51] COMMAND[Program] execute successfully, takes 8.4 secs.
[Debug] [2025-5-1 15:01:51] End to send programming cmd.
[Debug] [2025-5-1 15:01:51] Log::Print : The done bit is 1
[Debug] [2025-5-1 15:01:51] Log::Print : COMMAND[Program] execute successfully, takes 8.4 secs.
[Info] [2025-5-1 15:02:22] /***************************End Configration***************************/
[Info] [2025-9-25 17:49:59] /***************************Start Configuration***************************/
[Info] [2025-9-25 17:49:59] Path: D:/pango/PDS_2022.2-SP4.2-ads/bin
[Info] [2025-9-25 17:49:59] Version: 132111
[Info] [2025-9-25 17:50:00] Current Path: E:/link_work/new-200HP/2_Demo/3_6_HDMI_IN_DDR3_mid_filter/3_6_HDMI_IN_DDR3_mid_filter/HDMI_IN_DDR3_mid_filter
[Info] [2025-9-25 17:50:00] PDS Dir Path: E:/link_work/new-200HP/2_Demo/3_6_HDMI_IN_DDR3_mid_filter/3_6_HDMI_IN_DDR3_mid_filter/HDMI_IN_DDR3_mid_filter
[Info] [2025-9-25 17:50:01] Configuration is not connect with server. connect first then scan chain.
[Debug] [2025-9-25 17:50:02] Client Local host name:PC-20200227DQAD
[Debug] [2025-9-25 17:50:02] Client Local Address:192.168.3.111
[Debug] [2025-9-25 17:50:02] Server Address:127.0.0.1, Port:65420
[Info] [2025-9-25 17:50:02] Connect OK, Server: 127.0.0.1  Port: 65420
[Debug] [2025-9-25 17:50:02] Finish.
[Info] [2025-9-25 17:50:02] Connect server succeeded
[Debug] [2025-9-25 17:50:02] Send RPC:1
[Debug] [2025-9-25 17:50:02] Send cmd [check version information:40004] OK
[Debug] [2025-9-25 17:50:03] Send RPC:2
[Debug] [2025-9-25 17:50:03] Send cmd [get_cable_paras:40010] OK
[Debug] [2025-9-25 17:50:03] Begin to send initialize chain cmd...
[Debug] [2025-9-25 17:50:03] Send RPC:3
[Debug] [2025-9-25 17:50:03] Send cmd [Open config cable:20001] OK
[Debug] [2025-9-25 17:50:03] End to send initialize chain cmd.
[Debug] [2025-9-25 17:50:03] COMMAND[check version information] execute successfully, takes 0.6 secs.
[Debug] [2025-9-25 17:50:04] COMMAND[get_cable_paras] execute successfully, takes 1.0 secs.
[Debug] [2025-9-25 17:50:04] begin the exec of open cable cmd...
[Debug] [2025-9-25 17:50:04] Begin to deal with chain from server...
[Debug] [2025-9-25 17:50:04] Begin to set user chain...
[Debug] [2025-9-25 17:50:04] End to set user chain.
[Debug] [2025-9-25 17:50:04] Begin to update graphic item and tree item ...
[Debug] [2025-9-25 17:50:04] End to update graphic item and tree item ...
[Info] [2025-9-25 17:50:05] set OpenLastPath: E:/link_work/new-200HP/2_Demo/3_6_HDMI_IN_DDR3_mid_filter/3_6_HDMI_IN_DDR3_mid_filter/HDMI_IN_DDR3_mid_filter/generate_bitstream/HDMI_IN_DDR3_mid_filter_top.sbit
[Debug] [2025-9-25 17:50:05] begin to get device info from CFG file...
[Debug] [2025-9-25 17:50:05] end to get device info from CFG file...
[Debug] [2025-9-25 17:50:05] Begin to update graphic item and tree item ...
[Debug] [2025-9-25 17:50:05] End to update graphic item and tree item ...
[Debug] [2025-9-25 17:50:05] Begin to update graphic item and tree item ...
[Debug] [2025-9-25 17:50:05] End to update graphic item and tree item ...
[Debug] [2025-9-25 17:50:05] End to deal wiht chain from server.
[Debug] [2025-9-25 17:50:05] end the exec of open cable cmd.
[Debug] [2025-9-25 17:50:05] COMMAND[Open config cable] execute successfully, takes 2.8 secs.
[Debug] [2025-9-25 17:50:06] Begin to send programming cmd...
[Debug] [2025-9-25 17:50:06] Send RPC:4
[Debug] [2025-9-25 17:50:06] Begin to send program data.
[Debug] [2025-9-25 17:50:06] End to send program data.
[Debug] [2025-9-25 17:50:06] Send cmd [Program:20002] OK
[Debug] [2025-9-25 17:50:07] The value of Progress is 6
[Debug] [2025-9-25 17:50:07] The value of Progress is 10
[Debug] [2025-9-25 17:50:08] The value of Progress is 15
[Debug] [2025-9-25 17:50:08] The value of Progress is 20
[Debug] [2025-9-25 17:50:09] The value of Progress is 25
[Debug] [2025-9-25 17:50:09] The value of Progress is 30
[Debug] [2025-9-25 17:50:09] The value of Progress is 35
[Debug] [2025-9-25 17:50:10] The value of Progress is 40
[Debug] [2025-9-25 17:50:10] The value of Progress is 45
[Debug] [2025-9-25 17:50:11] The value of Progress is 50
[Debug] [2025-9-25 17:50:11] The value of Progress is 55
[Debug] [2025-9-25 17:50:11] The value of Progress is 60
[Debug] [2025-9-25 17:50:12] The value of Progress is 65
[Debug] [2025-9-25 17:50:12] The value of Progress is 70
[Debug] [2025-9-25 17:50:12] The value of Progress is 75
[Debug] [2025-9-25 17:50:13] The value of Progress is 80
[Debug] [2025-9-25 17:50:13] The value of Progress is 85
[Debug] [2025-9-25 17:50:14] The value of Progress is 90
[Debug] [2025-9-25 17:50:14] The value of Progress is 95
[Debug] [2025-9-25 17:50:14] The value of Progress is 100
[Debug] [2025-9-25 17:50:15] COMMAND[Program] execute successfully, takes 8.4 secs.
[Debug] [2025-9-25 17:50:15] End to send programming cmd.
[Info] [2025-9-25 17:53:17] /***************************End Configration***************************/
[Info] [2025-9-25 17:59:39] /***************************Start Configuration***************************/
[Info] [2025-9-25 17:59:39] Path: D:/pango/PDS_2022.2-SP4.2-ads/bin
[Info] [2025-9-25 17:59:39] Version: 132111
[Info] [2025-9-25 17:59:40] Current Path: E:/link_work/new-200HP/2_Demo/3_6_HDMI_IN_DDR3_mid_filter/3_6_HDMI_IN_DDR3_mid_filter/HDMI_IN_DDR3_mid_filter
[Info] [2025-9-25 17:59:40] PDS Dir Path: E:/link_work/new-200HP/2_Demo/3_6_HDMI_IN_DDR3_mid_filter/3_6_HDMI_IN_DDR3_mid_filter/HDMI_IN_DDR3_mid_filter
[Info] [2025-9-25 17:59:42] Configuration is not connect with server. connect first then scan chain.
[Debug] [2025-9-25 17:59:42] Client Local host name:PC-20200227DQAD
[Debug] [2025-9-25 17:59:42] Client Local Address:192.168.3.111
[Debug] [2025-9-25 17:59:42] Server Address:127.0.0.1, Port:65420
[Info] [2025-9-25 17:59:42] Connect OK, Server: 127.0.0.1  Port: 65420
[Debug] [2025-9-25 17:59:42] Finish.
[Info] [2025-9-25 17:59:42] Connect server succeeded
[Debug] [2025-9-25 17:59:42] Send RPC:1
[Debug] [2025-9-25 17:59:42] Send cmd [check version information:40004] OK
[Debug] [2025-9-25 17:59:42] Send RPC:2
[Debug] [2025-9-25 17:59:42] Send cmd [get_cable_paras:40010] OK
[Debug] [2025-9-25 17:59:42] Begin to send initialize chain cmd...
[Debug] [2025-9-25 17:59:42] Send RPC:3
[Debug] [2025-9-25 17:59:42] Send cmd [Open config cable:20001] OK
[Debug] [2025-9-25 17:59:42] End to send initialize chain cmd.
[Debug] [2025-9-25 17:59:42] COMMAND[check version information] execute successfully, takes 0.0 secs.
[Debug] [2025-9-25 17:59:43] COMMAND[get_cable_paras] execute successfully, takes 1.0 secs.
[Debug] [2025-9-25 17:59:44] begin the exec of open cable cmd...
[Debug] [2025-9-25 17:59:44] Begin to deal with chain from server...
[Debug] [2025-9-25 17:59:44] Begin to set user chain...
[Debug] [2025-9-25 17:59:44] End to set user chain.
[Debug] [2025-9-25 17:59:44] Begin to update graphic item and tree item ...
[Debug] [2025-9-25 17:59:44] End to update graphic item and tree item ...
[Info] [2025-9-25 17:59:45] set OpenLastPath: E:/link_work/new-200HP/2_Demo/3_6_HDMI_IN_DDR3_mid_filter/3_6_HDMI_IN_DDR3_mid_filter/HDMI_IN_DDR3_mid_filter/generate_bitstream/HDMI_IN_DDR3_mid_filter_top.sbit
[Debug] [2025-9-25 17:59:45] begin to get device info from CFG file...
[Debug] [2025-9-25 17:59:45] end to get device info from CFG file...
[Debug] [2025-9-25 17:59:45] Begin to update graphic item and tree item ...
[Debug] [2025-9-25 17:59:45] End to update graphic item and tree item ...
[Debug] [2025-9-25 17:59:45] Begin to update graphic item and tree item ...
[Debug] [2025-9-25 17:59:45] End to update graphic item and tree item ...
[Debug] [2025-9-25 17:59:45] End to deal wiht chain from server.
[Debug] [2025-9-25 17:59:45] end the exec of open cable cmd.
[Debug] [2025-9-25 17:59:45] COMMAND[Open config cable] execute successfully, takes 2.6 secs.
[Debug] [2025-9-25 17:59:46] Begin to send programming cmd...
[Debug] [2025-9-25 17:59:46] Send RPC:4
[Debug] [2025-9-25 17:59:46] Begin to send program data.
[Debug] [2025-9-25 17:59:46] End to send program data.
[Debug] [2025-9-25 17:59:46] Send cmd [Program:20002] OK
[Debug] [2025-9-25 17:59:46] The value of Progress is 6
[Debug] [2025-9-25 17:59:47] The value of Progress is 10
[Debug] [2025-9-25 17:59:47] The value of Progress is 15
[Debug] [2025-9-25 17:59:47] The value of Progress is 20
[Debug] [2025-9-25 17:59:48] The value of Progress is 25
[Debug] [2025-9-25 17:59:48] The value of Progress is 30
[Debug] [2025-9-25 17:59:49] The value of Progress is 35
[Debug] [2025-9-25 17:59:49] The value of Progress is 40
[Debug] [2025-9-25 17:59:49] The value of Progress is 45
[Debug] [2025-9-25 17:59:50] The value of Progress is 50
[Debug] [2025-9-25 17:59:50] The value of Progress is 55
[Debug] [2025-9-25 17:59:51] The value of Progress is 60
[Debug] [2025-9-25 17:59:51] The value of Progress is 65
[Debug] [2025-9-25 17:59:51] The value of Progress is 70
[Debug] [2025-9-25 17:59:52] The value of Progress is 75
[Debug] [2025-9-25 17:59:52] The value of Progress is 80
[Debug] [2025-9-25 17:59:52] The value of Progress is 85
[Debug] [2025-9-25 17:59:53] The value of Progress is 90
[Debug] [2025-9-25 17:59:53] The value of Progress is 95
[Debug] [2025-9-25 17:59:54] The value of Progress is 100
[Debug] [2025-9-25 17:59:54] COMMAND[Program] execute successfully, takes 8.4 secs.
[Debug] [2025-9-25 17:59:54] End to send programming cmd.
[Info] [2025-9-25 18:00:16] /***************************End Configration***************************/
[Info] [2025-9-25 18:12:56] /***************************Start Configuration***************************/
[Info] [2025-9-25 18:12:56] Path: D:/pango/PDS_2022.2-SP4.2-ads/bin
[Info] [2025-9-25 18:12:56] Version: 132111
[Info] [2025-9-25 18:12:57] Current Path: E:/link_work/new-200HP/2_Demo/3_6_HDMI_IN_DDR3_mid_filter/3_6_HDMI_IN_DDR3_mid_filter/HDMI_IN_DDR3_mid_filter
[Info] [2025-9-25 18:12:57] PDS Dir Path: E:/link_work/new-200HP/2_Demo/3_6_HDMI_IN_DDR3_mid_filter/3_6_HDMI_IN_DDR3_mid_filter/HDMI_IN_DDR3_mid_filter
[Info] [2025-9-25 18:12:59] Configuration is not connect with server. connect first then scan chain.
[Debug] [2025-9-25 18:12:59] Client Local host name:PC-20200227DQAD
[Debug] [2025-9-25 18:12:59] Client Local Address:192.168.3.111
[Debug] [2025-9-25 18:12:59] Server Address:127.0.0.1, Port:65420
[Info] [2025-9-25 18:12:59] Connect OK, Server: 127.0.0.1  Port: 65420
[Debug] [2025-9-25 18:12:59] Finish.
[Info] [2025-9-25 18:12:59] Connect server succeeded
[Debug] [2025-9-25 18:12:59] Send RPC:1
[Debug] [2025-9-25 18:12:59] Send cmd [check version information:40004] OK
[Debug] [2025-9-25 18:12:59] Send RPC:2
[Debug] [2025-9-25 18:12:59] Send cmd [get_cable_paras:40010] OK
[Debug] [2025-9-25 18:12:59] Begin to send initialize chain cmd...
[Debug] [2025-9-25 18:12:59] Send RPC:3
[Debug] [2025-9-25 18:12:59] Send cmd [Open config cable:20001] OK
[Debug] [2025-9-25 18:12:59] End to send initialize chain cmd.
[Debug] [2025-9-25 18:12:59] COMMAND[check version information] execute successfully, takes 0.0 secs.
[Debug] [2025-9-25 18:13:00] COMMAND[get_cable_paras] execute successfully, takes 1.3 secs.
[Debug] [2025-9-25 18:13:01] begin the exec of open cable cmd...
[Debug] [2025-9-25 18:13:01] Begin to deal with chain from server...
[Debug] [2025-9-25 18:13:01] Begin to set user chain...
[Debug] [2025-9-25 18:13:01] End to set user chain.
[Debug] [2025-9-25 18:13:01] Begin to update graphic item and tree item ...
[Debug] [2025-9-25 18:13:01] End to update graphic item and tree item ...
[Info] [2025-9-25 18:13:01] set OpenLastPath: E:/link_work/new-200HP/2_Demo/3_6_HDMI_IN_DDR3_mid_filter/3_6_HDMI_IN_DDR3_mid_filter/HDMI_IN_DDR3_mid_filter/generate_bitstream/HDMI_IN_DDR3_mid_filter_top.sbit
[Debug] [2025-9-25 18:13:01] begin to get device info from CFG file...
[Debug] [2025-9-25 18:13:01] end to get device info from CFG file...
[Debug] [2025-9-25 18:13:01] Begin to update graphic item and tree item ...
[Debug] [2025-9-25 18:13:01] End to update graphic item and tree item ...
[Debug] [2025-9-25 18:13:01] Begin to update graphic item and tree item ...
[Debug] [2025-9-25 18:13:01] End to update graphic item and tree item ...
[Debug] [2025-9-25 18:13:01] End to deal wiht chain from server.
[Debug] [2025-9-25 18:13:01] end the exec of open cable cmd.
[Debug] [2025-9-25 18:13:02] COMMAND[Open config cable] execute successfully, takes 2.7 secs.
[Debug] [2025-9-25 18:13:02] Begin to send programming cmd...
[Debug] [2025-9-25 18:13:02] Send RPC:4
[Debug] [2025-9-25 18:13:02] Begin to send program data.
[Debug] [2025-9-25 18:13:02] End to send program data.
[Debug] [2025-9-25 18:13:02] Send cmd [Program:20002] OK
[Debug] [2025-9-25 18:13:03] The value of Progress is 6
[Debug] [2025-9-25 18:13:03] The value of Progress is 10
[Debug] [2025-9-25 18:13:04] The value of Progress is 15
[Debug] [2025-9-25 18:13:04] The value of Progress is 20
[Debug] [2025-9-25 18:13:04] The value of Progress is 25
[Debug] [2025-9-25 18:13:05] The value of Progress is 30
[Debug] [2025-9-25 18:13:05] The value of Progress is 35
[Debug] [2025-9-25 18:13:06] The value of Progress is 40
[Debug] [2025-9-25 18:13:06] The value of Progress is 45
[Debug] [2025-9-25 18:13:06] The value of Progress is 50
[Debug] [2025-9-25 18:13:07] The value of Progress is 55
[Debug] [2025-9-25 18:13:07] The value of Progress is 60
[Debug] [2025-9-25 18:13:08] The value of Progress is 65
[Debug] [2025-9-25 18:13:08] The value of Progress is 70
[Debug] [2025-9-25 18:13:08] The value of Progress is 75
[Debug] [2025-9-25 18:13:09] The value of Progress is 80
[Debug] [2025-9-25 18:13:09] The value of Progress is 85
[Debug] [2025-9-25 18:13:09] The value of Progress is 90
[Debug] [2025-9-25 18:13:10] The value of Progress is 95
[Debug] [2025-9-25 18:13:10] The value of Progress is 100
[Debug] [2025-9-25 18:13:11] COMMAND[Program] execute successfully, takes 8.4 secs.
[Debug] [2025-9-25 18:13:11] End to send programming cmd.
[Info] [2025-9-25 18:13:17] /***************************End Configration***************************/
[Info] [2025-9-25 18:15:14] /***************************Start Configuration***************************/
[Info] [2025-9-25 18:15:14] Path: D:/pango/PDS_2022.2-SP4.2-ads/bin
[Info] [2025-9-25 18:15:14] Version: 132111
[Info] [2025-9-25 18:15:15] Current Path: E:/link_work/new-200HP/2_Demo/3_6_HDMI_IN_DDR3_mid_filter/3_6_HDMI_IN_DDR3_mid_filter/HDMI_IN_DDR3_mid_filter
[Info] [2025-9-25 18:15:15] PDS Dir Path: E:/link_work/new-200HP/2_Demo/3_6_HDMI_IN_DDR3_mid_filter/3_6_HDMI_IN_DDR3_mid_filter/HDMI_IN_DDR3_mid_filter
[Info] [2025-9-25 18:15:17] Configuration is not connect with server. connect first then scan chain.
[Debug] [2025-9-25 18:15:17] Client Local host name:PC-20200227DQAD
[Debug] [2025-9-25 18:15:17] Client Local Address:192.168.3.111
[Debug] [2025-9-25 18:15:17] Server Address:127.0.0.1, Port:65420
[Info] [2025-9-25 18:15:17] Connect OK, Server: 127.0.0.1  Port: 65420
[Debug] [2025-9-25 18:15:17] Finish.
[Info] [2025-9-25 18:15:17] Connect server succeeded
[Debug] [2025-9-25 18:15:17] Send RPC:1
[Debug] [2025-9-25 18:15:17] Send cmd [check version information:40004] OK
[Debug] [2025-9-25 18:15:17] Send RPC:2
[Debug] [2025-9-25 18:15:17] Send cmd [get_cable_paras:40010] OK
[Debug] [2025-9-25 18:15:17] Begin to send initialize chain cmd...
[Debug] [2025-9-25 18:15:17] Send RPC:3
[Debug] [2025-9-25 18:15:17] Send cmd [Open config cable:20001] OK
[Debug] [2025-9-25 18:15:17] End to send initialize chain cmd.
[Debug] [2025-9-25 18:15:17] COMMAND[check version information] execute successfully, takes 0.0 secs.
[Debug] [2025-9-25 18:15:18] COMMAND[get_cable_paras] execute successfully, takes 1.2 secs.
[Debug] [2025-9-25 18:15:18] begin the exec of open cable cmd...
[Debug] [2025-9-25 18:15:18] Begin to deal with chain from server...
[Debug] [2025-9-25 18:15:18] Begin to set user chain...
[Debug] [2025-9-25 18:15:18] End to set user chain.
[Debug] [2025-9-25 18:15:18] Begin to update graphic item and tree item ...
[Debug] [2025-9-25 18:15:18] End to update graphic item and tree item ...
[Info] [2025-9-25 18:15:19] set OpenLastPath: E:/link_work/new-200HP/2_Demo/3_6_HDMI_IN_DDR3_mid_filter/3_6_HDMI_IN_DDR3_mid_filter/HDMI_IN_DDR3_mid_filter/generate_bitstream/HDMI_IN_DDR3_mid_filter_top.sbit
[Debug] [2025-9-25 18:15:19] begin to get device info from CFG file...
[Debug] [2025-9-25 18:15:19] end to get device info from CFG file...
[Debug] [2025-9-25 18:15:19] Begin to update graphic item and tree item ...
[Debug] [2025-9-25 18:15:19] End to update graphic item and tree item ...
[Debug] [2025-9-25 18:15:19] Begin to update graphic item and tree item ...
[Debug] [2025-9-25 18:15:19] End to update graphic item and tree item ...
[Debug] [2025-9-25 18:15:19] End to deal wiht chain from server.
[Debug] [2025-9-25 18:15:19] end the exec of open cable cmd.
[Debug] [2025-9-25 18:15:19] COMMAND[Open config cable] execute successfully, takes 2.7 secs.
[Debug] [2025-9-25 18:15:20] Begin to send programming cmd...
[Debug] [2025-9-25 18:15:20] Send RPC:4
[Debug] [2025-9-25 18:15:20] Begin to send program data.
[Debug] [2025-9-25 18:15:20] End to send program data.
[Debug] [2025-9-25 18:15:20] Send cmd [Program:20002] OK
[Debug] [2025-9-25 18:15:21] The value of Progress is 6
[Debug] [2025-9-25 18:15:21] The value of Progress is 10
[Debug] [2025-9-25 18:15:22] The value of Progress is 15
[Debug] [2025-9-25 18:15:22] The value of Progress is 20
[Debug] [2025-9-25 18:15:23] The value of Progress is 25
[Debug] [2025-9-25 18:15:23] The value of Progress is 30
[Debug] [2025-9-25 18:15:23] The value of Progress is 35
[Debug] [2025-9-25 18:15:24] The value of Progress is 40
[Debug] [2025-9-25 18:15:24] The value of Progress is 45
[Debug] [2025-9-25 18:15:24] The value of Progress is 50
[Debug] [2025-9-25 18:15:25] The value of Progress is 55
[Debug] [2025-9-25 18:15:25] The value of Progress is 60
[Debug] [2025-9-25 18:15:26] The value of Progress is 65
[Debug] [2025-9-25 18:15:26] The value of Progress is 70
[Debug] [2025-9-25 18:15:26] The value of Progress is 75
[Debug] [2025-9-25 18:15:27] The value of Progress is 80
[Debug] [2025-9-25 18:15:27] The value of Progress is 85
[Debug] [2025-9-25 18:15:28] The value of Progress is 90
[Debug] [2025-9-25 18:15:28] The value of Progress is 95
[Debug] [2025-9-25 18:15:28] The value of Progress is 100
[Debug] [2025-9-25 18:15:29] COMMAND[Program] execute successfully, takes 8.4 secs.
[Debug] [2025-9-25 18:15:29] End to send programming cmd.
[Info] [2025-9-25 18:16:01] /***************************End Configration***************************/
[Info] [2025-9-26 09:36:54] /***************************Start Configuration***************************/
[Info] [2025-9-26 09:36:54] Path: D:/pango/PDS_2022.2-SP4.2-ads/bin
[Info] [2025-9-26 09:36:54] Version: 132111
[Info] [2025-9-26 09:36:55] Current Path: E:/link_work/new-200HP/2_Demo/3_6_HDMI_IN_DDR3_mid_filter/3_6_HDMI_IN_DDR3_mid_filter/HDMI_IN_DDR3_mid_filter
[Info] [2025-9-26 09:36:55] PDS Dir Path: E:/link_work/new-200HP/2_Demo/3_6_HDMI_IN_DDR3_mid_filter/3_6_HDMI_IN_DDR3_mid_filter/HDMI_IN_DDR3_mid_filter
[Info] [2025-9-26 09:36:56] Configuration is not connect with server. connect first then scan chain.
[Debug] [2025-9-26 09:36:56] Client Local host name:PC-20200227DQAD
[Debug] [2025-9-26 09:36:56] Client Local Address:192.168.3.111
[Debug] [2025-9-26 09:36:56] Server Address:127.0.0.1, Port:65420
[Info] [2025-9-26 09:36:56] Connect OK, Server: 127.0.0.1  Port: 65420
[Debug] [2025-9-26 09:36:56] Finish.
[Info] [2025-9-26 09:36:56] Connect server succeeded
[Debug] [2025-9-26 09:36:56] Send RPC:1
[Debug] [2025-9-26 09:36:56] Send cmd [check version information:40004] OK
[Debug] [2025-9-26 09:36:57] Send RPC:2
[Debug] [2025-9-26 09:36:57] Send cmd [get_cable_paras:40010] OK
[Debug] [2025-9-26 09:36:57] Begin to send initialize chain cmd...
[Debug] [2025-9-26 09:36:57] Send RPC:3
[Debug] [2025-9-26 09:36:57] Send cmd [Open config cable:20001] OK
[Debug] [2025-9-26 09:36:57] End to send initialize chain cmd.
[Debug] [2025-9-26 09:36:57] COMMAND[check version information] execute successfully, takes 0.0 secs.
[Debug] [2025-9-26 09:36:58] COMMAND[get_cable_paras] execute successfully, takes 1.0 secs.
[Debug] [2025-9-26 09:36:58] begin the exec of open cable cmd...
[Debug] [2025-9-26 09:36:58] Begin to deal with chain from server...
[Debug] [2025-9-26 09:36:58] Begin to set user chain...
[Debug] [2025-9-26 09:36:58] End to set user chain.
[Debug] [2025-9-26 09:36:58] Begin to update graphic item and tree item ...
[Debug] [2025-9-26 09:36:58] End to update graphic item and tree item ...
[Info] [2025-9-26 09:37:02] set OpenLastPath: E:/link_work/new-200HP/2_Demo/3_6_HDMI_IN_DDR3_mid_filter/3_6_HDMI_IN_DDR3_mid_filter/HDMI_IN_DDR3_mid_filter/generate_bitstream/HDMI_IN_DDR3_mid_filter_top.sbit
[Debug] [2025-9-26 09:37:02] begin to get device info from CFG file...
[Debug] [2025-9-26 09:37:02] end to get device info from CFG file...
[Debug] [2025-9-26 09:37:02] Begin to update graphic item and tree item ...
[Debug] [2025-9-26 09:37:02] End to update graphic item and tree item ...
[Debug] [2025-9-26 09:37:02] Begin to update graphic item and tree item ...
[Debug] [2025-9-26 09:37:02] End to update graphic item and tree item ...
[Debug] [2025-9-26 09:37:02] End to deal wiht chain from server.
[Debug] [2025-9-26 09:37:02] end the exec of open cable cmd.
[Debug] [2025-9-26 09:37:02] COMMAND[Open config cable] execute successfully, takes 5.1 secs.
[Debug] [2025-9-26 09:37:03] Begin to send programming cmd...
[Debug] [2025-9-26 09:37:03] Send RPC:4
[Debug] [2025-9-26 09:37:03] Begin to send program data.
[Debug] [2025-9-26 09:37:03] End to send program data.
[Debug] [2025-9-26 09:37:03] Send cmd [Program:20002] OK
[Debug] [2025-9-26 09:37:04] The value of Progress is 6
[Debug] [2025-9-26 09:37:04] The value of Progress is 10
[Debug] [2025-9-26 09:37:04] The value of Progress is 15
[Debug] [2025-9-26 09:37:05] The value of Progress is 20
[Debug] [2025-9-26 09:37:05] The value of Progress is 25
[Debug] [2025-9-26 09:37:05] The value of Progress is 30
[Debug] [2025-9-26 09:37:06] The value of Progress is 35
[Debug] [2025-9-26 09:37:06] The value of Progress is 40
[Debug] [2025-9-26 09:37:07] The value of Progress is 45
[Debug] [2025-9-26 09:37:07] The value of Progress is 50
[Debug] [2025-9-26 09:37:07] The value of Progress is 55
[Debug] [2025-9-26 09:37:08] The value of Progress is 60
[Debug] [2025-9-26 09:37:08] The value of Progress is 65
[Debug] [2025-9-26 09:37:08] The value of Progress is 70
[Debug] [2025-9-26 09:37:09] The value of Progress is 75
[Debug] [2025-9-26 09:37:09] The value of Progress is 80
[Debug] [2025-9-26 09:37:10] The value of Progress is 85
[Debug] [2025-9-26 09:37:10] The value of Progress is 90
[Debug] [2025-9-26 09:37:10] The value of Progress is 95
[Debug] [2025-9-26 09:37:11] The value of Progress is 100
[Debug] [2025-9-26 09:37:11] COMMAND[Program] execute successfully, takes 8.4 secs.
[Debug] [2025-9-26 09:37:11] End to send programming cmd.
[Info] [2025-9-26 09:37:16] /***************************End Configration***************************/
[Info] [2025-9-26 09:41:32] /***************************Start Configuration***************************/
[Info] [2025-9-26 09:41:32] Path: D:/pango/PDS_2022.2-SP4.2-ads/bin
[Info] [2025-9-26 09:41:32] Version: 132111
[Info] [2025-9-26 09:41:33] Current Path: E:/link_work/new-200HP/2_Demo/3_6_HDMI_IN_DDR3_mid_filter/3_6_HDMI_IN_DDR3_mid_filter/HDMI_IN_DDR3_mid_filter
[Info] [2025-9-26 09:41:33] PDS Dir Path: E:/link_work/new-200HP/2_Demo/3_6_HDMI_IN_DDR3_mid_filter/3_6_HDMI_IN_DDR3_mid_filter/HDMI_IN_DDR3_mid_filter
[Info] [2025-9-26 09:41:36] Configuration is not connect with server. connect first then scan chain.
[Debug] [2025-9-26 09:41:36] Client Local host name:PC-20200227DQAD
[Debug] [2025-9-26 09:41:36] Client Local Address:192.168.3.111
[Debug] [2025-9-26 09:41:36] Server Address:127.0.0.1, Port:65420
[Info] [2025-9-26 09:41:36] Connect OK, Server: 127.0.0.1  Port: 65420
[Debug] [2025-9-26 09:41:36] Finish.
[Info] [2025-9-26 09:41:36] Connect server succeeded
[Debug] [2025-9-26 09:41:36] Send RPC:1
[Debug] [2025-9-26 09:41:36] Send cmd [check version information:40004] OK
[Debug] [2025-9-26 09:41:36] Send RPC:2
[Debug] [2025-9-26 09:41:36] Send cmd [get_cable_paras:40010] OK
[Debug] [2025-9-26 09:41:36] Begin to send initialize chain cmd...
[Debug] [2025-9-26 09:41:36] Send RPC:3
[Debug] [2025-9-26 09:41:36] Send cmd [Open config cable:20001] OK
[Debug] [2025-9-26 09:41:36] End to send initialize chain cmd.
[Debug] [2025-9-26 09:41:36] COMMAND[check version information] execute successfully, takes 0.0 secs.
[Debug] [2025-9-26 09:41:37] COMMAND[get_cable_paras] execute successfully, takes 1.2 secs.
[Debug] [2025-9-26 09:41:37] begin the exec of open cable cmd...
[Debug] [2025-9-26 09:41:37] Begin to deal with chain from server...
[Debug] [2025-9-26 09:41:37] Begin to set user chain...
[Debug] [2025-9-26 09:41:37] End to set user chain.
[Debug] [2025-9-26 09:41:37] Begin to update graphic item and tree item ...
[Debug] [2025-9-26 09:41:37] End to update graphic item and tree item ...
[Info] [2025-9-26 09:41:39] set OpenLastPath: E:/link_work/new-200HP/2_Demo/3_6_HDMI_IN_DDR3_mid_filter/3_6_HDMI_IN_DDR3_mid_filter/HDMI_IN_DDR3_mid_filter/generate_bitstream/HDMI_IN_DDR3_mid_filter_top.sbit
[Debug] [2025-9-26 09:41:39] begin to get device info from CFG file...
[Debug] [2025-9-26 09:41:39] end to get device info from CFG file...
[Debug] [2025-9-26 09:41:39] Begin to update graphic item and tree item ...
[Debug] [2025-9-26 09:41:39] End to update graphic item and tree item ...
[Debug] [2025-9-26 09:41:39] Begin to update graphic item and tree item ...
[Debug] [2025-9-26 09:41:39] End to update graphic item and tree item ...
[Debug] [2025-9-26 09:41:39] End to deal wiht chain from server.
[Debug] [2025-9-26 09:41:39] end the exec of open cable cmd.
[Debug] [2025-9-26 09:41:39] COMMAND[Open config cable] execute successfully, takes 3.2 secs.
[Debug] [2025-9-26 09:41:40] Begin to send programming cmd...
[Debug] [2025-9-26 09:41:40] Send RPC:4
[Debug] [2025-9-26 09:41:40] Begin to send program data.
[Debug] [2025-9-26 09:41:40] End to send program data.
[Debug] [2025-9-26 09:41:40] Send cmd [Program:20002] OK
[Debug] [2025-9-26 09:41:41] The value of Progress is 6
[Debug] [2025-9-26 09:41:41] The value of Progress is 10
[Debug] [2025-9-26 09:41:41] The value of Progress is 15
[Debug] [2025-9-26 09:41:42] The value of Progress is 20
[Debug] [2025-9-26 09:41:42] The value of Progress is 25
[Debug] [2025-9-26 09:41:43] The value of Progress is 30
[Debug] [2025-9-26 09:41:43] The value of Progress is 35
[Debug] [2025-9-26 09:41:43] The value of Progress is 40
[Debug] [2025-9-26 09:41:44] The value of Progress is 45
[Debug] [2025-9-26 09:41:44] The value of Progress is 50
[Debug] [2025-9-26 09:41:45] The value of Progress is 55
[Debug] [2025-9-26 09:41:45] The value of Progress is 60
[Debug] [2025-9-26 09:41:45] The value of Progress is 65
[Debug] [2025-9-26 09:41:46] The value of Progress is 70
[Debug] [2025-9-26 09:41:46] The value of Progress is 75
[Debug] [2025-9-26 09:41:46] The value of Progress is 80
[Debug] [2025-9-26 09:41:47] The value of Progress is 85
[Debug] [2025-9-26 09:41:47] The value of Progress is 90
[Debug] [2025-9-26 09:41:48] The value of Progress is 95
[Debug] [2025-9-26 09:41:48] The value of Progress is 100
[Debug] [2025-9-26 09:41:48] COMMAND[Program] execute successfully, takes 8.4 secs.
[Debug] [2025-9-26 09:41:48] End to send programming cmd.
[Info] [2025-9-26 09:44:20] /***************************End Configration***************************/
[Info] [2025-9-26 11:30:58] /***************************Start Configuration***************************/
[Info] [2025-9-26 11:30:58] Path: D:/pango/PDS_2022.2-SP4.2-ads/bin
[Info] [2025-9-26 11:30:58] Version: 132111
[Info] [2025-9-26 11:30:59] Current Path: E:/link_work/new-200HP/2_Demo/3_6_HDMI_IN_DDR3_mid_filter/3_6_HDMI_IN_DDR3_mid_filter/HDMI_IN_DDR3_mid_filter
[Info] [2025-9-26 11:30:59] PDS Dir Path: E:/link_work/new-200HP/2_Demo/3_6_HDMI_IN_DDR3_mid_filter/3_6_HDMI_IN_DDR3_mid_filter/HDMI_IN_DDR3_mid_filter
[Info] [2025-9-26 11:31:02] Configuration is not connect with server. connect first then scan chain.
[Debug] [2025-9-26 11:31:02] Client Local host name:PC-20200227DQAD
[Debug] [2025-9-26 11:31:02] Client Local Address:192.168.3.111
[Debug] [2025-9-26 11:31:02] Server Address:127.0.0.1, Port:65420
[Info] [2025-9-26 11:31:03] Connect OK, Server: 127.0.0.1  Port: 65420
[Debug] [2025-9-26 11:31:03] Finish.
[Info] [2025-9-26 11:31:03] Connect server succeeded
[Debug] [2025-9-26 11:31:03] Send RPC:1
[Debug] [2025-9-26 11:31:03] Send cmd [check version information:40004] OK
[Debug] [2025-9-26 11:31:03] Send RPC:2
[Debug] [2025-9-26 11:31:03] Send cmd [get_cable_paras:40010] OK
[Debug] [2025-9-26 11:31:03] Begin to send initialize chain cmd...
[Debug] [2025-9-26 11:31:03] Send RPC:3
[Debug] [2025-9-26 11:31:03] Send cmd [Open config cable:20001] OK
[Debug] [2025-9-26 11:31:03] End to send initialize chain cmd.
[Debug] [2025-9-26 11:31:03] COMMAND[check version information] execute successfully, takes 0.5 secs.
[Debug] [2025-9-26 11:31:04] COMMAND[get_cable_paras] execute successfully, takes 1.0 secs.
[Debug] [2025-9-26 11:31:10] begin the exec of open cable cmd...
[Debug] [2025-9-26 11:31:10] Begin to deal with chain from server...
[Debug] [2025-9-26 11:31:10] Begin to set user chain...
[Debug] [2025-9-26 11:31:10] End to set user chain.
[Debug] [2025-9-26 11:31:10] Begin to update graphic item and tree item ...
[Debug] [2025-9-26 11:31:10] End to update graphic item and tree item ...
[Info] [2025-9-26 11:31:11] set OpenLastPath: E:/link_work/new-200HP/2_Demo/3_6_HDMI_IN_DDR3_mid_filter/3_6_HDMI_IN_DDR3_mid_filter/HDMI_IN_DDR3_mid_filter/generate_bitstream/HDMI_IN_DDR3_mid_filter_top.sbit
[Debug] [2025-9-26 11:31:11] begin to get device info from CFG file...
[Debug] [2025-9-26 11:31:11] end to get device info from CFG file...
[Debug] [2025-9-26 11:31:11] Begin to update graphic item and tree item ...
[Debug] [2025-9-26 11:31:11] End to update graphic item and tree item ...
[Debug] [2025-9-26 11:31:11] Begin to update graphic item and tree item ...
[Debug] [2025-9-26 11:31:11] End to update graphic item and tree item ...
[Debug] [2025-9-26 11:31:11] End to deal wiht chain from server.
[Debug] [2025-9-26 11:31:11] end the exec of open cable cmd.
[Debug] [2025-9-26 11:31:11] COMMAND[Open config cable] execute successfully, takes 8.3 secs.
[Debug] [2025-9-26 11:31:12] Begin to send programming cmd...
[Debug] [2025-9-26 11:31:12] Send RPC:4
[Debug] [2025-9-26 11:31:12] Begin to send program data.
[Debug] [2025-9-26 11:31:12] End to send program data.
[Debug] [2025-9-26 11:31:12] Send cmd [Program:20002] OK
[Debug] [2025-9-26 11:31:13] The value of Progress is 6
[Debug] [2025-9-26 11:31:14] The value of Progress is 10
[Debug] [2025-9-26 11:31:14] The value of Progress is 15
[Debug] [2025-9-26 11:31:14] The value of Progress is 20
[Debug] [2025-9-26 11:31:15] The value of Progress is 25
[Debug] [2025-9-26 11:31:15] The value of Progress is 30
[Debug] [2025-9-26 11:31:15] The value of Progress is 35
[Debug] [2025-9-26 11:31:16] The value of Progress is 40
[Debug] [2025-9-26 11:31:16] The value of Progress is 45
[Debug] [2025-9-26 11:31:17] The value of Progress is 50
[Debug] [2025-9-26 11:31:17] The value of Progress is 55
[Debug] [2025-9-26 11:31:17] The value of Progress is 60
[Debug] [2025-9-26 11:31:18] The value of Progress is 65
[Debug] [2025-9-26 11:31:18] The value of Progress is 70
[Debug] [2025-9-26 11:31:19] The value of Progress is 75
[Debug] [2025-9-26 11:31:19] The value of Progress is 80
[Debug] [2025-9-26 11:31:19] The value of Progress is 85
[Debug] [2025-9-26 11:31:20] The value of Progress is 90
[Debug] [2025-9-26 11:31:20] The value of Progress is 95
[Debug] [2025-9-26 11:31:20] The value of Progress is 100
[Debug] [2025-9-26 11:31:21] COMMAND[Program] execute successfully, takes 8.4 secs.
[Debug] [2025-9-26 11:31:21] End to send programming cmd.
[Debug] [2025-9-26 11:32:01] Begin to send programming cmd...
[Debug] [2025-9-26 11:32:01] Send RPC:5
[Debug] [2025-9-26 11:32:01] Begin to send program data.
[Debug] [2025-9-26 11:32:01] End to send program data.
[Debug] [2025-9-26 11:32:01] Send cmd [Program:20002] OK
[Debug] [2025-9-26 11:32:02] The value of Progress is 6
[Debug] [2025-9-26 11:32:02] The value of Progress is 10
[Debug] [2025-9-26 11:32:03] The value of Progress is 15
[Debug] [2025-9-26 11:32:03] The value of Progress is 20
[Debug] [2025-9-26 11:32:03] The value of Progress is 25
[Debug] [2025-9-26 11:32:04] The value of Progress is 30
[Debug] [2025-9-26 11:32:04] The value of Progress is 35
[Debug] [2025-9-26 11:32:05] The value of Progress is 40
[Debug] [2025-9-26 11:32:05] The value of Progress is 45
[Debug] [2025-9-26 11:32:05] The value of Progress is 50
[Debug] [2025-9-26 11:32:06] The value of Progress is 55
[Debug] [2025-9-26 11:32:06] The value of Progress is 60
[Debug] [2025-9-26 11:32:07] The value of Progress is 65
[Debug] [2025-9-26 11:32:07] The value of Progress is 70
[Debug] [2025-9-26 11:32:07] The value of Progress is 75
[Debug] [2025-9-26 11:32:08] The value of Progress is 80
[Debug] [2025-9-26 11:32:08] The value of Progress is 85
[Debug] [2025-9-26 11:32:08] The value of Progress is 90
[Debug] [2025-9-26 11:32:09] The value of Progress is 95
[Debug] [2025-9-26 11:32:09] The value of Progress is 100
[Debug] [2025-9-26 11:32:10] COMMAND[Program] execute successfully, takes 8.4 secs.
[Debug] [2025-9-26 11:32:10] End to send programming cmd.
[Info] [2025-9-26 11:32:20] /***************************End Configration***************************/
[Info] [2026-4-20 22:01:53] /***************************Start Configuration***************************/
[Info] [2026-4-20 22:01:53] Path: E:/pds/PDS_2022.2-SP6.4/bin
[Info] [2026-4-20 22:01:53] Version: 146967
[Info] [2026-4-20 22:01:54] Current Path: E:/BaiduNetdiskDownload/FPGAlocal_experiment/kaifaziliao/local experiment/35_HDMI_IN_DDR3_mid_filter
[Info] [2026-4-20 22:01:54] PDS Dir Path: E:/BaiduNetdiskDownload/FPGAlocal_experiment/kaifaziliao/local experiment/35_HDMI_IN_DDR3_mid_filter
[Error] [2026-4-20 22:02:02] MsgOut: Configuration-0010: There is no device in Jtag chain, please check.
[Info] [2026-4-20 22:02:14] Configuration is not connect with server. connect first then scan chain.
[Debug] [2026-4-20 22:02:14] Client Local host name:LAPTOP-DHE8LHVE
[Debug] [2026-4-20 22:02:14] Client Local Address:10.140.237.68
[Debug] [2026-4-20 22:02:14] Client Local Address:192.168.10.10
[Debug] [2026-4-20 22:02:14] Server Address:127.0.0.1, Port:65420
[Debug] [2026-4-20 22:02:14] Log::Print : Connecting to server[127.0.0.1 : 65420].
[Info] [2026-4-20 22:02:15] Connect OK, Server: 127.0.0.1  Port: 65420
[Debug] [2026-4-20 22:02:15] Finish.
[Info] [2026-4-20 22:02:15] Connect server succeeded
[Debug] [2026-4-20 22:02:15] Send RPC:1
[Debug] [2026-4-20 22:02:15] Send cmd [check version information:40004] OK
[Debug] [2026-4-20 22:02:15] Log::Print : Connect to server[127.0.0.1 : 65420] successfully.
[Debug] [2026-4-20 22:02:18] Send RPC:2
[Debug] [2026-4-20 22:02:18] Send cmd [get_cable_paras:40010] OK
[Debug] [2026-4-20 22:02:18] Begin to send initialize chain cmd...
[Debug] [2026-4-20 22:02:18] Send RPC:3
[Debug] [2026-4-20 22:02:18] Send cmd [Open config cable:20001] OK
[Debug] [2026-4-20 22:02:18] End to send initialize chain cmd.
[Debug] [2026-4-20 22:02:18] COMMAND[check version information] execute successfully, takes 2.5 secs.
[Debug] [2026-4-20 22:02:18] Log::Print : COMMAND[check version information] execute successfully, takes 2.5 secs.
[Debug] [2026-4-20 22:02:20] COMMAND[get_cable_paras] execute successfully, takes 2.6 secs.
[Debug] [2026-4-20 22:02:20] Log::Print : The cable List : 
Cable index 0:USB Cable II/fffffffffffffffe 

[Debug] [2026-4-20 22:02:20] Log::Print : COMMAND[get_cable_paras] execute successfully, takes 2.6 secs.
[Debug] [2026-4-20 22:02:21] begin the exec of open cable cmd...
[Debug] [2026-4-20 22:02:21] Begin to deal with chain from server...
[Debug] [2026-4-20 22:02:21] Begin to set user chain...
[Debug] [2026-4-20 22:02:21] End to set user chain.
[Debug] [2026-4-20 22:02:21] Begin to update graphic item and tree item ...
[Debug] [2026-4-20 22:02:21] End to update graphic item and tree item ...
[Debug] [2026-4-20 22:02:21] Log::Print : PANGO USB CABLE II cable driver: D2XX DLL
[Debug] [2026-4-20 22:02:21] Log::Print : PG2L100H
[Debug] [2026-4-20 22:02:21] Log::Print : This device configure situation (done bit): 1
[Info] [2026-4-20 22:02:33] set OpenLastPath: E:/BaiduNetdiskDownload/FPGAlocal_experiment/kaifaziliao/local experiment/35_HDMI_IN_DDR3_mid_filter/generate_bitstream/HDMI_IN_DDR3_mid_filter_top.sbit
[Debug] [2026-4-20 22:02:33] begin to get device info from CFG file...
[Debug] [2026-4-20 22:02:33] end to get device info from CFG file...
[Debug] [2026-4-20 22:02:33] Begin to update graphic item and tree item ...
[Debug] [2026-4-20 22:02:33] End to update graphic item and tree item ...
[Debug] [2026-4-20 22:02:33] Begin to update graphic item and tree item ...
[Debug] [2026-4-20 22:02:33] End to update graphic item and tree item ...
[Debug] [2026-4-20 22:02:33] End to deal wiht chain from server.
[Debug] [2026-4-20 22:02:33] end the exec of open cable cmd.
[Debug] [2026-4-20 22:02:33] COMMAND[Open config cable] execute successfully, takes 15.7 secs.
[Debug] [2026-4-20 22:02:33] Log::Print : COMMAND[Open config cable] execute successfully, takes 15.7 secs.
[Debug] [2026-4-20 22:04:32] Send RPC:4
[Debug] [2026-4-20 22:04:32] Send cmd [Get device id:20006] OK
[Debug] [2026-4-20 22:04:33] begin the exec of get device property cmd...
[Debug] [2026-4-20 22:04:33] Begin to show device id result...
[Debug] [2026-4-20 22:04:33] End to show device id result...
[Debug] [2026-4-20 22:04:33] end the exec of get device property cmd.
[Debug] [2026-4-20 22:04:33] COMMAND[Get device id] execute successfully, takes 0.7 secs.
[Debug] [2026-4-20 22:04:33] Log::Print : The ID value is: 0x00602899
[Debug] [2026-4-20 22:04:33] Log::Print : COMMAND[Get device id] execute successfully, takes 0.7 secs.
[Debug] [2026-4-20 22:04:34] Send RPC:5
[Debug] [2026-4-20 22:04:34] Send cmd [Get device id:20006] OK
[Debug] [2026-4-20 22:04:34] begin the exec of get device property cmd...
[Debug] [2026-4-20 22:04:34] Begin to show device id result...
[Debug] [2026-4-20 22:04:34] End to show device id result...
[Debug] [2026-4-20 22:04:34] end the exec of get device property cmd.
[Debug] [2026-4-20 22:04:34] COMMAND[Get device id] execute successfully, takes 0.6 secs.
[Debug] [2026-4-20 22:04:34] Log::Print : The ID value is: 0x00602899
[Debug] [2026-4-20 22:04:34] Log::Print : COMMAND[Get device id] execute successfully, takes 0.6 secs.
[Debug] [2026-4-20 22:05:55] Begin to send programming cmd...
[Debug] [2026-4-20 22:05:55] Send RPC:6
[Debug] [2026-4-20 22:05:55] Begin to send program data.
[Debug] [2026-4-20 22:05:55] End to send program data.
[Debug] [2026-4-20 22:05:55] Send cmd [Program:20002] OK
[Debug] [2026-4-20 22:05:56] The value of Progress is 6
[Debug] [2026-4-20 22:05:56] The value of Progress is 10
[Debug] [2026-4-20 22:05:56] The value of Progress is 15
[Debug] [2026-4-20 22:05:56] The value of Progress is 20
[Debug] [2026-4-20 22:05:57] The value of Progress is 25
[Debug] [2026-4-20 22:05:57] The value of Progress is 30
[Debug] [2026-4-20 22:05:57] The value of Progress is 35
[Debug] [2026-4-20 22:05:57] The value of Progress is 40
[Debug] [2026-4-20 22:05:57] The value of Progress is 45
[Debug] [2026-4-20 22:05:57] The value of Progress is 50
[Debug] [2026-4-20 22:05:58] The value of Progress is 55
[Debug] [2026-4-20 22:05:58] The value of Progress is 60
[Debug] [2026-4-20 22:05:58] The value of Progress is 65
[Debug] [2026-4-20 22:05:58] The value of Progress is 70
[Debug] [2026-4-20 22:05:58] The value of Progress is 75
[Debug] [2026-4-20 22:05:58] The value of Progress is 80
[Debug] [2026-4-20 22:05:58] The value of Progress is 85
[Debug] [2026-4-20 22:05:59] The value of Progress is 90
[Debug] [2026-4-20 22:05:59] The value of Progress is 95
[Debug] [2026-4-20 22:05:59] The value of Progress is 100
[Debug] [2026-4-20 22:05:59] COMMAND[Program] execute successfully, takes 4.0 secs.
[Debug] [2026-4-20 22:05:59] End to send programming cmd.
[Debug] [2026-4-20 22:05:59] Log::Print : The done bit is 1
[Debug] [2026-4-20 22:05:59] Log::Print : COMMAND[Program] execute successfully, takes 4.0 secs.
[Info] [2026-4-20 22:19:08] /***************************End Configration***************************/
[Info] [2026-4-21 19:57:13] /***************************Start Configuration***************************/
[Info] [2026-4-21 19:57:13] Path: E:/pds/PDS_2022.2-SP6.4/bin
[Info] [2026-4-21 19:57:13] Version: 146967
[Info] [2026-4-21 19:57:14] Current Path: E:/BaiduNetdiskDownload/FPGAlocal_experiment/kaifaziliao/local experiment/35_HDMI_IN_DDR3_mid_filter
[Info] [2026-4-21 19:57:14] PDS Dir Path: E:/BaiduNetdiskDownload/FPGAlocal_experiment/kaifaziliao/local experiment/35_HDMI_IN_DDR3_mid_filter
[Info] [2026-4-21 19:57:20] Configuration is not connect with server. connect first then scan chain.
[Debug] [2026-4-21 19:57:20] Client Local host name:LAPTOP-DHE8LHVE
[Debug] [2026-4-21 19:57:20] Client Local Address:10.140.237.76
[Debug] [2026-4-21 19:57:20] Client Local Address:192.168.10.10
[Debug] [2026-4-21 19:57:20] Server Address:127.0.0.1, Port:65420
[Debug] [2026-4-21 19:57:20] Log::Print : Connecting to server[127.0.0.1 : 65420].
[Info] [2026-4-21 19:57:21] Connect OK, Server: 127.0.0.1  Port: 65420
[Debug] [2026-4-21 19:57:21] Finish.
[Info] [2026-4-21 19:57:21] Connect server succeeded
[Debug] [2026-4-21 19:57:21] Send RPC:1
[Debug] [2026-4-21 19:57:21] Send cmd [check version information:40004] OK
[Debug] [2026-4-21 19:57:21] Log::Print : Connect to server[127.0.0.1 : 65420] successfully.
[Debug] [2026-4-21 19:57:22] Send RPC:2
[Debug] [2026-4-21 19:57:22] Send cmd [get_cable_paras:40010] OK
[Debug] [2026-4-21 19:57:22] Begin to send initialize chain cmd...
[Debug] [2026-4-21 19:57:22] Send RPC:3
[Debug] [2026-4-21 19:57:22] Send cmd [Open config cable:20001] OK
[Debug] [2026-4-21 19:57:22] End to send initialize chain cmd.
[Debug] [2026-4-21 19:57:22] COMMAND[check version information] execute successfully, takes 1.8 secs.
[Debug] [2026-4-21 19:57:22] Log::Print : COMMAND[check version information] execute successfully, takes 1.8 secs.
[Debug] [2026-4-21 19:57:24] COMMAND[get_cable_paras] execute successfully, takes 2.1 secs.
[Debug] [2026-4-21 19:57:24] Log::Print : The cable List : 
Cable index 0:USB Cable II/fffffffffffffffe 

[Debug] [2026-4-21 19:57:24] Log::Print : COMMAND[get_cable_paras] execute successfully, takes 2.1 secs.
[Debug] [2026-4-21 19:57:25] begin the exec of open cable cmd...
[Debug] [2026-4-21 19:57:25] Begin to deal with chain from server...
[Debug] [2026-4-21 19:57:25] Begin to set user chain...
[Debug] [2026-4-21 19:57:25] End to set user chain.
[Debug] [2026-4-21 19:57:25] Begin to update graphic item and tree item ...
[Debug] [2026-4-21 19:57:25] End to update graphic item and tree item ...
[Debug] [2026-4-21 19:57:25] Log::Print : PANGO USB CABLE II cable driver: D2XX DLL
[Debug] [2026-4-21 19:57:25] Log::Print : PG2L100H
[Debug] [2026-4-21 19:57:25] Log::Print : This device configure situation (done bit): 1
[Info] [2026-4-21 19:57:29] set OpenLastPath: E:/BaiduNetdiskDownload/FPGAlocal_experiment/kaifaziliao/local experiment/35_HDMI_IN_DDR3_mid_filter/generate_bitstream/HDMI_IN_DDR3_mid_filter_top.sbit
[Debug] [2026-4-21 19:57:29] begin to get device info from CFG file...
[Debug] [2026-4-21 19:57:29] end to get device info from CFG file...
[Debug] [2026-4-21 19:57:29] Begin to update graphic item and tree item ...
[Debug] [2026-4-21 19:57:29] End to update graphic item and tree item ...
[Debug] [2026-4-21 19:57:29] Begin to update graphic item and tree item ...
[Debug] [2026-4-21 19:57:29] End to update graphic item and tree item ...
[Debug] [2026-4-21 19:57:29] End to deal wiht chain from server.
[Debug] [2026-4-21 19:57:29] end the exec of open cable cmd.
[Debug] [2026-4-21 19:57:29] COMMAND[Open config cable] execute successfully, takes 6.9 secs.
[Debug] [2026-4-21 19:57:29] Log::Print : COMMAND[Open config cable] execute successfully, takes 6.9 secs.
[Debug] [2026-4-21 19:57:37] Begin to send programming cmd...
[Debug] [2026-4-21 19:57:37] Send RPC:4
[Debug] [2026-4-21 19:57:37] Begin to send program data.
[Debug] [2026-4-21 19:57:37] End to send program data.
[Debug] [2026-4-21 19:57:37] Send cmd [Program:20002] OK
[Debug] [2026-4-21 19:57:38] The value of Progress is 6
[Debug] [2026-4-21 19:57:38] The value of Progress is 10
[Debug] [2026-4-21 19:57:38] The value of Progress is 15
[Debug] [2026-4-21 19:57:38] The value of Progress is 20
[Debug] [2026-4-21 19:57:38] The value of Progress is 25
[Debug] [2026-4-21 19:57:38] The value of Progress is 30
[Debug] [2026-4-21 19:57:39] The value of Progress is 35
[Debug] [2026-4-21 19:57:39] The value of Progress is 40
[Debug] [2026-4-21 19:57:39] The value of Progress is 45
[Debug] [2026-4-21 19:57:39] The value of Progress is 50
[Debug] [2026-4-21 19:57:39] The value of Progress is 55
[Debug] [2026-4-21 19:57:39] The value of Progress is 60
[Debug] [2026-4-21 19:57:40] The value of Progress is 65
[Debug] [2026-4-21 19:57:40] The value of Progress is 70
[Debug] [2026-4-21 19:57:40] The value of Progress is 75
[Debug] [2026-4-21 19:57:40] The value of Progress is 80
[Debug] [2026-4-21 19:57:40] The value of Progress is 85
[Debug] [2026-4-21 19:57:40] The value of Progress is 90
[Debug] [2026-4-21 19:57:41] The value of Progress is 95
[Debug] [2026-4-21 19:57:41] The value of Progress is 100
[Debug] [2026-4-21 19:57:41] COMMAND[Program] execute successfully, takes 3.7 secs.
[Debug] [2026-4-21 19:57:41] End to send programming cmd.
[Debug] [2026-4-21 19:57:41] Log::Print : The done bit is 1
[Debug] [2026-4-21 19:57:41] Log::Print : COMMAND[Program] execute successfully, takes 3.7 secs.
[Info] [2026-4-21 21:48:05] /***************************End Configration***************************/
[Info] [2026-4-21 22:38:27] /***************************Start Configuration***************************/
[Info] [2026-4-21 22:38:27] Path: E:/pds/PDS_2022.2-SP6.4/bin
[Info] [2026-4-21 22:38:27] Version: 146967
[Info] [2026-4-21 22:38:28] Current Path: E:/BaiduNetdiskDownload/FPGAlocal_experiment/kaifaziliao/local experiment/35_HDMI_IN_DDR3_mid_filter
[Info] [2026-4-21 22:38:28] PDS Dir Path: E:/BaiduNetdiskDownload/FPGAlocal_experiment/kaifaziliao/local experiment/35_HDMI_IN_DDR3_mid_filter
[Info] [2026-4-21 22:38:32] Configuration is not connect with server. connect first then scan chain.
[Debug] [2026-4-21 22:38:32] Client Local host name:LAPTOP-DHE8LHVE
[Debug] [2026-4-21 22:38:32] Client Local Address:10.140.237.76
[Debug] [2026-4-21 22:38:32] Client Local Address:192.168.10.10
[Debug] [2026-4-21 22:38:32] Server Address:127.0.0.1, Port:65420
[Debug] [2026-4-21 22:38:32] Log::Print : Connecting to server[127.0.0.1 : 65420].
[Info] [2026-4-21 22:38:32] Connect OK, Server: 127.0.0.1  Port: 65420
[Debug] [2026-4-21 22:38:32] Finish.
[Info] [2026-4-21 22:38:32] Connect server succeeded
[Debug] [2026-4-21 22:38:32] Send RPC:1
[Debug] [2026-4-21 22:38:32] Send cmd [check version information:40004] OK
[Debug] [2026-4-21 22:38:32] Log::Print : Connect to server[127.0.0.1 : 65420] successfully.
[Debug] [2026-4-21 22:38:34] Send RPC:2
[Debug] [2026-4-21 22:38:34] Send cmd [get_cable_paras:40010] OK
[Debug] [2026-4-21 22:38:34] Begin to send initialize chain cmd...
[Debug] [2026-4-21 22:38:34] Send RPC:3
[Debug] [2026-4-21 22:38:34] Send cmd [Open config cable:20001] OK
[Debug] [2026-4-21 22:38:34] End to send initialize chain cmd.
[Debug] [2026-4-21 22:38:34] COMMAND[check version information] execute successfully, takes 1.9 secs.
[Debug] [2026-4-21 22:38:34] Log::Print : COMMAND[check version information] execute successfully, takes 1.9 secs.
[Debug] [2026-4-21 22:38:36] COMMAND[get_cable_paras] execute successfully, takes 2.2 secs.
[Debug] [2026-4-21 22:38:36] Log::Print : The cable List : 
Cable index 0:USB Cable II/fffffffffffffffe 

[Debug] [2026-4-21 22:38:36] Log::Print : COMMAND[get_cable_paras] execute successfully, takes 2.2 secs.
[Debug] [2026-4-21 22:38:37] begin the exec of open cable cmd...
[Debug] [2026-4-21 22:38:37] Begin to deal with chain from server...
[Debug] [2026-4-21 22:38:37] Begin to set user chain...
[Debug] [2026-4-21 22:38:37] End to set user chain.
[Debug] [2026-4-21 22:38:37] Begin to update graphic item and tree item ...
[Debug] [2026-4-21 22:38:37] End to update graphic item and tree item ...
[Debug] [2026-4-21 22:38:38] Log::Print : PANGO USB CABLE II cable driver: D2XX DLL
[Debug] [2026-4-21 22:38:38] Log::Print : PG2L100H
[Debug] [2026-4-21 22:38:38] Log::Print : This device configure situation (done bit): 1
[Info] [2026-4-21 22:38:39] set OpenLastPath: E:/BaiduNetdiskDownload/FPGAlocal_experiment/kaifaziliao/local experiment/35_HDMI_IN_DDR3_mid_filter/generate_bitstream/HDMI_IN_DDR3_mid_filter_top.sbit
[Debug] [2026-4-21 22:38:39] begin to get device info from CFG file...
[Debug] [2026-4-21 22:38:39] end to get device info from CFG file...
[Debug] [2026-4-21 22:38:39] Begin to update graphic item and tree item ...
[Debug] [2026-4-21 22:38:39] End to update graphic item and tree item ...
[Debug] [2026-4-21 22:38:39] Begin to update graphic item and tree item ...
[Debug] [2026-4-21 22:38:39] End to update graphic item and tree item ...
[Debug] [2026-4-21 22:38:39] End to deal wiht chain from server.
[Debug] [2026-4-21 22:38:39] end the exec of open cable cmd.
[Debug] [2026-4-21 22:38:39] COMMAND[Open config cable] execute successfully, takes 5.2 secs.
[Debug] [2026-4-21 22:38:39] Log::Print : COMMAND[Open config cable] execute successfully, takes 5.2 secs.
[Debug] [2026-4-21 22:38:41] Begin to send programming cmd...
[Debug] [2026-4-21 22:38:41] Send RPC:4
[Debug] [2026-4-21 22:38:41] Begin to send program data.
[Debug] [2026-4-21 22:38:41] End to send program data.
[Debug] [2026-4-21 22:38:41] Send cmd [Program:20002] OK
[Debug] [2026-4-21 22:38:42] The value of Progress is 6
[Debug] [2026-4-21 22:38:42] The value of Progress is 10
[Debug] [2026-4-21 22:38:42] The value of Progress is 15
[Debug] [2026-4-21 22:38:42] The value of Progress is 20
[Debug] [2026-4-21 22:38:42] The value of Progress is 25
[Debug] [2026-4-21 22:38:43] The value of Progress is 30
[Debug] [2026-4-21 22:38:43] The value of Progress is 35
[Debug] [2026-4-21 22:38:43] The value of Progress is 40
[Debug] [2026-4-21 22:38:43] The value of Progress is 45
[Debug] [2026-4-21 22:38:43] The value of Progress is 50
[Debug] [2026-4-21 22:38:43] The value of Progress is 55
[Debug] [2026-4-21 22:38:43] The value of Progress is 60
[Debug] [2026-4-21 22:38:44] The value of Progress is 65
[Debug] [2026-4-21 22:38:44] The value of Progress is 70
[Debug] [2026-4-21 22:38:44] The value of Progress is 75
[Debug] [2026-4-21 22:38:44] The value of Progress is 80
[Debug] [2026-4-21 22:38:44] The value of Progress is 85
[Debug] [2026-4-21 22:38:44] The value of Progress is 90
[Debug] [2026-4-21 22:38:45] The value of Progress is 95
[Debug] [2026-4-21 22:38:45] The value of Progress is 100
[Debug] [2026-4-21 22:38:45] COMMAND[Program] execute successfully, takes 3.7 secs.
[Debug] [2026-4-21 22:38:45] End to send programming cmd.
[Debug] [2026-4-21 22:38:45] Log::Print : The done bit is 1
[Debug] [2026-4-21 22:38:45] Log::Print : COMMAND[Program] execute successfully, takes 3.7 secs.
[Debug] [2026-4-21 22:39:09] Begin to send programming cmd...
[Debug] [2026-4-21 22:39:09] Send RPC:5
[Debug] [2026-4-21 22:39:09] Begin to send program data.
[Debug] [2026-4-21 22:39:09] End to send program data.
[Debug] [2026-4-21 22:39:09] Send cmd [Program:20002] OK
[Debug] [2026-4-21 22:39:10] The value of Progress is 6
[Debug] [2026-4-21 22:39:10] The value of Progress is 10
[Debug] [2026-4-21 22:39:10] The value of Progress is 15
[Debug] [2026-4-21 22:39:11] The value of Progress is 20
[Debug] [2026-4-21 22:39:11] The value of Progress is 25
[Debug] [2026-4-21 22:39:11] The value of Progress is 30
[Debug] [2026-4-21 22:39:11] The value of Progress is 35
[Debug] [2026-4-21 22:39:11] The value of Progress is 40
[Debug] [2026-4-21 22:39:11] The value of Progress is 45
[Debug] [2026-4-21 22:39:11] The value of Progress is 50
[Debug] [2026-4-21 22:39:12] The value of Progress is 55
[Debug] [2026-4-21 22:39:12] The value of Progress is 60
[Debug] [2026-4-21 22:39:12] The value of Progress is 65
[Debug] [2026-4-21 22:39:12] The value of Progress is 70
[Debug] [2026-4-21 22:39:12] The value of Progress is 75
[Debug] [2026-4-21 22:39:12] The value of Progress is 80
[Debug] [2026-4-21 22:39:13] The value of Progress is 85
[Debug] [2026-4-21 22:39:13] The value of Progress is 90
[Debug] [2026-4-21 22:39:13] The value of Progress is 95
[Debug] [2026-4-21 22:39:13] The value of Progress is 100
[Debug] [2026-4-21 22:39:13] COMMAND[Program] execute successfully, takes 4.0 secs.
[Debug] [2026-4-21 22:39:13] End to send programming cmd.
[Debug] [2026-4-21 22:39:13] Log::Print : The done bit is 1
[Debug] [2026-4-21 22:39:13] Log::Print : COMMAND[Program] execute successfully, takes 4.0 secs.
[Debug] [2026-4-21 22:47:16] Begin to send initialize chain cmd...
[Debug] [2026-4-21 22:47:16] Send RPC:6
[Debug] [2026-4-21 22:47:16] Send cmd [Open config cable:20001] OK
[Debug] [2026-4-21 22:47:16] End to send initialize chain cmd.
[Debug] [2026-4-21 22:47:17] begin the exec of open cable cmd...
[Debug] [2026-4-21 22:47:17] Begin to deal with chain from server...
[Debug] [2026-4-21 22:47:17] Begin to set user chain...
[Debug] [2026-4-21 22:47:17] End to set user chain.
[Debug] [2026-4-21 22:47:17] Begin to update graphic item and tree item ...
[Debug] [2026-4-21 22:47:17] End to update graphic item and tree item ...
[Debug] [2026-4-21 22:47:17] Log::Print : PANGO USB CABLE II cable driver: D2XX DLL
[Debug] [2026-4-21 22:47:17] Log::Print : PG2L100H
[Debug] [2026-4-21 22:47:17] Log::Print : This device configure situation (done bit): 1
[Info] [2026-4-21 22:47:19] set OpenLastPath: E:/BaiduNetdiskDownload/FPGAlocal_experiment/kaifaziliao/local experiment/35_HDMI_IN_DDR3_mid_filter/generate_bitstream/HDMI_IN_DDR3_mid_filter_top.sbit
[Debug] [2026-4-21 22:47:19] begin to get device info from CFG file...
[Debug] [2026-4-21 22:47:19] end to get device info from CFG file...
[Debug] [2026-4-21 22:47:19] Begin to update graphic item and tree item ...
[Debug] [2026-4-21 22:47:19] End to update graphic item and tree item ...
[Debug] [2026-4-21 22:47:19] Begin to update graphic item and tree item ...
[Debug] [2026-4-21 22:47:19] End to update graphic item and tree item ...
[Debug] [2026-4-21 22:47:19] End to deal wiht chain from server.
[Debug] [2026-4-21 22:47:19] end the exec of open cable cmd.
[Debug] [2026-4-21 22:47:19] COMMAND[Open config cable] execute successfully, takes 2.9 secs.
[Debug] [2026-4-21 22:47:19] Log::Print : COMMAND[Open config cable] execute successfully, takes 2.9 secs.
[Debug] [2026-4-21 22:47:23] Begin to send programming cmd...
[Debug] [2026-4-21 22:47:23] Send RPC:7
[Debug] [2026-4-21 22:47:23] Begin to send program data.
[Debug] [2026-4-21 22:47:23] End to send program data.
[Debug] [2026-4-21 22:47:23] Send cmd [Program:20002] OK
[Debug] [2026-4-21 22:47:23] The value of Progress is 6
[Debug] [2026-4-21 22:47:23] The value of Progress is 10
[Debug] [2026-4-21 22:47:24] The value of Progress is 15
[Debug] [2026-4-21 22:47:24] The value of Progress is 20
[Debug] [2026-4-21 22:47:24] The value of Progress is 25
[Debug] [2026-4-21 22:47:24] The value of Progress is 30
[Debug] [2026-4-21 22:47:24] The value of Progress is 35
[Debug] [2026-4-21 22:47:24] The value of Progress is 40
[Debug] [2026-4-21 22:47:25] The value of Progress is 45
[Debug] [2026-4-21 22:47:25] The value of Progress is 50
[Debug] [2026-4-21 22:47:25] The value of Progress is 55
[Debug] [2026-4-21 22:47:25] The value of Progress is 60
[Debug] [2026-4-21 22:47:25] The value of Progress is 65
[Debug] [2026-4-21 22:47:25] The value of Progress is 70
[Debug] [2026-4-21 22:47:25] The value of Progress is 75
[Debug] [2026-4-21 22:47:26] The value of Progress is 80
[Debug] [2026-4-21 22:47:26] The value of Progress is 85
[Debug] [2026-4-21 22:47:26] The value of Progress is 90
[Debug] [2026-4-21 22:47:26] The value of Progress is 95
[Debug] [2026-4-21 22:47:26] The value of Progress is 100
[Debug] [2026-4-21 22:47:26] COMMAND[Program] execute successfully, takes 3.8 secs.
[Debug] [2026-4-21 22:47:26] End to send programming cmd.
[Debug] [2026-4-21 22:47:26] Log::Print : The done bit is 1
[Debug] [2026-4-21 22:47:26] Log::Print : COMMAND[Program] execute successfully, takes 3.8 secs.
[Debug] [2026-4-21 23:12:19] Begin to send initialize chain cmd...
[Debug] [2026-4-21 23:12:19] Send RPC:8
[Debug] [2026-4-21 23:12:19] Send cmd [Open config cable:20001] OK
[Debug] [2026-4-21 23:12:19] End to send initialize chain cmd.
[Debug] [2026-4-21 23:12:20] begin the exec of open cable cmd...
[Debug] [2026-4-21 23:12:20] Begin to deal with chain from server...
[Debug] [2026-4-21 23:12:20] Begin to set user chain...
[Debug] [2026-4-21 23:12:20] End to set user chain.
[Debug] [2026-4-21 23:12:20] Begin to update graphic item and tree item ...
[Debug] [2026-4-21 23:12:20] End to update graphic item and tree item ...
[Debug] [2026-4-21 23:12:20] Log::Print : PANGO USB CABLE II cable driver: D2XX DLL
[Debug] [2026-4-21 23:12:20] Log::Print : PG2L100H
[Debug] [2026-4-21 23:12:20] Log::Print : This device configure situation (done bit): 1
[Info] [2026-4-21 23:12:22] set OpenLastPath: E:/BaiduNetdiskDownload/FPGAlocal_experiment/kaifaziliao/local experiment/35_HDMI_IN_DDR3_mid_filter/generate_bitstream/HDMI_IN_DDR3_mid_filter_top.sbit
[Debug] [2026-4-21 23:12:22] begin to get device info from CFG file...
[Debug] [2026-4-21 23:12:22] end to get device info from CFG file...
[Debug] [2026-4-21 23:12:22] Begin to update graphic item and tree item ...
[Debug] [2026-4-21 23:12:22] End to update graphic item and tree item ...
[Debug] [2026-4-21 23:12:22] Begin to update graphic item and tree item ...
[Debug] [2026-4-21 23:12:22] End to update graphic item and tree item ...
[Debug] [2026-4-21 23:12:22] End to deal wiht chain from server.
[Debug] [2026-4-21 23:12:22] end the exec of open cable cmd.
[Debug] [2026-4-21 23:12:22] COMMAND[Open config cable] execute successfully, takes 2.4 secs.
[Debug] [2026-4-21 23:12:22] Log::Print : COMMAND[Open config cable] execute successfully, takes 2.4 secs.
[Debug] [2026-4-21 23:12:37] Begin to send initialize chain cmd...
[Debug] [2026-4-21 23:12:37] Send RPC:9
[Debug] [2026-4-21 23:12:37] Send cmd [Open config cable:20001] OK
[Debug] [2026-4-21 23:12:37] End to send initialize chain cmd.
[Debug] [2026-4-21 23:12:38] begin the exec of open cable cmd...
[Debug] [2026-4-21 23:12:38] Begin to deal with chain from server...
[Debug] [2026-4-21 23:12:38] Begin to set user chain...
[Debug] [2026-4-21 23:12:38] End to set user chain.
[Debug] [2026-4-21 23:12:38] Begin to update graphic item and tree item ...
[Debug] [2026-4-21 23:12:38] End to update graphic item and tree item ...
[Debug] [2026-4-21 23:12:38] Log::Print : PANGO USB CABLE II cable driver: D2XX DLL
[Debug] [2026-4-21 23:12:38] Log::Print : PG2L100H
[Debug] [2026-4-21 23:12:38] Log::Print : This device configure situation (done bit): 1
[Debug] [2026-4-21 23:12:40] selected file name is empty and ignore.
[Debug] [2026-4-21 23:12:40] Begin to update graphic item and tree item ...
[Debug] [2026-4-21 23:12:40] End to update graphic item and tree item ...
[Debug] [2026-4-21 23:12:40] End to deal wiht chain from server.
[Debug] [2026-4-21 23:12:40] end the exec of open cable cmd.
[Debug] [2026-4-21 23:12:40] COMMAND[Open config cable] execute successfully, takes 2.5 secs.
[Debug] [2026-4-21 23:12:40] Log::Print : COMMAND[Open config cable] execute successfully, takes 2.5 secs.
[Debug] [2026-4-21 23:12:41] Begin to send initialize chain cmd...
[Debug] [2026-4-21 23:12:41] Send RPC:10
[Debug] [2026-4-21 23:12:41] Send cmd [Open config cable:20001] OK
[Debug] [2026-4-21 23:12:41] End to send initialize chain cmd.
[Debug] [2026-4-21 23:12:42] begin the exec of open cable cmd...
[Debug] [2026-4-21 23:12:42] Begin to deal with chain from server...
[Debug] [2026-4-21 23:12:42] Begin to set user chain...
[Debug] [2026-4-21 23:12:42] End to set user chain.
[Debug] [2026-4-21 23:12:42] Begin to update graphic item and tree item ...
[Debug] [2026-4-21 23:12:42] End to update graphic item and tree item ...
[Debug] [2026-4-21 23:12:42] Log::Print : PANGO USB CABLE II cable driver: D2XX DLL
[Debug] [2026-4-21 23:12:42] Log::Print : PG2L100H
[Debug] [2026-4-21 23:12:42] Log::Print : This device configure situation (done bit): 1
[Info] [2026-4-21 23:12:45] set OpenLastPath: E:/BaiduNetdiskDownload/FPGAlocal_experiment/kaifaziliao/local experiment/35_HDMI_IN_DDR3_mid_filter/generate_bitstream/HDMI_IN_DDR3_mid_filter_top.sbit
[Debug] [2026-4-21 23:12:45] begin to get device info from CFG file...
[Debug] [2026-4-21 23:12:45] end to get device info from CFG file...
[Debug] [2026-4-21 23:12:45] Begin to update graphic item and tree item ...
[Debug] [2026-4-21 23:12:45] End to update graphic item and tree item ...
[Debug] [2026-4-21 23:12:45] Begin to update graphic item and tree item ...
[Debug] [2026-4-21 23:12:45] End to update graphic item and tree item ...
[Debug] [2026-4-21 23:12:45] End to deal wiht chain from server.
[Debug] [2026-4-21 23:12:45] end the exec of open cable cmd.
[Debug] [2026-4-21 23:12:45] COMMAND[Open config cable] execute successfully, takes 3.2 secs.
[Debug] [2026-4-21 23:12:45] Log::Print : COMMAND[Open config cable] execute successfully, takes 3.2 secs.
[Debug] [2026-4-21 23:31:20] Begin to send programming cmd...
[Debug] [2026-4-21 23:31:20] Send RPC:11
[Debug] [2026-4-21 23:31:20] Begin to send program data.
[Debug] [2026-4-21 23:31:20] End to send program data.
[Debug] [2026-4-21 23:31:20] Send cmd [Program:20002] OK
[Debug] [2026-4-21 23:31:21] The value of Progress is 6
[Debug] [2026-4-21 23:31:21] The value of Progress is 10
[Debug] [2026-4-21 23:31:21] The value of Progress is 15
[Debug] [2026-4-21 23:31:21] The value of Progress is 20
[Debug] [2026-4-21 23:31:21] The value of Progress is 25
[Debug] [2026-4-21 23:31:21] The value of Progress is 30
[Debug] [2026-4-21 23:31:21] The value of Progress is 35
[Debug] [2026-4-21 23:31:22] The value of Progress is 40
[Debug] [2026-4-21 23:31:22] The value of Progress is 45
[Debug] [2026-4-21 23:31:22] The value of Progress is 50
[Debug] [2026-4-21 23:31:22] The value of Progress is 55
[Debug] [2026-4-21 23:31:22] The value of Progress is 60
[Debug] [2026-4-21 23:31:22] The value of Progress is 65
[Debug] [2026-4-21 23:31:23] The value of Progress is 70
[Debug] [2026-4-21 23:31:23] The value of Progress is 75
[Debug] [2026-4-21 23:31:23] The value of Progress is 80
[Debug] [2026-4-21 23:31:23] The value of Progress is 85
[Debug] [2026-4-21 23:31:23] The value of Progress is 90
[Debug] [2026-4-21 23:31:23] The value of Progress is 95
[Debug] [2026-4-21 23:31:24] The value of Progress is 100
[Debug] [2026-4-21 23:31:24] COMMAND[Program] execute successfully, takes 3.8 secs.
[Debug] [2026-4-21 23:31:24] End to send programming cmd.
[Debug] [2026-4-21 23:31:24] Log::Print : The done bit is 1
[Debug] [2026-4-21 23:31:24] Log::Print : COMMAND[Program] execute successfully, takes 3.8 secs.
