#Build: Fabric Compiler 2022.2-SP6.4, Build 146967, Jan 31 01:39 2024
#Install: E:\pds\PDS_2022.2-SP6.4\bin
#Application name: pds_shell.exe
<<<<<<< HEAD
#OS: Windows 10 10.0.26200
#Hostname: KevinEdwards
Generated by Fabric Compiler (version 2022.2-SP6.4 build 146967) at Sun Apr 26 23:11:29 2026
=======
#OS: Windows 10 10.0.22621
#Hostname: LAPTOP-DHE8LHVE
Generated by Fabric Compiler (version 2022.2-SP6.4 build 146967) at Sun Apr 26 17:20:47 2026
>>>>>>> 2a5b69e8ab9968dd106cc65817409f251b8e3864
Compiling verification operator library.
Compiling common defs.
Compiling prim grid devices.
Compiling gate devices.
Compiling gate operators.
Building architecture model.
Loading device packaging model.
pnr strategy configuration : 
strategy name : 0
Building architecture floorplan logic view.
Constraint check start.
Executing : def_port {ddr3_dq[0]} LOC=P6 VCCIO=1.5 IOSTANDARD=SSTL15_I DRIVE=8.9 SLEW=FAST VREF_MODE=INT VREF_MODE_VALUE=0.5 DDR_TERM_MODE=ON UNUSED=TRUE
Executing : def_port {ddr3_dq[0]} LOC=P6 VCCIO=1.5 IOSTANDARD=SSTL15_I DRIVE=8.9 SLEW=FAST VREF_MODE=INT VREF_MODE_VALUE=0.5 DDR_TERM_MODE=ON UNUSED=TRUE successfully
Executing : def_port {ddr3_dq[1]} LOC=M5 VCCIO=1.5 IOSTANDARD=SSTL15_I DRIVE=8.9 SLEW=FAST VREF_MODE=INT VREF_MODE_VALUE=0.5 DDR_TERM_MODE=ON UNUSED=TRUE
Executing : def_port {ddr3_dq[1]} LOC=M5 VCCIO=1.5 IOSTANDARD=SSTL15_I DRIVE=8.9 SLEW=FAST VREF_MODE=INT VREF_MODE_VALUE=0.5 DDR_TERM_MODE=ON UNUSED=TRUE successfully
Executing : def_port {ddr3_dq[2]} LOC=M6 VCCIO=1.5 IOSTANDARD=SSTL15_I DRIVE=8.9 SLEW=FAST VREF_MODE=INT VREF_MODE_VALUE=0.5 DDR_TERM_MODE=ON UNUSED=TRUE
Executing : def_port {ddr3_dq[2]} LOC=M6 VCCIO=1.5 IOSTANDARD=SSTL15_I DRIVE=8.9 SLEW=FAST VREF_MODE=INT VREF_MODE_VALUE=0.5 DDR_TERM_MODE=ON UNUSED=TRUE successfully
Executing : def_port {ddr3_dq[3]} LOC=N2 VCCIO=1.5 IOSTANDARD=SSTL15_I DRIVE=8.9 SLEW=FAST VREF_MODE=INT VREF_MODE_VALUE=0.5 DDR_TERM_MODE=ON UNUSED=TRUE
Executing : def_port {ddr3_dq[3]} LOC=N2 VCCIO=1.5 IOSTANDARD=SSTL15_I DRIVE=8.9 SLEW=FAST VREF_MODE=INT VREF_MODE_VALUE=0.5 DDR_TERM_MODE=ON UNUSED=TRUE successfully
Executing : def_port {ddr3_dq[4]} LOC=P2 VCCIO=1.5 IOSTANDARD=SSTL15_I DRIVE=8.9 SLEW=FAST VREF_MODE=INT VREF_MODE_VALUE=0.5 DDR_TERM_MODE=ON UNUSED=TRUE
Executing : def_port {ddr3_dq[4]} LOC=P2 VCCIO=1.5 IOSTANDARD=SSTL15_I DRIVE=8.9 SLEW=FAST VREF_MODE=INT VREF_MODE_VALUE=0.5 DDR_TERM_MODE=ON UNUSED=TRUE successfully
Executing : def_port {ddr3_dq[5]} LOC=P1 VCCIO=1.5 IOSTANDARD=SSTL15_I DRIVE=8.9 SLEW=FAST VREF_MODE=INT VREF_MODE_VALUE=0.5 DDR_TERM_MODE=ON UNUSED=TRUE
Executing : def_port {ddr3_dq[5]} LOC=P1 VCCIO=1.5 IOSTANDARD=SSTL15_I DRIVE=8.9 SLEW=FAST VREF_MODE=INT VREF_MODE_VALUE=0.5 DDR_TERM_MODE=ON UNUSED=TRUE successfully
Executing : def_port {ddr3_dq[6]} LOC=R1 VCCIO=1.5 IOSTANDARD=SSTL15_I DRIVE=8.9 SLEW=FAST VREF_MODE=INT VREF_MODE_VALUE=0.5 DDR_TERM_MODE=ON UNUSED=TRUE
Executing : def_port {ddr3_dq[6]} LOC=R1 VCCIO=1.5 IOSTANDARD=SSTL15_I DRIVE=8.9 SLEW=FAST VREF_MODE=INT VREF_MODE_VALUE=0.5 DDR_TERM_MODE=ON UNUSED=TRUE successfully
Executing : def_port {ddr3_dq[7]} LOC=N4 VCCIO=1.5 IOSTANDARD=SSTL15_I DRIVE=8.9 SLEW=FAST VREF_MODE=INT VREF_MODE_VALUE=0.5 DDR_TERM_MODE=ON UNUSED=TRUE
Executing : def_port {ddr3_dq[7]} LOC=N4 VCCIO=1.5 IOSTANDARD=SSTL15_I DRIVE=8.9 SLEW=FAST VREF_MODE=INT VREF_MODE_VALUE=0.5 DDR_TERM_MODE=ON UNUSED=TRUE successfully
Executing : def_port {ddr3_dq[8]} LOC=J6 VCCIO=1.5 IOSTANDARD=SSTL15_I DRIVE=8.9 SLEW=FAST VREF_MODE=INT VREF_MODE_VALUE=0.5 DDR_TERM_MODE=ON UNUSED=TRUE
Executing : def_port {ddr3_dq[8]} LOC=J6 VCCIO=1.5 IOSTANDARD=SSTL15_I DRIVE=8.9 SLEW=FAST VREF_MODE=INT VREF_MODE_VALUE=0.5 DDR_TERM_MODE=ON UNUSED=TRUE successfully
Executing : def_port {ddr3_dq[9]} LOC=K6 VCCIO=1.5 IOSTANDARD=SSTL15_I DRIVE=8.9 SLEW=FAST VREF_MODE=INT VREF_MODE_VALUE=0.5 DDR_TERM_MODE=ON UNUSED=TRUE
Executing : def_port {ddr3_dq[9]} LOC=K6 VCCIO=1.5 IOSTANDARD=SSTL15_I DRIVE=8.9 SLEW=FAST VREF_MODE=INT VREF_MODE_VALUE=0.5 DDR_TERM_MODE=ON UNUSED=TRUE successfully
Executing : def_port {ddr3_dq[10]} LOC=M2 VCCIO=1.5 IOSTANDARD=SSTL15_I DRIVE=8.9 SLEW=FAST VREF_MODE=INT VREF_MODE_VALUE=0.5 DDR_TERM_MODE=ON UNUSED=TRUE
Executing : def_port {ddr3_dq[10]} LOC=M2 VCCIO=1.5 IOSTANDARD=SSTL15_I DRIVE=8.9 SLEW=FAST VREF_MODE=INT VREF_MODE_VALUE=0.5 DDR_TERM_MODE=ON UNUSED=TRUE successfully
Executing : def_port {ddr3_dq[11]} LOC=M3 VCCIO=1.5 IOSTANDARD=SSTL15_I DRIVE=8.9 SLEW=FAST VREF_MODE=INT VREF_MODE_VALUE=0.5 DDR_TERM_MODE=ON UNUSED=TRUE
Executing : def_port {ddr3_dq[11]} LOC=M3 VCCIO=1.5 IOSTANDARD=SSTL15_I DRIVE=8.9 SLEW=FAST VREF_MODE=INT VREF_MODE_VALUE=0.5 DDR_TERM_MODE=ON UNUSED=TRUE successfully
Executing : def_port {ddr3_dq[12]} LOC=K3 VCCIO=1.5 IOSTANDARD=SSTL15_I DRIVE=8.9 SLEW=FAST VREF_MODE=INT VREF_MODE_VALUE=0.5 DDR_TERM_MODE=ON UNUSED=TRUE
Executing : def_port {ddr3_dq[12]} LOC=K3 VCCIO=1.5 IOSTANDARD=SSTL15_I DRIVE=8.9 SLEW=FAST VREF_MODE=INT VREF_MODE_VALUE=0.5 DDR_TERM_MODE=ON UNUSED=TRUE successfully
Executing : def_port {ddr3_dq[13]} LOC=L3 VCCIO=1.5 IOSTANDARD=SSTL15_I DRIVE=8.9 SLEW=FAST VREF_MODE=INT VREF_MODE_VALUE=0.5 DDR_TERM_MODE=ON UNUSED=TRUE
Executing : def_port {ddr3_dq[13]} LOC=L3 VCCIO=1.5 IOSTANDARD=SSTL15_I DRIVE=8.9 SLEW=FAST VREF_MODE=INT VREF_MODE_VALUE=0.5 DDR_TERM_MODE=ON UNUSED=TRUE successfully
Executing : def_port {ddr3_dq[14]} LOC=J4 VCCIO=1.5 IOSTANDARD=SSTL15_I DRIVE=8.9 SLEW=FAST VREF_MODE=INT VREF_MODE_VALUE=0.5 DDR_TERM_MODE=ON UNUSED=TRUE
Executing : def_port {ddr3_dq[14]} LOC=J4 VCCIO=1.5 IOSTANDARD=SSTL15_I DRIVE=8.9 SLEW=FAST VREF_MODE=INT VREF_MODE_VALUE=0.5 DDR_TERM_MODE=ON UNUSED=TRUE successfully
Executing : def_port {ddr3_dq[15]} LOC=K4 VCCIO=1.5 IOSTANDARD=SSTL15_I DRIVE=8.9 SLEW=FAST VREF_MODE=INT VREF_MODE_VALUE=0.5 DDR_TERM_MODE=ON UNUSED=TRUE
Executing : def_port {ddr3_dq[15]} LOC=K4 VCCIO=1.5 IOSTANDARD=SSTL15_I DRIVE=8.9 SLEW=FAST VREF_MODE=INT VREF_MODE_VALUE=0.5 DDR_TERM_MODE=ON UNUSED=TRUE successfully
Executing : def_port {ddr3_dqs[0]} LOC=P5 VCCIO=1.5 IOSTANDARD=SSTL15D_I DRIVE=8.9 SLEW=FAST VREF_MODE=INT VREF_MODE_VALUE=0.5 DDR_TERM_MODE=ON DDR_RES=60 CP_DYN_TERM=ON UNUSED=TRUE
Executing : def_port {ddr3_dqs[0]} LOC=P5 VCCIO=1.5 IOSTANDARD=SSTL15D_I DRIVE=8.9 SLEW=FAST VREF_MODE=INT VREF_MODE_VALUE=0.5 DDR_TERM_MODE=ON DDR_RES=60 CP_DYN_TERM=ON UNUSED=TRUE successfully
Executing : def_port {ddr3_dqs[1]} LOC=M1 VCCIO=1.5 IOSTANDARD=SSTL15D_I DRIVE=8.9 SLEW=FAST VREF_MODE=INT VREF_MODE_VALUE=0.5 DDR_TERM_MODE=ON DDR_RES=60 CP_DYN_TERM=ON UNUSED=TRUE
Executing : def_port {ddr3_dqs[1]} LOC=M1 VCCIO=1.5 IOSTANDARD=SSTL15D_I DRIVE=8.9 SLEW=FAST VREF_MODE=INT VREF_MODE_VALUE=0.5 DDR_TERM_MODE=ON DDR_RES=60 CP_DYN_TERM=ON UNUSED=TRUE successfully
Executing : def_port {ddr3_dqs_n[0]} LOC=P4 VCCIO=1.5 IOSTANDARD=SSTL15D_I DRIVE=8.9 SLEW=FAST VREF_MODE=INT VREF_MODE_VALUE=0.5 DDR_TERM_MODE=ON DDR_RES=60 CP_DYN_TERM=ON UNUSED=TRUE
Executing : def_port {ddr3_dqs_n[0]} LOC=P4 VCCIO=1.5 IOSTANDARD=SSTL15D_I DRIVE=8.9 SLEW=FAST VREF_MODE=INT VREF_MODE_VALUE=0.5 DDR_TERM_MODE=ON DDR_RES=60 CP_DYN_TERM=ON UNUSED=TRUE successfully
Executing : def_port {ddr3_dqs_n[1]} LOC=L1 VCCIO=1.5 IOSTANDARD=SSTL15D_I DRIVE=8.9 SLEW=FAST VREF_MODE=INT VREF_MODE_VALUE=0.5 DDR_TERM_MODE=ON DDR_RES=60 CP_DYN_TERM=ON UNUSED=TRUE
Executing : def_port {ddr3_dqs_n[1]} LOC=L1 VCCIO=1.5 IOSTANDARD=SSTL15D_I DRIVE=8.9 SLEW=FAST VREF_MODE=INT VREF_MODE_VALUE=0.5 DDR_TERM_MODE=ON DDR_RES=60 CP_DYN_TERM=ON UNUSED=TRUE successfully
Executing : def_port {hdmi_rx_scl} LOC=AA21 VCCIO=3.3 IOSTANDARD=LVCMOS33 DRIVE=4 SLEW=FAST PULLUP=TRUE
C: ConstraintEditor-2002: [E:/Ziguang/CCICE_26Ziguang/code_26_2/fpga/FPGA_HDMIIN_1/project/device_map/image_pcie_capture.pcf(line number: 23)] | Port hdmi_rx_scl has been placed at location AA21, whose type is share pin.
Executing : def_port {hdmi_rx_scl} LOC=AA21 VCCIO=3.3 IOSTANDARD=LVCMOS33 DRIVE=4 SLEW=FAST PULLUP=TRUE successfully
Executing : def_port {hdmi_rx_sda} LOC=AA20 VCCIO=3.3 IOSTANDARD=LVCMOS33 DRIVE=4 SLEW=FAST PULLUP=TRUE
C: ConstraintEditor-2002: [E:/Ziguang/CCICE_26Ziguang/code_26_2/fpga/FPGA_HDMIIN_1/project/device_map/image_pcie_capture.pcf(line number: 24)] | Port hdmi_rx_sda has been placed at location AA20, whose type is share pin.
Executing : def_port {hdmi_rx_sda} LOC=AA20 VCCIO=3.3 IOSTANDARD=LVCMOS33 DRIVE=4 SLEW=FAST PULLUP=TRUE successfully
Executing : def_port {ddr3_a[0]} LOC=T1 VCCIO=1.5 IOSTANDARD=SSTL15_I DRIVE=8.9 SLEW=FAST UNUSED=TRUE
Executing : def_port {ddr3_a[0]} LOC=T1 VCCIO=1.5 IOSTANDARD=SSTL15_I DRIVE=8.9 SLEW=FAST UNUSED=TRUE successfully
Executing : def_port {ddr3_a[1]} LOC=U1 VCCIO=1.5 IOSTANDARD=SSTL15_I DRIVE=8.9 SLEW=FAST UNUSED=TRUE
Executing : def_port {ddr3_a[1]} LOC=U1 VCCIO=1.5 IOSTANDARD=SSTL15_I DRIVE=8.9 SLEW=FAST UNUSED=TRUE successfully
Executing : def_port {ddr3_a[2]} LOC=U2 VCCIO=1.5 IOSTANDARD=SSTL15_I DRIVE=8.9 SLEW=FAST UNUSED=TRUE
Executing : def_port {ddr3_a[2]} LOC=U2 VCCIO=1.5 IOSTANDARD=SSTL15_I DRIVE=8.9 SLEW=FAST UNUSED=TRUE successfully
Executing : def_port {ddr3_a[3]} LOC=V2 VCCIO=1.5 IOSTANDARD=SSTL15_I DRIVE=8.9 SLEW=FAST UNUSED=TRUE
Executing : def_port {ddr3_a[3]} LOC=V2 VCCIO=1.5 IOSTANDARD=SSTL15_I DRIVE=8.9 SLEW=FAST UNUSED=TRUE successfully
Executing : def_port {ddr3_a[4]} LOC=R3 VCCIO=1.5 IOSTANDARD=SSTL15_I DRIVE=8.9 SLEW=FAST UNUSED=TRUE
Executing : def_port {ddr3_a[4]} LOC=R3 VCCIO=1.5 IOSTANDARD=SSTL15_I DRIVE=8.9 SLEW=FAST UNUSED=TRUE successfully
Executing : def_port {ddr3_a[5]} LOC=R2 VCCIO=1.5 IOSTANDARD=SSTL15_I DRIVE=8.9 SLEW=FAST UNUSED=TRUE
Executing : def_port {ddr3_a[5]} LOC=R2 VCCIO=1.5 IOSTANDARD=SSTL15_I DRIVE=8.9 SLEW=FAST UNUSED=TRUE successfully
Executing : def_port {ddr3_a[6]} LOC=W2 VCCIO=1.5 IOSTANDARD=SSTL15_I DRIVE=8.9 SLEW=FAST UNUSED=TRUE
Executing : def_port {ddr3_a[6]} LOC=W2 VCCIO=1.5 IOSTANDARD=SSTL15_I DRIVE=8.9 SLEW=FAST UNUSED=TRUE successfully
Executing : def_port {ddr3_a[7]} LOC=Y2 VCCIO=1.5 IOSTANDARD=SSTL15_I DRIVE=8.9 SLEW=FAST UNUSED=TRUE
Executing : def_port {ddr3_a[7]} LOC=Y2 VCCIO=1.5 IOSTANDARD=SSTL15_I DRIVE=8.9 SLEW=FAST UNUSED=TRUE successfully
Executing : def_port {ddr3_a[8]} LOC=W1 VCCIO=1.5 IOSTANDARD=SSTL15_I DRIVE=8.9 SLEW=FAST UNUSED=TRUE
Executing : def_port {ddr3_a[8]} LOC=W1 VCCIO=1.5 IOSTANDARD=SSTL15_I DRIVE=8.9 SLEW=FAST UNUSED=TRUE successfully
Executing : def_port {ddr3_a[9]} LOC=Y1 VCCIO=1.5 IOSTANDARD=SSTL15_I DRIVE=8.9 SLEW=FAST UNUSED=TRUE
Executing : def_port {ddr3_a[9]} LOC=Y1 VCCIO=1.5 IOSTANDARD=SSTL15_I DRIVE=8.9 SLEW=FAST UNUSED=TRUE successfully
Executing : def_port {ddr3_a[10]} LOC=U3 VCCIO=1.5 IOSTANDARD=SSTL15_I DRIVE=8.9 SLEW=FAST UNUSED=TRUE
Executing : def_port {ddr3_a[10]} LOC=U3 VCCIO=1.5 IOSTANDARD=SSTL15_I DRIVE=8.9 SLEW=FAST UNUSED=TRUE successfully
Executing : def_port {ddr3_a[11]} LOC=AA1 VCCIO=1.5 IOSTANDARD=SSTL15_I DRIVE=8.9 SLEW=FAST UNUSED=TRUE
Executing : def_port {ddr3_a[11]} LOC=AA1 VCCIO=1.5 IOSTANDARD=SSTL15_I DRIVE=8.9 SLEW=FAST UNUSED=TRUE successfully
Executing : def_port {ddr3_a[12]} LOC=AB1 VCCIO=1.5 IOSTANDARD=SSTL15_I DRIVE=8.9 SLEW=FAST UNUSED=TRUE
Executing : def_port {ddr3_a[12]} LOC=AB1 VCCIO=1.5 IOSTANDARD=SSTL15_I DRIVE=8.9 SLEW=FAST UNUSED=TRUE successfully
Executing : def_port {ddr3_a[13]} LOC=AB3 VCCIO=1.5 IOSTANDARD=SSTL15_I DRIVE=8.9 SLEW=FAST UNUSED=TRUE
Executing : def_port {ddr3_a[13]} LOC=AB3 VCCIO=1.5 IOSTANDARD=SSTL15_I DRIVE=8.9 SLEW=FAST UNUSED=TRUE successfully
Executing : def_port {ddr3_a[14]} LOC=AB2 VCCIO=1.5 IOSTANDARD=SSTL15_I DRIVE=8.9 SLEW=FAST UNUSED=TRUE
Executing : def_port {ddr3_a[14]} LOC=AB2 VCCIO=1.5 IOSTANDARD=SSTL15_I DRIVE=8.9 SLEW=FAST UNUSED=TRUE successfully
Executing : def_port {ddr3_ba[0]} LOC=AA3 VCCIO=1.5 IOSTANDARD=SSTL15_I DRIVE=8.9 SLEW=FAST UNUSED=TRUE
Executing : def_port {ddr3_ba[0]} LOC=AA3 VCCIO=1.5 IOSTANDARD=SSTL15_I DRIVE=8.9 SLEW=FAST UNUSED=TRUE successfully
Executing : def_port {ddr3_ba[1]} LOC=AA5 VCCIO=1.5 IOSTANDARD=SSTL15_I DRIVE=8.9 SLEW=FAST UNUSED=TRUE
Executing : def_port {ddr3_ba[1]} LOC=AA5 VCCIO=1.5 IOSTANDARD=SSTL15_I DRIVE=8.9 SLEW=FAST UNUSED=TRUE successfully
Executing : def_port {ddr3_ba[2]} LOC=AB5 VCCIO=1.5 IOSTANDARD=SSTL15_I DRIVE=8.9 SLEW=FAST UNUSED=TRUE
Executing : def_port {ddr3_ba[2]} LOC=AB5 VCCIO=1.5 IOSTANDARD=SSTL15_I DRIVE=8.9 SLEW=FAST UNUSED=TRUE successfully
Executing : def_port {ddr3_cas_n} LOC=U6 VCCIO=1.5 IOSTANDARD=SSTL15_I DRIVE=8.9 SLEW=FAST UNUSED=TRUE
Executing : def_port {ddr3_cas_n} LOC=U6 VCCIO=1.5 IOSTANDARD=SSTL15_I DRIVE=8.9 SLEW=FAST UNUSED=TRUE successfully
Executing : def_port {ddr3_ck} LOC=Y4 VCCIO=1.5 IOSTANDARD=SSTL15D_I DRIVE=8.9 SLEW=FAST UNUSED=TRUE
Executing : def_port {ddr3_ck} LOC=Y4 VCCIO=1.5 IOSTANDARD=SSTL15D_I DRIVE=8.9 SLEW=FAST UNUSED=TRUE successfully
Executing : def_port {ddr3_ck_n} LOC=AA4 VCCIO=1.5 IOSTANDARD=SSTL15D_I DRIVE=8.9 SLEW=FAST UNUSED=TRUE
Executing : def_port {ddr3_ck_n} LOC=AA4 VCCIO=1.5 IOSTANDARD=SSTL15D_I DRIVE=8.9 SLEW=FAST UNUSED=TRUE successfully
Executing : def_port {ddr3_cke} LOC=W4 VCCIO=1.5 IOSTANDARD=SSTL15_I DRIVE=8.9 SLEW=FAST UNUSED=TRUE
Executing : def_port {ddr3_cke} LOC=W4 VCCIO=1.5 IOSTANDARD=SSTL15_I DRIVE=8.9 SLEW=FAST UNUSED=TRUE successfully
Executing : def_port {ddr3_cs_n} LOC=V5 VCCIO=1.5 IOSTANDARD=SSTL15_I DRIVE=8.9 SLEW=FAST UNUSED=TRUE
Executing : def_port {ddr3_cs_n} LOC=V5 VCCIO=1.5 IOSTANDARD=SSTL15_I DRIVE=8.9 SLEW=FAST UNUSED=TRUE successfully
Executing : def_port {ddr3_dm[0]} LOC=N5 VCCIO=1.5 IOSTANDARD=SSTL15_I DRIVE=8.9 SLEW=FAST UNUSED=TRUE
Executing : def_port {ddr3_dm[0]} LOC=N5 VCCIO=1.5 IOSTANDARD=SSTL15_I DRIVE=8.9 SLEW=FAST UNUSED=TRUE successfully
Executing : def_port {ddr3_dm[1]} LOC=L5 VCCIO=1.5 IOSTANDARD=SSTL15_I DRIVE=8.9 SLEW=FAST UNUSED=TRUE
Executing : def_port {ddr3_dm[1]} LOC=L5 VCCIO=1.5 IOSTANDARD=SSTL15_I DRIVE=8.9 SLEW=FAST UNUSED=TRUE successfully
Executing : def_port {ddr3_odt} LOC=R6 VCCIO=1.5 IOSTANDARD=SSTL15_I DRIVE=8.9 SLEW=FAST UNUSED=TRUE
Executing : def_port {ddr3_odt} LOC=R6 VCCIO=1.5 IOSTANDARD=SSTL15_I DRIVE=8.9 SLEW=FAST UNUSED=TRUE successfully
Executing : def_port {ddr3_ras_n} LOC=W5 VCCIO=1.5 IOSTANDARD=SSTL15_I DRIVE=8.9 SLEW=FAST UNUSED=TRUE
Executing : def_port {ddr3_ras_n} LOC=W5 VCCIO=1.5 IOSTANDARD=SSTL15_I DRIVE=8.9 SLEW=FAST UNUSED=TRUE successfully
Executing : def_port {ddr3_rst_n} LOC=T3 VCCIO=1.5 IOSTANDARD=SSTL15_I DRIVE=8.9 SLEW=FAST UNUSED=TRUE
Executing : def_port {ddr3_rst_n} LOC=T3 VCCIO=1.5 IOSTANDARD=SSTL15_I DRIVE=8.9 SLEW=FAST UNUSED=TRUE successfully
Executing : def_port {ddr3_we_n} LOC=W6 VCCIO=1.5 IOSTANDARD=SSTL15_I DRIVE=8.9 SLEW=FAST UNUSED=TRUE
Executing : def_port {ddr3_we_n} LOC=W6 VCCIO=1.5 IOSTANDARD=SSTL15_I DRIVE=8.9 SLEW=FAST UNUSED=TRUE successfully
Executing : def_port {hdmi_b[0]} LOC=N14 VCCIO=3.3 IOSTANDARD=LVCMOS33 NONE=TRUE
C: ConstraintEditor-2001: [E:/Ziguang/CCICE_26Ziguang/code_26_2/fpga/FPGA_HDMIIN_1/project/device_map/image_pcie_capture.pcf(line number: 54)] Object 'hdmi_b[0]' is dangling, which has no connection. it will be ignored.
Executing : def_port {hdmi_b[0]} LOC=N14 VCCIO=3.3 IOSTANDARD=LVCMOS33 NONE=TRUE failed
Executing : def_port {hdmi_b[1]} LOC=W20 VCCIO=3.3 IOSTANDARD=LVCMOS33 NONE=TRUE
C: ConstraintEditor-2001: [E:/Ziguang/CCICE_26Ziguang/code_26_2/fpga/FPGA_HDMIIN_1/project/device_map/image_pcie_capture.pcf(line number: 55)] Object 'hdmi_b[1]' is dangling, which has no connection. it will be ignored.
Executing : def_port {hdmi_b[1]} LOC=W20 VCCIO=3.3 IOSTANDARD=LVCMOS33 NONE=TRUE failed
Executing : def_port {hdmi_b[2]} LOC=N13 VCCIO=3.3 IOSTANDARD=LVCMOS33 NONE=TRUE
C: ConstraintEditor-2001: [E:/Ziguang/CCICE_26Ziguang/code_26_2/fpga/FPGA_HDMIIN_1/project/device_map/image_pcie_capture.pcf(line number: 56)] Object 'hdmi_b[2]' is dangling, which has no connection. it will be ignored.
Executing : def_port {hdmi_b[2]} LOC=N13 VCCIO=3.3 IOSTANDARD=LVCMOS33 NONE=TRUE failed
Executing : def_port {hdmi_b[3]} LOC=V20 VCCIO=3.3 IOSTANDARD=LVCMOS33 NONE=TRUE
Executing : def_port {hdmi_b[3]} LOC=V20 VCCIO=3.3 IOSTANDARD=LVCMOS33 NONE=TRUE successfully
Executing : def_port {hdmi_b[4]} LOC=R16 VCCIO=3.3 IOSTANDARD=LVCMOS33 NONE=TRUE
C: ConstraintEditor-2002: [E:/Ziguang/CCICE_26Ziguang/code_26_2/fpga/FPGA_HDMIIN_1/project/device_map/image_pcie_capture.pcf(line number: 58)] | Port hdmi_b[4] has been placed at location R16, whose type is share pin.
Executing : def_port {hdmi_b[4]} LOC=R16 VCCIO=3.3 IOSTANDARD=LVCMOS33 NONE=TRUE successfully
Executing : def_port {hdmi_b[5]} LOC=U20 VCCIO=3.3 IOSTANDARD=LVCMOS33 NONE=TRUE
Executing : def_port {hdmi_b[5]} LOC=U20 VCCIO=3.3 IOSTANDARD=LVCMOS33 NONE=TRUE successfully
Executing : def_port {hdmi_b[6]} LOC=P15 VCCIO=3.3 IOSTANDARD=LVCMOS33 NONE=TRUE
C: ConstraintEditor-2002: [E:/Ziguang/CCICE_26Ziguang/code_26_2/fpga/FPGA_HDMIIN_1/project/device_map/image_pcie_capture.pcf(line number: 60)] | Port hdmi_b[6] has been placed at location P15, whose type is share pin.
Executing : def_port {hdmi_b[6]} LOC=P15 VCCIO=3.3 IOSTANDARD=LVCMOS33 NONE=TRUE successfully
Executing : def_port {hdmi_b[7]} LOC=AB18 VCCIO=3.3 IOSTANDARD=LVCMOS33 NONE=TRUE
C: ConstraintEditor-2002: [E:/Ziguang/CCICE_26Ziguang/code_26_2/fpga/FPGA_HDMIIN_1/project/device_map/image_pcie_capture.pcf(line number: 61)] | Port hdmi_b[7] has been placed at location AB18, whose type is share pin.
Executing : def_port {hdmi_b[7]} LOC=AB18 VCCIO=3.3 IOSTANDARD=LVCMOS33 NONE=TRUE successfully
Executing : def_port {hdmi_de} LOC=P16 VCCIO=3.3 IOSTANDARD=LVCMOS33 NONE=TRUE
C: ConstraintEditor-2002: [E:/Ziguang/CCICE_26Ziguang/code_26_2/fpga/FPGA_HDMIIN_1/project/device_map/image_pcie_capture.pcf(line number: 62)] | Port hdmi_de has been placed at location P16, whose type is share pin.
Executing : def_port {hdmi_de} LOC=P16 VCCIO=3.3 IOSTANDARD=LVCMOS33 NONE=TRUE successfully
Executing : def_port {hdmi_g[0]} LOC=P17 VCCIO=3.3 IOSTANDARD=LVCMOS33 NONE=TRUE
C: ConstraintEditor-2001: [E:/Ziguang/CCICE_26Ziguang/code_26_2/fpga/FPGA_HDMIIN_1/project/device_map/image_pcie_capture.pcf(line number: 63)] Object 'hdmi_g[0]' is dangling, which has no connection. it will be ignored.
Executing : def_port {hdmi_g[0]} LOC=P17 VCCIO=3.3 IOSTANDARD=LVCMOS33 NONE=TRUE failed
Executing : def_port {hdmi_g[1]} LOC=AA18 VCCIO=3.3 IOSTANDARD=LVCMOS33 NONE=TRUE
C: ConstraintEditor-2001: [E:/Ziguang/CCICE_26Ziguang/code_26_2/fpga/FPGA_HDMIIN_1/project/device_map/image_pcie_capture.pcf(line number: 64)] Object 'hdmi_g[1]' is dangling, which has no connection. it will be ignored.
Executing : def_port {hdmi_g[1]} LOC=AA18 VCCIO=3.3 IOSTANDARD=LVCMOS33 NONE=TRUE failed
Executing : def_port {hdmi_g[2]} LOC=N17 VCCIO=3.3 IOSTANDARD=LVCMOS33 NONE=TRUE
Executing : def_port {hdmi_g[2]} LOC=N17 VCCIO=3.3 IOSTANDARD=LVCMOS33 NONE=TRUE successfully
Executing : def_port {hdmi_g[3]} LOC=W17 VCCIO=3.3 IOSTANDARD=LVCMOS33 NONE=TRUE
C: ConstraintEditor-2002: [E:/Ziguang/CCICE_26Ziguang/code_26_2/fpga/FPGA_HDMIIN_1/project/device_map/image_pcie_capture.pcf(line number: 66)] | Port hdmi_g[3] has been placed at location W17, whose type is share pin.
Executing : def_port {hdmi_g[3]} LOC=W17 VCCIO=3.3 IOSTANDARD=LVCMOS33 NONE=TRUE successfully
Executing : def_port {hdmi_g[4]} LOC=T18 VCCIO=3.3 IOSTANDARD=LVCMOS33 NONE=TRUE
C: ConstraintEditor-2002: [E:/Ziguang/CCICE_26Ziguang/code_26_2/fpga/FPGA_HDMIIN_1/project/device_map/image_pcie_capture.pcf(line number: 67)] | Port hdmi_g[4] has been placed at location T18, whose type is share pin.
Executing : def_port {hdmi_g[4]} LOC=T18 VCCIO=3.3 IOSTANDARD=LVCMOS33 NONE=TRUE successfully
Executing : def_port {hdmi_g[5]} LOC=V17 VCCIO=3.3 IOSTANDARD=LVCMOS33 NONE=TRUE
C: ConstraintEditor-2002: [E:/Ziguang/CCICE_26Ziguang/code_26_2/fpga/FPGA_HDMIIN_1/project/device_map/image_pcie_capture.pcf(line number: 68)] | Port hdmi_g[5] has been placed at location V17, whose type is share pin.
Executing : def_port {hdmi_g[5]} LOC=V17 VCCIO=3.3 IOSTANDARD=LVCMOS33 NONE=TRUE successfully
Executing : def_port {hdmi_g[6]} LOC=R18 VCCIO=3.3 IOSTANDARD=LVCMOS33 NONE=TRUE
C: ConstraintEditor-2002: [E:/Ziguang/CCICE_26Ziguang/code_26_2/fpga/FPGA_HDMIIN_1/project/device_map/image_pcie_capture.pcf(line number: 69)] | Port hdmi_g[6] has been placed at location R18, whose type is share pin.
Executing : def_port {hdmi_g[6]} LOC=R18 VCCIO=3.3 IOSTANDARD=LVCMOS33 NONE=TRUE successfully
Executing : def_port {hdmi_g[7]} LOC=AB20 VCCIO=3.3 IOSTANDARD=LVCMOS33 NONE=TRUE
C: ConstraintEditor-2002: [E:/Ziguang/CCICE_26Ziguang/code_26_2/fpga/FPGA_HDMIIN_1/project/device_map/image_pcie_capture.pcf(line number: 70)] | Port hdmi_g[7] has been placed at location AB20, whose type is share pin.
Executing : def_port {hdmi_g[7]} LOC=AB20 VCCIO=3.3 IOSTANDARD=LVCMOS33 NONE=TRUE successfully
Executing : def_port {hdmi_hs} LOC=U17 VCCIO=3.3 IOSTANDARD=LVCMOS33 NONE=TRUE
C: ConstraintEditor-2001: [E:/Ziguang/CCICE_26Ziguang/code_26_2/fpga/FPGA_HDMIIN_1/project/device_map/image_pcie_capture.pcf(line number: 71)] Object 'hdmi_hs' is dangling, which has no connection. it will be ignored.
Executing : def_port {hdmi_hs} LOC=U17 VCCIO=3.3 IOSTANDARD=LVCMOS33 NONE=TRUE failed
Executing : def_port {hdmi_pix_clk} LOC=W19 VCCIO=3.3 IOSTANDARD=LVCMOS33 NONE=TRUE
Executing : def_port {hdmi_pix_clk} LOC=W19 VCCIO=3.3 IOSTANDARD=LVCMOS33 NONE=TRUE successfully
Executing : def_port {hdmi_r[0]} LOC=V19 VCCIO=3.3 IOSTANDARD=LVCMOS33 NONE=TRUE
C: ConstraintEditor-2001: [E:/Ziguang/CCICE_26Ziguang/code_26_2/fpga/FPGA_HDMIIN_1/project/device_map/image_pcie_capture.pcf(line number: 73)] Object 'hdmi_r[0]' is dangling, which has no connection. it will be ignored.
Executing : def_port {hdmi_r[0]} LOC=V19 VCCIO=3.3 IOSTANDARD=LVCMOS33 NONE=TRUE failed
Executing : def_port {hdmi_r[1]} LOC=AA19 VCCIO=3.3 IOSTANDARD=LVCMOS33 NONE=TRUE
C: ConstraintEditor-2001: [E:/Ziguang/CCICE_26Ziguang/code_26_2/fpga/FPGA_HDMIIN_1/project/device_map/image_pcie_capture.pcf(line number: 74)] Object 'hdmi_r[1]' is dangling, which has no connection. it will be ignored.
Executing : def_port {hdmi_r[1]} LOC=AA19 VCCIO=3.3 IOSTANDARD=LVCMOS33 NONE=TRUE failed
Executing : def_port {hdmi_r[2]} LOC=V18 VCCIO=3.3 IOSTANDARD=LVCMOS33 NONE=TRUE
C: ConstraintEditor-2001: [E:/Ziguang/CCICE_26Ziguang/code_26_2/fpga/FPGA_HDMIIN_1/project/device_map/image_pcie_capture.pcf(line number: 75)] Object 'hdmi_r[2]' is dangling, which has no connection. it will be ignored.
Executing : def_port {hdmi_r[2]} LOC=V18 VCCIO=3.3 IOSTANDARD=LVCMOS33 NONE=TRUE failed
Executing : def_port {hdmi_r[3]} LOC=N15 VCCIO=3.3 IOSTANDARD=LVCMOS33 NONE=TRUE
Executing : def_port {hdmi_r[3]} LOC=N15 VCCIO=3.3 IOSTANDARD=LVCMOS33 NONE=TRUE successfully
Executing : def_port {hdmi_r[4]} LOC=Y19 VCCIO=3.3 IOSTANDARD=LVCMOS33 NONE=TRUE
Executing : def_port {hdmi_r[4]} LOC=Y19 VCCIO=3.3 IOSTANDARD=LVCMOS33 NONE=TRUE successfully
Executing : def_port {hdmi_r[5]} LOC=AB22 VCCIO=3.3 IOSTANDARD=LVCMOS33 NONE=TRUE
C: ConstraintEditor-2002: [E:/Ziguang/CCICE_26Ziguang/code_26_2/fpga/FPGA_HDMIIN_1/project/device_map/image_pcie_capture.pcf(line number: 78)] | Port hdmi_r[5] has been placed at location AB22, whose type is share pin.
Executing : def_port {hdmi_r[5]} LOC=AB22 VCCIO=3.3 IOSTANDARD=LVCMOS33 NONE=TRUE successfully
Executing : def_port {hdmi_r[6]} LOC=Y18 VCCIO=3.3 IOSTANDARD=LVCMOS33 NONE=TRUE
Executing : def_port {hdmi_r[6]} LOC=Y18 VCCIO=3.3 IOSTANDARD=LVCMOS33 NONE=TRUE successfully
Executing : def_port {hdmi_r[7]} LOC=AB21 VCCIO=3.3 IOSTANDARD=LVCMOS33 NONE=TRUE
C: ConstraintEditor-2002: [E:/Ziguang/CCICE_26Ziguang/code_26_2/fpga/FPGA_HDMIIN_1/project/device_map/image_pcie_capture.pcf(line number: 80)] | Port hdmi_r[7] has been placed at location AB21, whose type is share pin.
Executing : def_port {hdmi_r[7]} LOC=AB21 VCCIO=3.3 IOSTANDARD=LVCMOS33 NONE=TRUE successfully
Executing : def_port {hdmi_vs} LOC=R17 VCCIO=3.3 IOSTANDARD=LVCMOS33 NONE=TRUE
C: ConstraintEditor-2002: [E:/Ziguang/CCICE_26Ziguang/code_26_2/fpga/FPGA_HDMIIN_1/project/device_map/image_pcie_capture.pcf(line number: 81)] | Port hdmi_vs has been placed at location R17, whose type is share pin.
Executing : def_port {hdmi_vs} LOC=R17 VCCIO=3.3 IOSTANDARD=LVCMOS33 NONE=TRUE successfully
Executing : def_port {pcie_perst_n} LOC=M16 VCCIO=1.8 IOSTANDARD=LVCMOS18 NONE=TRUE
C: ConstraintEditor-2002: [E:/Ziguang/CCICE_26Ziguang/code_26_2/fpga/FPGA_HDMIIN_1/project/device_map/image_pcie_capture.pcf(line number: 82)] | Port pcie_perst_n has been placed at location M16, whose type is share pin.
Executing : def_port {pcie_perst_n} LOC=M16 VCCIO=1.8 IOSTANDARD=LVCMOS18 NONE=TRUE successfully
Executing : def_port {pcie_refclk_n} LOC=E6
Executing : def_port {pcie_refclk_n} LOC=E6 successfully
Executing : def_port {pcie_refclk_p} LOC=F6
Executing : def_port {pcie_refclk_p} LOC=F6 successfully
Executing : def_port {sys_clk} LOC=V4 VCCIO=1.5 IOSTANDARD=LVCMOS15 UNUSED=TRUE
Executing : def_port {sys_clk} LOC=V4 VCCIO=1.5 IOSTANDARD=LVCMOS15 UNUSED=TRUE successfully
Executing : def_port {sys_rst_n} LOC=M15 VCCIO=1.8 IOSTANDARD=LVCMOS18 UNUSED=TRUE
C: ConstraintEditor-2002: [E:/Ziguang/CCICE_26Ziguang/code_26_2/fpga/FPGA_HDMIIN_1/project/device_map/image_pcie_capture.pcf(line number: 86)] | Port sys_rst_n has been placed at location M15, whose type is share pin.
Executing : def_port {sys_rst_n} LOC=M15 VCCIO=1.8 IOSTANDARD=LVCMOS18 UNUSED=TRUE successfully
Executing : def_inst_site {dl_I_ips_ddr_top/u_ddrphy_top/ddrphy_reset_ctrl/ddrphy_ioclk_gate[0]/opit_0_inv} CLMA_357_354 FF3
Executing : def_inst_site {dl_I_ips_ddr_top/u_ddrphy_top/ddrphy_reset_ctrl/ddrphy_ioclk_gate[0]/opit_0_inv} CLMA_357_354 FF3 successfully
Executing : def_inst_site {dl_I_ips_ddr_top/u_ddrphy_top/ddrphy_reset_ctrl/ddrphy_ioclk_gate[1]/opit_0_inv} CLMA_357_660 FF3
Executing : def_inst_site {dl_I_ips_ddr_top/u_ddrphy_top/ddrphy_reset_ctrl/ddrphy_ioclk_gate[1]/opit_0_inv} CLMA_357_660 FF3 successfully
Executing : def_inst_site {dl_I_ips_ddr_top/u_ddrphy_top/u_ddrphy_cpd/cpd_inst} DDRPHY_CPD_369_466
Executing : def_inst_site {dl_I_ips_ddr_top/u_ddrphy_top/u_ddrphy_cpd/cpd_inst} DDRPHY_CPD_369_466 successfully
Executing : def_inst_site {dl_u_ips2l_pcie_wrap/U_IPS2L_PCIE_TOP/U_IPS2L_HSSTLP_PCIE_SOFT_PHY/x2.GTP_HSST_2LANE_TOP/U_GTP_HSSTLP_WRAPPER/CHANNEL0_ENABLE.U_GTP_HSSTLP_LANE0/gophsst} HSSTLP_364_918 U0_HSSTLP_LANE
Executing : def_inst_site {dl_u_ips2l_pcie_wrap/U_IPS2L_PCIE_TOP/U_IPS2L_HSSTLP_PCIE_SOFT_PHY/x2.GTP_HSST_2LANE_TOP/U_GTP_HSSTLP_WRAPPER/CHANNEL0_ENABLE.U_GTP_HSSTLP_LANE0/gophsst} HSSTLP_364_918 U0_HSSTLP_LANE successfully
Executing : def_inst_site {dl_u_ips2l_pcie_wrap/U_IPS2L_PCIE_TOP/U_IPS2L_HSSTLP_PCIE_SOFT_PHY/x2.GTP_HSST_2LANE_TOP/U_GTP_HSSTLP_WRAPPER/CHANNEL1_ENABLE.U_GTP_HSSTLP_LANE1/gophsst} HSSTLP_364_918 U1_HSSTLP_LANE
Executing : def_inst_site {dl_u_ips2l_pcie_wrap/U_IPS2L_PCIE_TOP/U_IPS2L_HSSTLP_PCIE_SOFT_PHY/x2.GTP_HSST_2LANE_TOP/U_GTP_HSSTLP_WRAPPER/CHANNEL1_ENABLE.U_GTP_HSSTLP_LANE1/gophsst} HSSTLP_364_918 U1_HSSTLP_LANE successfully
Executing : def_inst_site {dl_u_ips2l_pcie_wrap/U_IPS2L_PCIE_TOP/U_IPS2L_HSSTLP_PCIE_SOFT_PHY/x2.GTP_HSST_2LANE_TOP/U_GTP_HSSTLP_WRAPPER/PLL0_ENABLE.U_GTP_HSSTLP_PLL0/gophsst} HSSTLP_364_918 U0_HSSTLP_PLL
Executing : def_inst_site {dl_u_ips2l_pcie_wrap/U_IPS2L_PCIE_TOP/U_IPS2L_HSSTLP_PCIE_SOFT_PHY/x2.GTP_HSST_2LANE_TOP/U_GTP_HSSTLP_WRAPPER/PLL0_ENABLE.U_GTP_HSSTLP_PLL0/gophsst} HSSTLP_364_918 U0_HSSTLP_PLL successfully
W: ConstraintEditor-4019: Port Bus 'pcie_rxn' unspecified I/O constraint.
W: ConstraintEditor-4019: Port Bus 'pcie_rxp' unspecified I/O constraint.
W: ConstraintEditor-4019: Port Bus 'pcie_txn' unspecified I/O constraint.
W: ConstraintEditor-4019: Port Bus 'pcie_txp' unspecified I/O constraint.
Constraint check end.
I: Column Clock Check open.
Read Column Clock Map.

Placement started.
Phase 1 Pre global placement started.
Mapping instance GRS_INST/grs_ccs to CCS_87_316.
Mapping instance dl_u_ips2l_pcie_wrap/U_IPS2L_PCIE_TOP/U_IPS2L_PCIE_HARD_CTRL/u_gtp_pcie/gateop to PCIE_315_918.
Mapping instance dl_I_ips_ddr_top/u_ddrphy_top/ddrphy_gpll/u_gpll/gpll_inst to GPLL_367_463.
Mapping instance dl_I_ips_ddr_top/u_ddrphy_top/ddrphy_slice_top/i_dqs_bank[0].u_ddrphy_ioclkdiv/ddrphy_ioclk_div_inst to DDRPHY_IOCLK_DIV_368_310.
Mapping instance dl_I_ips_ddr_top/u_ddrphy_top/ddrphy_slice_top/i_dqs_bank[0].ddrphy_ppll/u_ppll/ppll_inst to PPLL_367_307.
Mapping instance dl_I_ips_ddr_top/u_ddrphy_top/ddrphy_slice_top/i_ca_group[0].u_ddc_ca/ddc_inst to DDR_PHY_369_465.
Mapping instance dl_I_ips_ddr_top/u_ddrphy_top/ddrphy_slice_top/i_ca_group[1].u_ddc_ca/ddc_inst to DDR_PHY_369_463.
Mapping instance dl_I_ips_ddr_top/u_ddrphy_top/ddrphy_slice_top/i_ca_group[2].u_ddc_ca/ddc_inst to DDR_PHY_369_309.
Mapping instance dl_I_ips_ddr_top/u_ddrphy_top/ddrphy_slice_top/i_dqs_bank[1].u_ddrphy_ioclkdiv/ddrphy_ioclk_div_inst to DDRPHY_IOCLK_DIV_368_616.
Mapping instance dl_I_ips_ddr_top/u_ddrphy_top/ddrphy_slice_top/i_dqs_bank[1].ddrphy_ppll/u_ppll/ppll_inst to PPLL_367_613.
Mapping instance dl_I_ips_ddr_top/u_ddrphy_top/ddrphy_slice_top/i_dqs_group[0].ddrphy_data_slice/u_ddc_dq/ddc_inst_PHY to DDR_PHY_369_613.
Mapping instance dl_I_ips_ddr_top/u_ddrphy_top/ddrphy_slice_top/i_dqs_group[1].ddrphy_data_slice/u_ddc_dq/ddc_inst_PHY to DDR_PHY_369_615.
Phase 1.1 1st GP placement started.
<<<<<<< HEAD
Design Utilization : 11%.
First map gop timing takes 1.95 sec
Worst slack after clock region global placement is -11721
Wirelength after clock region global placement is 248826 and checksum is 8F2491D263B6FFB8.
1st GP placement takes 8.62 sec.
=======
Design Utilization : 10%.
First map gop timing takes 1.19 sec
Worst slack after clock region global placement is -3571
Wirelength after clock region global placement is 246532 and checksum is 1741B43E455CFBD7.
1st GP placement takes 5.22 sec.
>>>>>>> 2a5b69e8ab9968dd106cc65817409f251b8e3864

Phase 1.2 Clock placement started.
Mapping instance dl_I_ips_ddr_top/u_ddrphy_top/ddrphy_slice_top/i_dqs_bank[0].u_clkbufr/goprclk to RCKB_363_456.
Mapping instance dl_I_ips_ddr_top/u_ddrphy_top/ddrphy_slice_top/i_dqs_bank[1].u_clkbufr/goprclk to RCKB_363_762.
Mapping instance dl_I_ips_ddr_top/u_ddrphy_top/u_clkbufm/clkbufm_inst to MRCKB_361_456.
Mapping instance clkbufg_0/gopclkbufg to USCM_215_624.
Mapping instance dl_I_ips_ddr_top/u_ddrphy_top/u_sysclk_bufg/gopclkbufg to USCM_215_576.
Mapping instance dl_u_ips2l_pcie_wrap/U_IPS2L_PCIE_TOP/U_IPS2L_HSSTLP_PCIE_SOFT_PHY/u_clkbufg/gopclkbufg to USCM_215_627.
<<<<<<< HEAD
Mapping instance clkbufg_2/gopclkbufg to USCM_215_630.
Mapping instance dl_I_ips_ddr_top/u_ddrphy_top/rst_clk_gpll/u_gpll/gpll_inst to GPLL_7_463.
Mapping instance dl_I_ips_ddr_top/u_ddrphy_top/u_rst_clk_bufg/gopclkbufg to USCM_215_579.
Mapping instance dl_pll_inst/u_gpll/gpll_inst to GPLL_7_157.
Mapping instance clkbufg_1/gopclkbufg to USCM_215_582.
Mapping instance clkbufg_3/gopclkbufg to USCM_215_585.
Clock placement takes 0.34 sec.

Wirelength after Pre Global Placement is 248826 and checksum is 8F2491D263B6FFB8.
Pre global placement takes 9.67 sec.
=======
Mapping instance clkbufg_1/gopclkbufg to USCM_215_630.
Mapping instance dl_I_ips_ddr_top/u_ddrphy_top/rst_clk_gpll/u_gpll/gpll_inst to GPLL_7_463.
Mapping instance dl_I_ips_ddr_top/u_ddrphy_top/u_rst_clk_bufg/gopclkbufg to USCM_215_579.
Mapping instance clkbufg_2/gopclkbufg to USCM_215_582.
Clock placement takes 0.20 sec.

Wirelength after Pre Global Placement is 246532 and checksum is 1741B43E455CFBD7.
Pre global placement takes 5.98 sec.
>>>>>>> 2a5b69e8ab9968dd106cc65817409f251b8e3864

Phase 2 Global placement started.
Phase 2.1 Fixed placement started.
Placed fixed group with base inst ddr3_rst_n_obuf/opit_1 on IOLHR_364_606.
Placed fixed group with base inst dl_I_ips_ddr_top/u_ddrphy_top/ddrphy_slice_top/i_dqs_group[0].ddrphy_data_slice/dq_loop[0].u_iobuf_dq/opit_1 on IOLHR_364_624.
Placed fixed group with base inst dl_I_ips_ddr_top/u_ddrphy_top/ddrphy_slice_top/i_dqs_group[0].ddrphy_data_slice/dq_loop[1].u_iobuf_dq/opit_1 on IOLHR_364_630.
Placed fixed group with base inst dl_I_ips_ddr_top/u_ddrphy_top/ddrphy_slice_top/i_dqs_group[0].ddrphy_data_slice/dq_loop[2].u_iobuf_dq/opit_1 on IOLHR_364_636.
Placed fixed group with base inst dl_I_ips_ddr_top/u_ddrphy_top/ddrphy_slice_top/i_dqs_group[0].ddrphy_data_slice/dq_loop[3].u_iobuf_dq/opit_1 on IOLHR_364_642.
Placed fixed group with base inst dl_I_ips_ddr_top/u_ddrphy_top/ddrphy_slice_top/i_dqs_group[0].ddrphy_data_slice/dq_loop[4].u_iobuf_dq/opit_1 on IOLHR_364_648.
Placed fixed group with base inst dl_I_ips_ddr_top/u_ddrphy_top/ddrphy_slice_top/i_dqs_group[0].ddrphy_data_slice/dq_loop[5].u_iobuf_dq/opit_1 on IOLHR_364_666.
Placed fixed group with base inst dl_I_ips_ddr_top/u_ddrphy_top/ddrphy_slice_top/i_dqs_group[0].ddrphy_data_slice/dq_loop[6].u_iobuf_dq/opit_1 on IOLHR_364_672.
Placed fixed group with base inst dl_I_ips_ddr_top/u_ddrphy_top/ddrphy_slice_top/i_dqs_group[0].ddrphy_data_slice/dq_loop[7].u_iobuf_dq/opit_1 on IOLHR_364_684.
Placed fixed group with base inst dl_I_ips_ddr_top/u_ddrphy_top/ddrphy_slice_top/i_dqs_group[0].ddrphy_data_slice/genblk1.u_iobufco_dqs/opit_2 on IOLHR_364_660.
Placed fixed group with base inst dl_I_ips_ddr_top/u_ddrphy_top/ddrphy_slice_top/i_dqs_group[0].ddrphy_data_slice/u_outbuft_dm/opit_1 on IOLHR_364_618.
Placed fixed group with base inst dl_I_ips_ddr_top/u_ddrphy_top/ddrphy_slice_top/i_dqs_group[1].ddrphy_data_slice/dq_loop[0].u_iobuf_dq/opit_1 on IOLHR_364_702.
Placed fixed group with base inst dl_I_ips_ddr_top/u_ddrphy_top/ddrphy_slice_top/i_dqs_group[1].ddrphy_data_slice/dq_loop[1].u_iobuf_dq/opit_1 on IOLHR_364_708.
Placed fixed group with base inst dl_I_ips_ddr_top/u_ddrphy_top/ddrphy_slice_top/i_dqs_group[1].ddrphy_data_slice/dq_loop[2].u_iobuf_dq/opit_1 on IOLHR_364_714.
Placed fixed group with base inst dl_I_ips_ddr_top/u_ddrphy_top/ddrphy_slice_top/i_dqs_group[1].ddrphy_data_slice/dq_loop[3].u_iobuf_dq/opit_1 on IOLHR_364_720.
Placed fixed group with base inst dl_I_ips_ddr_top/u_ddrphy_top/ddrphy_slice_top/i_dqs_group[1].ddrphy_data_slice/dq_loop[4].u_iobuf_dq/opit_1 on IOLHR_364_738.
Placed fixed group with base inst dl_I_ips_ddr_top/u_ddrphy_top/ddrphy_slice_top/i_dqs_group[1].ddrphy_data_slice/dq_loop[5].u_iobuf_dq/opit_1 on IOLHR_364_744.
Placed fixed group with base inst dl_I_ips_ddr_top/u_ddrphy_top/ddrphy_slice_top/i_dqs_group[1].ddrphy_data_slice/dq_loop[6].u_iobuf_dq/opit_1 on IOLHR_364_750.
Placed fixed group with base inst dl_I_ips_ddr_top/u_ddrphy_top/ddrphy_slice_top/i_dqs_group[1].ddrphy_data_slice/dq_loop[7].u_iobuf_dq/opit_1 on IOLHR_364_756.
Placed fixed group with base inst dl_I_ips_ddr_top/u_ddrphy_top/ddrphy_slice_top/i_dqs_group[1].ddrphy_data_slice/genblk1.u_iobufco_dqs/opit_2 on IOLHR_364_732.
Placed fixed group with base inst dl_I_ips_ddr_top/u_ddrphy_top/ddrphy_slice_top/i_dqs_group[1].ddrphy_data_slice/u_outbuft_dm/opit_1 on IOLHR_364_696.
Placed fixed group with base inst dl_I_ips_ddr_top/u_ddrphy_top/ddrphy_slice_top/i_mem_addr_0[0].u_outbuft_addr0/opit_1 on IOLHR_364_600.
Placed fixed group with base inst dl_I_ips_ddr_top/u_ddrphy_top/ddrphy_slice_top/i_mem_addr_0[1].u_outbuft_addr0/opit_1 on IOLHR_364_594.
Placed fixed group with base inst dl_I_ips_ddr_top/u_ddrphy_top/ddrphy_slice_top/i_mem_addr_0[2].u_outbuft_addr0/opit_1 on IOLHR_364_588.
Placed fixed group with base inst dl_I_ips_ddr_top/u_ddrphy_top/ddrphy_slice_top/i_mem_addr_0[3].u_outbuft_addr0/opit_1 on IOLHR_364_582.
Placed fixed group with base inst dl_I_ips_ddr_top/u_ddrphy_top/ddrphy_slice_top/i_mem_addr_0[4].u_outbuft_addr0/opit_1 on IOLHR_364_576.
Placed fixed group with base inst dl_I_ips_ddr_top/u_ddrphy_top/ddrphy_slice_top/i_mem_addr_0[5].u_outbuft_addr0/opit_1 on IOLHR_364_570.
Placed fixed group with base inst dl_I_ips_ddr_top/u_ddrphy_top/ddrphy_slice_top/i_mem_addr_0[6].u_outbuft_addr0/opit_1 on IOLHR_364_564.
Placed fixed group with base inst dl_I_ips_ddr_top/u_ddrphy_top/ddrphy_slice_top/i_mem_addr_0[7].u_outbuft_addr0/opit_1 on IOLHR_364_558.
Placed fixed group with base inst dl_I_ips_ddr_top/u_ddrphy_top/ddrphy_slice_top/i_mem_addr_0[8].u_outbuft_addr0/opit_1 on IOLHR_364_552.
Placed fixed group with base inst dl_I_ips_ddr_top/u_ddrphy_top/ddrphy_slice_top/i_mem_addr_0[9].u_outbuft_addr0/opit_1 on IOLHR_364_546.
Placed fixed group with base inst dl_I_ips_ddr_top/u_ddrphy_top/ddrphy_slice_top/i_mem_addr_0[10].u_outbuft_addr0/opit_1 on IOLHR_364_540.
Placed fixed group with base inst dl_I_ips_ddr_top/u_ddrphy_top/ddrphy_slice_top/i_mem_addr_0[11].u_outbuft_addr0/opit_1 on IOLHR_364_528.
Placed fixed group with base inst dl_I_ips_ddr_top/u_ddrphy_top/ddrphy_slice_top/i_mem_addr_0[12].u_outbuft_addr0/opit_1 on IOLHR_364_522.
Placed fixed group with base inst dl_I_ips_ddr_top/u_ddrphy_top/ddrphy_slice_top/i_mem_addr_0[13].u_outbuft_addr0/opit_1 on IOLHR_364_516.
Placed fixed group with base inst dl_I_ips_ddr_top/u_ddrphy_top/ddrphy_slice_top/i_mem_addr_0[14].u_outbuft_addr0/opit_1 on IOLHR_364_510.
Placed fixed group with base inst dl_I_ips_ddr_top/u_ddrphy_top/ddrphy_slice_top/k_mem_ba[0].u_outbuft_ba/opit_1 on IOLHR_364_498.
Placed fixed group with base inst dl_I_ips_ddr_top/u_ddrphy_top/ddrphy_slice_top/k_mem_ba[1].u_outbuft_ba/opit_1 on IOLHR_364_492.
Placed fixed group with base inst dl_I_ips_ddr_top/u_ddrphy_top/ddrphy_slice_top/k_mem_ba[2].u_outbuft_ba/opit_1 on IOLHR_364_486.
Placed fixed group with base inst dl_I_ips_ddr_top/u_ddrphy_top/ddrphy_slice_top/u_outbuft_casn/opit_1 on IOLHR_364_414.
Placed fixed group with base inst dl_I_ips_ddr_top/u_ddrphy_top/ddrphy_slice_top/u_outbuft_cke/opit_1 on IOLHR_364_462.
Placed fixed group with base inst dl_I_ips_ddr_top/u_ddrphy_top/ddrphy_slice_top/u_outbuft_csn/opit_1 on IOLHR_364_408.
Placed fixed group with base inst dl_I_ips_ddr_top/u_ddrphy_top/ddrphy_slice_top/u_outbuft_odt/opit_1 on IOLHR_364_402.
Placed fixed group with base inst dl_I_ips_ddr_top/u_ddrphy_top/ddrphy_slice_top/u_outbuft_rasn/opit_1 on IOLHR_364_420.
Placed fixed group with base inst dl_I_ips_ddr_top/u_ddrphy_top/ddrphy_slice_top/u_outbuft_wen/opit_1 on IOLHR_364_426.
Placed fixed group with base inst dl_I_ips_ddr_top/u_ddrphy_top/ddrphy_slice_top/u_outbuftco_ck/opit_3 on IOLHR_364_480.
Placed fixed group with base inst dl_u_ips2l_pcie_wrap/U_IPS2L_PCIE_TOP/U_IPS2L_HSSTLP_PCIE_SOFT_PHY/x2.GTP_HSST_2LANE_TOP/U_GTP_HSSTLP_WRAPPER/CHANNEL0_ENABLE.U_GTP_HSSTLP_LANE0/gophsst on HSSTLP_364_918.
Placed fixed group with base inst hdmi_b_ibuf[3]/opit_1 on IOLHR_16_474.
Placed fixed group with base inst hdmi_b_ibuf[4]/opit_1 on IOLHR_16_336.
Placed fixed group with base inst hdmi_b_ibuf[5]/opit_1 on IOLHR_16_480.
Placed fixed group with base inst hdmi_b_ibuf[6]/opit_1 on IOLHR_16_342.
Placed fixed group with base inst hdmi_b_ibuf[7]/opit_1 on IOLHR_16_396.
Placed fixed group with base inst hdmi_de_ibuf/opit_1 on IOLHR_16_318.
Placed fixed group with base inst hdmi_g_ibuf[2]/opit_1 on IOLHR_16_354.
Placed fixed group with base inst hdmi_g_ibuf[3]/opit_1 on IOLHR_16_408.
Placed fixed group with base inst hdmi_g_ibuf[4]/opit_1 on IOLHR_16_360.
Placed fixed group with base inst hdmi_g_ibuf[5]/opit_1 on IOLHR_16_414.
Placed fixed group with base inst hdmi_g_ibuf[6]/opit_1 on IOLHR_16_366.
Placed fixed group with base inst hdmi_g_ibuf[7]/opit_1 on IOLHR_16_420.
Placed fixed group with base inst hdmi_pix_clk_ibuf/opit_1 on IOLHR_16_468.
Placed fixed group with base inst hdmi_r_ibuf[3]/opit_1 on IOLHR_16_306.
Placed fixed group with base inst hdmi_r_ibuf[4]/opit_1 on IOLHR_16_444.
Placed fixed group with base inst hdmi_r_ibuf[5]/opit_1 on IOLHR_16_486.
Placed fixed group with base inst hdmi_r_ibuf[6]/opit_1 on IOLHR_16_450.
Placed fixed group with base inst hdmi_r_ibuf[7]/opit_1 on IOLHR_16_492.
Placed fixed group with base inst hdmi_rx_scl_iobuf/opit_1 on IOLHR_16_510.
Placed fixed group with base inst hdmi_vs_ibuf/opit_1 on IOLHR_16_312.
Placed fixed group with base inst pcie_perst_n_ibuf/opit_1 on IOLHR_16_618.
Placed fixed group with base inst sys_clk_ibuf/opit_1 on IOLHR_364_468.
Placed fixed group with base inst sys_rst_n_ibuf/opit_1 on IOLHR_16_624.
Placed fixed group with base inst u_hdmi_rx_ms72xx_ctl.iic_sda_tri/opit_1 on IOLHR_16_516.
Placed fixed instance dl_I_ips_ddr_top/u_ddrphy_top/ddrphy_reset_ctrl/ddrphy_ioclk_gate[0]/opit_0_inv on CLMA_357_354.
Placed fixed instance dl_I_ips_ddr_top/u_ddrphy_top/ddrphy_reset_ctrl/ddrphy_ioclk_gate[1]/opit_0_inv on CLMA_357_660.
Placed fixed instance dl_u_ips2l_pcie_wrap/U_IPS2L_PCIE_TOP/U_IPS2L_HSSTLP_PCIE_SOFT_PHY/x2.GTP_HSST_2LANE_TOP/U_GTP_HSSTLP_WRAPPER/PLL0_ENABLE.U_GTP_HSSTLP_PLL0/gophsst on HSSTLP_364_918.
Placed fixed instance GRS_INST/grs_ccs on CCS_87_316.
Placed fixed instance clkbufg_0/gopclkbufg on USCM_215_624.
<<<<<<< HEAD
Placed fixed instance clkbufg_1/gopclkbufg on USCM_215_582.
Placed fixed instance clkbufg_2/gopclkbufg on USCM_215_630.
Placed fixed instance clkbufg_3/gopclkbufg on USCM_215_585.
=======
Placed fixed instance clkbufg_1/gopclkbufg on USCM_215_630.
Placed fixed instance clkbufg_2/gopclkbufg on USCM_215_582.
>>>>>>> 2a5b69e8ab9968dd106cc65817409f251b8e3864
Placed fixed instance dl_I_ips_ddr_top/u_ddrphy_top/ddrphy_gpll/u_gpll/gpll_inst on GPLL_367_463.
Placed fixed instance dl_I_ips_ddr_top/u_ddrphy_top/ddrphy_slice_top/i_ca_group[0].u_ddc_ca/ddc_inst on DDR_PHY_369_465.
Placed fixed instance dl_I_ips_ddr_top/u_ddrphy_top/ddrphy_slice_top/i_ca_group[1].u_ddc_ca/ddc_inst on DDR_PHY_369_463.
Placed fixed instance dl_I_ips_ddr_top/u_ddrphy_top/ddrphy_slice_top/i_ca_group[2].u_ddc_ca/ddc_inst on DDR_PHY_369_309.
Placed fixed instance dl_I_ips_ddr_top/u_ddrphy_top/ddrphy_slice_top/i_dqs_bank[0].ddrphy_ppll/u_ppll/ppll_inst on PPLL_367_307.
Placed fixed instance dl_I_ips_ddr_top/u_ddrphy_top/ddrphy_slice_top/i_dqs_bank[0].u_clkbufr/goprclk on RCKB_363_456.
Placed fixed instance dl_I_ips_ddr_top/u_ddrphy_top/ddrphy_slice_top/i_dqs_bank[0].u_ddrphy_ioclkdiv/ddrphy_ioclk_div_inst on DDRPHY_IOCLK_DIV_368_310.
Placed fixed instance dl_I_ips_ddr_top/u_ddrphy_top/ddrphy_slice_top/i_dqs_bank[1].ddrphy_ppll/u_ppll/ppll_inst on PPLL_367_613.
Placed fixed instance dl_I_ips_ddr_top/u_ddrphy_top/ddrphy_slice_top/i_dqs_bank[1].u_clkbufr/goprclk on RCKB_363_762.
Placed fixed instance dl_I_ips_ddr_top/u_ddrphy_top/ddrphy_slice_top/i_dqs_bank[1].u_ddrphy_ioclkdiv/ddrphy_ioclk_div_inst on DDRPHY_IOCLK_DIV_368_616.
Placed fixed instance dl_I_ips_ddr_top/u_ddrphy_top/ddrphy_slice_top/i_dqs_group[0].ddrphy_data_slice/u_ddc_dq/ddc_inst_PHY on DDR_PHY_369_613.
Placed fixed instance dl_I_ips_ddr_top/u_ddrphy_top/ddrphy_slice_top/i_dqs_group[1].ddrphy_data_slice/u_ddc_dq/ddc_inst_PHY on DDR_PHY_369_615.
Placed fixed instance dl_I_ips_ddr_top/u_ddrphy_top/rst_clk_gpll/u_gpll/gpll_inst on GPLL_7_463.
Placed fixed instance dl_I_ips_ddr_top/u_ddrphy_top/u_clkbufm/clkbufm_inst on MRCKB_361_456.
Placed fixed instance dl_I_ips_ddr_top/u_ddrphy_top/u_ddrphy_cpd/cpd_inst on DDRPHY_CPD_369_466.
Placed fixed instance dl_I_ips_ddr_top/u_ddrphy_top/u_rst_clk_bufg/gopclkbufg on USCM_215_579.
Placed fixed instance dl_I_ips_ddr_top/u_ddrphy_top/u_sysclk_bufg/gopclkbufg on USCM_215_576.
Placed fixed instance dl_u_ips2l_pcie_wrap/U_IPS2L_PCIE_TOP/U_IPS2L_HSSTLP_PCIE_SOFT_PHY/u_clkbufg/gopclkbufg on USCM_215_627.
Placed fixed instance dl_u_ips2l_pcie_wrap/U_IPS2L_PCIE_TOP/U_IPS2L_PCIE_HARD_CTRL/u_gtp_pcie/gateop on PCIE_315_918.
Placed fixed instance pcie_refclk_n_ibuf_hsst on SPAD_363_922.
Placed fixed instance pcie_refclk_p_ibuf_hsst on SPAD_363_921.
Placed fixed instance BKCL_auto_0 on BKCL_1_646.
Placed fixed instance BKCL_auto_1 on BKCL_1_340.
Placed fixed instance BKCL_auto_2 on BKCL_373_646.
Placed fixed instance BKCL_auto_3 on BKCL_373_340.
<<<<<<< HEAD
Fixed placement takes 0.36 sec.
=======
Fixed placement takes 0.16 sec.
>>>>>>> 2a5b69e8ab9968dd106cc65817409f251b8e3864

Phase 2.2 Process placement started.
I: The IO driver of dl_I_ips_ddr_top/u_ddrphy_top/rst_clk_gpll/u_gpll/gpll_inst(CLKIN1) is not constraint at pllpad, its clock path will pass through SRB.
Process placement takes 0.00 sec.

Phase 2.3 IO placement started.
IO placement takes 0.06 sec.

Phase 2.4 2nd GP placement started.
Run super clustering :
<<<<<<< HEAD
	Initial slack -5125.
	5 iterations finished.
	Final slack -3536.
Super clustering done.
Design Utilization : 11%.
Worst slack after global placement is -5361
2nd GP placement takes 6.38 sec.

Wirelength after global placement is 106373 and checksum is 10BA1729D1F285D4.
Global placement takes 6.83 sec.

Phase 3 Post global placement started.
Packing LUT6D started.
I: LUT6D pack result: There are 3021 LUT6 in collection, pack success:102
Packing LUT6D takes 2.58 sec.
Phase 3.1 Macro cell placement started.
I: Process macros using "Greedy".
Wirelength after macro cell placement is 122782 and checksum is 2C7C162890126E6B.
Macro cell placement takes 0.14 sec.

Phase 3.2 3rd GP placement started.
Run super clustering :
	Initial slack -5125.
	5 iterations finished.
	Final slack -3536.
Super clustering done.
Design Utilization : 11%.
Worst slack after post global placement is -5361
3rd GP placement takes 5.36 sec.

Wirelength after post global placement is 105027 and checksum is ACF02A143D4FC024.
Packing LUT6D started.
I: LUT6D pack result: There are 2837 LUT6 in collection, pack success:3
Packing LUT6D takes 1.66 sec.
Post global placement takes 9.78 sec.

Phase 4 Legalization started.
The average distance in LP is 0.821560.
Wirelength after legalization is 126314 and checksum is DAB73CA2EB4E289E.
Legalization takes 1.09 sec.

Phase 5 Timing-driven detailed placement started.
Phase 5.1 Replication placement started.
Worst slack before Replication Place is -3692.
Replication placement takes 0.64 sec.

Wirelength after replication placement is 126390 and checksum is 33FE94108A2EA758.
Phase 5.2 Swapping placement started.
Worst slack before detailed placement is -3692, TNS before detailed placement is -50029. 
Cost at Swap iteration 0 : -3692, wslk -3676, tns -49425, takes 0.06 sec.
Cost at DP iteration 0 : -3676, wslk -3598, tns -48474, takes 0.03 sec.
Cost at Swap iteration 1 : -3598, wslk -3598, tns -48471, takes 0.03 sec.
Cost at Swap iteration 2 : -3598, wslk -3598, tns -48471, takes 0.20 sec.
Cost at DP iteration 2 : -3598, wslk -3598, tns -48358, takes 0.09 sec.
Cost at Swap iteration 3 : -3598, wslk -3598, tns -48358, takes 0.03 sec.
Worst slack after detailed placement is -3598, TNS after detailed placement is -48358. 
Swapping placement takes 1.02 sec.

I: Place-6001: Add the new FF instances CLMA_243_594(/FFAPP1/FF) replicated by the FF instance CLMA_249_517(/FFAPP0/FF) .
Origin dl_I_ips_ddr_top/u_ddrphy_top/ddrphy_dfi/dfi_init_complete/opit_0_inv_L5Q replicates:
    CLMA_243_594(/FFAPP1/FF)  : dl_I_ips_ddr_top/u_ddrphy_top/ddrphy_dfi/dfi_init_complete/opit_0_inv_L5Q_1(gopLUT6L5Q)
Wirelength after detailed placement is 126514 and checksum is C419C8D48E0E8F1C.
Timing-driven detailed placement takes 1.69 sec.

Worst slack is -4760, TNS after placement is -168431.
Placement done.
Total placement takes 33.83 sec.
Finished placement.

Routing started.
Building routing graph takes 3.72 sec.
Worst slack is -4760, TNS before global route is -168431.
Processing design graph takes 1.91 sec.
Total memory for routing:
	226.523967 M.
Total nets for routing : 16291.
Global Routing step 1 processed 0 nets, it takes 1.80 sec.
=======
	Initial slack -4982.
	3 iterations finished.
	Final slack -3536.
Super clustering done.
Design Utilization : 10%.
Worst slack after global placement is -3443
2nd GP placement takes 3.00 sec.

Wirelength after global placement is 85774 and checksum is E6BD8FCBB75AFDD2.
Global placement takes 3.22 sec.

Phase 3 Post global placement started.
Packing LUT6D started.
I: LUT6D pack result: There are 2700 LUT6 in collection, pack success:86
Packing LUT6D takes 1.00 sec.
Phase 3.1 Macro cell placement started.
I: Process macros using "Greedy".
Wirelength after macro cell placement is 93573 and checksum is 7A3FFE45FE7074D.
Macro cell placement takes 0.03 sec.

Phase 3.2 3rd GP placement started.
Run super clustering :
	Initial slack -4982.
	3 iterations finished.
	Final slack -3536.
Super clustering done.
Design Utilization : 10%.
Worst slack after post global placement is -3536
3rd GP placement takes 2.38 sec.

Wirelength after post global placement is 84048 and checksum is F27A80CEE85EA242.
Packing LUT6D started.
I: LUT6D pack result: There are 2546 LUT6 in collection, pack success:5
Packing LUT6D takes 0.98 sec.
Post global placement takes 4.39 sec.

Phase 4 Legalization started.
The average distance in LP is 0.687674.
Wirelength after legalization is 100610 and checksum is 52789F5719E9407B.
Legalization takes 0.52 sec.

Phase 5 Timing-driven detailed placement started.
Phase 5.1 Replication placement started.
Worst slack before Replication Place is -3676.
Replication placement takes 0.33 sec.

Wirelength after replication placement is 100610 and checksum is 52789F5719E9407B.
Phase 5.2 Swapping placement started.
Worst slack before detailed placement is -3676, TNS before detailed placement is -42074. 
Cost at Swap iteration 0 : -3676, wslk -3676, tns -42071, takes 0.03 sec.
Cost at DP iteration 0 : -3676, wslk -3571, tns -40883, takes 0.02 sec.
Cost at Swap iteration 1 : -3571, wslk -3571, tns -40883, takes 0.02 sec.
Cost at Swap iteration 2 : -3571, wslk -3571, tns -40883, takes 0.12 sec.
Cost at DP iteration 2 : -3571, wslk -3538, tns -40759, takes 0.03 sec.
Cost at Swap iteration 3 : -3538, wslk -3538, tns -40759, takes 0.00 sec.
Cost at Swap iteration 4 : -3538, wslk -3538, tns -40759, takes 0.14 sec.
Cost at DP iteration 4 : -3538, wslk -3538, tns -40759, takes 0.05 sec.
Cost at Swap iteration 5 : -3538, wslk -3538, tns -40759, takes 0.02 sec.
Worst slack after detailed placement is -3538, TNS after detailed placement is -40759. 
Swapping placement takes 0.73 sec.

Wirelength after detailed placement is 100673 and checksum is 4DA3415DA193D1C9.
Timing-driven detailed placement takes 1.09 sec.

Worst slack is -6900, TNS after placement is -178053.
Placement done.
Total placement takes 18.62 sec.
Finished placement.

Routing started.
Building routing graph takes 2.41 sec.
Worst slack is -6900, TNS before global route is -178053.
Processing design graph takes 1.30 sec.
Total memory for routing:
	225.037803 M.
Total nets for routing : 14006.
Global Routing step 1 processed 0 nets, it takes 0.67 sec.
>>>>>>> 2a5b69e8ab9968dd106cc65817409f251b8e3864
Rcf routing step 1 processed 0 nets, it takes 0.00 sec.
Rcf routing step 2 processed 0 nets, it takes 0.00 sec.
Rcf routing step 3 processed 0 nets, it takes 0.00 sec.
Unrouted nets 0 at the end of iteration 0.
<<<<<<< HEAD
Global Routing step 1 processed 41 nets, it takes 0.03 sec.
Unrouted nets 268 at the end of iteration 0.
Unrouted nets 124 at the end of iteration 1.
Unrouted nets 77 at the end of iteration 2.
Unrouted nets 45 at the end of iteration 3.
Unrouted nets 24 at the end of iteration 4.
Unrouted nets 8 at the end of iteration 5.
Unrouted nets 4 at the end of iteration 6.
Unrouted nets 0 at the end of iteration 7.
Global Routing step 2 processed 567 nets, it takes 1.38 sec.
Unrouted nets 0 at the end of iteration 0.
Global Routing step 3 processed 5 nets, it takes 0.03 sec.
Unrouted nets 329 at the end of iteration 0.
Unrouted nets 169 at the end of iteration 1.
Unrouted nets 91 at the end of iteration 2.
Unrouted nets 50 at the end of iteration 3.
Unrouted nets 27 at the end of iteration 4.
Unrouted nets 17 at the end of iteration 5.
Unrouted nets 10 at the end of iteration 6.
Unrouted nets 2 at the end of iteration 7.
Unrouted nets 0 at the end of iteration 8.
Global Routing step 4 processed 530 nets, it takes 1.69 sec.
Global routing takes 3.22 sec.
Total 18076 subnets.
    forward max bucket size 25024 , backward 401.
        Unrouted nets 11928 at the end of iteration 0.
    route iteration 0, CPU time elapsed 3.500000 sec.
    forward max bucket size 500 , backward 543.
        Unrouted nets 9830 at the end of iteration 1.
    route iteration 1, CPU time elapsed 2.828125 sec.
    forward max bucket size 809 , backward 602.
        Unrouted nets 8132 at the end of iteration 2.
    route iteration 2, CPU time elapsed 2.609375 sec.
    forward max bucket size 761 , backward 628.
        Unrouted nets 6882 at the end of iteration 3.
    route iteration 3, CPU time elapsed 2.375000 sec.
    forward max bucket size 870 , backward 581.
        Unrouted nets 5696 at the end of iteration 4.
    route iteration 4, CPU time elapsed 2.312500 sec.
    forward max bucket size 576 , backward 472.
        Unrouted nets 4926 at the end of iteration 5.
    route iteration 5, CPU time elapsed 1.984375 sec.
    forward max bucket size 485 , backward 471.
        Unrouted nets 4675 at the end of iteration 6.
    route iteration 6, CPU time elapsed 1.515625 sec.
    forward max bucket size 699 , backward 495.
        Unrouted nets 3920 at the end of iteration 7.
    route iteration 7, CPU time elapsed 1.296875 sec.
    forward max bucket size 497 , backward 457.
        Unrouted nets 3207 at the end of iteration 8.
    route iteration 8, CPU time elapsed 1.046875 sec.
    forward max bucket size 638 , backward 362.
        Unrouted nets 2645 at the end of iteration 9.
    route iteration 9, CPU time elapsed 0.890625 sec.
    forward max bucket size 654 , backward 458.
        Unrouted nets 2180 at the end of iteration 10.
    route iteration 10, CPU time elapsed 0.765625 sec.
    forward max bucket size 843 , backward 608.
        Unrouted nets 1788 at the end of iteration 11.
    route iteration 11, CPU time elapsed 0.671875 sec.
    forward max bucket size 730 , backward 526.
        Unrouted nets 1542 at the end of iteration 12.
    route iteration 12, CPU time elapsed 0.531250 sec.
    forward max bucket size 619 , backward 345.
        Unrouted nets 1277 at the end of iteration 13.
    route iteration 13, CPU time elapsed 0.500000 sec.
    forward max bucket size 771 , backward 633.
        Unrouted nets 1112 at the end of iteration 14.
    route iteration 14, CPU time elapsed 0.468750 sec.
    forward max bucket size 748 , backward 470.
        Unrouted nets 923 at the end of iteration 15.
    route iteration 15, CPU time elapsed 0.468750 sec.
    forward max bucket size 522 , backward 326.
        Unrouted nets 785 at the end of iteration 16.
    route iteration 16, CPU time elapsed 0.343750 sec.
    forward max bucket size 368 , backward 306.
        Unrouted nets 672 at the end of iteration 17.
    route iteration 17, CPU time elapsed 0.281250 sec.
    forward max bucket size 456 , backward 417.
        Unrouted nets 552 at the end of iteration 18.
    route iteration 18, CPU time elapsed 0.265625 sec.
    forward max bucket size 654 , backward 326.
        Unrouted nets 448 at the end of iteration 19.
    route iteration 19, CPU time elapsed 0.234375 sec.
    forward max bucket size 887 , backward 410.
        Unrouted nets 387 at the end of iteration 20.
    route iteration 20, CPU time elapsed 0.234375 sec.
    forward max bucket size 648 , backward 373.
        Unrouted nets 322 at the end of iteration 21.
    route iteration 21, CPU time elapsed 0.171875 sec.
    forward max bucket size 458 , backward 308.
        Unrouted nets 257 at the end of iteration 22.
    route iteration 22, CPU time elapsed 0.171875 sec.
    forward max bucket size 456 , backward 216.
        Unrouted nets 208 at the end of iteration 23.
    route iteration 23, CPU time elapsed 0.171875 sec.
    forward max bucket size 401 , backward 292.
        Unrouted nets 211 at the end of iteration 24.
    route iteration 24, CPU time elapsed 0.125000 sec.
    forward max bucket size 300 , backward 207.
        Unrouted nets 202 at the end of iteration 25.
    route iteration 25, CPU time elapsed 0.140625 sec.
    forward max bucket size 710 , backward 451.
        Unrouted nets 176 at the end of iteration 26.
    route iteration 26, CPU time elapsed 0.140625 sec.
    forward max bucket size 385 , backward 221.
        Unrouted nets 173 at the end of iteration 27.
    route iteration 27, CPU time elapsed 0.125000 sec.
    forward max bucket size 705 , backward 448.
        Unrouted nets 118 at the end of iteration 28.
    route iteration 28, CPU time elapsed 0.109375 sec.
    forward max bucket size 705 , backward 445.
        Unrouted nets 106 at the end of iteration 29.
    route iteration 29, CPU time elapsed 0.109375 sec.
    forward max bucket size 501 , backward 343.
        Unrouted nets 100 at the end of iteration 30.
    route iteration 30, CPU time elapsed 0.109375 sec.
    forward max bucket size 350 , backward 166.
        Unrouted nets 100 at the end of iteration 31.
    route iteration 31, CPU time elapsed 0.093750 sec.
    forward max bucket size 161 , backward 368.
        Unrouted nets 89 at the end of iteration 32.
    route iteration 32, CPU time elapsed 0.109375 sec.
    forward max bucket size 169 , backward 165.
        Unrouted nets 73 at the end of iteration 33.
    route iteration 33, CPU time elapsed 0.109375 sec.
    forward max bucket size 148 , backward 234.
        Unrouted nets 60 at the end of iteration 34.
    route iteration 34, CPU time elapsed 0.109375 sec.
    forward max bucket size 148 , backward 218.
        Unrouted nets 58 at the end of iteration 35.
    route iteration 35, CPU time elapsed 0.109375 sec.
    forward max bucket size 248 , backward 140.
        Unrouted nets 41 at the end of iteration 36.
    route iteration 36, CPU time elapsed 0.093750 sec.
    forward max bucket size 213 , backward 105.
        Unrouted nets 28 at the end of iteration 37.
    route iteration 37, CPU time elapsed 0.093750 sec.
    forward max bucket size 314 , backward 57.
        Unrouted nets 16 at the end of iteration 38.
    route iteration 38, CPU time elapsed 0.093750 sec.
    forward max bucket size 175 , backward 150.
        Unrouted nets 9 at the end of iteration 39.
    route iteration 39, CPU time elapsed 0.078125 sec.
    forward max bucket size 163 , backward 48.
        Unrouted nets 16 at the end of iteration 40.
    route iteration 40, CPU time elapsed 0.078125 sec.
    forward max bucket size 189 , backward 112.
        Unrouted nets 10 at the end of iteration 41.
    route iteration 41, CPU time elapsed 0.078125 sec.
    forward max bucket size 194 , backward 99.
        Unrouted nets 10 at the end of iteration 42.
    route iteration 42, CPU time elapsed 0.062500 sec.
    forward max bucket size 35 , backward 32.
        Unrouted nets 7 at the end of iteration 43.
    route iteration 43, CPU time elapsed 0.078125 sec.
    forward max bucket size 27 , backward 17.
        Unrouted nets 8 at the end of iteration 44.
    route iteration 44, CPU time elapsed 0.062500 sec.
    forward max bucket size 10 , backward 14.
        Unrouted nets 2 at the end of iteration 45.
    route iteration 45, CPU time elapsed 0.078125 sec.
    forward max bucket size 8 , backward 12.
        Unrouted nets 2 at the end of iteration 46.
    route iteration 46, CPU time elapsed 0.062500 sec.
    forward max bucket size 15 , backward 15.
        Unrouted nets 2 at the end of iteration 47.
    route iteration 47, CPU time elapsed 0.078125 sec.
    forward max bucket size 28 , backward 8.
        Unrouted nets 4 at the end of iteration 48.
    route iteration 48, CPU time elapsed 0.062500 sec.
    forward max bucket size 68 , backward 23.
        Unrouted nets 3 at the end of iteration 49.
    route iteration 49, CPU time elapsed 0.078125 sec.
    forward max bucket size 87 , backward 11.
        Unrouted nets 2 at the end of iteration 50.
    route iteration 50, CPU time elapsed 0.078125 sec.
    forward max bucket size 5 , backward 9.
        Unrouted nets 0 at the end of iteration 51.
    route iteration 51, CPU time elapsed 0.078125 sec.
Detailed routing takes 51 iterations
I: Design net nt_hdmi_pix_clk is routed by general path.
C: Route-2036: The clock path from hdmi_pix_clk_ibuf/opit_1:DI_TO_CLK to clkbufg_3/gopclkbufg:CLK is routed by SRB.
I: Design net ntclkbufg_3 is routed by general path.
C: Route-2036: The clock path from clkbufg_3/gopclkbufg:CLKOUT to dl_axi_ctrl_inst/dl_cmos_write_req_gen_m0/cmos_vsync_d0/opit_0_srl:CLK is routed by SRB.
Detailed routing takes 30.45 sec.
Start fix hold violation.
Build tmp routing results takes 0.22 sec.
Timing analysis takes 0.22 sec.
Hold violation fix iter 0 takes 1.56 sec, total_step_forward 97714.
Incremental timing analysis takes 0.19 sec.
Hold violation fix iter 1 takes 0.00 sec, total_step_forward 64.
Incremental timing analysis takes 0.25 sec.
Hold violation fix iter 2 takes 0.11 sec, total_step_forward 3095.
Incremental timing analysis takes 0.19 sec.
Hold violation fix iter 3 takes 0.02 sec, total_step_forward 76.
Incremental timing analysis takes 0.22 sec.
Hold violation fix iter 4 takes 0.00 sec, total_step_forward 0.
Hold Violation Fix in router takes 5 iterations.
Fix hold violation Finished.
Hold Violation Fix in router takes 5.11 sec.
=======
Global Routing step 1 processed 38 nets, it takes 0.02 sec.
Unrouted nets 314 at the end of iteration 0.
Unrouted nets 180 at the end of iteration 1.
Unrouted nets 113 at the end of iteration 2.
Unrouted nets 75 at the end of iteration 3.
Unrouted nets 37 at the end of iteration 4.
Unrouted nets 15 at the end of iteration 5.
Unrouted nets 10 at the end of iteration 6.
Unrouted nets 3 at the end of iteration 7.
Unrouted nets 3 at the end of iteration 8.
Unrouted nets 3 at the end of iteration 9.
Unrouted nets 0 at the end of iteration 10.
Global Routing step 2 processed 568 nets, it takes 0.98 sec.
Unrouted nets 0 at the end of iteration 0.
Global Routing step 3 processed 3 nets, it takes 0.02 sec.
Unrouted nets 183 at the end of iteration 0.
Unrouted nets 94 at the end of iteration 1.
Unrouted nets 47 at the end of iteration 2.
Unrouted nets 23 at the end of iteration 3.
Unrouted nets 14 at the end of iteration 4.
Unrouted nets 8 at the end of iteration 5.
Unrouted nets 2 at the end of iteration 6.
Unrouted nets 0 at the end of iteration 7.
Global Routing step 4 processed 353 nets, it takes 0.58 sec.
Global routing takes 1.62 sec.
Total 15218 subnets.
    forward max bucket size 24916 , backward 392.
        Unrouted nets 9875 at the end of iteration 0.
    route iteration 0, CPU time elapsed 1.765625 sec.
    forward max bucket size 411 , backward 563.
        Unrouted nets 7683 at the end of iteration 1.
    route iteration 1, CPU time elapsed 1.468750 sec.
    forward max bucket size 531 , backward 525.
        Unrouted nets 6117 at the end of iteration 2.
    route iteration 2, CPU time elapsed 1.234375 sec.
    forward max bucket size 501 , backward 516.
        Unrouted nets 5051 at the end of iteration 3.
    route iteration 3, CPU time elapsed 1.125000 sec.
    forward max bucket size 643 , backward 479.
        Unrouted nets 4893 at the end of iteration 4.
    route iteration 4, CPU time elapsed 0.843750 sec.
    forward max bucket size 574 , backward 565.
        Unrouted nets 4188 at the end of iteration 5.
    route iteration 5, CPU time elapsed 0.765625 sec.
    forward max bucket size 656 , backward 447.
        Unrouted nets 3307 at the end of iteration 6.
    route iteration 6, CPU time elapsed 0.578125 sec.
    forward max bucket size 686 , backward 438.
        Unrouted nets 2496 at the end of iteration 7.
    route iteration 7, CPU time elapsed 0.484375 sec.
    forward max bucket size 585 , backward 507.
        Unrouted nets 1921 at the end of iteration 8.
    route iteration 8, CPU time elapsed 0.359375 sec.
    forward max bucket size 589 , backward 454.
        Unrouted nets 1518 at the end of iteration 9.
    route iteration 9, CPU time elapsed 0.359375 sec.
    forward max bucket size 586 , backward 518.
        Unrouted nets 1241 at the end of iteration 10.
    route iteration 10, CPU time elapsed 0.265625 sec.
    forward max bucket size 551 , backward 508.
        Unrouted nets 991 at the end of iteration 11.
    route iteration 11, CPU time elapsed 0.218750 sec.
    forward max bucket size 490 , backward 455.
        Unrouted nets 816 at the end of iteration 12.
    route iteration 12, CPU time elapsed 0.203125 sec.
    forward max bucket size 484 , backward 429.
        Unrouted nets 597 at the end of iteration 13.
    route iteration 13, CPU time elapsed 0.171875 sec.
    forward max bucket size 475 , backward 409.
        Unrouted nets 532 at the end of iteration 14.
    route iteration 14, CPU time elapsed 0.140625 sec.
    forward max bucket size 830 , backward 585.
        Unrouted nets 434 at the end of iteration 15.
    route iteration 15, CPU time elapsed 0.125000 sec.
    forward max bucket size 778 , backward 562.
        Unrouted nets 386 at the end of iteration 16.
    route iteration 16, CPU time elapsed 0.125000 sec.
    forward max bucket size 499 , backward 661.
        Unrouted nets 287 at the end of iteration 17.
    route iteration 17, CPU time elapsed 0.109375 sec.
    forward max bucket size 491 , backward 371.
        Unrouted nets 289 at the end of iteration 18.
    route iteration 18, CPU time elapsed 0.078125 sec.
    forward max bucket size 492 , backward 646.
        Unrouted nets 237 at the end of iteration 19.
    route iteration 19, CPU time elapsed 0.093750 sec.
    forward max bucket size 492 , backward 560.
        Unrouted nets 173 at the end of iteration 20.
    route iteration 20, CPU time elapsed 0.078125 sec.
    forward max bucket size 505 , backward 362.
        Unrouted nets 119 at the end of iteration 21.
    route iteration 21, CPU time elapsed 0.078125 sec.
    forward max bucket size 475 , backward 367.
        Unrouted nets 104 at the end of iteration 22.
    route iteration 22, CPU time elapsed 0.062500 sec.
    forward max bucket size 358 , backward 328.
        Unrouted nets 84 at the end of iteration 23.
    route iteration 23, CPU time elapsed 0.062500 sec.
    forward max bucket size 445 , backward 708.
        Unrouted nets 59 at the end of iteration 24.
    route iteration 24, CPU time elapsed 0.062500 sec.
    forward max bucket size 377 , backward 486.
        Unrouted nets 40 at the end of iteration 25.
    route iteration 25, CPU time elapsed 0.062500 sec.
    forward max bucket size 380 , backward 533.
        Unrouted nets 56 at the end of iteration 26.
    route iteration 26, CPU time elapsed 0.046875 sec.
    forward max bucket size 218 , backward 301.
        Unrouted nets 42 at the end of iteration 27.
    route iteration 27, CPU time elapsed 0.062500 sec.
    forward max bucket size 416 , backward 310.
        Unrouted nets 32 at the end of iteration 28.
    route iteration 28, CPU time elapsed 0.062500 sec.
    forward max bucket size 539 , backward 248.
        Unrouted nets 21 at the end of iteration 29.
    route iteration 29, CPU time elapsed 0.031250 sec.
    forward max bucket size 358 , backward 212.
        Unrouted nets 27 at the end of iteration 30.
    route iteration 30, CPU time elapsed 0.046875 sec.
    forward max bucket size 358 , backward 211.
        Unrouted nets 22 at the end of iteration 31.
    route iteration 31, CPU time elapsed 0.046875 sec.
    forward max bucket size 439 , backward 112.
        Unrouted nets 21 at the end of iteration 32.
    route iteration 32, CPU time elapsed 0.031250 sec.
    forward max bucket size 487 , backward 166.
        Unrouted nets 23 at the end of iteration 33.
    route iteration 33, CPU time elapsed 0.046875 sec.
    forward max bucket size 501 , backward 247.
        Unrouted nets 19 at the end of iteration 34.
    route iteration 34, CPU time elapsed 0.046875 sec.
    forward max bucket size 595 , backward 215.
        Unrouted nets 15 at the end of iteration 35.
    route iteration 35, CPU time elapsed 0.031250 sec.
    forward max bucket size 424 , backward 111.
        Unrouted nets 11 at the end of iteration 36.
    route iteration 36, CPU time elapsed 0.046875 sec.
    forward max bucket size 103 , backward 107.
        Unrouted nets 8 at the end of iteration 37.
    route iteration 37, CPU time elapsed 0.046875 sec.
    forward max bucket size 411 , backward 199.
        Unrouted nets 11 at the end of iteration 38.
    route iteration 38, CPU time elapsed 0.015625 sec.
    forward max bucket size 556 , backward 236.
        Unrouted nets 12 at the end of iteration 39.
    route iteration 39, CPU time elapsed 0.046875 sec.
    forward max bucket size 111 , backward 38.
        Unrouted nets 1 at the end of iteration 40.
    route iteration 40, CPU time elapsed 0.000000 sec.
    forward max bucket size 19 , backward 12.
        Unrouted nets 1 at the end of iteration 41.
    route iteration 41, CPU time elapsed 0.015625 sec.
    forward max bucket size 19 , backward 12.
        Unrouted nets 1 at the end of iteration 42.
    route iteration 42, CPU time elapsed 0.046875 sec.
    forward max bucket size 19 , backward 12.
        Unrouted nets 1 at the end of iteration 43.
    route iteration 43, CPU time elapsed 0.031250 sec.
    forward max bucket size 19 , backward 12.
        Unrouted nets 1 at the end of iteration 44.
    route iteration 44, CPU time elapsed 0.031250 sec.
    forward max bucket size 19 , backward 12.
        Unrouted nets 1 at the end of iteration 45.
    route iteration 45, CPU time elapsed 0.062500 sec.
    forward max bucket size 19 , backward 12.
        Unrouted nets 1 at the end of iteration 46.
    route iteration 46, CPU time elapsed 0.046875 sec.
    forward max bucket size 19 , backward 12.
        Unrouted nets 1 at the end of iteration 47.
    route iteration 47, CPU time elapsed 0.046875 sec.
    forward max bucket size 19 , backward 12.
        Unrouted nets 1 at the end of iteration 48.
    route iteration 48, CPU time elapsed 0.031250 sec.
    forward max bucket size 19 , backward 12.
        Unrouted nets 1 at the end of iteration 49.
    route iteration 49, CPU time elapsed 0.031250 sec.
    forward max bucket size 19 , backward 12.
        Unrouted nets 1 at the end of iteration 50.
    route iteration 50, CPU time elapsed 0.046875 sec.
    forward max bucket size 19 , backward 12.
        Unrouted nets 1 at the end of iteration 51.
    route iteration 51, CPU time elapsed 0.046875 sec.
    forward max bucket size 19 , backward 12.
        Unrouted nets 1 at the end of iteration 52.
    route iteration 52, CPU time elapsed 0.046875 sec.
    forward max bucket size 19 , backward 12.
        Unrouted nets 1 at the end of iteration 53.
    route iteration 53, CPU time elapsed 0.031250 sec.
    forward max bucket size 19 , backward 12.
        Unrouted nets 1 at the end of iteration 54.
    route iteration 54, CPU time elapsed 0.031250 sec.
    forward max bucket size 19 , backward 12.
        Unrouted nets 1 at the end of iteration 55.
    route iteration 55, CPU time elapsed 0.046875 sec.
    forward max bucket size 19 , backward 12.
        Unrouted nets 1 at the end of iteration 56.
    route iteration 56, CPU time elapsed 0.046875 sec.
    forward max bucket size 19 , backward 12.
        Unrouted nets 1 at the end of iteration 57.
    route iteration 57, CPU time elapsed 0.031250 sec.
    forward max bucket size 19 , backward 12.
        Unrouted nets 1 at the end of iteration 58.
    route iteration 58, CPU time elapsed 0.015625 sec.
    forward max bucket size 19 , backward 12.
        Unrouted nets 1 at the end of iteration 59.
    route iteration 59, CPU time elapsed 0.031250 sec.
    forward max bucket size 19 , backward 12.
        Unrouted nets 1 at the end of iteration 60.
    route iteration 60, CPU time elapsed 0.031250 sec.
    forward max bucket size 19 , backward 12.
        Unrouted nets 1 at the end of iteration 61.
    route iteration 61, CPU time elapsed 0.031250 sec.
    forward max bucket size 19 , backward 12.
        Unrouted nets 1 at the end of iteration 62.
    route iteration 62, CPU time elapsed 0.046875 sec.
    forward max bucket size 19 , backward 12.
        Unrouted nets 1 at the end of iteration 63.
    route iteration 63, CPU time elapsed 0.031250 sec.
    forward max bucket size 19 , backward 12.
        Unrouted nets 1 at the end of iteration 64.
    route iteration 64, CPU time elapsed 0.015625 sec.
    forward max bucket size 19 , backward 12.
        Unrouted nets 1 at the end of iteration 65.
    route iteration 65, CPU time elapsed 0.046875 sec.
    forward max bucket size 19 , backward 12.
        Unrouted nets 1 at the end of iteration 66.
    route iteration 66, CPU time elapsed 0.031250 sec.
    forward max bucket size 19 , backward 12.
        Unrouted nets 1 at the end of iteration 67.
    route iteration 67, CPU time elapsed 0.031250 sec.
    forward max bucket size 19 , backward 12.
        Unrouted nets 1 at the end of iteration 68.
    route iteration 68, CPU time elapsed 0.015625 sec.
    forward max bucket size 19 , backward 12.
        Unrouted nets 1 at the end of iteration 69.
    route iteration 69, CPU time elapsed 0.031250 sec.
    forward max bucket size 19 , backward 12.
        Unrouted nets 1 at the end of iteration 70.
    route iteration 70, CPU time elapsed 0.046875 sec.
    forward max bucket size 19 , backward 12.
        Unrouted nets 1 at the end of iteration 71.
    route iteration 71, CPU time elapsed 0.046875 sec.
    forward max bucket size 19 , backward 12.
        Unrouted nets 1 at the end of iteration 72.
    route iteration 72, CPU time elapsed 0.046875 sec.
    forward max bucket size 19 , backward 12.
        Unrouted nets 1 at the end of iteration 73.
    route iteration 73, CPU time elapsed 0.046875 sec.
    forward max bucket size 19 , backward 12.
        Unrouted nets 1 at the end of iteration 74.
    route iteration 74, CPU time elapsed 0.046875 sec.
    forward max bucket size 19 , backward 12.
        Unrouted nets 1 at the end of iteration 75.
    route iteration 75, CPU time elapsed 0.046875 sec.
    forward max bucket size 19 , backward 12.
        Unrouted nets 1 at the end of iteration 76.
    route iteration 76, CPU time elapsed 0.046875 sec.
    forward max bucket size 19 , backward 12.
        Unrouted nets 1 at the end of iteration 77.
    route iteration 77, CPU time elapsed 0.031250 sec.
    forward max bucket size 19 , backward 12.
        Unrouted nets 1 at the end of iteration 78.
    route iteration 78, CPU time elapsed 0.031250 sec.
    forward max bucket size 19 , backward 12.
        Unrouted nets 1 at the end of iteration 79.
    route iteration 79, CPU time elapsed 0.062500 sec.
    forward max bucket size 19 , backward 12.
        Unrouted nets 1 at the end of iteration 80.
    route iteration 80, CPU time elapsed 0.046875 sec.
    forward max bucket size 19 , backward 12.
        Unrouted nets 1 at the end of iteration 81.
    route iteration 81, CPU time elapsed 0.046875 sec.
    forward max bucket size 19 , backward 12.
        Unrouted nets 1 at the end of iteration 82.
    route iteration 82, CPU time elapsed 0.031250 sec.
    forward max bucket size 19 , backward 12.
        Unrouted nets 1 at the end of iteration 83.
    route iteration 83, CPU time elapsed 0.046875 sec.
    forward max bucket size 19 , backward 12.
        Unrouted nets 1 at the end of iteration 84.
    route iteration 84, CPU time elapsed 0.046875 sec.
    forward max bucket size 19 , backward 12.
        Unrouted nets 1 at the end of iteration 85.
    route iteration 85, CPU time elapsed 0.046875 sec.
    forward max bucket size 19 , backward 12.
        Unrouted nets 1 at the end of iteration 86.
    route iteration 86, CPU time elapsed 0.031250 sec.
    forward max bucket size 19 , backward 12.
        Unrouted nets 1 at the end of iteration 87.
    route iteration 87, CPU time elapsed 0.031250 sec.
    forward max bucket size 19 , backward 12.
        Unrouted nets 1 at the end of iteration 88.
    route iteration 88, CPU time elapsed 0.046875 sec.
    forward max bucket size 19 , backward 12.
        Unrouted nets 1 at the end of iteration 89.
    route iteration 89, CPU time elapsed 0.031250 sec.
    forward max bucket size 19 , backward 12.
        Unrouted nets 1 at the end of iteration 90.
    route iteration 90, CPU time elapsed 0.031250 sec.
    forward max bucket size 19 , backward 12.
        Unrouted nets 1 at the end of iteration 91.
    route iteration 91, CPU time elapsed 0.031250 sec.
    forward max bucket size 19 , backward 12.
        Unrouted nets 1 at the end of iteration 92.
    route iteration 92, CPU time elapsed 0.046875 sec.
    forward max bucket size 19 , backward 12.
        Unrouted nets 1 at the end of iteration 93.
    route iteration 93, CPU time elapsed 0.031250 sec.
    forward max bucket size 19 , backward 12.
        Unrouted nets 1 at the end of iteration 94.
    route iteration 94, CPU time elapsed 0.031250 sec.
    forward max bucket size 19 , backward 12.
        Unrouted nets 1 at the end of iteration 95.
    route iteration 95, CPU time elapsed 0.031250 sec.
    forward max bucket size 19 , backward 12.
        Unrouted nets 1 at the end of iteration 96.
    route iteration 96, CPU time elapsed 0.046875 sec.
    forward max bucket size 19 , backward 12.
        Unrouted nets 1 at the end of iteration 97.
    route iteration 97, CPU time elapsed 0.031250 sec.
    forward max bucket size 19 , backward 12.
        Unrouted nets 1 at the end of iteration 98.
    route iteration 98, CPU time elapsed 0.046875 sec.
    forward max bucket size 19 , backward 12.
        Unrouted nets 1 at the end of iteration 99.
    route iteration 99, CPU time elapsed 0.031250 sec.
    forward max bucket size 19 , backward 12.
        Unrouted nets 1 at the end of iteration 100.
    route iteration 100, CPU time elapsed 0.031250 sec.
    forward max bucket size 19 , backward 12.
        Unrouted nets 1 at the end of iteration 101.
    route iteration 101, CPU time elapsed 0.046875 sec.
    forward max bucket size 19 , backward 12.
        Unrouted nets 1 at the end of iteration 102.
    route iteration 102, CPU time elapsed 0.046875 sec.
    forward max bucket size 19 , backward 12.
        Unrouted nets 1 at the end of iteration 103.
    route iteration 103, CPU time elapsed 0.046875 sec.
    forward max bucket size 19 , backward 12.
        Unrouted nets 1 at the end of iteration 104.
    route iteration 104, CPU time elapsed 0.046875 sec.
    forward max bucket size 19 , backward 12.
        Unrouted nets 1 at the end of iteration 105.
    route iteration 105, CPU time elapsed 0.046875 sec.
    forward max bucket size 19 , backward 12.
        Unrouted nets 1 at the end of iteration 106.
    route iteration 106, CPU time elapsed 0.031250 sec.
    forward max bucket size 19 , backward 12.
        Unrouted nets 1 at the end of iteration 107.
    route iteration 107, CPU time elapsed 0.031250 sec.
    forward max bucket size 19 , backward 12.
        Unrouted nets 1 at the end of iteration 108.
    route iteration 108, CPU time elapsed 0.000000 sec.
    forward max bucket size 19 , backward 12.
        Unrouted nets 1 at the end of iteration 109.
    route iteration 109, CPU time elapsed 0.000000 sec.
    forward max bucket size 19 , backward 12.
        Unrouted nets 1 at the end of iteration 110.
    route iteration 110, CPU time elapsed 0.046875 sec.
    forward max bucket size 19 , backward 12.
        Unrouted nets 1 at the end of iteration 111.
    route iteration 111, CPU time elapsed 0.031250 sec.
    forward max bucket size 19 , backward 12.
        Unrouted nets 1 at the end of iteration 112.
    route iteration 112, CPU time elapsed 0.031250 sec.
    forward max bucket size 19 , backward 12.
        Unrouted nets 1 at the end of iteration 113.
    route iteration 113, CPU time elapsed 0.000000 sec.
    forward max bucket size 19 , backward 12.
        Unrouted nets 1 at the end of iteration 114.
    route iteration 114, CPU time elapsed 0.031250 sec.
    forward max bucket size 19 , backward 12.
        Unrouted nets 1 at the end of iteration 115.
    route iteration 115, CPU time elapsed 0.046875 sec.
    forward max bucket size 19 , backward 12.
        Unrouted nets 1 at the end of iteration 116.
    route iteration 116, CPU time elapsed 0.000000 sec.
    forward max bucket size 19 , backward 12.
        Unrouted nets 1 at the end of iteration 117.
    route iteration 117, CPU time elapsed 0.046875 sec.
    forward max bucket size 21 , backward 25.
        Unrouted nets 5 at the end of iteration 118.
    route iteration 118, CPU time elapsed 0.031250 sec.
    forward max bucket size 105 , backward 65.
        Unrouted nets 5 at the end of iteration 119.
    route iteration 119, CPU time elapsed 0.031250 sec.
    forward max bucket size 105 , backward 59.
        Unrouted nets 4 at the end of iteration 120.
    route iteration 120, CPU time elapsed 0.046875 sec.
    forward max bucket size 102 , backward 31.
        Unrouted nets 4 at the end of iteration 121.
    route iteration 121, CPU time elapsed 0.046875 sec.
    forward max bucket size 109 , backward 23.
        Unrouted nets 0 at the end of iteration 122.
    route iteration 122, CPU time elapsed 0.031250 sec.
Detailed routing takes 122 iterations
I: Design net nt_hdmi_pix_clk is routed by general path.
C: Route-2036: The clock path from hdmi_pix_clk_ibuf/opit_1:DI_TO_CLK to clkbufg_2/gopclkbufg:CLK is routed by SRB.
I: Design net ntclkbufg_2 is routed by general path.
C: Route-2036: The clock path from clkbufg_2/gopclkbufg:CLKOUT to dl_axi_ctrl_inst/dl_cmos_write_req_gen_m0/write_req/opit_0_L6Q:CLK is routed by SRB.
I: Design net nt_sys_clk is routed by general path.
C: Route-2036: The clock path from sys_clk_ibuf/opit_1:DI_TO_CLK to pwr_on_delay_cnt[0]/opit_0_inv_L6Q_LUT6DQL5:CLK is routed by SRB.
Detailed routing takes 16.81 sec.
Start fix hold violation.
Build tmp routing results takes 0.12 sec.
Timing analysis takes 0.09 sec.
Hold violation fix iter 0 takes 3.27 sec, total_step_forward 386262.
Incremental timing analysis takes 0.08 sec.
Hold violation fix iter 1 takes 0.31 sec, total_step_forward 65319.
Incremental timing analysis takes 0.09 sec.
Hold violation fix iter 2 takes 0.44 sec, total_step_forward 74482.
Incremental timing analysis takes 0.14 sec.
Hold violation fix iter 3 takes 0.34 sec, total_step_forward 70948.
Incremental timing analysis takes 0.08 sec.
Hold violation fix iter 4 takes 0.38 sec, total_step_forward 73958.
Incremental timing analysis takes 0.12 sec.
Hold violation fix iter 5 takes 0.38 sec, total_step_forward 76944.
Hold Violation Fix in router takes 6 iterations.
Fix hold violation Finished.
Hold Violation Fix in router takes 7.02 sec.
>>>>>>> 2a5b69e8ab9968dd106cc65817409f251b8e3864

Dispose routing result:
    Collect routing result.
    Delete unused device instances.
    Annotate routing result.
    Change LUT configuration.
    Dispose misc instances.
    Annotate routing result again.
<<<<<<< HEAD
Finish routing takes 1.20 sec.
Used SRB routing arc is 151204.
Cleanup routing takes 0.02 sec.
Routing done.
Total routing takes 48.94 sec.
=======
Finish routing takes 0.73 sec.
Used SRB routing arc is 130419.
Cleanup routing takes 0.02 sec.
Routing done.
Total routing takes 31.50 sec.
>>>>>>> 2a5b69e8ab9968dd106cc65817409f251b8e3864

C: Place-2025: The VCCIO 3.3 in BANK BANKL4 is incompatible.
C: Place-2025: The VCCIO 1.8 in BANK BANKL4 is incompatible.

Device Utilization Summary :
+------------------------------------------------------------------------------+
| Logic Utilization           | Used     | Available     | Utilization(%)     
+------------------------------------------------------------------------------+
| Use of ADC                  | 0        | 1             | 0                  
| Use of ANALOG               | 0        | 1             | 0                  
| Use of APM                  | 0        | 240           | 0                  
| Use of BKCL                 | 4        | 6             | 67                 
| Use of CCS                  | 1        | 1             | 100                
<<<<<<< HEAD
| Use of CLMA                 | 1658     | 11675         | 15                 
|   FF                        | 5695     | 93400         | 7                  
|   LUT                       | 4928     | 46700         | 11                 
|   LUT-FF pairs              | 2914     | 46700         | 7                  
| Use of CLMS                 | 725      | 4975          | 15                 
|   FF                        | 1896     | 39800         | 5                  
|   LUT                       | 2083     | 19900         | 11                 
|   LUT-FF pairs              | 913      | 19900         | 5                  
|   Distributed RAM           | 605      | 19900         | 4                  
| Use of DDRPHY_CPD           | 1        | 12            | 9                  
| Use of DDRPHY_IOCLK_DIV     | 2        | 6             | 34                 
| Use of DDR_PHY              | 5        | 24            | 21                 
| Use of DRM                  | 31       | 155           | 20                 
| Use of GPLL                 | 3        | 6             | 50                 
| Use of GSEB                 | 0        | 218           | 0                  
| Use of HARD0                | 1087     | 10550         | 11                 
| Use of HCKB                 | 20       | 96            | 21                 
|  HCKB dataused              | 0        | 96            | 0                  
| Use of HCKMUX_TEST          | 0        | 8             | 0                  
| Use of HSSTLP               | 0.5      | 1             | 50                 
| Use of IO                   | 73       | 285           | 26                 
|   IOBD                      | 37       | 137           | 28                 
|   IOBS                      | 36       | 148           | 25                 
=======
| Use of CLMA                 | 1454     | 11675         | 13                 
|   FF                        | 4651     | 93400         | 5                  
|   LUT                       | 4238     | 46700         | 10                 
|   LUT-FF pairs              | 2538     | 46700         | 6                  
| Use of CLMS                 | 618      | 4975          | 13                 
|   FF                        | 1761     | 39800         | 5                  
|   LUT                       | 1780     | 19900         | 9                  
|   LUT-FF pairs              | 913      | 19900         | 5                  
|   Distributed RAM           | 349      | 19900         | 2                  
| Use of DDRPHY_CPD           | 1        | 12            | 9                  
| Use of DDRPHY_IOCLK_DIV     | 2        | 6             | 34                 
| Use of DDR_PHY              | 5        | 24            | 21                 
| Use of DRM                  | 27       | 155           | 18                 
| Use of GPLL                 | 2        | 6             | 34                 
| Use of GSEB                 | 0        | 218           | 0                  
| Use of HARD0                | 970      | 10550         | 10                 
| Use of HCKB                 | 19       | 96            | 20                 
|  HCKB dataused              | 0        | 96            | 0                  
| Use of HCKMUX_TEST          | 0        | 8             | 0                  
| Use of HSSTLP               | 0.5      | 1             | 50                 
| Use of IO                   | 74       | 285           | 26                 
|   IOBD                      | 37       | 137           | 28                 
|   IOBS                      | 37       | 148           | 25                 
>>>>>>> 2a5b69e8ab9968dd106cc65817409f251b8e3864
| Use of IOCKB                | 0        | 24            | 0                  
| Use of IOCKMUX_TEST         | 0        | 6             | 0                  
| Use of IOLHR                | 73       | 300           | 25                 
| Use of KEYRAM               | 0        | 1             | 0                  
| Use of MFG_TEST             | 0        | 1             | 0                  
| Use of MRCKB                | 1        | 12            | 9                  
| Use of MRCKMUX_TEST         | 0        | 6             | 0                  
| Use of MRPOSTMUX_TEST       | 0        | 6             | 0                  
| Use of PCIE                 | 1        | 1             | 100                
| Use of PCKMUX_TEST          | 0        | 12            | 0                  
| Use of PLLMRMUX_TEST        | 0        | 6             | 0                  
| Use of PLLREFMUX_TEST       | 0        | 6             | 0                  
| Use of PPLL                 | 2        | 6             | 34                 
| Use of PREGMUXC_TEST        | 0        | 4             | 0                  
| Use of PREGMUXLR_TEST       | 0        | 6             | 0                  
| Use of RCKB                 | 2        | 24            | 9                  
|  RCKB dataused              | 0        | 24            | 0                  
| Use of RCKMUX_TEST          | 0        | 6             | 0                  
| Use of SCANCHAIN            | 0        | 1             | 0                  
| Use of SCKMUX_TEST          | 0        | 12            | 0                  
| Use of SFB                  | 0        | 2225          | 0                  
| Use of SPAD                 | 2        | 4             | 50                 
| Use of TSERDES              | 10       | 48            | 21                 
| Use of USCM                 | 6        | 32            | 19                 
|  USCM dataused              | 0        | 32            | 0                  
| Use of USCMMUX_TEST         | 0        | 32            | 0                  
+------------------------------------------------------------------------------+

Finished routing.
Design 'dl_fpga_prj' has been placed and routed successfully.
Saving design to DB.
Finished placement and routing.
<<<<<<< HEAD
Action pnr: Real time elapsed is 0h:2m:18s
Action pnr: CPU time elapsed is 0h:2m:8s
Action pnr: Process CPU time elapsed is 0h:2m:35s
Current time: Sun Apr 26 23:13:45 2026
Action pnr: Peak memory pool usage is 2,103 MB
=======
Action pnr: Real time elapsed is 0h:1m:35s
Action pnr: CPU time elapsed is 0h:1m:19s
Action pnr: Process CPU time elapsed is 0h:1m:28s
Current time: Sun Apr 26 17:22:20 2026
Action pnr: Peak memory pool usage is 2,110 MB
>>>>>>> 2a5b69e8ab9968dd106cc65817409f251b8e3864
