#Build: Fabric Compiler 2022.2-SP6.4, Build 146967, Jan 31 01:39 2024
#Install: D:\PDSapp\PDS_2022.2-SP6.4\bin
#Application name: pds_shell.exe
#OS: Windows 10 10.0.26100
#Hostname: LAPTOP-MU50QR7M
Generated by Fabric Compiler (version 2022.2-SP6.4 build 146967) at Tue Nov  4 15:17:56 2025
Compiling verification operator library.
Compiling common defs.
Loading technology operator library.
Compiling technology operator library.
Compiling technology operator (valence) library.
Compiling operator packing rules.
Compiling prim grid devices.
Compiling gate devices.
Compiling gate operators.
Compiling tech operator impls.
Building architecture model.
Loading device packaging model.
W: ConstraintEditor-4019: Port Bus 'cmos_init_done' unspecified I/O constraint.
W: ConstraintEditor-4019: Port 'ddr_init_done' unspecified I/O constraint.
W: ConstraintEditor-4019: Port 'hdmi_int_led' unspecified I/O constraint.
W: ConstraintEditor-4019: Port 'heart_beat_led' unspecified I/O constraint.
W: ConstraintEditor-4019: Port 'i_p_l2rxn' unspecified I/O constraint.
W: ConstraintEditor-4019: Port 'i_p_l2rxp' unspecified I/O constraint.
W: ConstraintEditor-4019: Port 'i_p_l3rxn' unspecified I/O constraint.
W: ConstraintEditor-4019: Port 'i_p_l3rxp' unspecified I/O constraint.
W: ConstraintEditor-4019: Port 'i_p_refckn_0' unspecified I/O constraint.
W: ConstraintEditor-4019: Port 'i_p_refckp_0' unspecified I/O constraint.
W: ConstraintEditor-4019: Port 'o_p_l2txn' unspecified I/O constraint.
W: ConstraintEditor-4019: Port 'o_p_l2txp' unspecified I/O constraint.
W: ConstraintEditor-4019: Port 'o_p_l3txn' unspecified I/O constraint.
W: ConstraintEditor-4019: Port 'o_p_l3txp' unspecified I/O constraint.
C: SDC-2025: Clock source 'n:u_hsst_core/U_GTP_HSST_WRAPPER/P_RX2_CLK_FR_CORE' need a clock constraint, please use 'create_clock' or 'create_generate_clock' to generate.
C: SDC-2025: Clock source 'n:u_hsst_core/U_GTP_HSST_WRAPPER/P_TX2_CLK_FR_CORE' need a clock constraint, please use 'create_clock' or 'create_generate_clock' to generate.
C: SDC-2025: Clock source 'n:coms1_reg_config/clock_20k' need a clock constraint, please use 'create_clock' or 'create_generate_clock' to generate.
Flattening design 'hdmi_ddr_ov5640_top'
W: Public-4008: Instance 'frame_read_write_m0_hdmi_in/read_buf/U_ipml_fifo_afifo_64i_16o_128/U_ipml_fifo_ctrl/ASYN_CTRL.rptr[0]' of 'GTP_DFF_C' unit is dangling and will be cleaned.
W: Public-4008: Instance 'frame_read_write_m0_hdmi_in/read_buf/U_ipml_fifo_afifo_64i_16o_128/U_ipml_fifo_ctrl/ASYN_CTRL.rptr[1]' of 'GTP_DFF_C' unit is dangling and will be cleaned.
W: Public-4008: Instance 'frame_read_write_m0_hdmi_in/read_buf/U_ipml_fifo_afifo_64i_16o_128/U_ipml_fifo_ctrl/ASYN_CTRL.rptr[2]' of 'GTP_DFF_C' unit is dangling and will be cleaned.
W: Public-4008: Instance 'frame_read_write_m0_hdmi_in/read_buf/U_ipml_fifo_afifo_64i_16o_128/U_ipml_fifo_ctrl/ASYN_CTRL.rptr[3]' of 'GTP_DFF_C' unit is dangling and will be cleaned.
W: Public-4008: Instance 'frame_read_write_m0_hdmi_in/read_buf/U_ipml_fifo_afifo_64i_16o_128/U_ipml_fifo_ctrl/ASYN_CTRL.wrptr1[0]' of 'GTP_DFF_C' unit is dangling and will be cleaned.
W: Public-4008: Instance 'frame_read_write_m0_hdmi_in/read_buf/U_ipml_fifo_afifo_64i_16o_128/U_ipml_fifo_ctrl/ASYN_CTRL.wrptr1[1]' of 'GTP_DFF_C' unit is dangling and will be cleaned.
W: Public-4008: Instance 'frame_read_write_m0_hdmi_in/read_buf/U_ipml_fifo_afifo_64i_16o_128/U_ipml_fifo_ctrl/ASYN_CTRL.wrptr1[2]' of 'GTP_DFF_C' unit is dangling and will be cleaned.
W: Public-4008: Instance 'frame_read_write_m0_hdmi_in/read_buf/U_ipml_fifo_afifo_64i_16o_128/U_ipml_fifo_ctrl/ASYN_CTRL.wrptr1[3]' of 'GTP_DFF_C' unit is dangling and will be cleaned.
W: Public-4008: Instance 'frame_read_write_m0_hdmi_in/write_buf/U_ipml_fifo_afifo_16i_64o_512/U_ipml_fifo_ctrl/ASYN_CTRL.rwptr1[0]' of 'GTP_DFF_C' unit is dangling and will be cleaned.
W: Public-4008: Instance 'frame_read_write_m0_hdmi_in/write_buf/U_ipml_fifo_afifo_16i_64o_512/U_ipml_fifo_ctrl/ASYN_CTRL.rwptr1[1]' of 'GTP_DFF_C' unit is dangling and will be cleaned.
W: Public-4008: Instance 'frame_read_write_m0_hdmi_in/write_buf/U_ipml_fifo_afifo_16i_64o_512/U_ipml_fifo_ctrl/ASYN_CTRL.rwptr1[2]' of 'GTP_DFF_C' unit is dangling and will be cleaned.
W: Public-4008: Instance 'frame_read_write_m0_hdmi_in/write_buf/U_ipml_fifo_afifo_16i_64o_512/U_ipml_fifo_ctrl/ASYN_CTRL.rwptr1[3]' of 'GTP_DFF_C' unit is dangling and will be cleaned.
W: Public-4008: Instance 'frame_read_write_m0_hdmi_in/write_buf/U_ipml_fifo_afifo_16i_64o_512/U_ipml_fifo_ctrl/ASYN_CTRL.wptr[0]' of 'GTP_DFF_C' unit is dangling and will be cleaned.
W: Public-4008: Instance 'frame_read_write_m0_hdmi_in/write_buf/U_ipml_fifo_afifo_16i_64o_512/U_ipml_fifo_ctrl/ASYN_CTRL.wptr[1]' of 'GTP_DFF_C' unit is dangling and will be cleaned.
W: Public-4008: Instance 'frame_read_write_m0_hdmi_in/write_buf/U_ipml_fifo_afifo_16i_64o_512/U_ipml_fifo_ctrl/ASYN_CTRL.wptr[2]' of 'GTP_DFF_C' unit is dangling and will be cleaned.
W: Public-4008: Instance 'frame_read_write_m0_hdmi_in/write_buf/U_ipml_fifo_afifo_16i_64o_512/U_ipml_fifo_ctrl/ASYN_CTRL.wptr[3]' of 'GTP_DFF_C' unit is dangling and will be cleaned.
W: Public-4008: Instance 'frame_read_write_m1_cmos1/read_buf/U_ipml_fifo_afifo_64i_16o_128/U_ipml_fifo_ctrl/ASYN_CTRL.rptr[0]' of 'GTP_DFF_C' unit is dangling and will be cleaned.
W: Public-4008: Instance 'frame_read_write_m1_cmos1/read_buf/U_ipml_fifo_afifo_64i_16o_128/U_ipml_fifo_ctrl/ASYN_CTRL.rptr[1]' of 'GTP_DFF_C' unit is dangling and will be cleaned.
W: Public-4008: Instance 'frame_read_write_m1_cmos1/read_buf/U_ipml_fifo_afifo_64i_16o_128/U_ipml_fifo_ctrl/ASYN_CTRL.rptr[2]' of 'GTP_DFF_C' unit is dangling and will be cleaned.
W: Public-4008: Instance 'frame_read_write_m1_cmos1/read_buf/U_ipml_fifo_afifo_64i_16o_128/U_ipml_fifo_ctrl/ASYN_CTRL.rptr[3]' of 'GTP_DFF_C' unit is dangling and will be cleaned.
W: Public-4008: Instance 'frame_read_write_m1_cmos1/read_buf/U_ipml_fifo_afifo_64i_16o_128/U_ipml_fifo_ctrl/ASYN_CTRL.wrptr1[0]' of 'GTP_DFF_C' unit is dangling and will be cleaned.
W: Public-4008: Instance 'frame_read_write_m1_cmos1/read_buf/U_ipml_fifo_afifo_64i_16o_128/U_ipml_fifo_ctrl/ASYN_CTRL.wrptr1[1]' of 'GTP_DFF_C' unit is dangling and will be cleaned.
W: Public-4008: Instance 'frame_read_write_m1_cmos1/read_buf/U_ipml_fifo_afifo_64i_16o_128/U_ipml_fifo_ctrl/ASYN_CTRL.wrptr1[2]' of 'GTP_DFF_C' unit is dangling and will be cleaned.
W: Public-4008: Instance 'frame_read_write_m1_cmos1/read_buf/U_ipml_fifo_afifo_64i_16o_128/U_ipml_fifo_ctrl/ASYN_CTRL.wrptr1[3]' of 'GTP_DFF_C' unit is dangling and will be cleaned.
W: Public-4008: Instance 'frame_read_write_m1_cmos1/write_buf/U_ipml_fifo_afifo_16i_64o_512/U_ipml_fifo_ctrl/ASYN_CTRL.rwptr1[0]' of 'GTP_DFF_C' unit is dangling and will be cleaned.
W: Public-4008: Instance 'frame_read_write_m1_cmos1/write_buf/U_ipml_fifo_afifo_16i_64o_512/U_ipml_fifo_ctrl/ASYN_CTRL.rwptr1[1]' of 'GTP_DFF_C' unit is dangling and will be cleaned.
W: Public-4008: Instance 'frame_read_write_m1_cmos1/write_buf/U_ipml_fifo_afifo_16i_64o_512/U_ipml_fifo_ctrl/ASYN_CTRL.rwptr1[2]' of 'GTP_DFF_C' unit is dangling and will be cleaned.
W: Public-4008: Instance 'frame_read_write_m1_cmos1/write_buf/U_ipml_fifo_afifo_16i_64o_512/U_ipml_fifo_ctrl/ASYN_CTRL.rwptr1[3]' of 'GTP_DFF_C' unit is dangling and will be cleaned.
W: Public-4008: Instance 'frame_read_write_m1_cmos1/write_buf/U_ipml_fifo_afifo_16i_64o_512/U_ipml_fifo_ctrl/ASYN_CTRL.wptr[0]' of 'GTP_DFF_C' unit is dangling and will be cleaned.
W: Public-4008: Instance 'frame_read_write_m1_cmos1/write_buf/U_ipml_fifo_afifo_16i_64o_512/U_ipml_fifo_ctrl/ASYN_CTRL.wptr[1]' of 'GTP_DFF_C' unit is dangling and will be cleaned.
W: Public-4008: Instance 'frame_read_write_m1_cmos1/write_buf/U_ipml_fifo_afifo_16i_64o_512/U_ipml_fifo_ctrl/ASYN_CTRL.wptr[2]' of 'GTP_DFF_C' unit is dangling and will be cleaned.
W: Public-4008: Instance 'frame_read_write_m1_cmos1/write_buf/U_ipml_fifo_afifo_16i_64o_512/U_ipml_fifo_ctrl/ASYN_CTRL.wptr[3]' of 'GTP_DFF_C' unit is dangling and will be cleaned.
W: Public-4008: Instance 'frame_read_write_m2_cmos2/read_buf/U_ipml_fifo_afifo_64i_16o_128/U_ipml_fifo_ctrl/ASYN_CTRL.rptr[0]' of 'GTP_DFF_C' unit is dangling and will be cleaned.
W: Public-4008: Instance 'frame_read_write_m2_cmos2/read_buf/U_ipml_fifo_afifo_64i_16o_128/U_ipml_fifo_ctrl/ASYN_CTRL.rptr[1]' of 'GTP_DFF_C' unit is dangling and will be cleaned.
W: Public-4008: Instance 'frame_read_write_m2_cmos2/read_buf/U_ipml_fifo_afifo_64i_16o_128/U_ipml_fifo_ctrl/ASYN_CTRL.rptr[2]' of 'GTP_DFF_C' unit is dangling and will be cleaned.
W: Public-4008: Instance 'frame_read_write_m2_cmos2/read_buf/U_ipml_fifo_afifo_64i_16o_128/U_ipml_fifo_ctrl/ASYN_CTRL.rptr[3]' of 'GTP_DFF_C' unit is dangling and will be cleaned.
W: Public-4008: Instance 'frame_read_write_m2_cmos2/read_buf/U_ipml_fifo_afifo_64i_16o_128/U_ipml_fifo_ctrl/ASYN_CTRL.wrptr1[0]' of 'GTP_DFF_C' unit is dangling and will be cleaned.
W: Public-4008: Instance 'frame_read_write_m2_cmos2/read_buf/U_ipml_fifo_afifo_64i_16o_128/U_ipml_fifo_ctrl/ASYN_CTRL.wrptr1[1]' of 'GTP_DFF_C' unit is dangling and will be cleaned.
W: Public-4008: Instance 'frame_read_write_m2_cmos2/read_buf/U_ipml_fifo_afifo_64i_16o_128/U_ipml_fifo_ctrl/ASYN_CTRL.wrptr1[2]' of 'GTP_DFF_C' unit is dangling and will be cleaned.
W: Public-4008: Instance 'frame_read_write_m2_cmos2/read_buf/U_ipml_fifo_afifo_64i_16o_128/U_ipml_fifo_ctrl/ASYN_CTRL.wrptr1[3]' of 'GTP_DFF_C' unit is dangling and will be cleaned.
W: Public-4008: Instance 'frame_read_write_m2_cmos2/write_buf/U_ipml_fifo_afifo_16i_64o_512/U_ipml_fifo_ctrl/ASYN_CTRL.rwptr1[0]' of 'GTP_DFF_C' unit is dangling and will be cleaned.
W: Public-4008: Instance 'frame_read_write_m2_cmos2/write_buf/U_ipml_fifo_afifo_16i_64o_512/U_ipml_fifo_ctrl/ASYN_CTRL.rwptr1[1]' of 'GTP_DFF_C' unit is dangling and will be cleaned.
W: Public-4008: Instance 'frame_read_write_m2_cmos2/write_buf/U_ipml_fifo_afifo_16i_64o_512/U_ipml_fifo_ctrl/ASYN_CTRL.rwptr1[2]' of 'GTP_DFF_C' unit is dangling and will be cleaned.
W: Public-4008: Instance 'frame_read_write_m2_cmos2/write_buf/U_ipml_fifo_afifo_16i_64o_512/U_ipml_fifo_ctrl/ASYN_CTRL.rwptr1[3]' of 'GTP_DFF_C' unit is dangling and will be cleaned.
W: Public-4008: Instance 'frame_read_write_m2_cmos2/write_buf/U_ipml_fifo_afifo_16i_64o_512/U_ipml_fifo_ctrl/ASYN_CTRL.wptr[0]' of 'GTP_DFF_C' unit is dangling and will be cleaned.
W: Public-4008: Instance 'frame_read_write_m2_cmos2/write_buf/U_ipml_fifo_afifo_16i_64o_512/U_ipml_fifo_ctrl/ASYN_CTRL.wptr[1]' of 'GTP_DFF_C' unit is dangling and will be cleaned.
W: Public-4008: Instance 'frame_read_write_m2_cmos2/write_buf/U_ipml_fifo_afifo_16i_64o_512/U_ipml_fifo_ctrl/ASYN_CTRL.wptr[2]' of 'GTP_DFF_C' unit is dangling and will be cleaned.
W: Public-4008: Instance 'frame_read_write_m2_cmos2/write_buf/U_ipml_fifo_afifo_16i_64o_512/U_ipml_fifo_ctrl/ASYN_CTRL.wptr[3]' of 'GTP_DFF_C' unit is dangling and will be cleaned.
W: Public-4008: Instance 'frame_read_write_m3_hdmi2/read_buf/U_ipml_fifo_afifo_64i_16o_128/U_ipml_fifo_ctrl/ASYN_CTRL.rptr[0]' of 'GTP_DFF_C' unit is dangling and will be cleaned.
W: Public-4008: Instance 'frame_read_write_m3_hdmi2/read_buf/U_ipml_fifo_afifo_64i_16o_128/U_ipml_fifo_ctrl/ASYN_CTRL.rptr[1]' of 'GTP_DFF_C' unit is dangling and will be cleaned.
W: Public-4008: Instance 'frame_read_write_m3_hdmi2/read_buf/U_ipml_fifo_afifo_64i_16o_128/U_ipml_fifo_ctrl/ASYN_CTRL.rptr[2]' of 'GTP_DFF_C' unit is dangling and will be cleaned.
W: Public-4008: Instance 'frame_read_write_m3_hdmi2/read_buf/U_ipml_fifo_afifo_64i_16o_128/U_ipml_fifo_ctrl/ASYN_CTRL.rptr[3]' of 'GTP_DFF_C' unit is dangling and will be cleaned.
W: Public-4008: Instance 'frame_read_write_m3_hdmi2/read_buf/U_ipml_fifo_afifo_64i_16o_128/U_ipml_fifo_ctrl/ASYN_CTRL.wrptr1[0]' of 'GTP_DFF_C' unit is dangling and will be cleaned.
W: Public-4008: Instance 'frame_read_write_m3_hdmi2/read_buf/U_ipml_fifo_afifo_64i_16o_128/U_ipml_fifo_ctrl/ASYN_CTRL.wrptr1[1]' of 'GTP_DFF_C' unit is dangling and will be cleaned.
W: Public-4008: Instance 'frame_read_write_m3_hdmi2/read_buf/U_ipml_fifo_afifo_64i_16o_128/U_ipml_fifo_ctrl/ASYN_CTRL.wrptr1[2]' of 'GTP_DFF_C' unit is dangling and will be cleaned.
W: Public-4008: Instance 'frame_read_write_m3_hdmi2/read_buf/U_ipml_fifo_afifo_64i_16o_128/U_ipml_fifo_ctrl/ASYN_CTRL.wrptr1[3]' of 'GTP_DFF_C' unit is dangling and will be cleaned.
W: Public-4008: Instance 'frame_read_write_m3_hdmi2/write_buf/U_ipml_fifo_afifo_16i_64o_512/U_ipml_fifo_ctrl/ASYN_CTRL.rwptr1[0]' of 'GTP_DFF_C' unit is dangling and will be cleaned.
W: Public-4008: Instance 'frame_read_write_m3_hdmi2/write_buf/U_ipml_fifo_afifo_16i_64o_512/U_ipml_fifo_ctrl/ASYN_CTRL.rwptr1[1]' of 'GTP_DFF_C' unit is dangling and will be cleaned.
W: Public-4008: Instance 'frame_read_write_m3_hdmi2/write_buf/U_ipml_fifo_afifo_16i_64o_512/U_ipml_fifo_ctrl/ASYN_CTRL.rwptr1[2]' of 'GTP_DFF_C' unit is dangling and will be cleaned.
W: Public-4008: Instance 'frame_read_write_m3_hdmi2/write_buf/U_ipml_fifo_afifo_16i_64o_512/U_ipml_fifo_ctrl/ASYN_CTRL.rwptr1[3]' of 'GTP_DFF_C' unit is dangling and will be cleaned.
W: Public-4008: Instance 'frame_read_write_m3_hdmi2/write_buf/U_ipml_fifo_afifo_16i_64o_512/U_ipml_fifo_ctrl/ASYN_CTRL.wptr[0]' of 'GTP_DFF_C' unit is dangling and will be cleaned.
W: Public-4008: Instance 'frame_read_write_m3_hdmi2/write_buf/U_ipml_fifo_afifo_16i_64o_512/U_ipml_fifo_ctrl/ASYN_CTRL.wptr[1]' of 'GTP_DFF_C' unit is dangling and will be cleaned.
W: Public-4008: Instance 'frame_read_write_m3_hdmi2/write_buf/U_ipml_fifo_afifo_16i_64o_512/U_ipml_fifo_ctrl/ASYN_CTRL.wptr[2]' of 'GTP_DFF_C' unit is dangling and will be cleaned.
W: Public-4008: Instance 'frame_read_write_m3_hdmi2/write_buf/U_ipml_fifo_afifo_16i_64o_512/U_ipml_fifo_ctrl/ASYN_CTRL.wptr[3]' of 'GTP_DFF_C' unit is dangling and will be cleaned.
W: Public-4008: Instance 'video_packet_send_m0/fifo_4096_16i_32o_m0/U_ipml_fifo_fifo_4096_16i_32o/U_ipml_fifo_ctrl/ASYN_CTRL.rwptr1[0]' of 'GTP_DFF_C' unit is dangling and will be cleaned.
W: Public-4008: Instance 'video_packet_send_m0/fifo_4096_16i_32o_m0/U_ipml_fifo_fifo_4096_16i_32o/U_ipml_fifo_ctrl/ASYN_CTRL.wptr[0]' of 'GTP_DFF_C' unit is dangling and will be cleaned.
Device mapping started.
Optimizing circuit logic.
W: Public-4008: Instance 'ms72xx_ctl_inst1/ms7200_ctl_inst/cmd_index[8:0]_1[0]' of 'GTP_DFF_R' unit is dangling and will be cleaned.
W: Public-4008: Instance 'ms72xx_ctl_inst1/ms7200_ctl_inst/cmd_index[8:0]_1[1]' of 'GTP_DFF_R' unit is dangling and will be cleaned.
W: Public-4008: Instance 'ms72xx_ctl_inst1/ms7200_ctl_inst/cmd_index[8:0]_1[2]' of 'GTP_DFF_R' unit is dangling and will be cleaned.
W: Public-4008: Instance 'ms72xx_ctl_inst1/ms7200_ctl_inst/cmd_index[8:0]_1[3]' of 'GTP_DFF_R' unit is dangling and will be cleaned.
W: Public-4008: Instance 'ms72xx_ctl_inst1/ms7200_ctl_inst/cmd_index[8:0]_1[4]' of 'GTP_DFF_R' unit is dangling and will be cleaned.
W: Public-4008: Instance 'ms72xx_ctl_inst1/ms7200_ctl_inst/cmd_index[8:0]_1[5]' of 'GTP_DFF_R' unit is dangling and will be cleaned.
W: Public-4008: Instance 'ms72xx_ctl_inst1/ms7200_ctl_inst/cmd_index[8:0]_1[6]' of 'GTP_DFF_R' unit is dangling and will be cleaned.
W: Public-4008: Instance 'ms72xx_ctl_inst1/ms7200_ctl_inst/cmd_index[8:0]_1[7]' of 'GTP_DFF_R' unit is dangling and will be cleaned.
W: Public-4008: Instance 'ms72xx_ctl_inst1/ms7200_ctl_inst/cmd_index[8:0]_1[8]' of 'GTP_DFF_R' unit is dangling and will be cleaned.
W: Public-4008: Instance 'ms72xx_ctl_inst1/ms7200_ctl_inst/state_reg[1]' of 'GTP_DFF' unit is dangling and will be cleaned.
W: Public-4008: Instance 'ms7200_double_crtl_inst/ms7200_ctl_1/freq_rec[0]' of 'GTP_DFF_E' unit is dangling and will be cleaned.
W: Public-4008: Instance 'ms7200_double_crtl_inst/ms7200_ctl_1/freq_rec[1]' of 'GTP_DFF_E' unit is dangling and will be cleaned.
W: Public-4008: Instance 'ms7200_double_crtl_inst/ms7200_ctl_1/freq_rec_1d[0]' of 'GTP_DFF' unit is dangling and will be cleaned.
W: Public-4008: Instance 'ms7200_double_crtl_inst/ms7200_ctl_1/freq_rec_1d[1]' of 'GTP_DFF' unit is dangling and will be cleaned.
W: Public-4008: Instance 'ms7200_double_crtl_inst/ms7200_ctl_1/freq_rec_1d[2]' of 'GTP_DFF' unit is dangling and will be cleaned.
W: Public-4008: Instance 'ms7200_double_crtl_inst/ms7200_ctl_1/freq_rec_1d[3]' of 'GTP_DFF' unit is dangling and will be cleaned.
W: Public-4008: Instance 'ms7200_double_crtl_inst/ms7200_ctl_1/freq_rec_1d[4]' of 'GTP_DFF' unit is dangling and will be cleaned.
W: Public-4008: Instance 'ms7200_double_crtl_inst/ms7200_ctl_1/freq_rec_1d[5]' of 'GTP_DFF' unit is dangling and will be cleaned.
W: Public-4008: Instance 'ms7200_double_crtl_inst/ms7200_ctl_1/freq_rec_1d[6]' of 'GTP_DFF' unit is dangling and will be cleaned.
W: Public-4008: Instance 'ms7200_double_crtl_inst/ms7200_ctl_1/freq_rec_1d[7]' of 'GTP_DFF' unit is dangling and will be cleaned.
W: Public-4008: Instance 'ms7200_double_crtl_inst/ms7200_ctl_1/freq_rec_1d[8]' of 'GTP_DFF' unit is dangling and will be cleaned.
W: Public-4008: Instance 'ms7200_double_crtl_inst/ms7200_ctl_1/freq_rec_1d[9]' of 'GTP_DFF' unit is dangling and will be cleaned.
W: Public-4008: Instance 'ms7200_double_crtl_inst/ms7200_ctl_1/freq_rec_1d[10]' of 'GTP_DFF' unit is dangling and will be cleaned.
W: Public-4008: Instance 'ms7200_double_crtl_inst/ms7200_ctl_1/freq_rec_1d[11]' of 'GTP_DFF' unit is dangling and will be cleaned.
W: Public-4008: Instance 'ms7200_double_crtl_inst/ms7200_ctl_1/freq_rec_1d[12]' of 'GTP_DFF' unit is dangling and will be cleaned.
W: Public-4008: Instance 'ms7200_double_crtl_inst/ms7200_ctl_1/freq_rec_1d[13]' of 'GTP_DFF' unit is dangling and will be cleaned.
W: Public-4008: Instance 'ms7200_double_crtl_inst/ms7200_ctl_1/freq_rec_1d[14]' of 'GTP_DFF' unit is dangling and will be cleaned.
W: Public-4008: Instance 'ms7200_double_crtl_inst/ms7200_ctl_1/freq_rec_1d[15]' of 'GTP_DFF' unit is dangling and will be cleaned.
W: Public-4008: Instance 'ms7200_double_crtl_inst/ms7200_ctl_1/freq_rec_1d[18]' of 'GTP_DFF' unit is dangling and will be cleaned.
W: Public-4008: Instance 'ms7200_double_crtl_inst/ms7200_ctl_1/freq_rec_1d[19]' of 'GTP_DFF' unit is dangling and will be cleaned.
W: Public-4008: Instance 'ms7200_double_crtl_inst/ms7200_ctl_1/freq_rec_1d[20]' of 'GTP_DFF' unit is dangling and will be cleaned.
W: Public-4008: Instance 'ms7200_double_crtl_inst/ms7200_ctl_1/freq_rec_1d[21]' of 'GTP_DFF' unit is dangling and will be cleaned.
W: Public-4008: Instance 'ms7200_double_crtl_inst/ms7200_ctl_1/freq_rec_1d[22]' of 'GTP_DFF' unit is dangling and will be cleaned.
W: Public-4008: Instance 'ms7200_double_crtl_inst/ms7200_ctl_1/freq_rec_1d[23]' of 'GTP_DFF' unit is dangling and will be cleaned.
W: Public-4008: Instance 'ms7200_double_crtl_inst/ms7200_ctl_1/freq_rec_1d[24]' of 'GTP_DFF' unit is dangling and will be cleaned.
W: Public-4008: Instance 'ms7200_double_crtl_inst/ms7200_ctl_1/freq_rec_1d[25]' of 'GTP_DFF' unit is dangling and will be cleaned.
W: Public-4008: Instance 'ms7200_double_crtl_inst/ms7200_ctl_1/freq_rec_1d[26]' of 'GTP_DFF' unit is dangling and will be cleaned.
W: Public-4008: Instance 'ms7200_double_crtl_inst/ms7200_ctl_1/freq_rec_1d[27]' of 'GTP_DFF' unit is dangling and will be cleaned.
W: Public-4008: Instance 'ms7200_double_crtl_inst/ms7200_ctl_1/freq_rec_1d[28]' of 'GTP_DFF' unit is dangling and will be cleaned.
W: Public-4008: Instance 'ms7200_double_crtl_inst/ms7200_ctl_1/freq_rec_1d[29]' of 'GTP_DFF' unit is dangling and will be cleaned.
W: Public-4008: Instance 'ms7200_double_crtl_inst/ms7200_ctl_1/freq_rec_1d[30]' of 'GTP_DFF' unit is dangling and will be cleaned.
W: Public-4008: Instance 'ms7200_double_crtl_inst/ms7200_ctl_1/freq_rec_1d[31]' of 'GTP_DFF' unit is dangling and will be cleaned.
W: Public-4008: Instance 'ms7200_double_crtl_inst/ms7200_ctl_1/freq_rec[2]' of 'GTP_DFF_E' unit is dangling and will be cleaned.
W: Public-4008: Instance 'ms7200_double_crtl_inst/ms7200_ctl_1/freq_rec_2d[0]' of 'GTP_DFF_E' unit is dangling and will be cleaned.
W: Public-4008: Instance 'ms7200_double_crtl_inst/ms7200_ctl_1/freq_rec_2d[1]' of 'GTP_DFF_E' unit is dangling and will be cleaned.
W: Public-4008: Instance 'ms7200_double_crtl_inst/ms7200_ctl_1/freq_rec_2d[2]' of 'GTP_DFF_E' unit is dangling and will be cleaned.
W: Public-4008: Instance 'ms7200_double_crtl_inst/ms7200_ctl_1/freq_rec_2d[3]' of 'GTP_DFF_E' unit is dangling and will be cleaned.
W: Public-4008: Instance 'ms7200_double_crtl_inst/ms7200_ctl_1/freq_rec_2d[4]' of 'GTP_DFF_E' unit is dangling and will be cleaned.
W: Public-4008: Instance 'ms7200_double_crtl_inst/ms7200_ctl_1/freq_rec_2d[5]' of 'GTP_DFF_E' unit is dangling and will be cleaned.
W: Public-4008: Instance 'ms7200_double_crtl_inst/ms7200_ctl_1/freq_rec_2d[6]' of 'GTP_DFF_E' unit is dangling and will be cleaned.
W: Public-4008: Instance 'ms7200_double_crtl_inst/ms7200_ctl_1/freq_rec_2d[7]' of 'GTP_DFF_E' unit is dangling and will be cleaned.
W: Public-4008: Instance 'ms7200_double_crtl_inst/ms7200_ctl_1/freq_rec_2d[8]' of 'GTP_DFF_E' unit is dangling and will be cleaned.
W: Public-4008: Instance 'ms7200_double_crtl_inst/ms7200_ctl_1/freq_rec_2d[9]' of 'GTP_DFF_E' unit is dangling and will be cleaned.
W: Public-4008: Instance 'ms7200_double_crtl_inst/ms7200_ctl_1/freq_rec_2d[10]' of 'GTP_DFF_E' unit is dangling and will be cleaned.
W: Public-4008: Instance 'ms7200_double_crtl_inst/ms7200_ctl_1/freq_rec_2d[11]' of 'GTP_DFF_E' unit is dangling and will be cleaned.
W: Public-4008: Instance 'ms7200_double_crtl_inst/ms7200_ctl_1/freq_rec_2d[12]' of 'GTP_DFF_E' unit is dangling and will be cleaned.
W: Public-4008: Instance 'ms7200_double_crtl_inst/ms7200_ctl_1/freq_rec_2d[13]' of 'GTP_DFF_E' unit is dangling and will be cleaned.
W: Public-4008: Instance 'ms7200_double_crtl_inst/ms7200_ctl_1/freq_rec_2d[14]' of 'GTP_DFF_E' unit is dangling and will be cleaned.
W: Public-4008: Instance 'ms7200_double_crtl_inst/ms7200_ctl_1/freq_rec_2d[15]' of 'GTP_DFF_E' unit is dangling and will be cleaned.
W: Public-4008: Instance 'ms7200_double_crtl_inst/ms7200_ctl_1/freq_rec_2d[18]' of 'GTP_DFF_E' unit is dangling and will be cleaned.
W: Public-4008: Instance 'ms7200_double_crtl_inst/ms7200_ctl_1/freq_rec_2d[19]' of 'GTP_DFF_E' unit is dangling and will be cleaned.
W: Public-4008: Instance 'ms7200_double_crtl_inst/ms7200_ctl_1/freq_rec_2d[20]' of 'GTP_DFF_E' unit is dangling and will be cleaned.
W: Public-4008: Instance 'ms7200_double_crtl_inst/ms7200_ctl_1/freq_rec_2d[21]' of 'GTP_DFF_E' unit is dangling and will be cleaned.
W: Public-4008: Instance 'ms7200_double_crtl_inst/ms7200_ctl_1/freq_rec_2d[22]' of 'GTP_DFF_E' unit is dangling and will be cleaned.
W: Public-4008: Instance 'ms7200_double_crtl_inst/ms7200_ctl_1/freq_rec_2d[23]' of 'GTP_DFF_E' unit is dangling and will be cleaned.
W: Public-4008: Instance 'ms7200_double_crtl_inst/ms7200_ctl_1/freq_rec_2d[24]' of 'GTP_DFF_E' unit is dangling and will be cleaned.
W: Public-4008: Instance 'ms7200_double_crtl_inst/ms7200_ctl_1/freq_rec_2d[25]' of 'GTP_DFF_E' unit is dangling and will be cleaned.
W: Public-4008: Instance 'ms7200_double_crtl_inst/ms7200_ctl_1/freq_rec_2d[26]' of 'GTP_DFF_E' unit is dangling and will be cleaned.
W: Public-4008: Instance 'ms7200_double_crtl_inst/ms7200_ctl_1/freq_rec_2d[27]' of 'GTP_DFF_E' unit is dangling and will be cleaned.
W: Public-4008: Instance 'ms7200_double_crtl_inst/ms7200_ctl_1/freq_rec_2d[28]' of 'GTP_DFF_E' unit is dangling and will be cleaned.
W: Public-4008: Instance 'ms7200_double_crtl_inst/ms7200_ctl_1/freq_rec_2d[29]' of 'GTP_DFF_E' unit is dangling and will be cleaned.
W: Public-4008: Instance 'ms7200_double_crtl_inst/ms7200_ctl_1/freq_rec_2d[30]' of 'GTP_DFF_E' unit is dangling and will be cleaned.
W: Public-4008: Instance 'ms7200_double_crtl_inst/ms7200_ctl_1/freq_rec_2d[31]' of 'GTP_DFF_E' unit is dangling and will be cleaned.
W: Public-4008: Instance 'ms7200_double_crtl_inst/ms7200_ctl_1/freq_rec[3]' of 'GTP_DFF_E' unit is dangling and will be cleaned.
W: Public-4008: Instance 'ms7200_double_crtl_inst/ms7200_ctl_1/freq_rec[4]' of 'GTP_DFF_E' unit is dangling and will be cleaned.
W: Public-4008: Instance 'ms7200_double_crtl_inst/ms7200_ctl_1/freq_rec[5]' of 'GTP_DFF_E' unit is dangling and will be cleaned.
W: Public-4008: Instance 'ms7200_double_crtl_inst/ms7200_ctl_1/freq_rec[6]' of 'GTP_DFF_E' unit is dangling and will be cleaned.
W: Public-4008: Instance 'ms7200_double_crtl_inst/ms7200_ctl_1/freq_rec[7]' of 'GTP_DFF_E' unit is dangling and will be cleaned.
W: Public-4008: Instance 'ms7200_double_crtl_inst/ms7200_ctl_1/freq_rec[8]' of 'GTP_DFF_E' unit is dangling and will be cleaned.
W: Public-4008: Instance 'ms7200_double_crtl_inst/ms7200_ctl_1/freq_rec[9]' of 'GTP_DFF_E' unit is dangling and will be cleaned.
W: Public-4008: Instance 'ms7200_double_crtl_inst/ms7200_ctl_1/freq_rec[10]' of 'GTP_DFF_E' unit is dangling and will be cleaned.
W: Public-4008: Instance 'ms7200_double_crtl_inst/ms7200_ctl_1/freq_rec[11]' of 'GTP_DFF_E' unit is dangling and will be cleaned.
W: Public-4008: Instance 'ms7200_double_crtl_inst/ms7200_ctl_1/freq_rec[12]' of 'GTP_DFF_E' unit is dangling and will be cleaned.
W: Public-4008: Instance 'ms7200_double_crtl_inst/ms7200_ctl_1/freq_rec[13]' of 'GTP_DFF_E' unit is dangling and will be cleaned.
W: Public-4008: Instance 'ms7200_double_crtl_inst/ms7200_ctl_1/freq_rec[14]' of 'GTP_DFF_E' unit is dangling and will be cleaned.
W: Public-4008: Instance 'ms7200_double_crtl_inst/ms7200_ctl_1/freq_rec[15]' of 'GTP_DFF_E' unit is dangling and will be cleaned.
W: Public-4008: Instance 'ms7200_double_crtl_inst/ms7200_ctl_1/freq_rec[18]' of 'GTP_DFF_E' unit is dangling and will be cleaned.
W: Public-4008: Instance 'ms7200_double_crtl_inst/ms7200_ctl_1/freq_rec[19]' of 'GTP_DFF_E' unit is dangling and will be cleaned.
W: Public-4008: Instance 'ms7200_double_crtl_inst/ms7200_ctl_1/freq_rec[20]' of 'GTP_DFF_E' unit is dangling and will be cleaned.
W: Public-4008: Instance 'ms7200_double_crtl_inst/ms7200_ctl_1/freq_rec[21]' of 'GTP_DFF_E' unit is dangling and will be cleaned.
W: Public-4008: Instance 'ms7200_double_crtl_inst/ms7200_ctl_1/freq_rec[22]' of 'GTP_DFF_E' unit is dangling and will be cleaned.
W: Public-4008: Instance 'ms7200_double_crtl_inst/ms7200_ctl_1/freq_rec[23]' of 'GTP_DFF_E' unit is dangling and will be cleaned.
W: Public-4008: Instance 'ms7200_double_crtl_inst/ms7200_ctl_1/freq_rec[24]' of 'GTP_DFF_E' unit is dangling and will be cleaned.
W: Public-4008: Instance 'ms7200_double_crtl_inst/ms7200_ctl_1/freq_rec[25]' of 'GTP_DFF_E' unit is dangling and will be cleaned.
W: Public-4008: Instance 'ms7200_double_crtl_inst/ms7200_ctl_1/freq_rec[26]' of 'GTP_DFF_E' unit is dangling and will be cleaned.
W: Public-4008: Instance 'ms7200_double_crtl_inst/ms7200_ctl_1/freq_rec[27]' of 'GTP_DFF_E' unit is dangling and will be cleaned.
W: Public-4008: Instance 'ms7200_double_crtl_inst/ms7200_ctl_1/freq_rec[28]' of 'GTP_DFF_E' unit is dangling and will be cleaned.
W: Public-4008: Instance 'ms7200_double_crtl_inst/ms7200_ctl_1/freq_rec[29]' of 'GTP_DFF_E' unit is dangling and will be cleaned.
W: Public-4008: Instance 'ms7200_double_crtl_inst/ms7200_ctl_1/freq_rec[30]' of 'GTP_DFF_E' unit is dangling and will be cleaned.
W: Public-4008: Instance 'ms7200_double_crtl_inst/ms7200_ctl_1/freq_rec[31]' of 'GTP_DFF_E' unit is dangling and will be cleaned.
Checking design netlist.
I: GTP_HSST_E2 PAD pin u_hsst_core/U_GTP_HSST_WRAPPER/U_GTP_HSST.P_REFCLKN_1 is unused
I: GTP_HSST_E2 PAD pin u_hsst_core/U_GTP_HSST_WRAPPER/U_GTP_HSST.P_REFCLKP_1 is unused
I: GTP_HSST_E2 PAD pin u_hsst_core/U_GTP_HSST_WRAPPER/U_GTP_HSST.P_RX_SDN0 is unused
I: GTP_HSST_E2 PAD pin u_hsst_core/U_GTP_HSST_WRAPPER/U_GTP_HSST.P_RX_SDN1 is unused
I: GTP_HSST_E2 PAD pin u_hsst_core/U_GTP_HSST_WRAPPER/U_GTP_HSST.P_RX_SDP0 is unused
I: GTP_HSST_E2 PAD pin u_hsst_core/U_GTP_HSST_WRAPPER/U_GTP_HSST.P_RX_SDP1 is unused
Processing tech operator.
I: The instance clkbufg_0(GTP_CLKBUFG) has been inserted on the net core_clk in design, driver pin CLKDIVOUT(instance u_DDR3_50H/I_GTP_CLKDIV) -> load pin CLK(instance cnt[0]).
I: The instance clkbufg_1(GTP_CLKBUFG) has been inserted on the net nt_pix_clk in design, driver pin CLKOUT0(instance u_pll/u_pll_e3) -> load pin CLK(instance b_out[3]).
C: DeviceMap-2011: The net nt_sys_clk has both clock instance u_DDR3_50H/u_clkbufg(GTP_CLKBUFG) loader and other clock pin loader.
I: The instance clkbufg_2(GTP_CLKBUFG) has been inserted on the net cfg_clk in design, driver pin CLKOUT1(instance u_pll/u_pll_e3) -> load pin CLK(instance ms72xx_ctl_inst1/iic_dri/busy).
I: The instance clkbufg_3(GTP_CLKBUFG) has been inserted on the net ch2_clk in design, driver pin CLKDIVOUT(instance cmos2_8_16bit/u_GTP_IOCLKDIV) -> load pin CLK(instance cmos2_8_16bit/de_o).
I: The instance clkbufg_4(GTP_CLKBUFG) has been inserted on the net ch1_clk in design, driver pin CLKDIVOUT(instance cmos1_8_16bit/u_GTP_IOCLKDIV) -> load pin CLK(instance cmos1_8_16bit/de_o).
I: The instance clkbufg_5(GTP_CLKBUFG) has been inserted on the net nt_pixclk_in in design, driver pin O(instance pixclk_in_ibuf) -> load pin CLK(instance cmos1_vs_d0).
I: The instance clkbufg_6(GTP_CLKBUFG) has been inserted on the net nt_pixclk_in2 in design, driver pin O(instance pixclk_in2_ibuf) -> load pin CLK(instance cmos_write_req_gen_m3_hdmi2/cmos_vsync_d0).
I: The instance clkbufg_7(GTP_CLKBUFG) has been inserted on the net tx_clk in design, driver pin P_TCLK2FABRIC[2](instance u_hsst_core/U_GTP_HSST_WRAPPER/U_GTP_HSST) -> load pin CLK(instance gt_tx_ctrl[0]).
I: The instance clkbufg_8(GTP_CLKBUFG) has been inserted on the net nt_cmos1_pclk in design, driver pin O(instance cmos1_pclk_ibuf) -> load pin CLK(instance cmos1_8_16bit/cnt[0]).
I: The instance clkbufg_9(GTP_CLKBUFG) has been inserted on the net nt_cmos2_pclk in design, driver pin O(instance cmos2_pclk_ibuf) -> load pin CLK(instance cmos2_8_16bit/cnt[0]).
I: The instance clkbufg_10(GTP_CLKBUFG) has been inserted on the net clk_25M in design, driver pin CLKOUT2(instance u_pll/u_pll_e3) -> load pin CLK(instance coms1_reg_config/clock_20k).
I: The instance clkbufg_11(GTP_CLKBUFG) has been inserted on the net u_hsst_core/U_GTP_HSST_WRAPPER/P_RX2_CLK_FR_CORE in design, driver pin P_RCLK2FABRIC[2](instance u_hsst_core/U_GTP_HSST_WRAPPER/U_GTP_HSST) -> load pin P_RX2_CLK_FR_CORE(instance u_hsst_core/U_GTP_HSST_WRAPPER/U_GTP_HSST).
W: DeviceMap-4006: Insert a inst clkgate_12(GTP_IOCLKBUF) before u_DDR3_50H/I_GTP_CLKDIV(GTP_IOCLKDIV).
Converting tech operator to gate operator.
Processing gate operator.
I: Infer CARRY group, base inst: N16_0_1/gateop, insts:13.
I: Infer CARRY group, base inst: N373_0_1/gateop, insts:24.
I: Infer CARRY group, base inst: color_bar_m0/N13_1_1/gateop, insts:10.
I: Infer CARRY group, base inst: color_bar_m0/N39_1_1/gateop, insts:9.
I: Infer CARRY group, base inst: coms1_reg_config/N11_2_1/gateop, insts:10.
I: Infer CARRY group, base inst: coms1_reg_config/N36_1_1/gateop, insts:8.
I: Infer CARRY group, base inst: coms2_reg_config/N36_1_1/gateop, insts:8.
I: Infer CARRY group, base inst: mem_read_arbi_m0/N12_1_1/gateop, insts:15.
I: Infer CARRY group, base inst: mem_write_arbi_m0/N12_1_1/gateop, insts:15.
I: Infer CARRY group, base inst: power_on_delay_inst/N5_1_1/gateop, insts:18.
I: Infer CARRY group, base inst: power_on_delay_inst/N17_1_1/gateop, insts:15.
I: Infer CARRY group, base inst: u_aq_axi_master/N10_1_1/gateop, insts:31.
I: Infer CARRY group, base inst: u_aq_axi_master/N23.eq_0/gateop, insts:15.
I: Infer CARRY group, base inst: u_aq_axi_master/N82_1.fsub_0/gateop, insts:21.
I: Infer CARRY group, base inst: u_aq_axi_master/N111_1.fsub_1/gateop, insts:7.
I: Infer CARRY group, base inst: u_aq_axi_master/N127_1_0/gateop, insts:17.
I: Infer CARRY group, base inst: u_aq_axi_master/N232_1.fsub_0/gateop, insts:21.
I: Infer CARRY group, base inst: u_aq_axi_master/N251_1_0/gateop, insts:17.
I: Infer CARRY group, base inst: u_aq_axi_master/N256_1.fsub_0/gateop, insts:4.
I: Infer CARRY group, base inst: u_video_scale_process_0_hdmi_in/N51_1_1/gateop, insts:15.
I: Infer CARRY group, base inst: u_video_scale_process_0_hdmi_in/N55_1_1/gateop, insts:15.
I: Infer CARRY group, base inst: u_video_scale_process_0_hdmi_in/N95.lt_0/gateop, insts:8.
I: Infer CARRY group, base inst: u_video_scale_process_0_hdmi_in/N97_1/gateop, insts:32.
I: Infer CARRY group, base inst: u_video_scale_process_0_hdmi_in/N100.lt_0/gateop, insts:8.
I: Infer CARRY group, base inst: u_video_scale_process_0_hdmi_in/N102_1/gateop, insts:32.
I: Infer CARRY group, base inst: u_video_scale_process_0_hdmi_in/N124.eq_0/gateop, insts:8.
I: Infer CARRY group, base inst: u_video_scale_process_0_hdmi_in/N125.eq_0/gateop, insts:8.
I: Infer CARRY group, base inst: u_video_scale_process_1_cmos1/N51_1_1/gateop, insts:15.
I: Infer CARRY group, base inst: u_video_scale_process_1_cmos1/N55_1_1/gateop, insts:15.
I: Infer CARRY group, base inst: u_video_scale_process_1_cmos1/N95.lt_0/gateop, insts:8.
I: Infer CARRY group, base inst: u_video_scale_process_1_cmos1/N97_1/gateop, insts:32.
I: Infer CARRY group, base inst: u_video_scale_process_1_cmos1/N100.lt_0/gateop, insts:8.
I: Infer CARRY group, base inst: u_video_scale_process_1_cmos1/N102_1/gateop, insts:32.
I: Infer CARRY group, base inst: u_video_scale_process_1_cmos1/N124.eq_0/gateop, insts:8.
I: Infer CARRY group, base inst: u_video_scale_process_1_cmos1/N125.eq_0/gateop, insts:8.
I: Infer CARRY group, base inst: u_video_scale_process_2_cmos2/N51_1_1/gateop, insts:15.
I: Infer CARRY group, base inst: u_video_scale_process_2_cmos2/N55_1_1/gateop, insts:15.
I: Infer CARRY group, base inst: u_video_scale_process_2_cmos2/N95.lt_0/gateop, insts:8.
I: Infer CARRY group, base inst: u_video_scale_process_2_cmos2/N97_1/gateop, insts:32.
I: Infer CARRY group, base inst: u_video_scale_process_2_cmos2/N100.lt_0/gateop, insts:8.
I: Infer CARRY group, base inst: u_video_scale_process_2_cmos2/N102_1/gateop, insts:32.
I: Infer CARRY group, base inst: u_video_scale_process_2_cmos2/N124.eq_0/gateop, insts:8.
I: Infer CARRY group, base inst: u_video_scale_process_2_cmos2/N125.eq_0/gateop, insts:8.
I: Infer CARRY group, base inst: u_video_scale_process_3_hdmi2/N51_1_1/gateop, insts:15.
I: Infer CARRY group, base inst: u_video_scale_process_3_hdmi2/N55_1_1/gateop, insts:15.
I: Infer CARRY group, base inst: u_video_scale_process_3_hdmi2/N95.lt_0/gateop, insts:8.
I: Infer CARRY group, base inst: u_video_scale_process_3_hdmi2/N97_1/gateop, insts:32.
I: Infer CARRY group, base inst: u_video_scale_process_3_hdmi2/N100.lt_0/gateop, insts:8.
I: Infer CARRY group, base inst: u_video_scale_process_3_hdmi2/N102_1/gateop, insts:32.
I: Infer CARRY group, base inst: u_video_scale_process_3_hdmi2/N124.eq_0/gateop, insts:8.
I: Infer CARRY group, base inst: u_video_scale_process_3_hdmi2/N125.eq_0/gateop, insts:8.
I: Infer CARRY group, base inst: video_packet_send_m0/N11_1_1/gateop, insts:15.
I: Infer CARRY group, base inst: coms1_reg_config/u1/N37_1_1/gateop, insts:5.
I: Infer CARRY group, base inst: coms2_reg_config/u1/N37_1_1/gateop, insts:5.
I: Infer CARRY group, base inst: frame_read_write_m0_hdmi_in/frame_fifo_read_m0/N58_1_0/gateop, insts:8.
I: Infer CARRY group, base inst: frame_read_write_m0_hdmi_in/frame_fifo_read_m0/N81_1_0/gateop, insts:21.
I: Infer CARRY group, base inst: frame_read_write_m0_hdmi_in/frame_fifo_read_m0/N83_1_1/gateop, insts:18.
I: Infer CARRY group, base inst: frame_read_write_m0_hdmi_in/frame_fifo_read_m0/N90.lt_0/gateop, insts:7.
I: Infer CARRY group, base inst: frame_read_write_m0_hdmi_in/frame_fifo_write_m0/N69_1_0/gateop, insts:21.
I: Infer CARRY group, base inst: frame_read_write_m0_hdmi_in/frame_fifo_write_m0/N71_1_1/gateop, insts:18.
I: Infer CARRY group, base inst: frame_read_write_m0_hdmi_in/frame_fifo_write_m0/N79.lt_0/gateop, insts:7.
I: Infer CARRY group, base inst: frame_read_write_m1_cmos1/frame_fifo_read_m0/N58_1_0/gateop, insts:8.
I: Infer CARRY group, base inst: frame_read_write_m1_cmos1/frame_fifo_read_m0/N81_1_0/gateop, insts:21.
I: Infer CARRY group, base inst: frame_read_write_m1_cmos1/frame_fifo_read_m0/N83_1_1/gateop, insts:18.
I: Infer CARRY group, base inst: frame_read_write_m1_cmos1/frame_fifo_read_m0/N90.lt_0/gateop, insts:8.
I: Infer CARRY group, base inst: frame_read_write_m1_cmos1/frame_fifo_write_m0/N69_1_0/gateop, insts:21.
I: Infer CARRY group, base inst: frame_read_write_m1_cmos1/frame_fifo_write_m0/N71_1_1/gateop, insts:18.
I: Infer CARRY group, base inst: frame_read_write_m1_cmos1/frame_fifo_write_m0/N79.lt_0/gateop, insts:7.
I: Infer CARRY group, base inst: frame_read_write_m2_cmos2/frame_fifo_read_m0/N58_1_0/gateop, insts:8.
I: Infer CARRY group, base inst: frame_read_write_m2_cmos2/frame_fifo_read_m0/N81_1_0/gateop, insts:21.
I: Infer CARRY group, base inst: frame_read_write_m2_cmos2/frame_fifo_read_m0/N83_1_1/gateop, insts:18.
I: Infer CARRY group, base inst: frame_read_write_m2_cmos2/frame_fifo_read_m0/N90.lt_0/gateop, insts:7.
I: Infer CARRY group, base inst: frame_read_write_m2_cmos2/frame_fifo_write_m0/N69_1_0/gateop, insts:21.
I: Infer CARRY group, base inst: frame_read_write_m2_cmos2/frame_fifo_write_m0/N71_1_1/gateop, insts:18.
I: Infer CARRY group, base inst: frame_read_write_m2_cmos2/frame_fifo_write_m0/N79.lt_0/gateop, insts:7.
I: Infer CARRY group, base inst: frame_read_write_m3_hdmi2/frame_fifo_read_m0/N58_1_0/gateop, insts:8.
I: Infer CARRY group, base inst: frame_read_write_m3_hdmi2/frame_fifo_read_m0/N81_1_0/gateop, insts:21.
I: Infer CARRY group, base inst: frame_read_write_m3_hdmi2/frame_fifo_read_m0/N83_1_1/gateop, insts:18.
I: Infer CARRY group, base inst: frame_read_write_m3_hdmi2/frame_fifo_read_m0/N90.lt_0/gateop, insts:7.
I: Infer CARRY group, base inst: frame_read_write_m3_hdmi2/frame_fifo_write_m0/N69_1_0/gateop, insts:21.
I: Infer CARRY group, base inst: frame_read_write_m3_hdmi2/frame_fifo_write_m0/N71_1_1/gateop, insts:18.
I: Infer CARRY group, base inst: frame_read_write_m3_hdmi2/frame_fifo_write_m0/N79.lt_0/gateop, insts:7.
I: Infer CARRY group, base inst: ms72xx_ctl_inst1/iic_dri/N136.lt_0/gateop, insts:2.
I: Infer CARRY group, base inst: ms72xx_ctl_inst1/ms7210_ctl_inst/N98_1_1/gateop, insts:21.
I: Infer CARRY group, base inst: ms72xx_ctl_inst1/ms7210_ctl_inst/N156_1_0/gateop, insts:6.
I: Infer CARRY group, base inst: ms7200_double_crtl_inst/iic_dri/N136.lt_0/gateop, insts:2.
I: Infer CARRY group, base inst: ms7200_double_crtl_inst/ms7200_ctl_1/N101_1_1/gateop, insts:8.
I: Infer CARRY group, base inst: ms7200_double_crtl_inst/ms7200_ctl_1/N224_1_0/gateop, insts:9.
I: Infer CARRY group, base inst: video_rect_read_data_m0_hdmi_in/timing_gen_xy_m0/N8_1_1/gateop, insts:11.
I: Infer CARRY group, base inst: video_rect_read_data_m0_hdmi_in/timing_gen_xy_m0/N18_1_0/gateop, insts:12.
I: Infer CARRY group, base inst: video_rect_read_data_m1_cmos1/timing_gen_xy_m0/N8_1_1/gateop, insts:11.
I: Infer CARRY group, base inst: video_rect_read_data_m1_cmos1/timing_gen_xy_m0/N18_1_0/gateop, insts:12.
I: Infer CARRY group, base inst: video_rect_read_data_m2_cmos2/timing_gen_xy_m0/N8_1_1/gateop, insts:11.
I: Infer CARRY group, base inst: video_rect_read_data_m2_cmos2/timing_gen_xy_m0/N18_1_0/gateop, insts:12.
I: Infer CARRY group, base inst: video_rect_read_data_m3_sfpin/timing_gen_xy_m0/N8_1_1/gateop, insts:11.
I: Infer CARRY group, base inst: video_rect_read_data_m3_sfpin/timing_gen_xy_m0/N18_1_0/gateop, insts:12.
I: Infer CARRY group, base inst: u_DDR3_50H/u_ddrphy_top/ddrphy_info/N178_1/gateop, insts:5.
I: Infer CARRY group, base inst: u_DDR3_50H/u_ddrphy_top/ddrphy_info/N181_0/gateop, insts:6.
I: Infer CARRY group, base inst: u_DDR3_50H/u_ddrphy_top/ddrphy_info/mc_al_6.fsub_1/gateop, insts:4.
I: Infer CARRY group, base inst: u_DDR3_50H/u_ddrphy_top/ddrphy_reset_ctrl/N29_1_1/gateop, insts:7.
I: Infer CARRY group, base inst: u_DDR3_50H/u_ddrphy_top/ddrphy_slice_top/N48_1_1/gateop, insts:7.
I: Infer CARRY group, base inst: u_DDR3_50H/u_ipsxb_ddrc_top/mcdq_ui_axi/N69_2_1/gateop, insts:25.
I: Infer CARRY group, base inst: u_DDR3_50H/u_ipsxb_ddrc_top/mcdq_ui_axi/N185.eq_0/gateop, insts:8.
I: Infer CARRY group, base inst: u_hsst_core/U_IPML_HSST_RST/AUTO_MODE.ipml_hsst_lane_powerup/N15_1_1/gateop, insts:12.
I: Infer CARRY group, base inst: frame_read_write_m0_hdmi_in/read_buf/U_ipml_fifo_afifo_64i_16o_128/U_ipml_fifo_ctrl/N2_1/gateop, insts:9.
I: Infer CARRY group, base inst: frame_read_write_m0_hdmi_in/read_buf/U_ipml_fifo_afifo_64i_16o_128/U_ipml_fifo_ctrl/N89_1/gateop, insts:13.
I: Infer CARRY group, base inst: frame_read_write_m0_hdmi_in/read_buf/U_ipml_fifo_afifo_64i_16o_128/U_ipml_fifo_ctrl/N158.eq_0/gateop, insts:4.
I: Infer CARRY group, base inst: frame_read_write_m0_hdmi_in/read_buf/U_ipml_fifo_afifo_64i_16o_128/U_ipml_fifo_ctrl/N161.eq_0/gateop, insts:6.
I: Infer CARRY group, base inst: frame_read_write_m0_hdmi_in/read_buf/U_ipml_fifo_afifo_64i_16o_128/U_ipml_fifo_ctrl/N287_5.fsub_1/gateop, insts:9.
I: Infer CARRY group, base inst: frame_read_write_m0_hdmi_in/write_buf/U_ipml_fifo_afifo_16i_64o_512/U_ipml_fifo_ctrl/N2_1/gateop, insts:13.
I: Infer CARRY group, base inst: frame_read_write_m0_hdmi_in/write_buf/U_ipml_fifo_afifo_16i_64o_512/U_ipml_fifo_ctrl/N69_1/gateop, insts:9.
I: Infer CARRY group, base inst: frame_read_write_m0_hdmi_in/write_buf/U_ipml_fifo_afifo_16i_64o_512/U_ipml_fifo_ctrl/N158.eq_0/gateop, insts:5.
I: Infer CARRY group, base inst: frame_read_write_m0_hdmi_in/write_buf/U_ipml_fifo_afifo_16i_64o_512/U_ipml_fifo_ctrl/N161.eq_0/gateop, insts:5.
I: Infer CARRY group, base inst: frame_read_write_m0_hdmi_in/write_buf/U_ipml_fifo_afifo_16i_64o_512/U_ipml_fifo_ctrl/N323_5.fsub_1/gateop, insts:9.
I: Infer CARRY group, base inst: frame_read_write_m1_cmos1/read_buf/U_ipml_fifo_afifo_64i_16o_128/U_ipml_fifo_ctrl/N2_1/gateop, insts:9.
I: Infer CARRY group, base inst: frame_read_write_m1_cmos1/read_buf/U_ipml_fifo_afifo_64i_16o_128/U_ipml_fifo_ctrl/N89_1/gateop, insts:13.
I: Infer CARRY group, base inst: frame_read_write_m1_cmos1/read_buf/U_ipml_fifo_afifo_64i_16o_128/U_ipml_fifo_ctrl/N158.eq_0/gateop, insts:4.
I: Infer CARRY group, base inst: frame_read_write_m1_cmos1/read_buf/U_ipml_fifo_afifo_64i_16o_128/U_ipml_fifo_ctrl/N161.eq_0/gateop, insts:6.
I: Infer CARRY group, base inst: frame_read_write_m1_cmos1/read_buf/U_ipml_fifo_afifo_64i_16o_128/U_ipml_fifo_ctrl/N287_5.fsub_1/gateop, insts:9.
I: Infer CARRY group, base inst: frame_read_write_m1_cmos1/write_buf/U_ipml_fifo_afifo_16i_64o_512/U_ipml_fifo_ctrl/N2_1/gateop, insts:13.
I: Infer CARRY group, base inst: frame_read_write_m1_cmos1/write_buf/U_ipml_fifo_afifo_16i_64o_512/U_ipml_fifo_ctrl/N69_1/gateop, insts:9.
I: Infer CARRY group, base inst: frame_read_write_m1_cmos1/write_buf/U_ipml_fifo_afifo_16i_64o_512/U_ipml_fifo_ctrl/N158.eq_0/gateop, insts:5.
I: Infer CARRY group, base inst: frame_read_write_m1_cmos1/write_buf/U_ipml_fifo_afifo_16i_64o_512/U_ipml_fifo_ctrl/N161.eq_0/gateop, insts:5.
I: Infer CARRY group, base inst: frame_read_write_m1_cmos1/write_buf/U_ipml_fifo_afifo_16i_64o_512/U_ipml_fifo_ctrl/N323_5.fsub_1/gateop, insts:9.
I: Infer CARRY group, base inst: frame_read_write_m2_cmos2/read_buf/U_ipml_fifo_afifo_64i_16o_128/U_ipml_fifo_ctrl/N2_1/gateop, insts:9.
I: Infer CARRY group, base inst: frame_read_write_m2_cmos2/read_buf/U_ipml_fifo_afifo_64i_16o_128/U_ipml_fifo_ctrl/N89_1/gateop, insts:13.
I: Infer CARRY group, base inst: frame_read_write_m2_cmos2/read_buf/U_ipml_fifo_afifo_64i_16o_128/U_ipml_fifo_ctrl/N158.eq_0/gateop, insts:4.
I: Infer CARRY group, base inst: frame_read_write_m2_cmos2/read_buf/U_ipml_fifo_afifo_64i_16o_128/U_ipml_fifo_ctrl/N161.eq_0/gateop, insts:6.
I: Infer CARRY group, base inst: frame_read_write_m2_cmos2/read_buf/U_ipml_fifo_afifo_64i_16o_128/U_ipml_fifo_ctrl/N287_5.fsub_1/gateop, insts:9.
I: Infer CARRY group, base inst: frame_read_write_m2_cmos2/write_buf/U_ipml_fifo_afifo_16i_64o_512/U_ipml_fifo_ctrl/N2_1/gateop, insts:13.
I: Infer CARRY group, base inst: frame_read_write_m2_cmos2/write_buf/U_ipml_fifo_afifo_16i_64o_512/U_ipml_fifo_ctrl/N69_1/gateop, insts:9.
I: Infer CARRY group, base inst: frame_read_write_m2_cmos2/write_buf/U_ipml_fifo_afifo_16i_64o_512/U_ipml_fifo_ctrl/N158.eq_0/gateop, insts:5.
I: Infer CARRY group, base inst: frame_read_write_m2_cmos2/write_buf/U_ipml_fifo_afifo_16i_64o_512/U_ipml_fifo_ctrl/N161.eq_0/gateop, insts:5.
I: Infer CARRY group, base inst: frame_read_write_m2_cmos2/write_buf/U_ipml_fifo_afifo_16i_64o_512/U_ipml_fifo_ctrl/N323_5.fsub_1/gateop, insts:9.
I: Infer CARRY group, base inst: frame_read_write_m3_hdmi2/read_buf/U_ipml_fifo_afifo_64i_16o_128/U_ipml_fifo_ctrl/N2_1/gateop, insts:9.
I: Infer CARRY group, base inst: frame_read_write_m3_hdmi2/read_buf/U_ipml_fifo_afifo_64i_16o_128/U_ipml_fifo_ctrl/N89_1/gateop, insts:13.
I: Infer CARRY group, base inst: frame_read_write_m3_hdmi2/read_buf/U_ipml_fifo_afifo_64i_16o_128/U_ipml_fifo_ctrl/N158.eq_0/gateop, insts:4.
I: Infer CARRY group, base inst: frame_read_write_m3_hdmi2/read_buf/U_ipml_fifo_afifo_64i_16o_128/U_ipml_fifo_ctrl/N161.eq_0/gateop, insts:6.
I: Infer CARRY group, base inst: frame_read_write_m3_hdmi2/read_buf/U_ipml_fifo_afifo_64i_16o_128/U_ipml_fifo_ctrl/N287_5.fsub_1/gateop, insts:9.
I: Infer CARRY group, base inst: frame_read_write_m3_hdmi2/write_buf/U_ipml_fifo_afifo_16i_64o_512/U_ipml_fifo_ctrl/N2_1/gateop, insts:13.
I: Infer CARRY group, base inst: frame_read_write_m3_hdmi2/write_buf/U_ipml_fifo_afifo_16i_64o_512/U_ipml_fifo_ctrl/N69_1/gateop, insts:9.
I: Infer CARRY group, base inst: frame_read_write_m3_hdmi2/write_buf/U_ipml_fifo_afifo_16i_64o_512/U_ipml_fifo_ctrl/N158.eq_0/gateop, insts:5.
I: Infer CARRY group, base inst: frame_read_write_m3_hdmi2/write_buf/U_ipml_fifo_afifo_16i_64o_512/U_ipml_fifo_ctrl/N161.eq_0/gateop, insts:5.
I: Infer CARRY group, base inst: frame_read_write_m3_hdmi2/write_buf/U_ipml_fifo_afifo_16i_64o_512/U_ipml_fifo_ctrl/N323_5.fsub_1/gateop, insts:9.
I: Infer CARRY group, base inst: u_DDR3_50H/u_ddrphy_top/ddrphy_calib_top/ddrphy_init/N3_1_1/gateop, insts:15.
I: Infer CARRY group, base inst: u_DDR3_50H/u_ddrphy_top/ddrphy_calib_top/ddrphy_init/N23_1_1/gateop, insts:15.
I: Infer CARRY group, base inst: u_DDR3_50H/u_ddrphy_top/ddrphy_calib_top/ddrphy_init/N41_1_1/gateop, insts:7.
I: Infer CARRY group, base inst: u_DDR3_50H/u_ddrphy_top/ddrphy_calib_top/ddrphy_init/N79_1_1/gateop, insts:9.
I: Infer CARRY group, base inst: u_DDR3_50H/u_ddrphy_top/ddrphy_calib_top/ddrphy_wrlvl/N8_1_1/gateop, insts:7.
I: Infer CARRY group, base inst: u_DDR3_50H/u_ddrphy_top/ddrphy_calib_top/rdcal/N33_1_1/gateop, insts:17.
I: Infer CARRY group, base inst: u_DDR3_50H/u_ddrphy_top/ddrphy_reset_ctrl/ddrphy_pll_lock_debounce/N11_1_1/gateop, insts:18.
I: Infer CARRY group, base inst: u_DDR3_50H/u_ipsxb_ddrc_top/mcdq_dcd_top/mcdq_dcd_bm/N37_1_1/gateop, insts:12.
I: Infer CARRY group, base inst: u_DDR3_50H/u_ipsxb_ddrc_top/mcdq_dcd_top/mcdq_dcd_sm/N162_6_0[9:0]_1/gateop, insts:7.
I: Infer CARRY group, base inst: u_DDR3_50H/u_ipsxb_ddrc_top/mcdq_dcp_top/mcdq_dcp_buf/N46_1_1/gateop, insts:6.
I: Infer CARRY group, base inst: u_hsst_core/U_IPML_HSST_RST/AUTO_MODE.ipml_hsst_rst_pll/pll0_lock_deb/N13_1_1/gateop, insts:11.
I: Infer CARRY group, base inst: u_hsst_core/U_IPML_HSST_RST/AUTO_MODE.ipml_hsst_rst_pll/pll0_lock_wtchdg/N6_1_0/gateop, insts:10.
I: Infer CARRY group, base inst: u_hsst_core/U_IPML_HSST_RST/AUTO_MODE.ipml_hsst_rst_pll/pll0_lock_wtchdg/N16_1_1/gateop, insts:9.
I: Infer CARRY group, base inst: u_hsst_core/U_IPML_HSST_RST/AUTO_MODE.ipml_hsst_rst_pll/pll_rst_fsm_0/N33_1_1/gateop, insts:13.
I: Infer CARRY group, base inst: u_hsst_core/U_IPML_HSST_RST/AUTO_MODE.ipml_hsst_rst_rx/RXLANE2_ENABLE.rxlane_fsm2/N193_1_1/gateop, insts:11.
I: Infer CARRY group, base inst: u_hsst_core/U_IPML_HSST_RST/AUTO_MODE.ipml_hsst_rst_rx/RXLANE2_ENABLE.rxlane_fsm2/N203_1_1/gateop, insts:6.
I: Infer CARRY group, base inst: u_hsst_core/U_IPML_HSST_RST/AUTO_MODE.ipml_hsst_rst_rx/RXLANE2_ENABLE.rxlane_fsm2/N220_1_1/gateop, insts:13.
I: Infer CARRY group, base inst: u_hsst_core/U_IPML_HSST_RST/AUTO_MODE.ipml_hsst_rst_rx/RXLANE2_ENABLE.rxlane_fsm2/N241_1_0/gateop, insts:10.
I: Infer CARRY group, base inst: u_hsst_core/U_IPML_HSST_RST/AUTO_MODE.ipml_hsst_rst_rx/RXLANE2_ENABLE.rxlane_fsm2/N262_1_1/gateop, insts:14.
I: Infer CARRY group, base inst: u_hsst_core/U_IPML_HSST_RST/AUTO_MODE.ipml_hsst_rst_rx/RXLANE3_ENABLE.rxlane_fsm3/N193_1_1/gateop, insts:11.
I: Infer CARRY group, base inst: u_hsst_core/U_IPML_HSST_RST/AUTO_MODE.ipml_hsst_rst_rx/RXLANE3_ENABLE.rxlane_fsm3/N203_1_1/gateop, insts:6.
I: Infer CARRY group, base inst: u_hsst_core/U_IPML_HSST_RST/AUTO_MODE.ipml_hsst_rst_rx/RXLANE3_ENABLE.rxlane_fsm3/N220_1_1/gateop, insts:13.
I: Infer CARRY group, base inst: u_hsst_core/U_IPML_HSST_RST/AUTO_MODE.ipml_hsst_rst_rx/RXLANE3_ENABLE.rxlane_fsm3/N241_1_0/gateop, insts:10.
I: Infer CARRY group, base inst: u_hsst_core/U_IPML_HSST_RST/AUTO_MODE.ipml_hsst_rst_rx/RXLANE3_ENABLE.rxlane_fsm3/N262_1_1/gateop, insts:14.
I: Infer CARRY group, base inst: u_hsst_core/U_IPML_HSST_RST/AUTO_MODE.ipml_hsst_rst_rx/SYNC_RXLANE[2].cdr_align_deb/N13_1_1/gateop, insts:11.
I: Infer CARRY group, base inst: u_hsst_core/U_IPML_HSST_RST/AUTO_MODE.ipml_hsst_rst_rx/SYNC_RXLANE[2].sigdet_deb/N13_1_1/gateop, insts:11.
I: Infer CARRY group, base inst: u_hsst_core/U_IPML_HSST_RST/AUTO_MODE.ipml_hsst_rst_rx/SYNC_RXLANE[3].cdr_align_deb/N13_1_1/gateop, insts:11.
I: Infer CARRY group, base inst: u_hsst_core/U_IPML_HSST_RST/AUTO_MODE.ipml_hsst_rst_rx/SYNC_RXLANE[3].sigdet_deb/N13_1_1/gateop, insts:11.
I: Infer CARRY group, base inst: u_hsst_core/U_IPML_HSST_RST/AUTO_MODE.ipml_hsst_rst_tx/TXLANE2_ENABLE.txlane_rst_fsm2/N98_1_1/gateop, insts:12.
I: Infer CARRY group, base inst: u_hsst_core/U_IPML_HSST_RST/AUTO_MODE.ipml_hsst_rst_tx/TXLANE2_ENABLE.txlane_rst_fsm2/N114_1_1/gateop, insts:6.
I: Infer CARRY group, base inst: u_hsst_core/U_IPML_HSST_RST/AUTO_MODE.ipml_hsst_rst_tx/TXLANE2_ENABLE.txlane_rst_fsm2/N135_1_1/gateop, insts:6.
I: Infer CARRY group, base inst: video_packet_send_m0/fifo_4096_16i_32o_m0/U_ipml_fifo_fifo_4096_16i_32o/U_ipml_fifo_ctrl/N2_1/gateop, insts:13.
I: Infer CARRY group, base inst: video_packet_send_m0/fifo_4096_16i_32o_m0/U_ipml_fifo_fifo_4096_16i_32o/U_ipml_fifo_ctrl/N84_1/gateop, insts:12.
I: Infer CARRY group, base inst: video_packet_send_m0/fifo_4096_16i_32o_m0/U_ipml_fifo_fifo_4096_16i_32o/U_ipml_fifo_ctrl/N172.eq_0/gateop, insts:6.
I: Infer CARRY group, base inst: video_packet_send_m0/fifo_4096_16i_32o_m0/U_ipml_fifo_fifo_4096_16i_32o/U_ipml_fifo_ctrl/N175.eq_0/gateop, insts:6.
I: Infer CARRY group, base inst: video_packet_send_m0/fifo_4096_16i_32o_m0/U_ipml_fifo_fifo_4096_16i_32o/U_ipml_fifo_ctrl/N337_5.fsub_1/gateop, insts:11.
I: Infer CARRY group, base inst: u_DDR3_50H/u_ddrphy_top/ddrphy_slice_top/i_dqs_group[0].u_ddrphy_data_slice/data_slice_wrlvl/N102_1_0/gateop, insts:8.
I: Infer CARRY group, base inst: u_DDR3_50H/u_ddrphy_top/ddrphy_slice_top/i_dqs_group[0].u_ddrphy_data_slice/data_slice_wrlvl/N104_1_1/gateop, insts:7.
I: Infer CARRY group, base inst: u_DDR3_50H/u_ddrphy_top/ddrphy_slice_top/i_dqs_group[0].u_ddrphy_data_slice/data_slice_wrlvl/N201_1_1/gateop, insts:7.
I: Infer CARRY group, base inst: u_DDR3_50H/u_ddrphy_top/ddrphy_slice_top/i_dqs_group[0].u_ddrphy_data_slice/dqsi_rdel_cal/N28_1.fsub_0/gateop, insts:7.
I: Infer CARRY group, base inst: u_DDR3_50H/u_ddrphy_top/ddrphy_slice_top/i_dqs_group[0].u_ddrphy_data_slice/dqsi_rdel_cal/N33_1_1/gateop, insts:7.
I: Infer CARRY group, base inst: u_DDR3_50H/u_ddrphy_top/ddrphy_slice_top/i_dqs_group[0].u_ddrphy_data_slice/dqsi_rdel_cal/N43_1.fsub_1/gateop, insts:7.
I: Infer CARRY group, base inst: u_DDR3_50H/u_ddrphy_top/ddrphy_slice_top/i_dqs_group[0].u_ddrphy_data_slice/dqsi_rdel_cal/N53.eq_0/gateop, insts:3.
I: Infer CARRY group, base inst: u_DDR3_50H/u_ddrphy_top/ddrphy_slice_top/i_dqs_group[0].u_ddrphy_data_slice/dqsi_rdel_cal/N85_1/gateop, insts:8.
I: Infer CARRY group, base inst: u_DDR3_50H/u_ddrphy_top/ddrphy_slice_top/i_dqs_group[0].u_ddrphy_data_slice/dqsi_rdel_cal/N104_1_1/gateop, insts:9.
I: Infer CARRY group, base inst: u_DDR3_50H/u_ddrphy_top/ddrphy_slice_top/i_dqs_group[0].u_ddrphy_data_slice/dqsi_rdel_cal/N108.eq_0/gateop, insts:5.
I: Infer CARRY group, base inst: u_DDR3_50H/u_ddrphy_top/ddrphy_slice_top/i_dqs_group[0].u_ddrphy_data_slice/dqsi_rdel_cal/N167.eq_0/gateop, insts:5.
I: Infer CARRY group, base inst: u_DDR3_50H/u_ddrphy_top/ddrphy_slice_top/i_dqs_group[0].u_ddrphy_data_slice/dqsi_rdel_cal/N264_1_0/gateop, insts:8.
I: Infer CARRY group, base inst: u_DDR3_50H/u_ddrphy_top/ddrphy_slice_top/i_dqs_group[0].u_ddrphy_data_slice/dqsi_rdel_cal/N280_1_0/gateop, insts:8.
I: Infer CARRY group, base inst: u_DDR3_50H/u_ddrphy_top/ddrphy_slice_top/i_dqs_group[0].u_ddrphy_data_slice/dqsi_rdel_cal/N285_1_1/gateop, insts:9.
I: Infer CARRY group, base inst: u_DDR3_50H/u_ddrphy_top/ddrphy_slice_top/i_dqs_group[1].u_ddrphy_data_slice/data_slice_wrlvl/N102_1_0/gateop, insts:8.
I: Infer CARRY group, base inst: u_DDR3_50H/u_ddrphy_top/ddrphy_slice_top/i_dqs_group[1].u_ddrphy_data_slice/data_slice_wrlvl/N104_1_1/gateop, insts:7.
I: Infer CARRY group, base inst: u_DDR3_50H/u_ddrphy_top/ddrphy_slice_top/i_dqs_group[1].u_ddrphy_data_slice/data_slice_wrlvl/N201_1_1/gateop, insts:7.
I: Infer CARRY group, base inst: u_DDR3_50H/u_ddrphy_top/ddrphy_slice_top/i_dqs_group[1].u_ddrphy_data_slice/dqsi_rdel_cal/N28_1.fsub_0/gateop, insts:7.
I: Infer CARRY group, base inst: u_DDR3_50H/u_ddrphy_top/ddrphy_slice_top/i_dqs_group[1].u_ddrphy_data_slice/dqsi_rdel_cal/N33_1_1/gateop, insts:7.
I: Infer CARRY group, base inst: u_DDR3_50H/u_ddrphy_top/ddrphy_slice_top/i_dqs_group[1].u_ddrphy_data_slice/dqsi_rdel_cal/N43_1.fsub_1/gateop, insts:7.
I: Infer CARRY group, base inst: u_DDR3_50H/u_ddrphy_top/ddrphy_slice_top/i_dqs_group[1].u_ddrphy_data_slice/dqsi_rdel_cal/N53.eq_0/gateop, insts:3.
I: Infer CARRY group, base inst: u_DDR3_50H/u_ddrphy_top/ddrphy_slice_top/i_dqs_group[1].u_ddrphy_data_slice/dqsi_rdel_cal/N85_1/gateop, insts:8.
I: Infer CARRY group, base inst: u_DDR3_50H/u_ddrphy_top/ddrphy_slice_top/i_dqs_group[1].u_ddrphy_data_slice/dqsi_rdel_cal/N104_1_1/gateop, insts:9.
I: Infer CARRY group, base inst: u_DDR3_50H/u_ddrphy_top/ddrphy_slice_top/i_dqs_group[1].u_ddrphy_data_slice/dqsi_rdel_cal/N108.eq_0/gateop, insts:5.
I: Infer CARRY group, base inst: u_DDR3_50H/u_ddrphy_top/ddrphy_slice_top/i_dqs_group[1].u_ddrphy_data_slice/dqsi_rdel_cal/N167.eq_0/gateop, insts:5.
I: Infer CARRY group, base inst: u_DDR3_50H/u_ddrphy_top/ddrphy_slice_top/i_dqs_group[1].u_ddrphy_data_slice/dqsi_rdel_cal/N264_1_0/gateop, insts:8.
I: Infer CARRY group, base inst: u_DDR3_50H/u_ddrphy_top/ddrphy_slice_top/i_dqs_group[1].u_ddrphy_data_slice/dqsi_rdel_cal/N280_1_0/gateop, insts:8.
I: Infer CARRY group, base inst: u_DDR3_50H/u_ddrphy_top/ddrphy_slice_top/i_dqs_group[1].u_ddrphy_data_slice/dqsi_rdel_cal/N285_1_1/gateop, insts:9.
I: Infer CARRY group, base inst: u_DDR3_50H/u_ddrphy_top/ddrphy_slice_top/i_dqs_group[2].u_ddrphy_data_slice/data_slice_wrlvl/N102_1_0/gateop, insts:8.
I: Infer CARRY group, base inst: u_DDR3_50H/u_ddrphy_top/ddrphy_slice_top/i_dqs_group[2].u_ddrphy_data_slice/data_slice_wrlvl/N104_1_1/gateop, insts:7.
I: Infer CARRY group, base inst: u_DDR3_50H/u_ddrphy_top/ddrphy_slice_top/i_dqs_group[2].u_ddrphy_data_slice/data_slice_wrlvl/N201_1_1/gateop, insts:7.
I: Infer CARRY group, base inst: u_DDR3_50H/u_ddrphy_top/ddrphy_slice_top/i_dqs_group[2].u_ddrphy_data_slice/dqsi_rdel_cal/N85_1/gateop, insts:8.
I: Infer CARRY group, base inst: u_DDR3_50H/u_ddrphy_top/ddrphy_slice_top/i_dqs_group[2].u_ddrphy_data_slice/dqsi_rdel_cal/N104_1_1/gateop, insts:9.
I: Infer CARRY group, base inst: u_DDR3_50H/u_ddrphy_top/ddrphy_slice_top/i_dqs_group[2].u_ddrphy_data_slice/dqsi_rdel_cal/N108.eq_0/gateop, insts:5.
I: Infer CARRY group, base inst: u_DDR3_50H/u_ddrphy_top/ddrphy_slice_top/i_dqs_group[2].u_ddrphy_data_slice/dqsi_rdel_cal/N167.eq_0/gateop, insts:5.
I: Infer CARRY group, base inst: u_DDR3_50H/u_ddrphy_top/ddrphy_slice_top/i_dqs_group[2].u_ddrphy_data_slice/dqsi_rdel_cal/N264_1_0/gateop, insts:8.
I: Infer CARRY group, base inst: u_DDR3_50H/u_ddrphy_top/ddrphy_slice_top/i_dqs_group[2].u_ddrphy_data_slice/dqsi_rdel_cal/N280_1_0/gateop, insts:8.
I: Infer CARRY group, base inst: u_DDR3_50H/u_ddrphy_top/ddrphy_slice_top/i_dqs_group[2].u_ddrphy_data_slice/dqsi_rdel_cal/N285_1_1/gateop, insts:9.
I: Infer CARRY group, base inst: u_DDR3_50H/u_ddrphy_top/ddrphy_slice_top/i_dqs_group[3].u_ddrphy_data_slice/data_slice_wrlvl/N102_1_0/gateop, insts:8.
I: Infer CARRY group, base inst: u_DDR3_50H/u_ddrphy_top/ddrphy_slice_top/i_dqs_group[3].u_ddrphy_data_slice/data_slice_wrlvl/N104_1_1/gateop, insts:7.
I: Infer CARRY group, base inst: u_DDR3_50H/u_ddrphy_top/ddrphy_slice_top/i_dqs_group[3].u_ddrphy_data_slice/data_slice_wrlvl/N201_1_1/gateop, insts:7.
I: Infer CARRY group, base inst: u_DDR3_50H/u_ddrphy_top/ddrphy_slice_top/i_dqs_group[3].u_ddrphy_data_slice/dqsi_rdel_cal/N28_1.fsub_0/gateop, insts:7.
I: Infer CARRY group, base inst: u_DDR3_50H/u_ddrphy_top/ddrphy_slice_top/i_dqs_group[3].u_ddrphy_data_slice/dqsi_rdel_cal/N33_1_1/gateop, insts:7.
I: Infer CARRY group, base inst: u_DDR3_50H/u_ddrphy_top/ddrphy_slice_top/i_dqs_group[3].u_ddrphy_data_slice/dqsi_rdel_cal/N43_1.fsub_1/gateop, insts:7.
I: Infer CARRY group, base inst: u_DDR3_50H/u_ddrphy_top/ddrphy_slice_top/i_dqs_group[3].u_ddrphy_data_slice/dqsi_rdel_cal/N53.eq_0/gateop, insts:3.
I: Infer CARRY group, base inst: u_DDR3_50H/u_ddrphy_top/ddrphy_slice_top/i_dqs_group[3].u_ddrphy_data_slice/dqsi_rdel_cal/N85_1/gateop, insts:8.
I: Infer CARRY group, base inst: u_DDR3_50H/u_ddrphy_top/ddrphy_slice_top/i_dqs_group[3].u_ddrphy_data_slice/dqsi_rdel_cal/N104_1_1/gateop, insts:9.
I: Infer CARRY group, base inst: u_DDR3_50H/u_ddrphy_top/ddrphy_slice_top/i_dqs_group[3].u_ddrphy_data_slice/dqsi_rdel_cal/N108.eq_0/gateop, insts:5.
I: Infer CARRY group, base inst: u_DDR3_50H/u_ddrphy_top/ddrphy_slice_top/i_dqs_group[3].u_ddrphy_data_slice/dqsi_rdel_cal/N167.eq_0/gateop, insts:5.
I: Infer CARRY group, base inst: u_DDR3_50H/u_ddrphy_top/ddrphy_slice_top/i_dqs_group[3].u_ddrphy_data_slice/dqsi_rdel_cal/N264_1_0/gateop, insts:8.
I: Infer CARRY group, base inst: u_DDR3_50H/u_ddrphy_top/ddrphy_slice_top/i_dqs_group[3].u_ddrphy_data_slice/dqsi_rdel_cal/N280_1_0/gateop, insts:8.
I: Infer CARRY group, base inst: u_DDR3_50H/u_ddrphy_top/ddrphy_slice_top/i_dqs_group[3].u_ddrphy_data_slice/dqsi_rdel_cal/N285_1_1/gateop, insts:9.
I: Infer CARRY group, base inst: u_DDR3_50H/u_ipsxb_ddrc_top/mcdq_dcp_top/mcdq_dcp_back_ctrl/timing_act_pass/N31.lt_0/gateop, insts:4.
I: Infer CARRY group, base inst: u_DDR3_50H/u_ddrphy_top/ddrphy_slice_top/i_dqs_group[0].u_ddrphy_data_slice/data_slice_dqs_gate_cal/gatecal/N81_1_1/gateop, insts:5.
I: Infer CARRY group, base inst: u_DDR3_50H/u_ddrphy_top/ddrphy_slice_top/i_dqs_group[0].u_ddrphy_data_slice/data_slice_dqs_gate_cal/gatecal/N389_8.fsub_1/gateop, insts:5.
I: Infer CARRY group, base inst: u_DDR3_50H/u_ddrphy_top/ddrphy_slice_top/i_dqs_group[1].u_ddrphy_data_slice/data_slice_dqs_gate_cal/gatecal/N81_1_0/gateop, insts:6.
I: Infer CARRY group, base inst: u_DDR3_50H/u_ddrphy_top/ddrphy_slice_top/i_dqs_group[1].u_ddrphy_data_slice/data_slice_dqs_gate_cal/gatecal/N389_8.fsub_1/gateop, insts:5.
I: Infer CARRY group, base inst: u_DDR3_50H/u_ddrphy_top/ddrphy_slice_top/i_dqs_group[2].u_ddrphy_data_slice/data_slice_dqs_gate_cal/gatecal/N81_1_0/gateop, insts:6.
I: Infer CARRY group, base inst: u_DDR3_50H/u_ddrphy_top/ddrphy_slice_top/i_dqs_group[2].u_ddrphy_data_slice/data_slice_dqs_gate_cal/gatecal/N389_8.fsub_1/gateop, insts:5.
I: Infer CARRY group, base inst: u_DDR3_50H/u_ddrphy_top/ddrphy_slice_top/i_dqs_group[3].u_ddrphy_data_slice/data_slice_dqs_gate_cal/gatecal/N81_1_1/gateop, insts:5.
I: Infer CARRY group, base inst: u_DDR3_50H/u_ddrphy_top/ddrphy_slice_top/i_dqs_group[3].u_ddrphy_data_slice/data_slice_dqs_gate_cal/gatecal/N389_8.fsub_1/gateop, insts:5.
I: Infer CARRY group, base inst: u_DDR3_50H/u_ipsxb_ddrc_top/mcdq_wdatapath/ipsxb_distributed_fifo/u_ipsxb_distributed_fifo_distributed_fifo_v1_0/u_ipsxb_distributed_fifo_ctr/N2_1/gateop, insts:5.
I: Infer CARRY group, base inst: u_DDR3_50H/u_ipsxb_ddrc_top/mcdq_wdatapath/ipsxb_distributed_fifo/u_ipsxb_distributed_fifo_distributed_fifo_v1_0/u_ipsxb_distributed_fifo_ctr/N9_1/gateop, insts:5.
I: Infer CARRY group, base inst: u_DDR3_50H/u_ipsxb_ddrc_top/mcdq_wdatapath/ipsxb_distributed_fifo/u_ipsxb_distributed_fifo_distributed_fifo_v1_0/u_ipsxb_distributed_fifo_ctr/N36.eq_0/gateop, insts:3.
I: Infer CARRY group, base inst: u_DDR3_50H/u_ipsxb_ddrc_top/mcdq_dcp_top/mcdq_dcp_buf/A_ipsxb_distributed_fifo/u_ipsxb_distributed_fifo_distributed_fifo_v1_0/u_ipsxb_distributed_fifo_ctr/N2_1/gateop, insts:5.
I: Infer CARRY group, base inst: u_DDR3_50H/u_ipsxb_ddrc_top/mcdq_dcp_top/mcdq_dcp_buf/A_ipsxb_distributed_fifo/u_ipsxb_distributed_fifo_distributed_fifo_v1_0/u_ipsxb_distributed_fifo_ctr/N9_1/gateop, insts:5.
I: Infer CARRY group, base inst: u_DDR3_50H/u_ipsxb_ddrc_top/mcdq_dcp_top/mcdq_dcp_buf/A_ipsxb_distributed_fifo/u_ipsxb_distributed_fifo_distributed_fifo_v1_0/u_ipsxb_distributed_fifo_ctr/N19.lt_0/gateop, insts:3.
I: Infer CARRY group, base inst: u_DDR3_50H/u_ipsxb_ddrc_top/mcdq_dcp_top/mcdq_dcp_buf/A_ipsxb_distributed_fifo/u_ipsxb_distributed_fifo_distributed_fifo_v1_0/u_ipsxb_distributed_fifo_ctr/N24_1.fsub_1/gateop, insts:6.
I: Infer CARRY group, base inst: u_DDR3_50H/u_ipsxb_ddrc_top/mcdq_dcp_top/mcdq_dcp_buf/A_ipsxb_distributed_fifo/u_ipsxb_distributed_fifo_distributed_fifo_v1_0/u_ipsxb_distributed_fifo_ctr/N30.fsub_1/gateop, insts:6.
I: Infer CARRY group, base inst: u_DDR3_50H/u_ipsxb_ddrc_top/mcdq_dcp_top/mcdq_dcp_buf/A_ipsxb_distributed_fifo/u_ipsxb_distributed_fifo_distributed_fifo_v1_0/u_ipsxb_distributed_fifo_ctr/N36.eq_0/gateop, insts:3.
I: Infer CARRY group, base inst: u_DDR3_50H/u_ipsxb_ddrc_top/mcdq_dcp_top/mcdq_dcp_buf/B_ipsxb_distributed_fifo/u_ipsxb_distributed_fifo_distributed_fifo_v1_0/u_ipsxb_distributed_fifo_ctr/N2_1/gateop, insts:5.
I: Infer CARRY group, base inst: u_DDR3_50H/u_ipsxb_ddrc_top/mcdq_dcp_top/mcdq_dcp_buf/B_ipsxb_distributed_fifo/u_ipsxb_distributed_fifo_distributed_fifo_v1_0/u_ipsxb_distributed_fifo_ctr/N9_1/gateop, insts:5.
I: Infer CARRY group, base inst: u_DDR3_50H/u_ipsxb_ddrc_top/mcdq_dcp_top/mcdq_dcp_buf/B_ipsxb_distributed_fifo/u_ipsxb_distributed_fifo_distributed_fifo_v1_0/u_ipsxb_distributed_fifo_ctr/N19.lt_0/gateop, insts:3.
I: Infer CARRY group, base inst: u_DDR3_50H/u_ipsxb_ddrc_top/mcdq_dcp_top/mcdq_dcp_buf/B_ipsxb_distributed_fifo/u_ipsxb_distributed_fifo_distributed_fifo_v1_0/u_ipsxb_distributed_fifo_ctr/N24_1.fsub_1/gateop, insts:6.
I: Infer CARRY group, base inst: u_DDR3_50H/u_ipsxb_ddrc_top/mcdq_dcp_top/mcdq_dcp_buf/B_ipsxb_distributed_fifo/u_ipsxb_distributed_fifo_distributed_fifo_v1_0/u_ipsxb_distributed_fifo_ctr/N30.fsub_1/gateop, insts:6.
I: Infer CARRY group, base inst: u_DDR3_50H/u_ipsxb_ddrc_top/mcdq_dcp_top/mcdq_dcp_buf/B_ipsxb_distributed_fifo/u_ipsxb_distributed_fifo_distributed_fifo_v1_0/u_ipsxb_distributed_fifo_ctr/N36.eq_0/gateop, insts:3.
I: Infer CARRY group, base inst: u_DDR3_50H/u_ipsxb_ddrc_top/mcdq_rdatapath/mcdq_prefetch_fifo/ipsxb_distributed_fifo/u_ipsxb_distributed_fifo_distributed_fifo_v1_0/u_ipsxb_distributed_fifo_ctr/N2_1/gateop, insts:6.
I: Infer CARRY group, base inst: u_DDR3_50H/u_ipsxb_ddrc_top/mcdq_rdatapath/mcdq_prefetch_fifo/ipsxb_distributed_fifo/u_ipsxb_distributed_fifo_distributed_fifo_v1_0/u_ipsxb_distributed_fifo_ctr/N9_1/gateop, insts:6.
I: Infer CARRY group, base inst: u_DDR3_50H/u_ipsxb_ddrc_top/mcdq_rdatapath/mcdq_prefetch_fifo/ipsxb_distributed_fifo/u_ipsxb_distributed_fifo_distributed_fifo_v1_0/u_ipsxb_distributed_fifo_ctr/N16.eq_0/gateop, insts:3.
I: Infer CARRY group, base inst: u_DDR3_50H/u_ipsxb_ddrc_top/mcdq_rdatapath/mcdq_prefetch_fifo/ipsxb_distributed_fifo/u_ipsxb_distributed_fifo_distributed_fifo_v1_0/u_ipsxb_distributed_fifo_ctr/N36.eq_0/gateop, insts:3.
I: INST: "g_out[4]/opit_0" has been packed in IOL "g_out_obuf[4]/opit_1" success.
I: INST: "g_out[5]/opit_0" has been packed in IOL "g_out_obuf[5]/opit_1" success.
I: INST: "g_out[6]/opit_0" has been packed in IOL "g_out_obuf[6]/opit_1" success.
I: INST: "g_out[7]/opit_0" has been packed in IOL "g_out_obuf[7]/opit_1" success.
I: INST: "b_out[3]/opit_0" has been packed in IOL "b_out_obuf[3]/opit_1" success.
I: INST: "b_out[4]/opit_0" has been packed in IOL "b_out_obuf[4]/opit_1" success.
I: INST: "b_out[5]/opit_0" has been packed in IOL "b_out_obuf[5]/opit_1" success.
I: INST: "b_out[6]/opit_0" has been packed in IOL "b_out_obuf[6]/opit_1" success.
I: INST: "b_out[7]/opit_0" has been packed in IOL "b_out_obuf[7]/opit_1" success.
I: INST: "r_out[3]/opit_0" has been packed in IOL "r_out_obuf[3]/opit_1" success.
I: INST: "r_out[4]/opit_0" has been packed in IOL "r_out_obuf[4]/opit_1" success.
I: INST: "r_out[5]/opit_0" has been packed in IOL "r_out_obuf[5]/opit_1" success.
I: INST: "r_out[6]/opit_0" has been packed in IOL "r_out_obuf[6]/opit_1" success.
I: INST: "r_out[7]/opit_0" has been packed in IOL "r_out_obuf[7]/opit_1" success.
I: INST: "g_out[2]/opit_0" has been packed in IOL "g_out_obuf[2]/opit_1" success.
I: INST: "g_out[3]/opit_0" has been packed in IOL "g_out_obuf[3]/opit_1" success.
Device Utilization Summary:
+------------------------------------------------------------------------+
| Logic Utilization     | Used     | Available     | Utilization(%)     
+------------------------------------------------------------------------+
| APM                   | 0        | 84            | 0                  
| IOCKDLY               | 0        | 40            | 0                  
| FF                    | 7487     | 64200         | 12                 
| LUT                   | 9289     | 42800         | 22                 
| Distributed RAM       | 73       | 17000         | 1                  
| DLL                   | 1        | 10            | 10                 
| DQSL                  | 8        | 18            | 45                 
| DRM                   | 39.5     | 134           | 30                 
| FUSECODE              | 0        | 1             | 0                  
| IO                    | 180      | 296           | 61                 
| IOCKDIV               | 3        | 20            | 15                 
| IOCKGATE              | 6        | 20            | 30                 
| IPAL                  | 0        | 1             | 0                  
| PLL                   | 3        | 5             | 60                 
| RCKB                  | 0        | 24            | 0                  
| SCANCHAIN             | 0        | 2             | 0                  
| START                 | 0        | 1             | 0                  
| USCM                  | 14       | 30            | 47                 
| HSST                  | 1        | 1             | 100                
| OSC                   | 0        | 1             | 0                  
| CRYSTAL               | 0        | 2             | 0                  
| RESCAL                | 0        | 4             | 0                  
| UDID                  | 0        | 1             | 0                  
| PCIE                  | 0        | 1             | 0                  
+------------------------------------------------------------------------+

Device mapping done.
Total device mapping takes 1.97 sec.

Design 'hdmi_ddr_ov5640_top' has been successfully mapped to architecture-specific objects.
Saving design to DB.
W: Public-4010: Pcf file D:/PDSapp/four_pinjie_video/four_pinjie_video/HDMI_DDR3_OV5640/device_map/hdmi_ddr_ov5640_top.pcf has been covered.
Action dev_map: Real time elapsed is 0h:0m:10s
Action dev_map: CPU time elapsed is 0h:0m:8s
Action dev_map: Process CPU time elapsed is 0h:0m:8s
Current time: Tue Nov  4 15:18:04 2025
Action dev_map: Peak memory pool usage is 411 MB
