#Build: Fabric Configuration 2022.2-SP6.4, Build 146967, Jan 31 01:39 2024
#Install: C:\pango\PDS_2022.2-SP6.4\bin
#Application name: cdt_cfg.exe
#OS: Windows 10 10.0.26100
#Hostname: LAPTOP-EA3TT0M1
Generated by Fabric Configuration (version 2022.2-SP6.4 build 146967) at Tue Aug 12 23:36:46 2025
M_PROCESS_FINISH_STARTED

Connecting to server[127.0.0.1 : 65420].
Connect to server[127.0.0.1 : 65420] successfully.
COMMAND[check version information] execute successfully, takes 0.5 secs.
The cable List : 
Cable index 0:USB Cable II/fffffffffffffffe 

COMMAND[get_cable_paras] execute successfully, takes 1.3 secs.
PANGO USB CABLE II cable driver: D2XX DLL
PG2L50H
This device configure situation (done bit): 1
COMMAND[Open config cable] execute successfully, takes 4.2 secs.
The done bit is 1
COMMAND[Program] execute successfully, takes 2.2 secs.
The done bit is 1
COMMAND[Program] execute successfully, takes 2.0 secs.
E: CdtCommon-0402: Fail to connect to server. 
Server is disconnect
