[Info] [2025-1-8 10:16:14] /***************************Start Configuration***************************/
[Info] [2025-1-8 10:16:14] Path: D:/pds2022_sp6_4/PDS_2022.2-SP6.4/bin
[Info] [2025-1-8 10:16:14] Version: 146967
[Info] [2025-1-8 10:16:15] Current Path: D:/fpga_rk/ddr3_test/ddr3_test/ip_core/ddr3/pnr
[Info] [2025-1-8 10:16:15] PDS Dir Path: D:/fpga_rk/ddr3_test/ddr3_test/ip_core/ddr3/pnr
[Info] [2025-1-8 10:16:16] Configuration is not connect with server. connect first then scan chain.
[Debug] [2025-1-8 10:16:16] Client Local host name:DESKTOP-50P54KS
[Debug] [2025-1-8 10:16:16] Client Local Address:192.168.3.194
[Debug] [2025-1-8 10:16:16] Server Address:127.0.0.1, Port:65420
[Debug] [2025-1-8 10:16:16] Log::Print : Connecting to server[127.0.0.1 : 65420].
[Info] [2025-1-8 10:16:16] Connect OK, Server: 127.0.0.1  Port: 65420
[Debug] [2025-1-8 10:16:16] Finish.
[Info] [2025-1-8 10:16:16] Connect server succeeded
[Debug] [2025-1-8 10:16:16] Send RPC:1
[Debug] [2025-1-8 10:16:16] Send cmd [check version information:40004] OK
[Debug] [2025-1-8 10:16:16] Log::Print : Connect to server[127.0.0.1 : 65420] successfully.
[Error] [2025-1-8 10:16:16] fail to exec check version information cmd...
[Error] [2025-1-8 10:16:16] MsgOut: JtagServer-0616: Suite version mismatch. Server is 2022.2-SP6.1, client is 2022.2-SP6.4.
[Error] [2025-1-8 10:16:16] MsgOut: JtagServer-0617: Svn version mismatch. Server is 138931, client is 146967.
[Error] [2025-1-8 10:16:16] MsgOut: Configuration-0008: The command 'check version information' execute fail.
[Info] [2025-1-8 10:16:18] /***************************End Configration***************************/
[Info] [2025-1-8 10:16:19] /***************************Start Configuration***************************/
[Info] [2025-1-8 10:16:19] Path: D:/pds2022_sp6_4/PDS_2022.2-SP6.4/bin
[Info] [2025-1-8 10:16:19] Version: 146967
[Info] [2025-1-8 10:16:20] Current Path: D:/fpga_rk/ddr3_test/ddr3_test/ip_core/ddr3/pnr
[Info] [2025-1-8 10:16:20] PDS Dir Path: D:/fpga_rk/ddr3_test/ddr3_test/ip_core/ddr3/pnr
[Info] [2025-1-8 10:16:21] Configuration is not connect with server. connect first then scan chain.
[Debug] [2025-1-8 10:16:21] Client Local host name:DESKTOP-50P54KS
[Debug] [2025-1-8 10:16:21] Client Local Address:192.168.3.194
[Debug] [2025-1-8 10:16:21] Server Address:127.0.0.1, Port:65420
[Debug] [2025-1-8 10:16:21] Log::Print : Connecting to server[127.0.0.1 : 65420].
[Info] [2025-1-8 10:16:21] Connect OK, Server: 127.0.0.1  Port: 65420
[Debug] [2025-1-8 10:16:21] Finish.
[Info] [2025-1-8 10:16:21] Connect server succeeded
[Debug] [2025-1-8 10:16:21] Send RPC:1
[Debug] [2025-1-8 10:16:21] Send cmd [check version information:40004] OK
[Debug] [2025-1-8 10:16:21] Log::Print : Connect to server[127.0.0.1 : 65420] successfully.
[Error] [2025-1-8 10:16:21] fail to exec check version information cmd...
[Error] [2025-1-8 10:16:21] MsgOut: JtagServer-0616: Suite version mismatch. Server is 2022.2-SP6.1, client is 2022.2-SP6.4.
[Error] [2025-1-8 10:16:21] MsgOut: JtagServer-0617: Svn version mismatch. Server is 138931, client is 146967.
[Error] [2025-1-8 10:16:21] MsgOut: Configuration-0008: The command 'check version information' execute fail.
[Info] [2025-1-8 10:16:25] /***************************End Configration***************************/
[Info] [2025-1-8 10:16:26] /***************************Start Configuration***************************/
[Info] [2025-1-8 10:16:26] Path: D:/pds2022_sp6_4/PDS_2022.2-SP6.4/bin
[Info] [2025-1-8 10:16:26] Version: 146967
[Info] [2025-1-8 10:16:27] Current Path: D:/fpga_rk/ddr3_test/ddr3_test/ip_core/ddr3/pnr
[Info] [2025-1-8 10:16:27] PDS Dir Path: D:/fpga_rk/ddr3_test/ddr3_test/ip_core/ddr3/pnr
[Info] [2025-1-8 10:16:28] Configuration is not connect with server. connect first then scan chain.
[Debug] [2025-1-8 10:16:28] Client Local host name:DESKTOP-50P54KS
[Debug] [2025-1-8 10:16:28] Client Local Address:192.168.3.194
[Debug] [2025-1-8 10:16:28] Server Address:127.0.0.1, Port:65420
[Debug] [2025-1-8 10:16:28] Log::Print : Connecting to server[127.0.0.1 : 65420].
[Info] [2025-1-8 10:16:28] Connect OK, Server: 127.0.0.1  Port: 65420
[Debug] [2025-1-8 10:16:28] Finish.
[Info] [2025-1-8 10:16:28] Connect server succeeded
[Debug] [2025-1-8 10:16:28] Send RPC:1
[Debug] [2025-1-8 10:16:28] Send cmd [check version information:40004] OK
[Debug] [2025-1-8 10:16:28] Log::Print : Connect to server[127.0.0.1 : 65420] successfully.
[Debug] [2025-1-8 10:16:30] Send RPC:2
[Debug] [2025-1-8 10:16:30] Send cmd [get_cable_paras:40010] OK
[Debug] [2025-1-8 10:16:30] Begin to send initialize chain cmd...
[Debug] [2025-1-8 10:16:30] Send RPC:3
[Debug] [2025-1-8 10:16:30] Send cmd [Open config cable:20001] OK
[Debug] [2025-1-8 10:16:30] End to send initialize chain cmd.
[Debug] [2025-1-8 10:16:30] COMMAND[check version information] execute successfully, takes 1.6 secs.
[Debug] [2025-1-8 10:16:30] Log::Print : COMMAND[check version information] execute successfully, takes 1.6 secs.
[Debug] [2025-1-8 10:16:32] COMMAND[get_cable_paras] execute successfully, takes 1.8 secs.
[Debug] [2025-1-8 10:16:32] Log::Print : The cable List : 
Cable index 0:USB Cable II/fffffffffffffffe 

[Debug] [2025-1-8 10:16:32] Log::Print : COMMAND[get_cable_paras] execute successfully, takes 1.8 secs.
[Debug] [2025-1-8 10:16:33] begin the exec of open cable cmd...
[Debug] [2025-1-8 10:16:33] Begin to deal with chain from server...
[Debug] [2025-1-8 10:16:33] Begin to set user chain...
[Debug] [2025-1-8 10:16:33] End to set user chain.
[Debug] [2025-1-8 10:16:33] Begin to update graphic item and tree item ...
[Debug] [2025-1-8 10:16:33] End to update graphic item and tree item ...
[Debug] [2025-1-8 10:16:33] Log::Print : PANGO USB CABLE II cable driver: D2XX DLL
[Debug] [2025-1-8 10:16:33] Log::Print : PG2L50H
[Debug] [2025-1-8 10:16:33] Log::Print : This device configure situation (done bit): 1
[Info] [2025-1-8 10:16:34] set OpenLastPath: D:/fpga_rk/ddr3_test/ddr3_test/ip_core/ddr3/pnr/generate_bitstream/test_ddr.sbit
[Debug] [2025-1-8 10:16:34] begin to get device info from CFG file...
[Debug] [2025-1-8 10:16:34] end to get device info from CFG file...
[Debug] [2025-1-8 10:16:34] Begin to update graphic item and tree item ...
[Debug] [2025-1-8 10:16:34] End to update graphic item and tree item ...
[Debug] [2025-1-8 10:16:34] Begin to update graphic item and tree item ...
[Debug] [2025-1-8 10:16:34] End to update graphic item and tree item ...
[Debug] [2025-1-8 10:16:34] End to deal wiht chain from server.
[Debug] [2025-1-8 10:16:34] end the exec of open cable cmd.
[Debug] [2025-1-8 10:16:34] COMMAND[Open config cable] execute successfully, takes 3.7 secs.
[Debug] [2025-1-8 10:16:34] Log::Print : COMMAND[Open config cable] execute successfully, takes 3.7 secs.
[Debug] [2025-1-8 10:16:34] Begin to send programming cmd...
[Debug] [2025-1-8 10:16:34] Send RPC:4
[Debug] [2025-1-8 10:16:34] Begin to send program data.
[Debug] [2025-1-8 10:16:34] End to send program data.
[Debug] [2025-1-8 10:16:34] Send cmd [Program:20002] OK
[Debug] [2025-1-8 10:16:35] The value of Progress is 6
[Debug] [2025-1-8 10:16:35] The value of Progress is 10
[Debug] [2025-1-8 10:16:35] The value of Progress is 15
[Debug] [2025-1-8 10:16:35] The value of Progress is 20
[Debug] [2025-1-8 10:16:35] The value of Progress is 25
[Debug] [2025-1-8 10:16:35] The value of Progress is 30
[Debug] [2025-1-8 10:16:35] The value of Progress is 35
[Debug] [2025-1-8 10:16:35] The value of Progress is 40
[Debug] [2025-1-8 10:16:36] The value of Progress is 45
[Debug] [2025-1-8 10:16:36] The value of Progress is 50
[Debug] [2025-1-8 10:16:36] The value of Progress is 55
[Debug] [2025-1-8 10:16:36] The value of Progress is 60
[Debug] [2025-1-8 10:16:36] The value of Progress is 65
[Debug] [2025-1-8 10:16:36] The value of Progress is 70
[Debug] [2025-1-8 10:16:36] The value of Progress is 75
[Debug] [2025-1-8 10:16:36] The value of Progress is 80
[Debug] [2025-1-8 10:16:36] The value of Progress is 85
[Debug] [2025-1-8 10:16:36] The value of Progress is 90
[Debug] [2025-1-8 10:16:36] The value of Progress is 95
[Debug] [2025-1-8 10:16:37] The value of Progress is 100
[Debug] [2025-1-8 10:16:37] COMMAND[Program] execute successfully, takes 2.5 secs.
[Debug] [2025-1-8 10:16:37] End to send programming cmd.
[Debug] [2025-1-8 10:16:37] Log::Print : The done bit is 1
[Debug] [2025-1-8 10:16:37] Log::Print : COMMAND[Program] execute successfully, takes 2.5 secs.
[Debug] [2025-1-8 10:20:38] Begin to send programming cmd...
[Debug] [2025-1-8 10:20:38] Send RPC:5
[Debug] [2025-1-8 10:20:38] Begin to send program data.
[Debug] [2025-1-8 10:20:38] End to send program data.
[Debug] [2025-1-8 10:20:38] Send cmd [Program:20002] OK
[Debug] [2025-1-8 10:20:39] The value of Progress is 6
[Debug] [2025-1-8 10:20:39] The value of Progress is 10
[Debug] [2025-1-8 10:20:39] The value of Progress is 15
[Debug] [2025-1-8 10:20:39] The value of Progress is 20
[Debug] [2025-1-8 10:20:39] The value of Progress is 25
[Debug] [2025-1-8 10:20:39] The value of Progress is 30
[Debug] [2025-1-8 10:20:39] The value of Progress is 35
[Debug] [2025-1-8 10:20:39] The value of Progress is 40
[Debug] [2025-1-8 10:20:40] The value of Progress is 45
[Debug] [2025-1-8 10:20:40] The value of Progress is 50
[Debug] [2025-1-8 10:20:40] The value of Progress is 55
[Debug] [2025-1-8 10:20:40] The value of Progress is 60
[Debug] [2025-1-8 10:20:40] The value of Progress is 65
[Debug] [2025-1-8 10:20:40] The value of Progress is 70
[Debug] [2025-1-8 10:20:40] The value of Progress is 75
[Debug] [2025-1-8 10:20:40] The value of Progress is 80
[Debug] [2025-1-8 10:20:40] The value of Progress is 85
[Debug] [2025-1-8 10:20:40] The value of Progress is 90
[Debug] [2025-1-8 10:20:40] The value of Progress is 95
[Debug] [2025-1-8 10:20:41] The value of Progress is 100
[Debug] [2025-1-8 10:20:41] COMMAND[Program] execute successfully, takes 2.5 secs.
[Debug] [2025-1-8 10:20:41] End to send programming cmd.
[Debug] [2025-1-8 10:20:41] Log::Print : The done bit is 1
[Debug] [2025-1-8 10:20:41] Log::Print : COMMAND[Program] execute successfully, takes 2.5 secs.
[Info] [2025-1-8 10:48:23] /***************************End Configration***************************/
[Info] [2025-8-10 01:48:26] /***************************Start Configuration***************************/
[Info] [2025-8-10 01:48:26] Path: C:/pango/PDS_2022.2-SP6.4/bin
[Info] [2025-8-10 01:48:26] Version: 146967
[Info] [2025-8-10 01:48:27] Current Path: D:/Desktop/work_material/RK_learning/RK3568_MES2L50H/05-work_material/02-FPGA/ddr3_test/ddr3_test/ip_core/ddr3/pnr
[Info] [2025-8-10 01:48:27] PDS Dir Path: D:/Desktop/work_material/RK_learning/RK3568_MES2L50H/05-work_material/02-FPGA/ddr3_test/ddr3_test/ip_core/ddr3/pnr
[Info] [2025-8-10 01:48:29] Configuration is not connect with server. connect first then scan chain.
[Debug] [2025-8-10 01:48:29] Client Local host name:LAPTOP-EA3TT0M1
[Debug] [2025-8-10 01:48:29] Client Local Address:192.168.3.48
[Debug] [2025-8-10 01:48:30] Server Address:127.0.0.1, Port:65420
[Debug] [2025-8-10 01:48:30] Log::Print : Connecting to server[127.0.0.1 : 65420].
[Info] [2025-8-10 01:48:30] Connect OK, Server: 127.0.0.1  Port: 65420
[Debug] [2025-8-10 01:48:30] Finish.
[Info] [2025-8-10 01:48:30] Connect server succeeded
[Debug] [2025-8-10 01:48:30] Send RPC:1
[Debug] [2025-8-10 01:48:30] Send cmd [check version information:40004] OK
[Debug] [2025-8-10 01:48:30] Send RPC:2
[Debug] [2025-8-10 01:48:30] Send cmd [get_cable_paras:40010] OK
[Debug] [2025-8-10 01:48:30] Begin to send initialize chain cmd...
[Debug] [2025-8-10 01:48:30] Send RPC:3
[Debug] [2025-8-10 01:48:30] Send cmd [Open config cable:20001] OK
[Debug] [2025-8-10 01:48:30] End to send initialize chain cmd.
[Debug] [2025-8-10 01:48:30] COMMAND[check version information] execute successfully, takes 0.0 secs.
[Debug] [2025-8-10 01:48:30] Log::Print : Connect to server[127.0.0.1 : 65420] successfully.
[Debug] [2025-8-10 01:48:30] Log::Print : COMMAND[check version information] execute successfully, takes 0.0 secs.
[Debug] [2025-8-10 01:48:31] COMMAND[get_cable_paras] execute successfully, takes 1.1 secs.
[Debug] [2025-8-10 01:48:31] Log::Print : The cable List : 
Cable index 0:USB Cable II/fffffffffffffffe 

[Debug] [2025-8-10 01:48:31] Log::Print : COMMAND[get_cable_paras] execute successfully, takes 1.1 secs.
[Debug] [2025-8-10 01:48:31] begin the exec of open cable cmd...
[Debug] [2025-8-10 01:48:31] Begin to deal with chain from server...
[Debug] [2025-8-10 01:48:31] Begin to set user chain...
[Debug] [2025-8-10 01:48:31] End to set user chain.
[Debug] [2025-8-10 01:48:31] Begin to update graphic item and tree item ...
[Debug] [2025-8-10 01:48:31] End to update graphic item and tree item ...
[Debug] [2025-8-10 01:48:31] Log::Print : PANGO USB CABLE II cable driver: D2XX DLL
[Debug] [2025-8-10 01:48:31] Log::Print : PG2L50H
[Debug] [2025-8-10 01:48:31] Log::Print : This device configure situation (done bit): 1
[Info] [2025-8-10 01:48:32] set OpenLastPath: D:/Desktop/work_material/RK_learning/RK3568_MES2L50H/05-work_material/02-FPGA/ddr3_test/ddr3_test/ip_core/ddr3/pnr/generate_bitstream/test_ddr.sbit
[Debug] [2025-8-10 01:48:32] begin to get device info from CFG file...
[Debug] [2025-8-10 01:48:32] end to get device info from CFG file...
[Debug] [2025-8-10 01:48:32] Begin to update graphic item and tree item ...
[Debug] [2025-8-10 01:48:32] End to update graphic item and tree item ...
[Debug] [2025-8-10 01:48:32] Begin to update graphic item and tree item ...
[Debug] [2025-8-10 01:48:32] End to update graphic item and tree item ...
[Debug] [2025-8-10 01:48:32] End to deal wiht chain from server.
[Debug] [2025-8-10 01:48:32] end the exec of open cable cmd.
[Debug] [2025-8-10 01:48:32] COMMAND[Open config cable] execute successfully, takes 2.3 secs.
[Debug] [2025-8-10 01:48:32] Log::Print : COMMAND[Open config cable] execute successfully, takes 2.3 secs.
[Debug] [2025-8-10 01:48:33] Begin to send verify cmd in BS mode...
[Debug] [2025-8-10 01:48:33] Begin to check mask file.
[Debug] [2025-8-10 01:48:33] End to check mask file.
[Debug] [2025-8-10 01:48:33] Send RPC:4
[Debug] [2025-8-10 01:48:33] Begin to send verify data.
[Debug] [2025-8-10 01:48:33] End to send verify data.
[Debug] [2025-8-10 01:48:33] Send cmd [Verify:20004] OK
[Debug] [2025-8-10 01:48:33] The value of Progress is 6
[Debug] [2025-8-10 01:48:33] The value of Progress is 10
[Debug] [2025-8-10 01:48:34] The value of Progress is 15
[Debug] [2025-8-10 01:48:34] The value of Progress is 20
[Debug] [2025-8-10 01:48:34] Begin to send abort process cmd.
[Debug] [2025-8-10 01:48:34] Begin to flush aborting cmd. 
[Debug] [2025-8-10 01:48:34] End to flush aborting cmd. 
[Debug] [2025-8-10 01:48:34] End to send abort process cmd.
[Debug] [2025-8-10 01:48:34] End to send verify cmd in BS mode.
[Error] [2025-8-10 01:48:34] MsgOut: Configuration-0005: Try to abort Verifying.
[Error] [2025-8-10 01:48:34] fail to exec Verify cmd...
[Error] [2025-8-10 01:48:34] MsgOut: JtagServer-0320: Fail to read back bitstream.
[Error] [2025-8-10 01:48:34] MsgOut: JtagServer-0607: Fail to compare D:/Desktop/work_material/RK_learning/RK3568_MES2L50H/05-work_material/02-FPGA/ddr3_test/ddr3_test/ip_core/ddr3/pnr/generate_bitstream/test_ddr.sbit file with readback file.
[Warn] [2025-8-10 01:48:34] MsgOut: Configuration-4003: Configuration execute warning: Maybe the cable frequency is high or file error, decreasing frequency may avoid fail or check file. And check flash mode whether device supports.
[Error] [2025-8-10 01:48:34] MsgOut: Configuration-0008: The command 'Verify' execute fail.
[Debug] [2025-8-10 01:48:35] Begin to send programming cmd...
[Debug] [2025-8-10 01:48:35] Send RPC:5
[Debug] [2025-8-10 01:48:35] Begin to send program data.
[Debug] [2025-8-10 01:48:35] End to send program data.
[Debug] [2025-8-10 01:48:35] Send cmd [Program:20002] OK
[Debug] [2025-8-10 01:48:35] The value of Progress is 6
[Debug] [2025-8-10 01:48:35] The value of Progress is 10
[Debug] [2025-8-10 01:48:35] The value of Progress is 15
[Debug] [2025-8-10 01:48:35] The value of Progress is 20
[Debug] [2025-8-10 01:48:35] The value of Progress is 25
[Debug] [2025-8-10 01:48:36] The value of Progress is 30
[Debug] [2025-8-10 01:48:36] The value of Progress is 35
[Debug] [2025-8-10 01:48:36] The value of Progress is 40
[Debug] [2025-8-10 01:48:36] The value of Progress is 45
[Debug] [2025-8-10 01:48:36] The value of Progress is 50
[Debug] [2025-8-10 01:48:36] The value of Progress is 55
[Debug] [2025-8-10 01:48:36] The value of Progress is 60
[Debug] [2025-8-10 01:48:36] The value of Progress is 65
[Debug] [2025-8-10 01:48:36] The value of Progress is 70
[Debug] [2025-8-10 01:48:36] The value of Progress is 75
[Debug] [2025-8-10 01:48:36] The value of Progress is 80
[Debug] [2025-8-10 01:48:37] The value of Progress is 85
[Debug] [2025-8-10 01:48:37] The value of Progress is 90
[Debug] [2025-8-10 01:48:37] The value of Progress is 95
[Debug] [2025-8-10 01:48:37] The value of Progress is 100
[Debug] [2025-8-10 01:48:37] COMMAND[Program] execute successfully, takes 2.2 secs.
[Debug] [2025-8-10 01:48:37] End to send programming cmd.
[Debug] [2025-8-10 01:48:37] Log::Print : The done bit is 1
[Debug] [2025-8-10 01:48:37] Log::Print : COMMAND[Program] execute successfully, takes 2.2 secs.
[Info] [2025-8-10 02:01:45] /***************************End Configration***************************/
[Info] [2025-8-12 23:36:45] /***************************Start Configuration***************************/
[Info] [2025-8-12 23:36:45] Path: C:/pango/PDS_2022.2-SP6.4/bin
[Info] [2025-8-12 23:36:45] Version: 146967
[Info] [2025-8-12 23:36:46] Current Path: D:/Desktop/work_material/RK_learning/RK3568_MES2L50H/05-work_material/02-FPGA/ddr3_test/ddr3_test/ip_core/ddr3/pnr
[Info] [2025-8-12 23:36:46] PDS Dir Path: D:/Desktop/work_material/RK_learning/RK3568_MES2L50H/05-work_material/02-FPGA/ddr3_test/ddr3_test/ip_core/ddr3/pnr
[Info] [2025-8-12 23:36:47] Configuration is not connect with server. connect first then scan chain.
[Debug] [2025-8-12 23:36:47] Client Local host name:LAPTOP-EA3TT0M1
[Debug] [2025-8-12 23:36:47] Client Local Address:192.168.1.11
[Debug] [2025-8-12 23:36:47] Client Local Address:192.168.198.230
[Debug] [2025-8-12 23:36:47] Server Address:127.0.0.1, Port:65420
[Debug] [2025-8-12 23:36:47] Log::Print : Connecting to server[127.0.0.1 : 65420].
[Info] [2025-8-12 23:36:48] Connect OK, Server: 127.0.0.1  Port: 65420
[Debug] [2025-8-12 23:36:48] Finish.
[Info] [2025-8-12 23:36:48] Connect server succeeded
[Debug] [2025-8-12 23:36:48] Send RPC:1
[Debug] [2025-8-12 23:36:48] Send cmd [check version information:40004] OK
[Debug] [2025-8-12 23:36:48] Log::Print : Connect to server[127.0.0.1 : 65420] successfully.
[Debug] [2025-8-12 23:36:48] Send RPC:2
[Debug] [2025-8-12 23:36:48] Send cmd [get_cable_paras:40010] OK
[Debug] [2025-8-12 23:36:48] Begin to send initialize chain cmd...
[Debug] [2025-8-12 23:36:48] Send RPC:3
[Debug] [2025-8-12 23:36:48] Send cmd [Open config cable:20001] OK
[Debug] [2025-8-12 23:36:48] End to send initialize chain cmd.
[Debug] [2025-8-12 23:36:48] COMMAND[check version information] execute successfully, takes 0.5 secs.
[Debug] [2025-8-12 23:36:48] Log::Print : COMMAND[check version information] execute successfully, takes 0.5 secs.
[Debug] [2025-8-12 23:36:50] COMMAND[get_cable_paras] execute successfully, takes 1.3 secs.
[Debug] [2025-8-12 23:36:50] Log::Print : The cable List : 
Cable index 0:USB Cable II/fffffffffffffffe 

[Debug] [2025-8-12 23:36:50] Log::Print : COMMAND[get_cable_paras] execute successfully, takes 1.3 secs.
[Debug] [2025-8-12 23:36:50] begin the exec of open cable cmd...
[Debug] [2025-8-12 23:36:50] Begin to deal with chain from server...
[Debug] [2025-8-12 23:36:50] Begin to set user chain...
[Debug] [2025-8-12 23:36:50] End to set user chain.
[Debug] [2025-8-12 23:36:50] Begin to update graphic item and tree item ...
[Debug] [2025-8-12 23:36:50] End to update graphic item and tree item ...
[Debug] [2025-8-12 23:36:50] Log::Print : PANGO USB CABLE II cable driver: D2XX DLL
[Debug] [2025-8-12 23:36:50] Log::Print : PG2L50H
[Debug] [2025-8-12 23:36:50] Log::Print : This device configure situation (done bit): 1
[Info] [2025-8-12 23:36:52] set OpenLastPath: D:/Desktop/work_material/RK_learning/RK3568_MES2L50H/05-work_material/02-FPGA/ddr3_test/ddr3_test/ip_core/ddr3/pnr/generate_bitstream/test_ddr.sbit
[Debug] [2025-8-12 23:36:52] begin to get device info from CFG file...
[Debug] [2025-8-12 23:36:52] end to get device info from CFG file...
[Debug] [2025-8-12 23:36:52] Begin to update graphic item and tree item ...
[Debug] [2025-8-12 23:36:52] End to update graphic item and tree item ...
[Debug] [2025-8-12 23:36:52] Begin to update graphic item and tree item ...
[Debug] [2025-8-12 23:36:52] End to update graphic item and tree item ...
[Debug] [2025-8-12 23:36:52] End to deal wiht chain from server.
[Debug] [2025-8-12 23:36:52] end the exec of open cable cmd.
[Debug] [2025-8-12 23:36:52] COMMAND[Open config cable] execute successfully, takes 4.2 secs.
[Debug] [2025-8-12 23:36:52] Log::Print : COMMAND[Open config cable] execute successfully, takes 4.2 secs.
[Debug] [2025-8-12 23:36:56] Begin to send programming cmd...
[Debug] [2025-8-12 23:36:56] Send RPC:4
[Debug] [2025-8-12 23:36:56] Begin to send program data.
[Debug] [2025-8-12 23:36:56] End to send program data.
[Debug] [2025-8-12 23:36:56] Send cmd [Program:20002] OK
[Debug] [2025-8-12 23:36:56] The value of Progress is 6
[Debug] [2025-8-12 23:36:56] The value of Progress is 10
[Debug] [2025-8-12 23:36:56] The value of Progress is 15
[Debug] [2025-8-12 23:36:56] The value of Progress is 20
[Debug] [2025-8-12 23:36:56] The value of Progress is 25
[Debug] [2025-8-12 23:36:56] The value of Progress is 30
[Debug] [2025-8-12 23:36:56] The value of Progress is 35
[Debug] [2025-8-12 23:36:57] The value of Progress is 40
[Debug] [2025-8-12 23:36:57] The value of Progress is 45
[Debug] [2025-8-12 23:36:57] The value of Progress is 50
[Debug] [2025-8-12 23:36:57] The value of Progress is 55
[Debug] [2025-8-12 23:36:57] The value of Progress is 60
[Debug] [2025-8-12 23:36:57] The value of Progress is 65
[Debug] [2025-8-12 23:36:57] The value of Progress is 70
[Debug] [2025-8-12 23:36:57] The value of Progress is 75
[Debug] [2025-8-12 23:36:57] The value of Progress is 80
[Debug] [2025-8-12 23:36:57] The value of Progress is 85
[Debug] [2025-8-12 23:36:57] The value of Progress is 90
[Debug] [2025-8-12 23:36:57] The value of Progress is 95
[Debug] [2025-8-12 23:36:58] The value of Progress is 100
[Debug] [2025-8-12 23:36:58] COMMAND[Program] execute successfully, takes 2.2 secs.
[Debug] [2025-8-12 23:36:58] End to send programming cmd.
[Debug] [2025-8-12 23:36:58] Log::Print : The done bit is 1
[Debug] [2025-8-12 23:36:58] Log::Print : COMMAND[Program] execute successfully, takes 2.2 secs.
[Debug] [2025-8-12 23:42:16] Begin to send programming cmd...
[Debug] [2025-8-12 23:42:16] Send RPC:5
[Debug] [2025-8-12 23:42:16] Begin to send program data.
[Debug] [2025-8-12 23:42:16] End to send program data.
[Debug] [2025-8-12 23:42:16] Send cmd [Program:20002] OK
[Debug] [2025-8-12 23:42:16] The value of Progress is 6
[Debug] [2025-8-12 23:42:16] The value of Progress is 10
[Debug] [2025-8-12 23:42:17] The value of Progress is 15
[Debug] [2025-8-12 23:42:17] The value of Progress is 20
[Debug] [2025-8-12 23:42:17] The value of Progress is 25
[Debug] [2025-8-12 23:42:17] The value of Progress is 30
[Debug] [2025-8-12 23:42:17] The value of Progress is 35
[Debug] [2025-8-12 23:42:17] The value of Progress is 40
[Debug] [2025-8-12 23:42:17] The value of Progress is 45
[Debug] [2025-8-12 23:42:17] The value of Progress is 50
[Debug] [2025-8-12 23:42:17] The value of Progress is 55
[Debug] [2025-8-12 23:42:17] The value of Progress is 60
[Debug] [2025-8-12 23:42:17] The value of Progress is 65
[Debug] [2025-8-12 23:42:18] The value of Progress is 70
[Debug] [2025-8-12 23:42:18] The value of Progress is 75
[Debug] [2025-8-12 23:42:18] The value of Progress is 80
[Debug] [2025-8-12 23:42:18] The value of Progress is 85
[Debug] [2025-8-12 23:42:18] The value of Progress is 90
[Debug] [2025-8-12 23:42:18] The value of Progress is 95
[Debug] [2025-8-12 23:42:18] The value of Progress is 100
[Debug] [2025-8-12 23:42:18] COMMAND[Program] execute successfully, takes 2.0 secs.
[Debug] [2025-8-12 23:42:18] End to send programming cmd.
[Debug] [2025-8-12 23:42:18] Log::Print : The done bit is 1
[Debug] [2025-8-12 23:42:18] Log::Print : COMMAND[Program] execute successfully, takes 2.0 secs.
[Error] [2025-8-13 00:31:15] Server close connect
[Info] [2025-8-13 00:31:15] Disconnect from Server: 127.0.0.1  Port: 65420
[Warn] [2025-8-13 00:31:15] Server is disconnected
[Debug] [2025-8-13 00:31:15] end to connect server
[Debug] [2025-8-13 00:31:15] Server close connect process finish
[Debug] [2025-8-13 00:31:15] Begin to delete graphic item and tree item ...
[Debug] [2025-8-13 00:31:15] Begin to remove all device in BS mode...
[Debug] [2025-8-13 00:31:15] begin remove user device...
[Debug] [2025-8-13 00:31:15] begin remove user device...
[Debug] [2025-8-13 00:31:15] end remove user device.
[Debug] [2025-8-13 00:31:15] Begin to update graphic item and tree item ...
[Debug] [2025-8-13 00:31:15] End to update graphic item and tree item ...
[Debug] [2025-8-13 00:31:15] end remove user device.
[Debug] [2025-8-13 00:31:15] End to remove devices in BS mode...
[Debug] [2025-8-13 00:31:15] Begin to update graphic item and tree item ...
[Debug] [2025-8-13 00:31:15] End to update graphic item and tree item ...
[Debug] [2025-8-13 00:31:15] End to delete graphic item and tree item ...
[Error] [2025-8-13 00:31:15] MsgOut: CdtCommon-0402: Fail to connect to server. 
[Debug] [2025-8-13 00:31:15] Log::Print : Server is disconnect
