[Info] [2025-1-8 10:16:28] /***************************Start jtagserver***************************/
[Info] [2025-1-8 10:16:28] Path: D:/pds2022_sp6_4/PDS_2022.2-SP6.4/bin
[Info] [2025-1-8 10:16:28] Version: 146967
[Debug] [2025-1-8 10:16:30] Add a new user_thread, socket descriptor is 1036 user_thread id is 000000000000B5B0
[Debug] [2025-1-8 10:16:30] After adding, map size is : 1
[Debug] [2025-1-8 10:16:30] Add a new user_thread, socket descriptor is 1044 user_thread id is 000000000000B5B0
[Debug] [2025-1-8 10:16:30] After adding, map size is : 2
[Debug] [2025-1-8 10:16:30] IP address of connecting client is : ::ffff:127.0.0.1
[Debug] [2025-1-8 10:16:30] IP address of connecting client is : ::ffff:127.0.0.1IP address of connecting client is : ::ffff:127.0.0.1
[Debug] [2025-1-8 10:16:30] Remove the header data from the client, index : 0
[Debug] [2025-1-8 10:16:30] _total_bytes_size : 160
[Debug] [2025-1-8 10:16:30] Remove the header data from the client, index : 0
[Debug] [2025-1-8 10:16:30] _total_bytes_size : 96
[Debug] [2025-1-8 10:16:30] cmd id :40010cmd name : get_cable_paras
[Debug] [2025-1-8 10:16:32] cmd operation get_cable_paras releases locker
[Debug] [2025-1-8 10:16:32] Remove the header data from the client, index : 0
[Debug] [2025-1-8 10:16:32] _total_bytes_size : 101
[Debug] [2025-1-8 10:16:32] cmd id :20001cmd name : Open config cable
[Debug] [2025-1-8 10:16:33] the idcode from the scanning is: 0x10601899
[Debug] [2025-1-8 10:16:33] the idcode from the scanning is: 0x0
[Debug] [2025-1-8 10:16:33] the idcode from the scanning is: 0x0
[Debug] [2025-1-8 10:16:33] the idcode from the scanning is: 0x0
[Debug] [2025-1-8 10:16:33] the idcode from the scanning is: 0x0
[Debug] [2025-1-8 10:16:33] cmd operation Open config cable releases locker
[Debug] [2025-1-8 10:16:34] Remove the header data from the client, index : 0
[Debug] [2025-1-8 10:16:34] _total_bytes_size : 288
[Debug] [2025-1-8 10:16:34] cmd id :4e22cmd name : Program
[Debug] [2025-1-8 10:16:35] the idcode from the scanning is: 0x10601899
[Debug] [2025-1-8 10:16:35] the idcode from the scanning is: 0x0
[Debug] [2025-1-8 10:16:35] the idcode from the scanning is: 0x0
[Debug] [2025-1-8 10:16:35] the idcode from the scanning is: 0x0
[Debug] [2025-1-8 10:16:35] the idcode from the scanning is: 0x0
[Debug] [2025-1-8 10:16:35] begin to read back config registerregAddr is 4
[Debug] [2025-1-8 10:16:35] progress bar is 6
[Debug] [2025-1-8 10:16:35] progress bar is 10
[Debug] [2025-1-8 10:16:35] progress bar is 15
[Debug] [2025-1-8 10:16:35] progress bar is 20
[Debug] [2025-1-8 10:16:35] progress bar is 25
[Debug] [2025-1-8 10:16:35] progress bar is 30
[Debug] [2025-1-8 10:16:35] progress bar is 35
[Debug] [2025-1-8 10:16:35] progress bar is 40
[Debug] [2025-1-8 10:16:36] progress bar is 45
[Debug] [2025-1-8 10:16:36] progress bar is 50
[Debug] [2025-1-8 10:16:36] progress bar is 55
[Debug] [2025-1-8 10:16:36] progress bar is 60
[Debug] [2025-1-8 10:16:36] progress bar is 65
[Debug] [2025-1-8 10:16:36] progress bar is 70
[Debug] [2025-1-8 10:16:36] progress bar is 75
[Debug] [2025-1-8 10:16:36] progress bar is 80
[Debug] [2025-1-8 10:16:36] progress bar is 85
[Debug] [2025-1-8 10:16:36] progress bar is 90
[Debug] [2025-1-8 10:16:36] progress bar is 95
[Debug] [2025-1-8 10:16:37] progress bar is 100
[Debug] [2025-1-8 10:16:37] the value in the status register is :2096288
[Debug] [2025-1-8 10:16:37] cmd operation Program releases locker
[Debug] [2025-1-8 10:20:38] Remove the header data from the client, index : 0
[Debug] [2025-1-8 10:20:38] _total_bytes_size : 648
[Debug] [2025-1-8 10:20:38] cmd id :20002cmd name : Program
[Debug] [2025-1-8 10:20:39] the idcode from the scanning is: 0x10601899
[Debug] [2025-1-8 10:20:39] the idcode from the scanning is: 0x0
[Debug] [2025-1-8 10:20:39] the idcode from the scanning is: 0x0
[Debug] [2025-1-8 10:20:39] the idcode from the scanning is: 0x0
[Debug] [2025-1-8 10:20:39] the idcode from the scanning is: 0x0
[Debug] [2025-1-8 10:20:39] begin to read back config registerregAddr is 4
[Debug] [2025-1-8 10:20:39] progress bar is 6
[Debug] [2025-1-8 10:20:39] progress bar is 10
[Debug] [2025-1-8 10:20:39] progress bar is 15
[Debug] [2025-1-8 10:20:39] progress bar is 20
[Debug] [2025-1-8 10:20:39] progress bar is 25
[Debug] [2025-1-8 10:20:39] progress bar is 30
[Debug] [2025-1-8 10:20:39] progress bar is 35
[Debug] [2025-1-8 10:20:39] progress bar is 40
[Debug] [2025-1-8 10:20:40] progress bar is 45
[Debug] [2025-1-8 10:20:40] progress bar is 50
[Debug] [2025-1-8 10:20:40] progress bar is 55
[Debug] [2025-1-8 10:20:40] progress bar is 60
[Debug] [2025-1-8 10:20:40] progress bar is 65
[Debug] [2025-1-8 10:20:40] progress bar is 70
[Debug] [2025-1-8 10:20:40] progress bar is 75
[Debug] [2025-1-8 10:20:40] progress bar is 80
[Debug] [2025-1-8 10:20:40] progress bar is 85
[Debug] [2025-1-8 10:20:40] progress bar is 90
[Debug] [2025-1-8 10:20:40] progress bar is 95
[Debug] [2025-1-8 10:20:41] progress bar is 100
[Debug] [2025-1-8 10:20:41] the value in the status register is :2096288
[Debug] [2025-1-8 10:20:41] cmd operation Program releases locker
[Info] [2025-8-12 23:36:47] /***************************Start jtagserver***************************/
[Info] [2025-8-12 23:36:47] Path: C:/pango/PDS_2022.2-SP6.4/bin
[Info] [2025-8-12 23:36:47] Version: 146967
[Debug] [2025-8-12 23:36:48] Add a new user_thread, socket descriptor is 1188 user_thread id is 0000000000004AA0
[Debug] [2025-8-12 23:36:48] After adding, map size is : 1
[Debug] [2025-8-12 23:36:48] Add a new user_thread, socket descriptor is 948 user_thread id is 0000000000004AA0
[Debug] [2025-8-12 23:36:48] After adding, map size is : 2
[Debug] [2025-8-12 23:36:48] IP address of connecting client is : ::ffff:127.0.0.1
[Debug] [2025-8-12 23:36:48] IP address of connecting client is : ::ffff:127.0.0.1
[Debug] [2025-8-12 23:36:48] Remove the header data from the client, index : 0
[Debug] [2025-8-12 23:36:48] _total_bytes_size : 160
[Debug] [2025-8-12 23:36:48] Remove the header data from the client, index : 0
[Debug] [2025-8-12 23:36:48] _total_bytes_size : 96
[Debug] [2025-8-12 23:36:48] cmd id :40010cmd name : get_cable_paras
[Debug] [2025-8-12 23:36:50] cmd operation get_cable_paras releases locker
[Debug] [2025-8-12 23:36:50] Remove the header data from the client, index : 0
[Debug] [2025-8-12 23:36:50] _total_bytes_size : 101
[Debug] [2025-8-12 23:36:50] cmd id :20001cmd name : Open config cable
[Debug] [2025-8-12 23:36:50] the idcode from the scanning is: 0x10601899
[Debug] [2025-8-12 23:36:50] the idcode from the scanning is: 0x0
[Debug] [2025-8-12 23:36:50] the idcode from the scanning is: 0x0
[Debug] [2025-8-12 23:36:50] the idcode from the scanning is: 0x0
[Debug] [2025-8-12 23:36:50] the idcode from the scanning is: 0x0
[Debug] [2025-8-12 23:36:50] cmd operation Open config cable releases locker
[Debug] [2025-8-12 23:36:56] Remove the header data from the client, index : 0
[Debug] [2025-8-12 23:36:56] _total_bytes_size : 394
[Debug] [2025-8-12 23:36:56] cmd id :4e22cmd name : Program
[Debug] [2025-8-12 23:36:56] the idcode from the scanning is: 0x10601899
[Debug] [2025-8-12 23:36:56] the idcode from the scanning is: 0x0
[Debug] [2025-8-12 23:36:56] the idcode from the scanning is: 0x0
[Debug] [2025-8-12 23:36:56] the idcode from the scanning is: 0x0
[Debug] [2025-8-12 23:36:56] the idcode from the scanning is: 0x0
[Debug] [2025-8-12 23:36:56] begin to read back config registerregAddr is 4
[Debug] [2025-8-12 23:36:56] progress bar is 6
[Debug] [2025-8-12 23:36:56] progress bar is 10
[Debug] [2025-8-12 23:36:56] progress bar is 15
[Debug] [2025-8-12 23:36:56] progress bar is 20
[Debug] [2025-8-12 23:36:56] progress bar is 25
[Debug] [2025-8-12 23:36:56] progress bar is 30
[Debug] [2025-8-12 23:36:56] progress bar is 35
[Debug] [2025-8-12 23:36:57] progress bar is 40
[Debug] [2025-8-12 23:36:57] progress bar is 45
[Debug] [2025-8-12 23:36:57] progress bar is 50
[Debug] [2025-8-12 23:36:57] progress bar is 55
[Debug] [2025-8-12 23:36:57] progress bar is 60
[Debug] [2025-8-12 23:36:57] progress bar is 65
[Debug] [2025-8-12 23:36:57] progress bar is 70
[Debug] [2025-8-12 23:36:57] progress bar is 75
[Debug] [2025-8-12 23:36:57] progress bar is 80
[Debug] [2025-8-12 23:36:57] progress bar is 85
[Debug] [2025-8-12 23:36:57] progress bar is 90
[Debug] [2025-8-12 23:36:57] progress bar is 95
[Debug] [2025-8-12 23:36:58] progress bar is 100
[Debug] [2025-8-12 23:36:58] the value in the status register is :2096288
[Debug] [2025-8-12 23:36:58] cmd operation Program releases locker
[Debug] [2025-8-12 23:40:17] Add a new user_thread, socket descriptor is 1284 user_thread id is 0000000000004AA0
[Debug] [2025-8-12 23:40:17] After adding, map size is : 3
[Debug] [2025-8-12 23:40:17] IP address of connecting client is : ::ffff:127.0.0.1
[Debug] [2025-8-12 23:40:17] Add a new user_thread, socket descriptor is 1300 user_thread id is 0000000000004AA0
[Debug] [2025-8-12 23:40:17] After adding, map size is : 4
[Debug] [2025-8-12 23:40:17] IP address of connecting client is : ::ffff:127.0.0.1
[Debug] [2025-8-12 23:40:17] Remove the header data from the client, index : 0
[Debug] [2025-8-12 23:40:17] _total_bytes_size : 160
[Debug] [2025-8-12 23:40:17] Remove the header data from the client, index : 0
[Debug] [2025-8-12 23:40:17] _total_bytes_size : 96
[Debug] [2025-8-12 23:40:17] cmd id :40010cmd name : get_cable_paras
[Debug] [2025-8-12 23:40:18] cmd operation get_cable_paras releases locker
[Debug] [2025-8-12 23:40:18] Remove the header data from the client, index : 0
[Debug] [2025-8-12 23:40:18] _total_bytes_size : 101
[Debug] [2025-8-12 23:40:18] cmd id :20001cmd name : Open config cable
[Debug] [2025-8-12 23:40:19] the idcode from the scanning is: 0x10601899
[Debug] [2025-8-12 23:40:19] the idcode from the scanning is: 0x0
[Debug] [2025-8-12 23:40:19] the idcode from the scanning is: 0x0
[Debug] [2025-8-12 23:40:19] the idcode from the scanning is: 0x0
[Debug] [2025-8-12 23:40:19] the idcode from the scanning is: 0x0
[Debug] [2025-8-12 23:40:19] cmd operation Open config cable releases locker
[Debug] [2025-8-12 23:40:22] Remove the header data from the client, index : 0
[Debug] [2025-8-12 23:40:22] _total_bytes_size : 32c
[Debug] [2025-8-12 23:40:22] cmd id :4e22cmd name : Program
[Debug] [2025-8-12 23:40:22] the idcode from the scanning is: 0x10601899
[Debug] [2025-8-12 23:40:22] the idcode from the scanning is: 0x0
[Debug] [2025-8-12 23:40:22] the idcode from the scanning is: 0x0
[Debug] [2025-8-12 23:40:22] the idcode from the scanning is: 0x0
[Debug] [2025-8-12 23:40:22] the idcode from the scanning is: 0x0
[Debug] [2025-8-12 23:40:22] begin to read back config registerregAddr is 4
[Debug] [2025-8-12 23:40:22] progress bar is 6
[Debug] [2025-8-12 23:40:22] progress bar is 10
[Debug] [2025-8-12 23:40:22] progress bar is 15
[Debug] [2025-8-12 23:40:22] progress bar is 20
[Debug] [2025-8-12 23:40:22] progress bar is 25
[Debug] [2025-8-12 23:40:22] progress bar is 30
[Debug] [2025-8-12 23:40:22] progress bar is 35
[Debug] [2025-8-12 23:40:23] progress bar is 40
[Debug] [2025-8-12 23:40:23] progress bar is 45
[Debug] [2025-8-12 23:40:23] progress bar is 50
[Debug] [2025-8-12 23:40:23] progress bar is 55
[Debug] [2025-8-12 23:40:23] progress bar is 60
[Debug] [2025-8-12 23:40:23] progress bar is 65
[Debug] [2025-8-12 23:40:23] progress bar is 70
[Debug] [2025-8-12 23:40:23] progress bar is 75
[Debug] [2025-8-12 23:40:23] progress bar is 80
[Debug] [2025-8-12 23:40:23] progress bar is 85
[Debug] [2025-8-12 23:40:23] progress bar is 90
[Debug] [2025-8-12 23:40:24] progress bar is 95
[Debug] [2025-8-12 23:40:24] progress bar is 100
[Debug] [2025-8-12 23:40:24] the value in the status register is :2096288
[Debug] [2025-8-12 23:40:24] cmd operation Program releases locker
[Debug] [2025-8-12 23:42:16] Remove the header data from the client, index : 0
[Debug] [2025-8-12 23:42:16] _total_bytes_size : 916
[Debug] [2025-8-12 23:42:16] cmd id :20002cmd name : Program
[Debug] [2025-8-12 23:42:16] the idcode from the scanning is: 0x10601899
[Debug] [2025-8-12 23:42:16] the idcode from the scanning is: 0x0
[Debug] [2025-8-12 23:42:16] the idcode from the scanning is: 0x0
[Debug] [2025-8-12 23:42:16] the idcode from the scanning is: 0x0
[Debug] [2025-8-12 23:42:16] the idcode from the scanning is: 0x0
[Debug] [2025-8-12 23:42:16] begin to read back config registerregAddr is 4
[Debug] [2025-8-12 23:42:16] progress bar is 6
[Debug] [2025-8-12 23:42:16] progress bar is 10
[Debug] [2025-8-12 23:42:17] progress bar is 15
[Debug] [2025-8-12 23:42:17] progress bar is 20
[Debug] [2025-8-12 23:42:17] progress bar is 25
[Debug] [2025-8-12 23:42:17] progress bar is 30
[Debug] [2025-8-12 23:42:17] progress bar is 35
[Debug] [2025-8-12 23:42:17] progress bar is 40
[Debug] [2025-8-12 23:42:17] progress bar is 45
[Debug] [2025-8-12 23:42:17] progress bar is 50
[Debug] [2025-8-12 23:42:17] progress bar is 55
[Debug] [2025-8-12 23:42:17] progress bar is 60
[Debug] [2025-8-12 23:42:17] progress bar is 65
[Debug] [2025-8-12 23:42:18] progress bar is 70
[Debug] [2025-8-12 23:42:18] progress bar is 75
[Debug] [2025-8-12 23:42:18] progress bar is 80
[Debug] [2025-8-12 23:42:18] progress bar is 85
[Debug] [2025-8-12 23:42:18] progress bar is 90
[Debug] [2025-8-12 23:42:18] progress bar is 95
[Debug] [2025-8-12 23:42:18] progress bar is 100
[Debug] [2025-8-12 23:42:18] the value in the status register is :2096288
[Debug] [2025-8-12 23:42:18] cmd operation Program releases locker
[Debug] [2025-8-12 23:54:39] connection error happens : 1
[Debug] [2025-8-12 23:54:39] connection error happens : 1
[Debug] [2025-8-12 23:54:39] connection state changes : 6 , socket description 1300connection state changes : 6 , socket description 1284
[Debug] [2025-8-12 23:54:39] connection state changes : 6 , socket description 1300connection state changes : 6 , socket description 1284
[Warn] [2025-8-12 23:54:39] socket state is ListeningState
[Warn] [2025-8-12 23:54:39] socket state is ListeningState
[Debug] [2025-8-12 23:54:39] connection state changes : 0 , socket description 1284
[Warn] [2025-8-12 23:54:39] 
[Debug] [2025-8-12 23:54:39]  , socket description 1300
[Warn] [2025-8-12 23:54:39] socket state is UnconnectedState
[Debug] [2025-8-12 23:54:39] socket descriptor 1284is about to delete
[Debug] [2025-8-12 23:54:39] socket descriptor 1300is about to delete
