#Build: Fabric Compiler 2022.2-SP6.4, Build 146967, Jan 31 01:39 2024
#Install: D:\HardWare_Project\FPGA\NEW_PDS2022.2\PDS_2022.2-SP6.4\bin
#Application name: pds.exe
#OS: Windows 10 10.0.26100
#Hostname: LAPTOP-BP6JG8JM
Generated by Fabric Compiler (version 2022.2-SP6.4 build 146967) at Wed Nov  5 15:36:03 2025
Parse module hierarchy of project 'D:/HardWare_Project/FPGA/HardWare_Project/RK3568_MES2L100H/final_dl/dl/project/temp_projects/Main_Flow/Main_Flow.pds' (ADS Parser)
File "D:/HardWare_Project/FPGA/HardWare_Project/RK3568_MES2L100H/final_dl/dl/project/source/iamge_fliter.v" has been added to project successfully. 
Parse module hierarchy of project 'D:/HardWare_Project/FPGA/HardWare_Project/RK3568_MES2L100H/final_dl/dl/project/temp_projects/Main_Flow/Main_Flow.pds' (ADS Parser)
Parse module hierarchy of project 'D:/HardWare_Project/FPGA/HardWare_Project/RK3568_MES2L100H/final_dl/dl/project/temp_projects/Main_Flow/Main_Flow.pds' (ADS Parser)
I: Flow-6004: Design file modified: "D:/HardWare_Project/FPGA/HardWare_Project/RK3568_MES2L100H/final_dl/dl/project/source/iamge_fliter.v". 
Parse module hierarchy of project 'D:/HardWare_Project/FPGA/HardWare_Project/RK3568_MES2L100H/final_dl/dl/project/temp_projects/Main_Flow/Main_Flow.pds' (ADS Parser)
I: Flow-6004: Design file modified: "D:/HardWare_Project/FPGA/HardWare_Project/RK3568_MES2L100H/final_dl/dl/project/source/iamge_fliter.v". 
Parse module hierarchy of project 'D:/HardWare_Project/FPGA/HardWare_Project/RK3568_MES2L100H/final_dl/dl/project/temp_projects/Main_Flow/Main_Flow.pds' (ADS Parser)
I: Flow-6004: Design file modified: "D:/HardWare_Project/FPGA/HardWare_Project/RK3568_MES2L100H/final_dl/dl/source/dl_fpga_prj.v". 
E: Verilog-4060: [D:/HardWare_Project/FPGA/HardWare_Project/RK3568_MES2L100H/final_dl/dl/source/dl_fpga_prj.v(line number: 737)] Multiple instances with the same instance name u_image_fliter
E: Verilog-4060: [D:/HardWare_Project/FPGA/HardWare_Project/RK3568_MES2L100H/final_dl/dl/source/dl_fpga_prj.v(line number: 757)] Multiple instances with the same instance name u_image_fliter
E: Verilog-4060: [D:/HardWare_Project/FPGA/HardWare_Project/RK3568_MES2L100H/final_dl/dl/source/dl_fpga_prj.v(line number: 777)] Multiple instances with the same instance name u_image_fliter
E: Parsing ERROR.
Parse module hierarchy of project 'D:/HardWare_Project/FPGA/HardWare_Project/RK3568_MES2L100H/final_dl/dl/project/temp_projects/Main_Flow/Main_Flow.pds' (ADS Parser)
I: Flow-6004: Design file modified: "D:/HardWare_Project/FPGA/HardWare_Project/RK3568_MES2L100H/final_dl/dl/source/dl_fpga_prj.v". 
