#Build: Fabric Compiler 2022.2-SP6.4, Build 146967, Jan 31 01:39 2024
#Install: E:\pds\PDS_2022.2-SP6.4\bin
#Application name: pds_shell.exe
#OS: Windows 10 10.0.22621
#Hostname: LAPTOP-DHE8LHVE
Generated by Fabric Compiler (version 2022.2-SP6.4 build 146967) at Sat Apr 25 23:21:20 2026
Compiling verification operator library.
Compiling common defs.
Compiling prim grid devices.
Compiling gate devices.
Compiling gate operators.
Building architecture model.
Loading device packaging model.
Reading design from pnr DB.
Start Report Post-PnR timing.
W: Flow-4065: The port cam1_pclk has a sdc constraint, but it do not connect to any pin.
W: Flow-4065: The port cam2_pclk has a sdc constraint, but it do not connect to any pin.
W: Flow-4065: The port cam_fmc_pclk has a sdc constraint, but it do not connect to any pin.
Constructing timing graph ...
Timing graph has been constructed successfully
C: STA-3009: The clock clk_25m is not connected to any clock endpoints,it will be treated as a normal port or pin.
C: STA-3009: The clock clk_50m is not connected to any clock endpoints,it will be treated as a normal port or pin.
C: STA-3009: The clock dl_fpga_prj|cam_fmc_pclk is not connected to any clock endpoints,it will be treated as a normal port or pin.
C: STA-3009: The clock dl_fpga_prj|cam2_pclk is not connected to any clock endpoints,it will be treated as a normal port or pin.
C: STA-3009: The clock dl_fpga_prj|cam1_pclk is not connected to any clock endpoints,it will be treated as a normal port or pin.
W: Timing-4087: Port 'cam1_scl' is not constrained, it is treated as combinational output.
W: Timing-4087: Port 'cam1_sda' is not constrained, it is treated as combinational output.
W: Timing-4087: Port 'cam2_scl' is not constrained, it is treated as combinational output.
W: Timing-4087: Port 'cam2_sda' is not constrained, it is treated as combinational output.
W: Timing-4087: Port 'cam_fmc_scl' is not constrained, it is treated as combinational output.
W: Timing-4087: Port 'cam_fmc_sda' is not constrained, it is treated as combinational output.
W: Timing-4086: Port 'ddr3_dq[0]' is not constrained, it is treated as combinational input.
W: Timing-4087: Port 'ddr3_dq[0]' is not constrained, it is treated as combinational output.
W: Timing-4086: Port 'ddr3_dq[1]' is not constrained, it is treated as combinational input.
W: Timing-4087: Port 'ddr3_dq[1]' is not constrained, it is treated as combinational output.
W: Timing-4086: Port 'ddr3_dq[2]' is not constrained, it is treated as combinational input.
W: Timing-4087: Port 'ddr3_dq[2]' is not constrained, it is treated as combinational output.
W: Timing-4086: Port 'ddr3_dq[3]' is not constrained, it is treated as combinational input.
W: Timing-4087: Port 'ddr3_dq[3]' is not constrained, it is treated as combinational output.
W: Timing-4086: Port 'ddr3_dq[4]' is not constrained, it is treated as combinational input.
W: Timing-4087: Port 'ddr3_dq[4]' is not constrained, it is treated as combinational output.
W: Timing-4086: Port 'ddr3_dq[5]' is not constrained, it is treated as combinational input.
W: Timing-4087: Port 'ddr3_dq[5]' is not constrained, it is treated as combinational output.
W: Timing-4086: Port 'ddr3_dq[6]' is not constrained, it is treated as combinational input.
W: Timing-4087: Port 'ddr3_dq[6]' is not constrained, it is treated as combinational output.
W: Timing-4086: Port 'ddr3_dq[7]' is not constrained, it is treated as combinational input.
W: Timing-4087: Port 'ddr3_dq[7]' is not constrained, it is treated as combinational output.
W: Timing-4086: Port 'ddr3_dq[8]' is not constrained, it is treated as combinational input.
W: Timing-4087: Port 'ddr3_dq[8]' is not constrained, it is treated as combinational output.
W: Timing-4086: Port 'ddr3_dq[9]' is not constrained, it is treated as combinational input.
W: Timing-4087: Port 'ddr3_dq[9]' is not constrained, it is treated as combinational output.
W: Timing-4086: Port 'ddr3_dq[10]' is not constrained, it is treated as combinational input.
W: Timing-4087: Port 'ddr3_dq[10]' is not constrained, it is treated as combinational output.
W: Timing-4086: Port 'ddr3_dq[11]' is not constrained, it is treated as combinational input.
W: Timing-4087: Port 'ddr3_dq[11]' is not constrained, it is treated as combinational output.
W: Timing-4086: Port 'ddr3_dq[12]' is not constrained, it is treated as combinational input.
W: Timing-4087: Port 'ddr3_dq[12]' is not constrained, it is treated as combinational output.
W: Timing-4086: Port 'ddr3_dq[13]' is not constrained, it is treated as combinational input.
W: Timing-4087: Port 'ddr3_dq[13]' is not constrained, it is treated as combinational output.
W: Timing-4086: Port 'ddr3_dq[14]' is not constrained, it is treated as combinational input.
W: Timing-4087: Port 'ddr3_dq[14]' is not constrained, it is treated as combinational output.
W: Timing-4086: Port 'ddr3_dq[15]' is not constrained, it is treated as combinational input.
W: Timing-4087: Port 'ddr3_dq[15]' is not constrained, it is treated as combinational output.
W: Timing-4087: Port 'ddr3_dqs[0]' is not constrained, it is treated as combinational output.
W: Timing-4087: Port 'ddr3_dqs[1]' is not constrained, it is treated as combinational output.
W: Timing-4087: Port 'ddr3_dqs_n[0]' is not constrained, it is treated as combinational output.
W: Timing-4087: Port 'ddr3_dqs_n[1]' is not constrained, it is treated as combinational output.
W: Timing-4087: Port 'hdmi_rx_scl' is not constrained, it is treated as combinational output.
W: Timing-4086: Port 'hdmi_rx_sda' is not constrained, it is treated as combinational input.
W: Timing-4087: Port 'hdmi_rx_sda' is not constrained, it is treated as combinational output.
W: Timing-4087: Port 'cam1_reset_n' is not constrained, it is treated as combinational output.
W: Timing-4087: Port 'cam2_reset_n' is not constrained, it is treated as combinational output.
W: Timing-4087: Port 'cam_fmc_reset_n' is not constrained, it is treated as combinational output.
W: Timing-4087: Port 'cam_init_done[0]' is not constrained, it is treated as combinational output.
W: Timing-4087: Port 'cam_init_done[1]' is not constrained, it is treated as combinational output.
W: Timing-4087: Port 'ddr3_a[0]' is not constrained, it is treated as combinational output.
W: Timing-4087: Port 'ddr3_a[1]' is not constrained, it is treated as combinational output.
W: Timing-4087: Port 'ddr3_a[2]' is not constrained, it is treated as combinational output.
W: Timing-4087: Port 'ddr3_a[3]' is not constrained, it is treated as combinational output.
W: Timing-4087: Port 'ddr3_a[4]' is not constrained, it is treated as combinational output.
W: Timing-4087: Port 'ddr3_a[5]' is not constrained, it is treated as combinational output.
W: Timing-4087: Port 'ddr3_a[6]' is not constrained, it is treated as combinational output.
W: Timing-4087: Port 'ddr3_a[7]' is not constrained, it is treated as combinational output.
W: Timing-4087: Port 'ddr3_a[8]' is not constrained, it is treated as combinational output.
W: Timing-4087: Port 'ddr3_a[9]' is not constrained, it is treated as combinational output.
W: Timing-4087: Port 'ddr3_a[10]' is not constrained, it is treated as combinational output.
W: Timing-4087: Port 'ddr3_a[11]' is not constrained, it is treated as combinational output.
W: Timing-4087: Port 'ddr3_a[12]' is not constrained, it is treated as combinational output.
W: Timing-4087: Port 'ddr3_a[13]' is not constrained, it is treated as combinational output.
W: Timing-4087: Port 'ddr3_a[14]' is not constrained, it is treated as combinational output.
W: Timing-4087: Port 'ddr3_ba[0]' is not constrained, it is treated as combinational output.
W: Timing-4087: Port 'ddr3_ba[1]' is not constrained, it is treated as combinational output.
W: Timing-4087: Port 'ddr3_ba[2]' is not constrained, it is treated as combinational output.
W: Timing-4087: Port 'ddr3_cas_n' is not constrained, it is treated as combinational output.
W: Timing-4087: Port 'ddr3_ck' is not constrained, it is treated as combinational output.
W: Timing-4087: Port 'ddr3_ck_n' is not constrained, it is treated as combinational output.
W: Timing-4087: Port 'ddr3_cke' is not constrained, it is treated as combinational output.
W: Timing-4087: Port 'ddr3_cs_n' is not constrained, it is treated as combinational output.
W: Timing-4087: Port 'ddr3_dm[0]' is not constrained, it is treated as combinational output.
W: Timing-4087: Port 'ddr3_dm[1]' is not constrained, it is treated as combinational output.
W: Timing-4087: Port 'ddr3_odt' is not constrained, it is treated as combinational output.
W: Timing-4087: Port 'ddr3_ras_n' is not constrained, it is treated as combinational output.
W: Timing-4087: Port 'ddr3_rst_n' is not constrained, it is treated as combinational output.
W: Timing-4087: Port 'ddr3_we_n' is not constrained, it is treated as combinational output.
W: Timing-4087: Port 'hdmi_rx_init_done' is not constrained, it is treated as combinational output.
W: Timing-4087: Port 'o_p_l2txn' is not constrained, it is treated as combinational output.
W: Timing-4087: Port 'o_p_l2txp' is not constrained, it is treated as combinational output.
W: Timing-4087: Port 'o_p_lx_cdr_align_2' is not constrained, it is treated as combinational output.
W: Timing-4087: Port 'o_p_pll_lock_0' is not constrained, it is treated as combinational output.
W: Timing-4087: Port 'o_p_rx_sigdet_sta_2' is not constrained, it is treated as combinational output.
W: Timing-4087: Port 'o_pl_err[0]' is not constrained, it is treated as combinational output.
W: Timing-4087: Port 'o_pl_err[1]' is not constrained, it is treated as combinational output.
W: Timing-4087: Port 'o_pl_err[2]' is not constrained, it is treated as combinational output.
W: Timing-4087: Port 'o_pl_err[3]' is not constrained, it is treated as combinational output.
W: Timing-4087: Port 'o_pll_done_0' is not constrained, it is treated as combinational output.
W: Timing-4087: Port 'o_rdecer_2[0]' is not constrained, it is treated as combinational output.
W: Timing-4087: Port 'o_rdecer_2[1]' is not constrained, it is treated as combinational output.
W: Timing-4087: Port 'o_rdecer_2[2]' is not constrained, it is treated as combinational output.
W: Timing-4087: Port 'o_rdecer_2[3]' is not constrained, it is treated as combinational output.
W: Timing-4087: Port 'o_rdisper_2[0]' is not constrained, it is treated as combinational output.
W: Timing-4087: Port 'o_rdisper_2[1]' is not constrained, it is treated as combinational output.
W: Timing-4087: Port 'o_rdisper_2[2]' is not constrained, it is treated as combinational output.
W: Timing-4087: Port 'o_rdisper_2[3]' is not constrained, it is treated as combinational output.
W: Timing-4087: Port 'o_rxlane_done_2' is not constrained, it is treated as combinational output.
W: Timing-4087: Port 'o_rxstatus_2[0]' is not constrained, it is treated as combinational output.
W: Timing-4087: Port 'o_rxstatus_2[1]' is not constrained, it is treated as combinational output.
W: Timing-4087: Port 'o_rxstatus_2[2]' is not constrained, it is treated as combinational output.
W: Timing-4087: Port 'o_txlane_done_2' is not constrained, it is treated as combinational output.
W: Timing-4087: Port 'o_wtchdg_st_0[0]' is not constrained, it is treated as combinational output.
W: Timing-4087: Port 'o_wtchdg_st_0[1]' is not constrained, it is treated as combinational output.
W: Timing-4087: Port 'pcie_txn[0]' is not constrained, it is treated as combinational output.
W: Timing-4087: Port 'pcie_txn[1]' is not constrained, it is treated as combinational output.
W: Timing-4087: Port 'pcie_txp[0]' is not constrained, it is treated as combinational output.
W: Timing-4087: Port 'pcie_txp[1]' is not constrained, it is treated as combinational output.
W: Timing-4087: Port 'tx_disable' is not constrained, it is treated as combinational output.
W: Timing-4086: Port 'hdmi_b[3]' is not constrained, it is treated as combinational input.
W: Timing-4086: Port 'hdmi_b[4]' is not constrained, it is treated as combinational input.
W: Timing-4086: Port 'hdmi_b[5]' is not constrained, it is treated as combinational input.
W: Timing-4086: Port 'hdmi_b[6]' is not constrained, it is treated as combinational input.
W: Timing-4086: Port 'hdmi_b[7]' is not constrained, it is treated as combinational input.
W: Timing-4086: Port 'hdmi_de' is not constrained, it is treated as combinational input.
W: Timing-4086: Port 'hdmi_g[2]' is not constrained, it is treated as combinational input.
W: Timing-4086: Port 'hdmi_g[3]' is not constrained, it is treated as combinational input.
W: Timing-4086: Port 'hdmi_g[4]' is not constrained, it is treated as combinational input.
W: Timing-4086: Port 'hdmi_g[5]' is not constrained, it is treated as combinational input.
W: Timing-4086: Port 'hdmi_g[6]' is not constrained, it is treated as combinational input.
W: Timing-4086: Port 'hdmi_g[7]' is not constrained, it is treated as combinational input.
W: Timing-4086: Port 'hdmi_r[3]' is not constrained, it is treated as combinational input.
W: Timing-4086: Port 'hdmi_r[4]' is not constrained, it is treated as combinational input.
W: Timing-4086: Port 'hdmi_r[5]' is not constrained, it is treated as combinational input.
W: Timing-4086: Port 'hdmi_r[6]' is not constrained, it is treated as combinational input.
W: Timing-4086: Port 'hdmi_r[7]' is not constrained, it is treated as combinational input.
W: Timing-4086: Port 'hdmi_vs' is not constrained, it is treated as combinational input.
W: Timing-4086: Port 'sys_rst_n' is not constrained, it is treated as combinational input.
Report timing is finished successfully.
Action report_timing: Real time elapsed is 0h:0m:21s
Action report_timing: CPU time elapsed is 0h:0m:17s
Action report_timing: Process CPU time elapsed is 0h:0m:19s
Current time: Sat Apr 25 23:21:39 2026
Action report_timing: Peak memory pool usage is 1,484 MB
