#Build: Fabric Compiler 2022.2-SP6.4, Build 146967, Jan 31 01:39 2024
#Install: D:\pango\PDS_2022.2-SP6.4\bin
#Application name: pds_shell.exe
#OS: Windows 10 10.0.26100
#Hostname: computer
Generated by Fabric Compiler (version 2022.2-SP6.4 build 146967) at Fri Nov  7 15:18:03 2025
Compiling verification operator library.
Compiling common defs.
Compiling prim grid devices.
Compiling gate devices.
Compiling gate operators.
Building architecture model.
Loading device packaging model.
Reading design from DB.
Start Generating Programming File...
Reading design from DB takes 5.218750 sec.
Generating architecture configuration.
The bitstream file is "E:/11.7/dl/dl/project/generate_bitstream/dl_fpga_prj.sbit"
Generate programming file takes 37.906250 sec.
Generating Programming File done.
Action gen_bit_stream: Real time elapsed is 0h:0m:59s
Action gen_bit_stream: CPU time elapsed is 0h:0m:53s
Action gen_bit_stream: Process CPU time elapsed is 0h:0m:53s
Current time: Fri Nov  7 15:19:00 2025
Action gen_bit_stream: Peak memory pool usage is 1,408 MB
