#Build: Fabric Compiler 2022.2-SP6.4, Build 146967, Jan 31 01:39 2024
#Install: E:\pds\PDS_2022.2-SP6.4\bin
#Application name: pds_shell.exe
#OS: Windows 10 10.0.22621
#Hostname: LAPTOP-DHE8LHVE
Generated by Fabric Compiler (version 2022.2-SP6.4 build 146967) at Sat Apr 25 22:41:33 2026
Compiling verification operator library.
Compiling common defs.
Compiling prim grid devices.
Compiling gate devices.
Compiling gate operators.
Building architecture model.
Loading device packaging model.
pnr strategy configuration : 
strategy name : 0
Building architecture floorplan logic view.
Constraint check start.
Executing : def_port {ddr3_dq[0]} LOC=P6 VCCIO=1.5 IOSTANDARD=SSTL15_I DRIVE=8.9 SLEW=FAST VREF_MODE=INT VREF_MODE_VALUE=0.5 DDR_TERM_MODE=ON UNUSED=TRUE
Executing : def_port {ddr3_dq[0]} LOC=P6 VCCIO=1.5 IOSTANDARD=SSTL15_I DRIVE=8.9 SLEW=FAST VREF_MODE=INT VREF_MODE_VALUE=0.5 DDR_TERM_MODE=ON UNUSED=TRUE successfully
Executing : def_port {ddr3_dq[1]} LOC=M5 VCCIO=1.5 IOSTANDARD=SSTL15_I DRIVE=8.9 SLEW=FAST VREF_MODE=INT VREF_MODE_VALUE=0.5 DDR_TERM_MODE=ON UNUSED=TRUE
Executing : def_port {ddr3_dq[1]} LOC=M5 VCCIO=1.5 IOSTANDARD=SSTL15_I DRIVE=8.9 SLEW=FAST VREF_MODE=INT VREF_MODE_VALUE=0.5 DDR_TERM_MODE=ON UNUSED=TRUE successfully
Executing : def_port {ddr3_dq[2]} LOC=M6 VCCIO=1.5 IOSTANDARD=SSTL15_I DRIVE=8.9 SLEW=FAST VREF_MODE=INT VREF_MODE_VALUE=0.5 DDR_TERM_MODE=ON UNUSED=TRUE
Executing : def_port {ddr3_dq[2]} LOC=M6 VCCIO=1.5 IOSTANDARD=SSTL15_I DRIVE=8.9 SLEW=FAST VREF_MODE=INT VREF_MODE_VALUE=0.5 DDR_TERM_MODE=ON UNUSED=TRUE successfully
Executing : def_port {ddr3_dq[3]} LOC=N2 VCCIO=1.5 IOSTANDARD=SSTL15_I DRIVE=8.9 SLEW=FAST VREF_MODE=INT VREF_MODE_VALUE=0.5 DDR_TERM_MODE=ON UNUSED=TRUE
Executing : def_port {ddr3_dq[3]} LOC=N2 VCCIO=1.5 IOSTANDARD=SSTL15_I DRIVE=8.9 SLEW=FAST VREF_MODE=INT VREF_MODE_VALUE=0.5 DDR_TERM_MODE=ON UNUSED=TRUE successfully
Executing : def_port {ddr3_dq[4]} LOC=P2 VCCIO=1.5 IOSTANDARD=SSTL15_I DRIVE=8.9 SLEW=FAST VREF_MODE=INT VREF_MODE_VALUE=0.5 DDR_TERM_MODE=ON UNUSED=TRUE
Executing : def_port {ddr3_dq[4]} LOC=P2 VCCIO=1.5 IOSTANDARD=SSTL15_I DRIVE=8.9 SLEW=FAST VREF_MODE=INT VREF_MODE_VALUE=0.5 DDR_TERM_MODE=ON UNUSED=TRUE successfully
Executing : def_port {ddr3_dq[5]} LOC=P1 VCCIO=1.5 IOSTANDARD=SSTL15_I DRIVE=8.9 SLEW=FAST VREF_MODE=INT VREF_MODE_VALUE=0.5 DDR_TERM_MODE=ON UNUSED=TRUE
Executing : def_port {ddr3_dq[5]} LOC=P1 VCCIO=1.5 IOSTANDARD=SSTL15_I DRIVE=8.9 SLEW=FAST VREF_MODE=INT VREF_MODE_VALUE=0.5 DDR_TERM_MODE=ON UNUSED=TRUE successfully
Executing : def_port {ddr3_dq[6]} LOC=R1 VCCIO=1.5 IOSTANDARD=SSTL15_I DRIVE=8.9 SLEW=FAST VREF_MODE=INT VREF_MODE_VALUE=0.5 DDR_TERM_MODE=ON UNUSED=TRUE
Executing : def_port {ddr3_dq[6]} LOC=R1 VCCIO=1.5 IOSTANDARD=SSTL15_I DRIVE=8.9 SLEW=FAST VREF_MODE=INT VREF_MODE_VALUE=0.5 DDR_TERM_MODE=ON UNUSED=TRUE successfully
Executing : def_port {ddr3_dq[7]} LOC=N4 VCCIO=1.5 IOSTANDARD=SSTL15_I DRIVE=8.9 SLEW=FAST VREF_MODE=INT VREF_MODE_VALUE=0.5 DDR_TERM_MODE=ON UNUSED=TRUE
Executing : def_port {ddr3_dq[7]} LOC=N4 VCCIO=1.5 IOSTANDARD=SSTL15_I DRIVE=8.9 SLEW=FAST VREF_MODE=INT VREF_MODE_VALUE=0.5 DDR_TERM_MODE=ON UNUSED=TRUE successfully
Executing : def_port {ddr3_dq[8]} LOC=J6 VCCIO=1.5 IOSTANDARD=SSTL15_I DRIVE=8.9 SLEW=FAST VREF_MODE=INT VREF_MODE_VALUE=0.5 DDR_TERM_MODE=ON UNUSED=TRUE
Executing : def_port {ddr3_dq[8]} LOC=J6 VCCIO=1.5 IOSTANDARD=SSTL15_I DRIVE=8.9 SLEW=FAST VREF_MODE=INT VREF_MODE_VALUE=0.5 DDR_TERM_MODE=ON UNUSED=TRUE successfully
Executing : def_port {ddr3_dq[9]} LOC=K6 VCCIO=1.5 IOSTANDARD=SSTL15_I DRIVE=8.9 SLEW=FAST VREF_MODE=INT VREF_MODE_VALUE=0.5 DDR_TERM_MODE=ON UNUSED=TRUE
Executing : def_port {ddr3_dq[9]} LOC=K6 VCCIO=1.5 IOSTANDARD=SSTL15_I DRIVE=8.9 SLEW=FAST VREF_MODE=INT VREF_MODE_VALUE=0.5 DDR_TERM_MODE=ON UNUSED=TRUE successfully
Executing : def_port {ddr3_dq[10]} LOC=M2 VCCIO=1.5 IOSTANDARD=SSTL15_I DRIVE=8.9 SLEW=FAST VREF_MODE=INT VREF_MODE_VALUE=0.5 DDR_TERM_MODE=ON UNUSED=TRUE
Executing : def_port {ddr3_dq[10]} LOC=M2 VCCIO=1.5 IOSTANDARD=SSTL15_I DRIVE=8.9 SLEW=FAST VREF_MODE=INT VREF_MODE_VALUE=0.5 DDR_TERM_MODE=ON UNUSED=TRUE successfully
Executing : def_port {ddr3_dq[11]} LOC=M3 VCCIO=1.5 IOSTANDARD=SSTL15_I DRIVE=8.9 SLEW=FAST VREF_MODE=INT VREF_MODE_VALUE=0.5 DDR_TERM_MODE=ON UNUSED=TRUE
Executing : def_port {ddr3_dq[11]} LOC=M3 VCCIO=1.5 IOSTANDARD=SSTL15_I DRIVE=8.9 SLEW=FAST VREF_MODE=INT VREF_MODE_VALUE=0.5 DDR_TERM_MODE=ON UNUSED=TRUE successfully
Executing : def_port {ddr3_dq[12]} LOC=K3 VCCIO=1.5 IOSTANDARD=SSTL15_I DRIVE=8.9 SLEW=FAST VREF_MODE=INT VREF_MODE_VALUE=0.5 DDR_TERM_MODE=ON UNUSED=TRUE
Executing : def_port {ddr3_dq[12]} LOC=K3 VCCIO=1.5 IOSTANDARD=SSTL15_I DRIVE=8.9 SLEW=FAST VREF_MODE=INT VREF_MODE_VALUE=0.5 DDR_TERM_MODE=ON UNUSED=TRUE successfully
Executing : def_port {ddr3_dq[13]} LOC=L3 VCCIO=1.5 IOSTANDARD=SSTL15_I DRIVE=8.9 SLEW=FAST VREF_MODE=INT VREF_MODE_VALUE=0.5 DDR_TERM_MODE=ON UNUSED=TRUE
Executing : def_port {ddr3_dq[13]} LOC=L3 VCCIO=1.5 IOSTANDARD=SSTL15_I DRIVE=8.9 SLEW=FAST VREF_MODE=INT VREF_MODE_VALUE=0.5 DDR_TERM_MODE=ON UNUSED=TRUE successfully
Executing : def_port {ddr3_dq[14]} LOC=J4 VCCIO=1.5 IOSTANDARD=SSTL15_I DRIVE=8.9 SLEW=FAST VREF_MODE=INT VREF_MODE_VALUE=0.5 DDR_TERM_MODE=ON UNUSED=TRUE
Executing : def_port {ddr3_dq[14]} LOC=J4 VCCIO=1.5 IOSTANDARD=SSTL15_I DRIVE=8.9 SLEW=FAST VREF_MODE=INT VREF_MODE_VALUE=0.5 DDR_TERM_MODE=ON UNUSED=TRUE successfully
Executing : def_port {ddr3_dq[15]} LOC=K4 VCCIO=1.5 IOSTANDARD=SSTL15_I DRIVE=8.9 SLEW=FAST VREF_MODE=INT VREF_MODE_VALUE=0.5 DDR_TERM_MODE=ON UNUSED=TRUE
Executing : def_port {ddr3_dq[15]} LOC=K4 VCCIO=1.5 IOSTANDARD=SSTL15_I DRIVE=8.9 SLEW=FAST VREF_MODE=INT VREF_MODE_VALUE=0.5 DDR_TERM_MODE=ON UNUSED=TRUE successfully
Executing : def_port {ddr3_dqs[0]} LOC=P5 VCCIO=1.5 IOSTANDARD=SSTL15D_I DRIVE=8.9 SLEW=FAST VREF_MODE=INT VREF_MODE_VALUE=0.5 DDR_TERM_MODE=ON DDR_RES=60 CP_DYN_TERM=ON UNUSED=TRUE
Executing : def_port {ddr3_dqs[0]} LOC=P5 VCCIO=1.5 IOSTANDARD=SSTL15D_I DRIVE=8.9 SLEW=FAST VREF_MODE=INT VREF_MODE_VALUE=0.5 DDR_TERM_MODE=ON DDR_RES=60 CP_DYN_TERM=ON UNUSED=TRUE successfully
Executing : def_port {ddr3_dqs[1]} LOC=M1 VCCIO=1.5 IOSTANDARD=SSTL15D_I DRIVE=8.9 SLEW=FAST VREF_MODE=INT VREF_MODE_VALUE=0.5 DDR_TERM_MODE=ON DDR_RES=60 CP_DYN_TERM=ON UNUSED=TRUE
Executing : def_port {ddr3_dqs[1]} LOC=M1 VCCIO=1.5 IOSTANDARD=SSTL15D_I DRIVE=8.9 SLEW=FAST VREF_MODE=INT VREF_MODE_VALUE=0.5 DDR_TERM_MODE=ON DDR_RES=60 CP_DYN_TERM=ON UNUSED=TRUE successfully
Executing : def_port {ddr3_dqs_n[0]} LOC=P4 VCCIO=1.5 IOSTANDARD=SSTL15D_I DRIVE=8.9 SLEW=FAST VREF_MODE=INT VREF_MODE_VALUE=0.5 DDR_TERM_MODE=ON DDR_RES=60 CP_DYN_TERM=ON UNUSED=TRUE
Executing : def_port {ddr3_dqs_n[0]} LOC=P4 VCCIO=1.5 IOSTANDARD=SSTL15D_I DRIVE=8.9 SLEW=FAST VREF_MODE=INT VREF_MODE_VALUE=0.5 DDR_TERM_MODE=ON DDR_RES=60 CP_DYN_TERM=ON UNUSED=TRUE successfully
Executing : def_port {ddr3_dqs_n[1]} LOC=L1 VCCIO=1.5 IOSTANDARD=SSTL15D_I DRIVE=8.9 SLEW=FAST VREF_MODE=INT VREF_MODE_VALUE=0.5 DDR_TERM_MODE=ON DDR_RES=60 CP_DYN_TERM=ON UNUSED=TRUE
Executing : def_port {ddr3_dqs_n[1]} LOC=L1 VCCIO=1.5 IOSTANDARD=SSTL15D_I DRIVE=8.9 SLEW=FAST VREF_MODE=INT VREF_MODE_VALUE=0.5 DDR_TERM_MODE=ON DDR_RES=60 CP_DYN_TERM=ON UNUSED=TRUE successfully
Executing : def_port {hdmi_rx_scl} LOC=R14 VCCIO=3.3 IOSTANDARD=LVCMOS33 DRIVE=4 SLEW=FAST PULLUP=TRUE
C: ConstraintEditor-2002: [D:/Users/Lenovo/Desktop/DL_HDMI40IN_PCIE_RK3568_1/DL_HDMI40IN_PCIE_RK3568/project/device_map/image_pcie_capture.pcf(line number: 23)] | Port hdmi_rx_scl has been placed at location R14, whose type is share pin.
Executing : def_port {hdmi_rx_scl} LOC=R14 VCCIO=3.3 IOSTANDARD=LVCMOS33 DRIVE=4 SLEW=FAST PULLUP=TRUE successfully
Executing : def_port {hdmi_rx_sda} LOC=P14 VCCIO=3.3 IOSTANDARD=LVCMOS33 DRIVE=4 SLEW=FAST PULLUP=TRUE
C: ConstraintEditor-2002: [D:/Users/Lenovo/Desktop/DL_HDMI40IN_PCIE_RK3568_1/DL_HDMI40IN_PCIE_RK3568/project/device_map/image_pcie_capture.pcf(line number: 24)] | Port hdmi_rx_sda has been placed at location P14, whose type is share pin.
Executing : def_port {hdmi_rx_sda} LOC=P14 VCCIO=3.3 IOSTANDARD=LVCMOS33 DRIVE=4 SLEW=FAST PULLUP=TRUE successfully
Executing : def_port {cam_init_done[0]} LOC=M17 VCCIO=1.8 IOSTANDARD=LVCMOS18 DRIVE=4 SLEW=FAST NONE=TRUE
Executing : def_port {cam_init_done[0]} LOC=M17 VCCIO=1.8 IOSTANDARD=LVCMOS18 DRIVE=4 SLEW=FAST NONE=TRUE successfully
Executing : def_port {cam_init_done[1]} LOC=J16 VCCIO=1.8 IOSTANDARD=LVCMOS18 DRIVE=4 SLEW=FAST NONE=TRUE
Executing : def_port {cam_init_done[1]} LOC=J16 VCCIO=1.8 IOSTANDARD=LVCMOS18 DRIVE=4 SLEW=FAST NONE=TRUE successfully
Executing : def_port {ddr3_a[0]} LOC=T1 VCCIO=1.5 IOSTANDARD=SSTL15_I DRIVE=8.9 SLEW=FAST UNUSED=TRUE
Executing : def_port {ddr3_a[0]} LOC=T1 VCCIO=1.5 IOSTANDARD=SSTL15_I DRIVE=8.9 SLEW=FAST UNUSED=TRUE successfully
Executing : def_port {ddr3_a[1]} LOC=U1 VCCIO=1.5 IOSTANDARD=SSTL15_I DRIVE=8.9 SLEW=FAST UNUSED=TRUE
Executing : def_port {ddr3_a[1]} LOC=U1 VCCIO=1.5 IOSTANDARD=SSTL15_I DRIVE=8.9 SLEW=FAST UNUSED=TRUE successfully
Executing : def_port {ddr3_a[2]} LOC=U2 VCCIO=1.5 IOSTANDARD=SSTL15_I DRIVE=8.9 SLEW=FAST UNUSED=TRUE
Executing : def_port {ddr3_a[2]} LOC=U2 VCCIO=1.5 IOSTANDARD=SSTL15_I DRIVE=8.9 SLEW=FAST UNUSED=TRUE successfully
Executing : def_port {ddr3_a[3]} LOC=V2 VCCIO=1.5 IOSTANDARD=SSTL15_I DRIVE=8.9 SLEW=FAST UNUSED=TRUE
Executing : def_port {ddr3_a[3]} LOC=V2 VCCIO=1.5 IOSTANDARD=SSTL15_I DRIVE=8.9 SLEW=FAST UNUSED=TRUE successfully
Executing : def_port {ddr3_a[4]} LOC=R3 VCCIO=1.5 IOSTANDARD=SSTL15_I DRIVE=8.9 SLEW=FAST UNUSED=TRUE
Executing : def_port {ddr3_a[4]} LOC=R3 VCCIO=1.5 IOSTANDARD=SSTL15_I DRIVE=8.9 SLEW=FAST UNUSED=TRUE successfully
Executing : def_port {ddr3_a[5]} LOC=R2 VCCIO=1.5 IOSTANDARD=SSTL15_I DRIVE=8.9 SLEW=FAST UNUSED=TRUE
Executing : def_port {ddr3_a[5]} LOC=R2 VCCIO=1.5 IOSTANDARD=SSTL15_I DRIVE=8.9 SLEW=FAST UNUSED=TRUE successfully
Executing : def_port {ddr3_a[6]} LOC=W2 VCCIO=1.5 IOSTANDARD=SSTL15_I DRIVE=8.9 SLEW=FAST UNUSED=TRUE
Executing : def_port {ddr3_a[6]} LOC=W2 VCCIO=1.5 IOSTANDARD=SSTL15_I DRIVE=8.9 SLEW=FAST UNUSED=TRUE successfully
Executing : def_port {ddr3_a[7]} LOC=Y2 VCCIO=1.5 IOSTANDARD=SSTL15_I DRIVE=8.9 SLEW=FAST UNUSED=TRUE
Executing : def_port {ddr3_a[7]} LOC=Y2 VCCIO=1.5 IOSTANDARD=SSTL15_I DRIVE=8.9 SLEW=FAST UNUSED=TRUE successfully
Executing : def_port {ddr3_a[8]} LOC=W1 VCCIO=1.5 IOSTANDARD=SSTL15_I DRIVE=8.9 SLEW=FAST UNUSED=TRUE
Executing : def_port {ddr3_a[8]} LOC=W1 VCCIO=1.5 IOSTANDARD=SSTL15_I DRIVE=8.9 SLEW=FAST UNUSED=TRUE successfully
Executing : def_port {ddr3_a[9]} LOC=Y1 VCCIO=1.5 IOSTANDARD=SSTL15_I DRIVE=8.9 SLEW=FAST UNUSED=TRUE
Executing : def_port {ddr3_a[9]} LOC=Y1 VCCIO=1.5 IOSTANDARD=SSTL15_I DRIVE=8.9 SLEW=FAST UNUSED=TRUE successfully
Executing : def_port {ddr3_a[10]} LOC=U3 VCCIO=1.5 IOSTANDARD=SSTL15_I DRIVE=8.9 SLEW=FAST UNUSED=TRUE
Executing : def_port {ddr3_a[10]} LOC=U3 VCCIO=1.5 IOSTANDARD=SSTL15_I DRIVE=8.9 SLEW=FAST UNUSED=TRUE successfully
Executing : def_port {ddr3_a[11]} LOC=AA1 VCCIO=1.5 IOSTANDARD=SSTL15_I DRIVE=8.9 SLEW=FAST UNUSED=TRUE
Executing : def_port {ddr3_a[11]} LOC=AA1 VCCIO=1.5 IOSTANDARD=SSTL15_I DRIVE=8.9 SLEW=FAST UNUSED=TRUE successfully
Executing : def_port {ddr3_a[12]} LOC=AB1 VCCIO=1.5 IOSTANDARD=SSTL15_I DRIVE=8.9 SLEW=FAST UNUSED=TRUE
Executing : def_port {ddr3_a[12]} LOC=AB1 VCCIO=1.5 IOSTANDARD=SSTL15_I DRIVE=8.9 SLEW=FAST UNUSED=TRUE successfully
Executing : def_port {ddr3_a[13]} LOC=AB3 VCCIO=1.5 IOSTANDARD=SSTL15_I DRIVE=8.9 SLEW=FAST UNUSED=TRUE
Executing : def_port {ddr3_a[13]} LOC=AB3 VCCIO=1.5 IOSTANDARD=SSTL15_I DRIVE=8.9 SLEW=FAST UNUSED=TRUE successfully
Executing : def_port {ddr3_a[14]} LOC=AB2 VCCIO=1.5 IOSTANDARD=SSTL15_I DRIVE=8.9 SLEW=FAST UNUSED=TRUE
Executing : def_port {ddr3_a[14]} LOC=AB2 VCCIO=1.5 IOSTANDARD=SSTL15_I DRIVE=8.9 SLEW=FAST UNUSED=TRUE successfully
Executing : def_port {ddr3_ba[0]} LOC=AA3 VCCIO=1.5 IOSTANDARD=SSTL15_I DRIVE=8.9 SLEW=FAST UNUSED=TRUE
Executing : def_port {ddr3_ba[0]} LOC=AA3 VCCIO=1.5 IOSTANDARD=SSTL15_I DRIVE=8.9 SLEW=FAST UNUSED=TRUE successfully
Executing : def_port {ddr3_ba[1]} LOC=AA5 VCCIO=1.5 IOSTANDARD=SSTL15_I DRIVE=8.9 SLEW=FAST UNUSED=TRUE
Executing : def_port {ddr3_ba[1]} LOC=AA5 VCCIO=1.5 IOSTANDARD=SSTL15_I DRIVE=8.9 SLEW=FAST UNUSED=TRUE successfully
Executing : def_port {ddr3_ba[2]} LOC=AB5 VCCIO=1.5 IOSTANDARD=SSTL15_I DRIVE=8.9 SLEW=FAST UNUSED=TRUE
Executing : def_port {ddr3_ba[2]} LOC=AB5 VCCIO=1.5 IOSTANDARD=SSTL15_I DRIVE=8.9 SLEW=FAST UNUSED=TRUE successfully
Executing : def_port {ddr3_cas_n} LOC=U6 VCCIO=1.5 IOSTANDARD=SSTL15_I DRIVE=8.9 SLEW=FAST UNUSED=TRUE
Executing : def_port {ddr3_cas_n} LOC=U6 VCCIO=1.5 IOSTANDARD=SSTL15_I DRIVE=8.9 SLEW=FAST UNUSED=TRUE successfully
Executing : def_port {ddr3_ck} LOC=Y4 VCCIO=1.5 IOSTANDARD=SSTL15D_I DRIVE=8.9 SLEW=FAST UNUSED=TRUE
Executing : def_port {ddr3_ck} LOC=Y4 VCCIO=1.5 IOSTANDARD=SSTL15D_I DRIVE=8.9 SLEW=FAST UNUSED=TRUE successfully
Executing : def_port {ddr3_ck_n} LOC=AA4 VCCIO=1.5 IOSTANDARD=SSTL15D_I DRIVE=8.9 SLEW=FAST UNUSED=TRUE
Executing : def_port {ddr3_ck_n} LOC=AA4 VCCIO=1.5 IOSTANDARD=SSTL15D_I DRIVE=8.9 SLEW=FAST UNUSED=TRUE successfully
Executing : def_port {ddr3_cke} LOC=W4 VCCIO=1.5 IOSTANDARD=SSTL15_I DRIVE=8.9 SLEW=FAST UNUSED=TRUE
Executing : def_port {ddr3_cke} LOC=W4 VCCIO=1.5 IOSTANDARD=SSTL15_I DRIVE=8.9 SLEW=FAST UNUSED=TRUE successfully
Executing : def_port {ddr3_cs_n} LOC=V5 VCCIO=1.5 IOSTANDARD=SSTL15_I DRIVE=8.9 SLEW=FAST UNUSED=TRUE
Executing : def_port {ddr3_cs_n} LOC=V5 VCCIO=1.5 IOSTANDARD=SSTL15_I DRIVE=8.9 SLEW=FAST UNUSED=TRUE successfully
Executing : def_port {ddr3_dm[0]} LOC=N5 VCCIO=1.5 IOSTANDARD=SSTL15_I DRIVE=8.9 SLEW=FAST UNUSED=TRUE
Executing : def_port {ddr3_dm[0]} LOC=N5 VCCIO=1.5 IOSTANDARD=SSTL15_I DRIVE=8.9 SLEW=FAST UNUSED=TRUE successfully
Executing : def_port {ddr3_dm[1]} LOC=L5 VCCIO=1.5 IOSTANDARD=SSTL15_I DRIVE=8.9 SLEW=FAST UNUSED=TRUE
Executing : def_port {ddr3_dm[1]} LOC=L5 VCCIO=1.5 IOSTANDARD=SSTL15_I DRIVE=8.9 SLEW=FAST UNUSED=TRUE successfully
Executing : def_port {ddr3_odt} LOC=R6 VCCIO=1.5 IOSTANDARD=SSTL15_I DRIVE=8.9 SLEW=FAST UNUSED=TRUE
Executing : def_port {ddr3_odt} LOC=R6 VCCIO=1.5 IOSTANDARD=SSTL15_I DRIVE=8.9 SLEW=FAST UNUSED=TRUE successfully
Executing : def_port {ddr3_ras_n} LOC=W5 VCCIO=1.5 IOSTANDARD=SSTL15_I DRIVE=8.9 SLEW=FAST UNUSED=TRUE
Executing : def_port {ddr3_ras_n} LOC=W5 VCCIO=1.5 IOSTANDARD=SSTL15_I DRIVE=8.9 SLEW=FAST UNUSED=TRUE successfully
Executing : def_port {ddr3_rst_n} LOC=T3 VCCIO=1.5 IOSTANDARD=SSTL15_I DRIVE=8.9 SLEW=FAST UNUSED=TRUE
Executing : def_port {ddr3_rst_n} LOC=T3 VCCIO=1.5 IOSTANDARD=SSTL15_I DRIVE=8.9 SLEW=FAST UNUSED=TRUE successfully
Executing : def_port {ddr3_we_n} LOC=W6 VCCIO=1.5 IOSTANDARD=SSTL15_I DRIVE=8.9 SLEW=FAST UNUSED=TRUE
Executing : def_port {ddr3_we_n} LOC=W6 VCCIO=1.5 IOSTANDARD=SSTL15_I DRIVE=8.9 SLEW=FAST UNUSED=TRUE successfully
Executing : def_port {hdmi_b[0]} LOC=N14 VCCIO=3.3 IOSTANDARD=LVCMOS33 NONE=TRUE
C: ConstraintEditor-2001: [D:/Users/Lenovo/Desktop/DL_HDMI40IN_PCIE_RK3568_1/DL_HDMI40IN_PCIE_RK3568/project/device_map/image_pcie_capture.pcf(line number: 56)] Object 'hdmi_b[0]' is dangling, which has no connection. it will be ignored.
Executing : def_port {hdmi_b[0]} LOC=N14 VCCIO=3.3 IOSTANDARD=LVCMOS33 NONE=TRUE failed
Executing : def_port {hdmi_b[1]} LOC=W20 VCCIO=3.3 IOSTANDARD=LVCMOS33 NONE=TRUE
C: ConstraintEditor-2001: [D:/Users/Lenovo/Desktop/DL_HDMI40IN_PCIE_RK3568_1/DL_HDMI40IN_PCIE_RK3568/project/device_map/image_pcie_capture.pcf(line number: 57)] Object 'hdmi_b[1]' is dangling, which has no connection. it will be ignored.
Executing : def_port {hdmi_b[1]} LOC=W20 VCCIO=3.3 IOSTANDARD=LVCMOS33 NONE=TRUE failed
Executing : def_port {hdmi_b[2]} LOC=N13 VCCIO=3.3 IOSTANDARD=LVCMOS33 NONE=TRUE
C: ConstraintEditor-2001: [D:/Users/Lenovo/Desktop/DL_HDMI40IN_PCIE_RK3568_1/DL_HDMI40IN_PCIE_RK3568/project/device_map/image_pcie_capture.pcf(line number: 58)] Object 'hdmi_b[2]' is dangling, which has no connection. it will be ignored.
Executing : def_port {hdmi_b[2]} LOC=N13 VCCIO=3.3 IOSTANDARD=LVCMOS33 NONE=TRUE failed
Executing : def_port {hdmi_b[3]} LOC=V20 VCCIO=3.3 IOSTANDARD=LVCMOS33 NONE=TRUE
Executing : def_port {hdmi_b[3]} LOC=V20 VCCIO=3.3 IOSTANDARD=LVCMOS33 NONE=TRUE successfully
Executing : def_port {hdmi_b[4]} LOC=R16 VCCIO=3.3 IOSTANDARD=LVCMOS33 NONE=TRUE
C: ConstraintEditor-2002: [D:/Users/Lenovo/Desktop/DL_HDMI40IN_PCIE_RK3568_1/DL_HDMI40IN_PCIE_RK3568/project/device_map/image_pcie_capture.pcf(line number: 60)] | Port hdmi_b[4] has been placed at location R16, whose type is share pin.
Executing : def_port {hdmi_b[4]} LOC=R16 VCCIO=3.3 IOSTANDARD=LVCMOS33 NONE=TRUE successfully
Executing : def_port {hdmi_b[5]} LOC=U20 VCCIO=3.3 IOSTANDARD=LVCMOS33 NONE=TRUE
Executing : def_port {hdmi_b[5]} LOC=U20 VCCIO=3.3 IOSTANDARD=LVCMOS33 NONE=TRUE successfully
Executing : def_port {hdmi_b[6]} LOC=P15 VCCIO=3.3 IOSTANDARD=LVCMOS33 NONE=TRUE
C: ConstraintEditor-2002: [D:/Users/Lenovo/Desktop/DL_HDMI40IN_PCIE_RK3568_1/DL_HDMI40IN_PCIE_RK3568/project/device_map/image_pcie_capture.pcf(line number: 62)] | Port hdmi_b[6] has been placed at location P15, whose type is share pin.
Executing : def_port {hdmi_b[6]} LOC=P15 VCCIO=3.3 IOSTANDARD=LVCMOS33 NONE=TRUE successfully
Executing : def_port {hdmi_b[7]} LOC=AB18 VCCIO=3.3 IOSTANDARD=LVCMOS33 NONE=TRUE
C: ConstraintEditor-2002: [D:/Users/Lenovo/Desktop/DL_HDMI40IN_PCIE_RK3568_1/DL_HDMI40IN_PCIE_RK3568/project/device_map/image_pcie_capture.pcf(line number: 63)] | Port hdmi_b[7] has been placed at location AB18, whose type is share pin.
Executing : def_port {hdmi_b[7]} LOC=AB18 VCCIO=3.3 IOSTANDARD=LVCMOS33 NONE=TRUE successfully
Executing : def_port {hdmi_de} LOC=P16 VCCIO=3.3 IOSTANDARD=LVCMOS33 NONE=TRUE
C: ConstraintEditor-2002: [D:/Users/Lenovo/Desktop/DL_HDMI40IN_PCIE_RK3568_1/DL_HDMI40IN_PCIE_RK3568/project/device_map/image_pcie_capture.pcf(line number: 64)] | Port hdmi_de has been placed at location P16, whose type is share pin.
Executing : def_port {hdmi_de} LOC=P16 VCCIO=3.3 IOSTANDARD=LVCMOS33 NONE=TRUE successfully
Executing : def_port {hdmi_g[0]} LOC=P17 VCCIO=3.3 IOSTANDARD=LVCMOS33 NONE=TRUE
C: ConstraintEditor-2001: [D:/Users/Lenovo/Desktop/DL_HDMI40IN_PCIE_RK3568_1/DL_HDMI40IN_PCIE_RK3568/project/device_map/image_pcie_capture.pcf(line number: 65)] Object 'hdmi_g[0]' is dangling, which has no connection. it will be ignored.
Executing : def_port {hdmi_g[0]} LOC=P17 VCCIO=3.3 IOSTANDARD=LVCMOS33 NONE=TRUE failed
Executing : def_port {hdmi_g[1]} LOC=AA18 VCCIO=3.3 IOSTANDARD=LVCMOS33 NONE=TRUE
C: ConstraintEditor-2001: [D:/Users/Lenovo/Desktop/DL_HDMI40IN_PCIE_RK3568_1/DL_HDMI40IN_PCIE_RK3568/project/device_map/image_pcie_capture.pcf(line number: 66)] Object 'hdmi_g[1]' is dangling, which has no connection. it will be ignored.
Executing : def_port {hdmi_g[1]} LOC=AA18 VCCIO=3.3 IOSTANDARD=LVCMOS33 NONE=TRUE failed
Executing : def_port {hdmi_g[2]} LOC=N17 VCCIO=3.3 IOSTANDARD=LVCMOS33 NONE=TRUE
Executing : def_port {hdmi_g[2]} LOC=N17 VCCIO=3.3 IOSTANDARD=LVCMOS33 NONE=TRUE successfully
Executing : def_port {hdmi_g[3]} LOC=W17 VCCIO=3.3 IOSTANDARD=LVCMOS33 NONE=TRUE
C: ConstraintEditor-2002: [D:/Users/Lenovo/Desktop/DL_HDMI40IN_PCIE_RK3568_1/DL_HDMI40IN_PCIE_RK3568/project/device_map/image_pcie_capture.pcf(line number: 68)] | Port hdmi_g[3] has been placed at location W17, whose type is share pin.
Executing : def_port {hdmi_g[3]} LOC=W17 VCCIO=3.3 IOSTANDARD=LVCMOS33 NONE=TRUE successfully
Executing : def_port {hdmi_g[4]} LOC=T18 VCCIO=3.3 IOSTANDARD=LVCMOS33 NONE=TRUE
C: ConstraintEditor-2002: [D:/Users/Lenovo/Desktop/DL_HDMI40IN_PCIE_RK3568_1/DL_HDMI40IN_PCIE_RK3568/project/device_map/image_pcie_capture.pcf(line number: 69)] | Port hdmi_g[4] has been placed at location T18, whose type is share pin.
Executing : def_port {hdmi_g[4]} LOC=T18 VCCIO=3.3 IOSTANDARD=LVCMOS33 NONE=TRUE successfully
Executing : def_port {hdmi_g[5]} LOC=V17 VCCIO=3.3 IOSTANDARD=LVCMOS33 NONE=TRUE
C: ConstraintEditor-2002: [D:/Users/Lenovo/Desktop/DL_HDMI40IN_PCIE_RK3568_1/DL_HDMI40IN_PCIE_RK3568/project/device_map/image_pcie_capture.pcf(line number: 70)] | Port hdmi_g[5] has been placed at location V17, whose type is share pin.
Executing : def_port {hdmi_g[5]} LOC=V17 VCCIO=3.3 IOSTANDARD=LVCMOS33 NONE=TRUE successfully
Executing : def_port {hdmi_g[6]} LOC=R18 VCCIO=3.3 IOSTANDARD=LVCMOS33 NONE=TRUE
C: ConstraintEditor-2002: [D:/Users/Lenovo/Desktop/DL_HDMI40IN_PCIE_RK3568_1/DL_HDMI40IN_PCIE_RK3568/project/device_map/image_pcie_capture.pcf(line number: 71)] | Port hdmi_g[6] has been placed at location R18, whose type is share pin.
Executing : def_port {hdmi_g[6]} LOC=R18 VCCIO=3.3 IOSTANDARD=LVCMOS33 NONE=TRUE successfully
Executing : def_port {hdmi_g[7]} LOC=AB20 VCCIO=3.3 IOSTANDARD=LVCMOS33 NONE=TRUE
C: ConstraintEditor-2002: [D:/Users/Lenovo/Desktop/DL_HDMI40IN_PCIE_RK3568_1/DL_HDMI40IN_PCIE_RK3568/project/device_map/image_pcie_capture.pcf(line number: 72)] | Port hdmi_g[7] has been placed at location AB20, whose type is share pin.
Executing : def_port {hdmi_g[7]} LOC=AB20 VCCIO=3.3 IOSTANDARD=LVCMOS33 NONE=TRUE successfully
Executing : def_port {hdmi_hs} LOC=U17 VCCIO=3.3 IOSTANDARD=LVCMOS33 NONE=TRUE
C: ConstraintEditor-2001: [D:/Users/Lenovo/Desktop/DL_HDMI40IN_PCIE_RK3568_1/DL_HDMI40IN_PCIE_RK3568/project/device_map/image_pcie_capture.pcf(line number: 73)] Object 'hdmi_hs' is dangling, which has no connection. it will be ignored.
Executing : def_port {hdmi_hs} LOC=U17 VCCIO=3.3 IOSTANDARD=LVCMOS33 NONE=TRUE failed
Executing : def_port {hdmi_pix_clk} LOC=W19 VCCIO=3.3 IOSTANDARD=LVCMOS33 NONE=TRUE
Executing : def_port {hdmi_pix_clk} LOC=W19 VCCIO=3.3 IOSTANDARD=LVCMOS33 NONE=TRUE successfully
Executing : def_port {hdmi_r[0]} LOC=V19 VCCIO=3.3 IOSTANDARD=LVCMOS33 NONE=TRUE
C: ConstraintEditor-2001: [D:/Users/Lenovo/Desktop/DL_HDMI40IN_PCIE_RK3568_1/DL_HDMI40IN_PCIE_RK3568/project/device_map/image_pcie_capture.pcf(line number: 75)] Object 'hdmi_r[0]' is dangling, which has no connection. it will be ignored.
Executing : def_port {hdmi_r[0]} LOC=V19 VCCIO=3.3 IOSTANDARD=LVCMOS33 NONE=TRUE failed
Executing : def_port {hdmi_r[1]} LOC=AA19 VCCIO=3.3 IOSTANDARD=LVCMOS33 NONE=TRUE
C: ConstraintEditor-2001: [D:/Users/Lenovo/Desktop/DL_HDMI40IN_PCIE_RK3568_1/DL_HDMI40IN_PCIE_RK3568/project/device_map/image_pcie_capture.pcf(line number: 76)] Object 'hdmi_r[1]' is dangling, which has no connection. it will be ignored.
Executing : def_port {hdmi_r[1]} LOC=AA19 VCCIO=3.3 IOSTANDARD=LVCMOS33 NONE=TRUE failed
Executing : def_port {hdmi_r[2]} LOC=V18 VCCIO=3.3 IOSTANDARD=LVCMOS33 NONE=TRUE
C: ConstraintEditor-2001: [D:/Users/Lenovo/Desktop/DL_HDMI40IN_PCIE_RK3568_1/DL_HDMI40IN_PCIE_RK3568/project/device_map/image_pcie_capture.pcf(line number: 77)] Object 'hdmi_r[2]' is dangling, which has no connection. it will be ignored.
Executing : def_port {hdmi_r[2]} LOC=V18 VCCIO=3.3 IOSTANDARD=LVCMOS33 NONE=TRUE failed
Executing : def_port {hdmi_r[3]} LOC=N15 VCCIO=3.3 IOSTANDARD=LVCMOS33 NONE=TRUE
Executing : def_port {hdmi_r[3]} LOC=N15 VCCIO=3.3 IOSTANDARD=LVCMOS33 NONE=TRUE successfully
Executing : def_port {hdmi_r[4]} LOC=Y19 VCCIO=3.3 IOSTANDARD=LVCMOS33 NONE=TRUE
Executing : def_port {hdmi_r[4]} LOC=Y19 VCCIO=3.3 IOSTANDARD=LVCMOS33 NONE=TRUE successfully
Executing : def_port {hdmi_r[5]} LOC=AB22 VCCIO=3.3 IOSTANDARD=LVCMOS33 NONE=TRUE
C: ConstraintEditor-2002: [D:/Users/Lenovo/Desktop/DL_HDMI40IN_PCIE_RK3568_1/DL_HDMI40IN_PCIE_RK3568/project/device_map/image_pcie_capture.pcf(line number: 80)] | Port hdmi_r[5] has been placed at location AB22, whose type is share pin.
Executing : def_port {hdmi_r[5]} LOC=AB22 VCCIO=3.3 IOSTANDARD=LVCMOS33 NONE=TRUE successfully
Executing : def_port {hdmi_r[6]} LOC=Y18 VCCIO=3.3 IOSTANDARD=LVCMOS33 NONE=TRUE
Executing : def_port {hdmi_r[6]} LOC=Y18 VCCIO=3.3 IOSTANDARD=LVCMOS33 NONE=TRUE successfully
Executing : def_port {hdmi_r[7]} LOC=AB21 VCCIO=3.3 IOSTANDARD=LVCMOS33 NONE=TRUE
C: ConstraintEditor-2002: [D:/Users/Lenovo/Desktop/DL_HDMI40IN_PCIE_RK3568_1/DL_HDMI40IN_PCIE_RK3568/project/device_map/image_pcie_capture.pcf(line number: 82)] | Port hdmi_r[7] has been placed at location AB21, whose type is share pin.
Executing : def_port {hdmi_r[7]} LOC=AB21 VCCIO=3.3 IOSTANDARD=LVCMOS33 NONE=TRUE successfully
Executing : def_port {hdmi_vs} LOC=R17 VCCIO=3.3 IOSTANDARD=LVCMOS33 NONE=TRUE
C: ConstraintEditor-2002: [D:/Users/Lenovo/Desktop/DL_HDMI40IN_PCIE_RK3568_1/DL_HDMI40IN_PCIE_RK3568/project/device_map/image_pcie_capture.pcf(line number: 83)] | Port hdmi_vs has been placed at location R17, whose type is share pin.
Executing : def_port {hdmi_vs} LOC=R17 VCCIO=3.3 IOSTANDARD=LVCMOS33 NONE=TRUE successfully
Executing : def_port {pcie_perst_n} LOC=M16 VCCIO=1.8 IOSTANDARD=LVCMOS18 NONE=TRUE
C: ConstraintEditor-2001: [D:/Users/Lenovo/Desktop/DL_HDMI40IN_PCIE_RK3568_1/DL_HDMI40IN_PCIE_RK3568/project/device_map/image_pcie_capture.pcf(line number: 84)] Object 'pcie_perst_n' is dangling, which has no connection. it will be ignored.
Executing : def_port {pcie_perst_n} LOC=M16 VCCIO=1.8 IOSTANDARD=LVCMOS18 NONE=TRUE failed
Executing : def_port {pcie_refclk_n} LOC=E6
Executing : def_port {pcie_refclk_n} LOC=E6 successfully
Executing : def_port {pcie_refclk_p} LOC=F6
Executing : def_port {pcie_refclk_p} LOC=F6 successfully
Executing : def_port {sys_clk} LOC=V4 VCCIO=1.5 IOSTANDARD=LVCMOS15 UNUSED=TRUE
Executing : def_port {sys_clk} LOC=V4 VCCIO=1.5 IOSTANDARD=LVCMOS15 UNUSED=TRUE successfully
Executing : def_port {sys_rst_n} LOC=M15 VCCIO=1.8 IOSTANDARD=LVCMOS18 UNUSED=TRUE
C: ConstraintEditor-2002: [D:/Users/Lenovo/Desktop/DL_HDMI40IN_PCIE_RK3568_1/DL_HDMI40IN_PCIE_RK3568/project/device_map/image_pcie_capture.pcf(line number: 88)] | Port sys_rst_n has been placed at location M15, whose type is share pin.
Executing : def_port {sys_rst_n} LOC=M15 VCCIO=1.8 IOSTANDARD=LVCMOS18 UNUSED=TRUE successfully
Executing : def_inst_site {U_INST/U_GTP_HSSTLP_WRAPPER/CHANNEL2_ENABLE.U_GTP_HSSTLP_LANE2/gophsst} HSSTLP_364_918 U2_HSSTLP_LANE
Executing : def_inst_site {U_INST/U_GTP_HSSTLP_WRAPPER/CHANNEL2_ENABLE.U_GTP_HSSTLP_LANE2/gophsst} HSSTLP_364_918 U2_HSSTLP_LANE successfully
Executing : def_inst_site {U_INST/U_GTP_HSSTLP_WRAPPER/PLL0_ENABLE.U_GTP_HSSTLP_PLL0/gophsst} HSSTLP_364_918 U1_HSSTLP_PLL
Executing : def_inst_site {U_INST/U_GTP_HSSTLP_WRAPPER/PLL0_ENABLE.U_GTP_HSSTLP_PLL0/gophsst} HSSTLP_364_918 U1_HSSTLP_PLL successfully
Executing : def_inst_site {dl_I_ips_ddr_top/u_ddrphy_top/ddrphy_reset_ctrl/ddrphy_ioclk_gate[0]/opit_0_inv} CLMA_357_354 FF3
Executing : def_inst_site {dl_I_ips_ddr_top/u_ddrphy_top/ddrphy_reset_ctrl/ddrphy_ioclk_gate[0]/opit_0_inv} CLMA_357_354 FF3 successfully
Executing : def_inst_site {dl_I_ips_ddr_top/u_ddrphy_top/ddrphy_reset_ctrl/ddrphy_ioclk_gate[1]/opit_0_inv} CLMA_357_660 FF3
Executing : def_inst_site {dl_I_ips_ddr_top/u_ddrphy_top/ddrphy_reset_ctrl/ddrphy_ioclk_gate[1]/opit_0_inv} CLMA_357_660 FF3 successfully
Executing : def_inst_site {dl_I_ips_ddr_top/u_ddrphy_top/u_ddrphy_cpd/cpd_inst} DDRPHY_CPD_369_466
Executing : def_inst_site {dl_I_ips_ddr_top/u_ddrphy_top/u_ddrphy_cpd/cpd_inst} DDRPHY_CPD_369_466 successfully
Executing : def_inst_site {dl_u_ips2l_pcie_wrap/U_IPS2L_PCIE_TOP/U_IPS2L_HSSTLP_PCIE_SOFT_PHY/x2.GTP_HSST_2LANE_TOP/U_GTP_HSSTLP_WRAPPER/CHANNEL0_ENABLE.U_GTP_HSSTLP_LANE0/gophsst} HSSTLP_364_918 U0_HSSTLP_LANE
Executing : def_inst_site {dl_u_ips2l_pcie_wrap/U_IPS2L_PCIE_TOP/U_IPS2L_HSSTLP_PCIE_SOFT_PHY/x2.GTP_HSST_2LANE_TOP/U_GTP_HSSTLP_WRAPPER/CHANNEL0_ENABLE.U_GTP_HSSTLP_LANE0/gophsst} HSSTLP_364_918 U0_HSSTLP_LANE successfully
Executing : def_inst_site {dl_u_ips2l_pcie_wrap/U_IPS2L_PCIE_TOP/U_IPS2L_HSSTLP_PCIE_SOFT_PHY/x2.GTP_HSST_2LANE_TOP/U_GTP_HSSTLP_WRAPPER/CHANNEL1_ENABLE.U_GTP_HSSTLP_LANE1/gophsst} HSSTLP_364_918 U1_HSSTLP_LANE
Executing : def_inst_site {dl_u_ips2l_pcie_wrap/U_IPS2L_PCIE_TOP/U_IPS2L_HSSTLP_PCIE_SOFT_PHY/x2.GTP_HSST_2LANE_TOP/U_GTP_HSSTLP_WRAPPER/CHANNEL1_ENABLE.U_GTP_HSSTLP_LANE1/gophsst} HSSTLP_364_918 U1_HSSTLP_LANE successfully
Executing : def_inst_site {dl_u_ips2l_pcie_wrap/U_IPS2L_PCIE_TOP/U_IPS2L_HSSTLP_PCIE_SOFT_PHY/x2.GTP_HSST_2LANE_TOP/U_GTP_HSSTLP_WRAPPER/PLL0_ENABLE.U_GTP_HSSTLP_PLL0/gophsst} HSSTLP_364_918 U0_HSSTLP_PLL
Executing : def_inst_site {dl_u_ips2l_pcie_wrap/U_IPS2L_PCIE_TOP/U_IPS2L_HSSTLP_PCIE_SOFT_PHY/x2.GTP_HSST_2LANE_TOP/U_GTP_HSSTLP_WRAPPER/PLL0_ENABLE.U_GTP_HSSTLP_PLL0/gophsst} HSSTLP_364_918 U0_HSSTLP_PLL successfully
W: ConstraintEditor-4019: Port Bus 'cam1_data' unspecified I/O constraint.
W: ConstraintEditor-4019: Port Bus 'cam2_data' unspecified I/O constraint.
W: ConstraintEditor-4019: Port Bus 'cam_fmc_data' unspecified I/O constraint.
W: ConstraintEditor-4019: Port Bus 'o_pl_err' unspecified I/O constraint.
W: ConstraintEditor-4019: Port Bus 'o_rdecer_2' unspecified I/O constraint.
W: ConstraintEditor-4019: Port Bus 'o_rdisper_2' unspecified I/O constraint.
W: ConstraintEditor-4019: Port Bus 'o_rxstatus_2' unspecified I/O constraint.
W: ConstraintEditor-4019: Port Bus 'o_wtchdg_st_0' unspecified I/O constraint.
W: ConstraintEditor-4019: Port Bus 'pcie_rxn' unspecified I/O constraint.
W: ConstraintEditor-4019: Port Bus 'pcie_rxp' unspecified I/O constraint.
W: ConstraintEditor-4019: Port Bus 'pcie_txn' unspecified I/O constraint.
W: ConstraintEditor-4019: Port Bus 'pcie_txp' unspecified I/O constraint.
W: ConstraintEditor-4019: Port 'cam1_href' unspecified I/O constraint.
W: ConstraintEditor-4019: Port 'cam1_pclk' unspecified I/O constraint.
W: ConstraintEditor-4019: Port 'cam1_reset_n' unspecified I/O constraint.
W: ConstraintEditor-4019: Port 'cam1_scl' unspecified I/O constraint.
W: ConstraintEditor-4019: Port 'cam1_sda' unspecified I/O constraint.
W: ConstraintEditor-4019: Port 'cam1_vsync' unspecified I/O constraint.
W: ConstraintEditor-4019: Port 'cam2_href' unspecified I/O constraint.
W: ConstraintEditor-4019: Port 'cam2_pclk' unspecified I/O constraint.
W: ConstraintEditor-4019: Port 'cam2_reset_n' unspecified I/O constraint.
W: ConstraintEditor-4019: Port 'cam2_scl' unspecified I/O constraint.
W: ConstraintEditor-4019: Port 'cam2_sda' unspecified I/O constraint.
W: ConstraintEditor-4019: Port 'cam2_vsync' unspecified I/O constraint.
W: ConstraintEditor-4019: Port 'cam_fmc_href' unspecified I/O constraint.
W: ConstraintEditor-4019: Port 'cam_fmc_pclk' unspecified I/O constraint.
W: ConstraintEditor-4019: Port 'cam_fmc_reset_n' unspecified I/O constraint.
W: ConstraintEditor-4019: Port 'cam_fmc_scl' unspecified I/O constraint.
W: ConstraintEditor-4019: Port 'cam_fmc_sda' unspecified I/O constraint.
W: ConstraintEditor-4019: Port 'cam_fmc_vsync' unspecified I/O constraint.
W: ConstraintEditor-4019: Port 'hdmi_rx_init_done' unspecified I/O constraint.
W: ConstraintEditor-4019: Port 'i_p_l2rxn' unspecified I/O constraint.
W: ConstraintEditor-4019: Port 'i_p_l2rxp' unspecified I/O constraint.
W: ConstraintEditor-4019: Port 'o_p_l2txn' unspecified I/O constraint.
W: ConstraintEditor-4019: Port 'o_p_l2txp' unspecified I/O constraint.
W: ConstraintEditor-4019: Port 'o_p_lx_cdr_align_2' unspecified I/O constraint.
W: ConstraintEditor-4019: Port 'o_p_pll_lock_0' unspecified I/O constraint.
W: ConstraintEditor-4019: Port 'o_p_rx_sigdet_sta_2' unspecified I/O constraint.
W: ConstraintEditor-4019: Port 'o_pll_done_0' unspecified I/O constraint.
W: ConstraintEditor-4019: Port 'o_rxlane_done_2' unspecified I/O constraint.
W: ConstraintEditor-4019: Port 'o_txlane_done_2' unspecified I/O constraint.
W: ConstraintEditor-4019: Port 'tx_disable' unspecified I/O constraint.
Constraint check end.
I: Column Clock Check open.
Read Column Clock Map.

Placement started.
Phase 1 Pre global placement started.
Mapping instance GRS_INST/grs_ccs to CCS_87_316.
Mapping instance dl_u_ips2l_pcie_wrap/U_IPS2L_PCIE_TOP/U_IPS2L_PCIE_HARD_CTRL/u_gtp_pcie/gateop to PCIE_315_918.
Mapping instance u_CORES/u_GTP_SCANCHAIN_PG/scanchain to SCANCHAIN_88_312.
Mapping instance dl_I_ips_ddr_top/u_ddrphy_top/ddrphy_gpll/u_gpll/gpll_inst to GPLL_367_463.
Mapping instance dl_I_ips_ddr_top/u_ddrphy_top/ddrphy_slice_top/i_dqs_bank[0].u_ddrphy_ioclkdiv/ddrphy_ioclk_div_inst to DDRPHY_IOCLK_DIV_368_310.
Mapping instance dl_I_ips_ddr_top/u_ddrphy_top/ddrphy_slice_top/i_dqs_bank[0].ddrphy_ppll/u_ppll/ppll_inst to PPLL_367_307.
Mapping instance dl_I_ips_ddr_top/u_ddrphy_top/ddrphy_slice_top/i_ca_group[0].u_ddc_ca/ddc_inst to DDR_PHY_369_465.
Mapping instance dl_I_ips_ddr_top/u_ddrphy_top/ddrphy_slice_top/i_ca_group[1].u_ddc_ca/ddc_inst to DDR_PHY_369_463.
Mapping instance dl_I_ips_ddr_top/u_ddrphy_top/ddrphy_slice_top/i_ca_group[2].u_ddc_ca/ddc_inst to DDR_PHY_369_309.
Mapping instance dl_I_ips_ddr_top/u_ddrphy_top/ddrphy_slice_top/i_dqs_bank[1].u_ddrphy_ioclkdiv/ddrphy_ioclk_div_inst to DDRPHY_IOCLK_DIV_368_616.
Mapping instance dl_I_ips_ddr_top/u_ddrphy_top/ddrphy_slice_top/i_dqs_bank[1].ddrphy_ppll/u_ppll/ppll_inst to PPLL_367_613.
Mapping instance dl_I_ips_ddr_top/u_ddrphy_top/ddrphy_slice_top/i_dqs_group[0].ddrphy_data_slice/u_ddc_dq/ddc_inst_PHY to DDR_PHY_369_613.
Mapping instance dl_I_ips_ddr_top/u_ddrphy_top/ddrphy_slice_top/i_dqs_group[1].ddrphy_data_slice/u_ddc_dq/ddc_inst_PHY to DDR_PHY_369_615.
Phase 1.1 1st GP placement started.
Design Utilization : 37%.
First map gop timing takes 2.28 sec
Worst slack after clock region global placement is -12799
Wirelength after clock region global placement is 564402 and checksum is 5C759812CEF4D721.
1st GP placement takes 18.55 sec.

Phase 1.2 Clock placement started.
Mapping instance dl_I_ips_ddr_top/u_ddrphy_top/ddrphy_slice_top/i_dqs_bank[0].u_clkbufr/goprclk to RCKB_363_456.
Mapping instance dl_I_ips_ddr_top/u_ddrphy_top/ddrphy_slice_top/i_dqs_bank[1].u_clkbufr/goprclk to RCKB_363_762.
Mapping instance dl_I_ips_ddr_top/u_ddrphy_top/u_clkbufm/clkbufm_inst to MRCKB_361_456.
Mapping instance clkbufg_5/gopclkbufg to USCM_215_624.
Mapping instance dl_I_ips_ddr_top/u_ddrphy_top/u_sysclk_bufg/gopclkbufg to USCM_215_576.
Mapping instance dl_u_ips2l_pcie_wrap/U_IPS2L_PCIE_TOP/U_IPS2L_HSSTLP_PCIE_SOFT_PHY/u_clkbufg/gopclkbufg to USCM_215_627.
Mapping instance clkbufg_8/gopclkbufg to USCM_215_630.
Mapping instance clkbufg_7/gopclkbufg to USCM_215_633.
Mapping instance clkbufg_10/gopclkbufg to USCM_215_636.
Mapping instance dl_pll_inst/u_gpll/gpll_inst to GPLL_7_463.
Mapping instance clkbufg_6/gopclkbufg to USCM_215_579.
Mapping instance clkbufg_9/gopclkbufg to USCM_215_582.
Mapping instance dl_I_ips_ddr_top/u_ddrphy_top/rst_clk_gpll/u_gpll/gpll_inst to GPLL_7_157.
Mapping instance dl_I_ips_ddr_top/u_ddrphy_top/u_rst_clk_bufg/gopclkbufg to USCM_215_585.
Mapping instance clkbufg_3/gopclkbufg to USCM_215_588.
C: Place-2028: GLOBAL_CLOCK: the driver u_CORES/u_GTP_SCANCHAIN_PG/scanchain fixed at SCANCHAIN_88_312 is unreasonable. Sub-optimal placement for a clock source and a clock buffer.
Mapping instance clkbufg_4/gopclkbufg to USCM_215_591.
Clock placement takes 0.41 sec.

Wirelength after Pre Global Placement is 564402 and checksum is 5C759812CEF4D721.
Pre global placement takes 19.98 sec.

Phase 2 Global placement started.
Phase 2.1 Fixed placement started.
Placed fixed group with base inst cam_init_done_obuf[0]/opit_1 on IOLHR_16_612.
Placed fixed group with base inst cam_init_done_obuf[1]/opit_1 on IOLHR_16_912.
Placed fixed group with base inst ddr3_rst_n_obuf/opit_1 on IOLHR_364_606.
Placed fixed group with base inst dl_I_ips_ddr_top/u_ddrphy_top/ddrphy_slice_top/i_dqs_group[0].ddrphy_data_slice/dq_loop[0].u_iobuf_dq/opit_1 on IOLHR_364_624.
Placed fixed group with base inst dl_I_ips_ddr_top/u_ddrphy_top/ddrphy_slice_top/i_dqs_group[0].ddrphy_data_slice/dq_loop[1].u_iobuf_dq/opit_1 on IOLHR_364_630.
Placed fixed group with base inst dl_I_ips_ddr_top/u_ddrphy_top/ddrphy_slice_top/i_dqs_group[0].ddrphy_data_slice/dq_loop[2].u_iobuf_dq/opit_1 on IOLHR_364_636.
Placed fixed group with base inst dl_I_ips_ddr_top/u_ddrphy_top/ddrphy_slice_top/i_dqs_group[0].ddrphy_data_slice/dq_loop[3].u_iobuf_dq/opit_1 on IOLHR_364_642.
Placed fixed group with base inst dl_I_ips_ddr_top/u_ddrphy_top/ddrphy_slice_top/i_dqs_group[0].ddrphy_data_slice/dq_loop[4].u_iobuf_dq/opit_1 on IOLHR_364_648.
Placed fixed group with base inst dl_I_ips_ddr_top/u_ddrphy_top/ddrphy_slice_top/i_dqs_group[0].ddrphy_data_slice/dq_loop[5].u_iobuf_dq/opit_1 on IOLHR_364_666.
Placed fixed group with base inst dl_I_ips_ddr_top/u_ddrphy_top/ddrphy_slice_top/i_dqs_group[0].ddrphy_data_slice/dq_loop[6].u_iobuf_dq/opit_1 on IOLHR_364_672.
Placed fixed group with base inst dl_I_ips_ddr_top/u_ddrphy_top/ddrphy_slice_top/i_dqs_group[0].ddrphy_data_slice/dq_loop[7].u_iobuf_dq/opit_1 on IOLHR_364_684.
Placed fixed group with base inst dl_I_ips_ddr_top/u_ddrphy_top/ddrphy_slice_top/i_dqs_group[0].ddrphy_data_slice/genblk1.u_iobufco_dqs/opit_2 on IOLHR_364_660.
Placed fixed group with base inst dl_I_ips_ddr_top/u_ddrphy_top/ddrphy_slice_top/i_dqs_group[0].ddrphy_data_slice/u_outbuft_dm/opit_1 on IOLHR_364_618.
Placed fixed group with base inst dl_I_ips_ddr_top/u_ddrphy_top/ddrphy_slice_top/i_dqs_group[1].ddrphy_data_slice/dq_loop[0].u_iobuf_dq/opit_1 on IOLHR_364_702.
Placed fixed group with base inst dl_I_ips_ddr_top/u_ddrphy_top/ddrphy_slice_top/i_dqs_group[1].ddrphy_data_slice/dq_loop[1].u_iobuf_dq/opit_1 on IOLHR_364_708.
Placed fixed group with base inst dl_I_ips_ddr_top/u_ddrphy_top/ddrphy_slice_top/i_dqs_group[1].ddrphy_data_slice/dq_loop[2].u_iobuf_dq/opit_1 on IOLHR_364_714.
Placed fixed group with base inst dl_I_ips_ddr_top/u_ddrphy_top/ddrphy_slice_top/i_dqs_group[1].ddrphy_data_slice/dq_loop[3].u_iobuf_dq/opit_1 on IOLHR_364_720.
Placed fixed group with base inst dl_I_ips_ddr_top/u_ddrphy_top/ddrphy_slice_top/i_dqs_group[1].ddrphy_data_slice/dq_loop[4].u_iobuf_dq/opit_1 on IOLHR_364_738.
Placed fixed group with base inst dl_I_ips_ddr_top/u_ddrphy_top/ddrphy_slice_top/i_dqs_group[1].ddrphy_data_slice/dq_loop[5].u_iobuf_dq/opit_1 on IOLHR_364_744.
Placed fixed group with base inst dl_I_ips_ddr_top/u_ddrphy_top/ddrphy_slice_top/i_dqs_group[1].ddrphy_data_slice/dq_loop[6].u_iobuf_dq/opit_1 on IOLHR_364_750.
Placed fixed group with base inst dl_I_ips_ddr_top/u_ddrphy_top/ddrphy_slice_top/i_dqs_group[1].ddrphy_data_slice/dq_loop[7].u_iobuf_dq/opit_1 on IOLHR_364_756.
Placed fixed group with base inst dl_I_ips_ddr_top/u_ddrphy_top/ddrphy_slice_top/i_dqs_group[1].ddrphy_data_slice/genblk1.u_iobufco_dqs/opit_2 on IOLHR_364_732.
Placed fixed group with base inst dl_I_ips_ddr_top/u_ddrphy_top/ddrphy_slice_top/i_dqs_group[1].ddrphy_data_slice/u_outbuft_dm/opit_1 on IOLHR_364_696.
Placed fixed group with base inst dl_I_ips_ddr_top/u_ddrphy_top/ddrphy_slice_top/i_mem_addr_0[0].u_outbuft_addr0/opit_1 on IOLHR_364_600.
Placed fixed group with base inst dl_I_ips_ddr_top/u_ddrphy_top/ddrphy_slice_top/i_mem_addr_0[1].u_outbuft_addr0/opit_1 on IOLHR_364_594.
Placed fixed group with base inst dl_I_ips_ddr_top/u_ddrphy_top/ddrphy_slice_top/i_mem_addr_0[2].u_outbuft_addr0/opit_1 on IOLHR_364_588.
Placed fixed group with base inst dl_I_ips_ddr_top/u_ddrphy_top/ddrphy_slice_top/i_mem_addr_0[3].u_outbuft_addr0/opit_1 on IOLHR_364_582.
Placed fixed group with base inst dl_I_ips_ddr_top/u_ddrphy_top/ddrphy_slice_top/i_mem_addr_0[4].u_outbuft_addr0/opit_1 on IOLHR_364_576.
Placed fixed group with base inst dl_I_ips_ddr_top/u_ddrphy_top/ddrphy_slice_top/i_mem_addr_0[5].u_outbuft_addr0/opit_1 on IOLHR_364_570.
Placed fixed group with base inst dl_I_ips_ddr_top/u_ddrphy_top/ddrphy_slice_top/i_mem_addr_0[6].u_outbuft_addr0/opit_1 on IOLHR_364_564.
Placed fixed group with base inst dl_I_ips_ddr_top/u_ddrphy_top/ddrphy_slice_top/i_mem_addr_0[7].u_outbuft_addr0/opit_1 on IOLHR_364_558.
Placed fixed group with base inst dl_I_ips_ddr_top/u_ddrphy_top/ddrphy_slice_top/i_mem_addr_0[8].u_outbuft_addr0/opit_1 on IOLHR_364_552.
Placed fixed group with base inst dl_I_ips_ddr_top/u_ddrphy_top/ddrphy_slice_top/i_mem_addr_0[9].u_outbuft_addr0/opit_1 on IOLHR_364_546.
Placed fixed group with base inst dl_I_ips_ddr_top/u_ddrphy_top/ddrphy_slice_top/i_mem_addr_0[10].u_outbuft_addr0/opit_1 on IOLHR_364_540.
Placed fixed group with base inst dl_I_ips_ddr_top/u_ddrphy_top/ddrphy_slice_top/i_mem_addr_0[11].u_outbuft_addr0/opit_1 on IOLHR_364_528.
Placed fixed group with base inst dl_I_ips_ddr_top/u_ddrphy_top/ddrphy_slice_top/i_mem_addr_0[12].u_outbuft_addr0/opit_1 on IOLHR_364_522.
Placed fixed group with base inst dl_I_ips_ddr_top/u_ddrphy_top/ddrphy_slice_top/i_mem_addr_0[13].u_outbuft_addr0/opit_1 on IOLHR_364_516.
Placed fixed group with base inst dl_I_ips_ddr_top/u_ddrphy_top/ddrphy_slice_top/i_mem_addr_0[14].u_outbuft_addr0/opit_1 on IOLHR_364_510.
Placed fixed group with base inst dl_I_ips_ddr_top/u_ddrphy_top/ddrphy_slice_top/k_mem_ba[0].u_outbuft_ba/opit_1 on IOLHR_364_498.
Placed fixed group with base inst dl_I_ips_ddr_top/u_ddrphy_top/ddrphy_slice_top/k_mem_ba[1].u_outbuft_ba/opit_1 on IOLHR_364_492.
Placed fixed group with base inst dl_I_ips_ddr_top/u_ddrphy_top/ddrphy_slice_top/k_mem_ba[2].u_outbuft_ba/opit_1 on IOLHR_364_486.
Placed fixed group with base inst dl_I_ips_ddr_top/u_ddrphy_top/ddrphy_slice_top/u_outbuft_casn/opit_1 on IOLHR_364_414.
Placed fixed group with base inst dl_I_ips_ddr_top/u_ddrphy_top/ddrphy_slice_top/u_outbuft_cke/opit_1 on IOLHR_364_462.
Placed fixed group with base inst dl_I_ips_ddr_top/u_ddrphy_top/ddrphy_slice_top/u_outbuft_csn/opit_1 on IOLHR_364_408.
Placed fixed group with base inst dl_I_ips_ddr_top/u_ddrphy_top/ddrphy_slice_top/u_outbuft_odt/opit_1 on IOLHR_364_402.
Placed fixed group with base inst dl_I_ips_ddr_top/u_ddrphy_top/ddrphy_slice_top/u_outbuft_rasn/opit_1 on IOLHR_364_420.
Placed fixed group with base inst dl_I_ips_ddr_top/u_ddrphy_top/ddrphy_slice_top/u_outbuft_wen/opit_1 on IOLHR_364_426.
Placed fixed group with base inst dl_I_ips_ddr_top/u_ddrphy_top/ddrphy_slice_top/u_outbuftco_ck/opit_3 on IOLHR_364_480.
Placed fixed group with base inst dl_u_ips2l_pcie_wrap/U_IPS2L_PCIE_TOP/U_IPS2L_HSSTLP_PCIE_SOFT_PHY/x2.GTP_HSST_2LANE_TOP/U_GTP_HSSTLP_WRAPPER/CHANNEL0_ENABLE.U_GTP_HSSTLP_LANE0/gophsst on HSSTLP_364_918.
Placed fixed group with base inst hdmi_b_ibuf[3]/opit_1 on IOLHR_16_474.
Placed fixed group with base inst hdmi_b_ibuf[4]/opit_1 on IOLHR_16_336.
Placed fixed group with base inst hdmi_b_ibuf[5]/opit_1 on IOLHR_16_480.
Placed fixed group with base inst hdmi_b_ibuf[6]/opit_1 on IOLHR_16_342.
Placed fixed group with base inst hdmi_b_ibuf[7]/opit_1 on IOLHR_16_396.
Placed fixed group with base inst hdmi_de_ibuf/opit_1 on IOLHR_16_318.
Placed fixed group with base inst hdmi_g_ibuf[2]/opit_1 on IOLHR_16_354.
Placed fixed group with base inst hdmi_g_ibuf[3]/opit_1 on IOLHR_16_408.
Placed fixed group with base inst hdmi_g_ibuf[4]/opit_1 on IOLHR_16_360.
Placed fixed group with base inst hdmi_g_ibuf[5]/opit_1 on IOLHR_16_414.
Placed fixed group with base inst hdmi_g_ibuf[6]/opit_1 on IOLHR_16_366.
Placed fixed group with base inst hdmi_g_ibuf[7]/opit_1 on IOLHR_16_420.
Placed fixed group with base inst hdmi_pix_clk_ibuf/opit_1 on IOLHR_16_468.
Placed fixed group with base inst hdmi_r_ibuf[3]/opit_1 on IOLHR_16_306.
Placed fixed group with base inst hdmi_r_ibuf[4]/opit_1 on IOLHR_16_444.
Placed fixed group with base inst hdmi_r_ibuf[5]/opit_1 on IOLHR_16_486.
Placed fixed group with base inst hdmi_r_ibuf[6]/opit_1 on IOLHR_16_450.
Placed fixed group with base inst hdmi_r_ibuf[7]/opit_1 on IOLHR_16_492.
Placed fixed group with base inst hdmi_rx_scl_iobuf/opit_1 on IOLHR_16_372.
Placed fixed group with base inst hdmi_rx_sda_tri/opit_1 on IOLHR_16_378.
Placed fixed group with base inst hdmi_vs_ibuf/opit_1 on IOLHR_16_312.
Placed fixed group with base inst sys_clk_ibuf/opit_1 on IOLHR_364_468.
Placed fixed group with base inst sys_rst_n_ibuf/opit_1 on IOLHR_16_624.
Placed fixed instance U_INST/U_GTP_HSSTLP_WRAPPER/CHANNEL2_ENABLE.U_GTP_HSSTLP_LANE2/gophsst on HSSTLP_364_918.
Placed fixed instance U_INST/U_GTP_HSSTLP_WRAPPER/PLL0_ENABLE.U_GTP_HSSTLP_PLL0/gophsst on HSSTLP_364_918.
Placed fixed instance dl_I_ips_ddr_top/u_ddrphy_top/ddrphy_reset_ctrl/ddrphy_ioclk_gate[0]/opit_0_inv on CLMA_357_354.
Placed fixed instance dl_I_ips_ddr_top/u_ddrphy_top/ddrphy_reset_ctrl/ddrphy_ioclk_gate[1]/opit_0_inv on CLMA_357_660.
Placed fixed instance dl_u_ips2l_pcie_wrap/U_IPS2L_PCIE_TOP/U_IPS2L_HSSTLP_PCIE_SOFT_PHY/x2.GTP_HSST_2LANE_TOP/U_GTP_HSSTLP_WRAPPER/PLL0_ENABLE.U_GTP_HSSTLP_PLL0/gophsst on HSSTLP_364_918.
Placed fixed instance GRS_INST/grs_ccs on CCS_87_316.
Placed fixed instance clkbufg_3/gopclkbufg on USCM_215_588.
Placed fixed instance clkbufg_4/gopclkbufg on USCM_215_591.
Placed fixed instance clkbufg_5/gopclkbufg on USCM_215_624.
Placed fixed instance clkbufg_6/gopclkbufg on USCM_215_579.
Placed fixed instance clkbufg_7/gopclkbufg on USCM_215_633.
Placed fixed instance clkbufg_8/gopclkbufg on USCM_215_630.
Placed fixed instance clkbufg_9/gopclkbufg on USCM_215_582.
Placed fixed instance clkbufg_10/gopclkbufg on USCM_215_636.
Placed fixed instance dl_I_ips_ddr_top/u_ddrphy_top/ddrphy_gpll/u_gpll/gpll_inst on GPLL_367_463.
Placed fixed instance dl_I_ips_ddr_top/u_ddrphy_top/ddrphy_slice_top/i_ca_group[0].u_ddc_ca/ddc_inst on DDR_PHY_369_465.
Placed fixed instance dl_I_ips_ddr_top/u_ddrphy_top/ddrphy_slice_top/i_ca_group[1].u_ddc_ca/ddc_inst on DDR_PHY_369_463.
Placed fixed instance dl_I_ips_ddr_top/u_ddrphy_top/ddrphy_slice_top/i_ca_group[2].u_ddc_ca/ddc_inst on DDR_PHY_369_309.
Placed fixed instance dl_I_ips_ddr_top/u_ddrphy_top/ddrphy_slice_top/i_dqs_bank[0].ddrphy_ppll/u_ppll/ppll_inst on PPLL_367_307.
Placed fixed instance dl_I_ips_ddr_top/u_ddrphy_top/ddrphy_slice_top/i_dqs_bank[0].u_clkbufr/goprclk on RCKB_363_456.
Placed fixed instance dl_I_ips_ddr_top/u_ddrphy_top/ddrphy_slice_top/i_dqs_bank[0].u_ddrphy_ioclkdiv/ddrphy_ioclk_div_inst on DDRPHY_IOCLK_DIV_368_310.
Placed fixed instance dl_I_ips_ddr_top/u_ddrphy_top/ddrphy_slice_top/i_dqs_bank[1].ddrphy_ppll/u_ppll/ppll_inst on PPLL_367_613.
Placed fixed instance dl_I_ips_ddr_top/u_ddrphy_top/ddrphy_slice_top/i_dqs_bank[1].u_clkbufr/goprclk on RCKB_363_762.
Placed fixed instance dl_I_ips_ddr_top/u_ddrphy_top/ddrphy_slice_top/i_dqs_bank[1].u_ddrphy_ioclkdiv/ddrphy_ioclk_div_inst on DDRPHY_IOCLK_DIV_368_616.
Placed fixed instance dl_I_ips_ddr_top/u_ddrphy_top/ddrphy_slice_top/i_dqs_group[0].ddrphy_data_slice/u_ddc_dq/ddc_inst_PHY on DDR_PHY_369_613.
Placed fixed instance dl_I_ips_ddr_top/u_ddrphy_top/ddrphy_slice_top/i_dqs_group[1].ddrphy_data_slice/u_ddc_dq/ddc_inst_PHY on DDR_PHY_369_615.
Placed fixed instance dl_I_ips_ddr_top/u_ddrphy_top/rst_clk_gpll/u_gpll/gpll_inst on GPLL_7_157.
Placed fixed instance dl_I_ips_ddr_top/u_ddrphy_top/u_clkbufm/clkbufm_inst on MRCKB_361_456.
Placed fixed instance dl_I_ips_ddr_top/u_ddrphy_top/u_ddrphy_cpd/cpd_inst on DDRPHY_CPD_369_466.
Placed fixed instance dl_I_ips_ddr_top/u_ddrphy_top/u_rst_clk_bufg/gopclkbufg on USCM_215_585.
Placed fixed instance dl_I_ips_ddr_top/u_ddrphy_top/u_sysclk_bufg/gopclkbufg on USCM_215_576.
Placed fixed instance dl_pll_inst/u_gpll/gpll_inst on GPLL_7_463.
Placed fixed instance dl_u_ips2l_pcie_wrap/U_IPS2L_PCIE_TOP/U_IPS2L_HSSTLP_PCIE_SOFT_PHY/u_clkbufg/gopclkbufg on USCM_215_627.
Placed fixed instance dl_u_ips2l_pcie_wrap/U_IPS2L_PCIE_TOP/U_IPS2L_PCIE_HARD_CTRL/u_gtp_pcie/gateop on PCIE_315_918.
Placed fixed instance pcie_refclk_n_ibuf_hsst on SPAD_363_922.
Placed fixed instance pcie_refclk_p_ibuf_hsst on SPAD_363_921.
Placed fixed instance u_CORES/u_GTP_SCANCHAIN_PG/scanchain on SCANCHAIN_88_312.
Placed fixed instance BKCL_auto_0 on BKCL_1_646.
Placed fixed instance BKCL_auto_1 on BKCL_1_340.
Placed fixed instance BKCL_auto_2 on BKCL_373_646.
Placed fixed instance BKCL_auto_3 on BKCL_373_340.
Fixed placement takes 0.77 sec.

Phase 2.2 Process placement started.
I: The IO driver of dl_I_ips_ddr_top/u_ddrphy_top/rst_clk_gpll/u_gpll/gpll_inst(CLKIN1) is not constraint at pllpad, its clock path will pass through SRB.
I: The IO driver of dl_pll_inst/u_gpll/gpll_inst(CLKIN1) is not constraint at pllpad, its clock path will pass through SRB.
Process placement takes 0.00 sec.

Phase 2.3 IO placement started.
IO placement takes 0.17 sec.

Phase 2.4 2nd GP placement started.
Run super clustering :
	Initial slack -5874.
	1 iterations finished.
	Final slack -5874.
Super clustering done.
Design Utilization : 37%.
Worst slack after global placement is -6547
2nd GP placement takes 18.80 sec.

Wirelength after global placement is 446786 and checksum is 4C2C8D524BC7CE9F.
Global placement takes 19.77 sec.

Phase 3 Post global placement started.
Packing LUT6D started.
I: LUT6D pack result: There are 6316 LUT6 in collection, pack success:100
Packing LUT6D takes 2.42 sec.
Phase 3.1 Macro cell placement started.
I: Process macros using "Greedy".
Wirelength after macro cell placement is 480876 and checksum is 9FF310F905B91C59.
Macro cell placement takes 0.11 sec.

Phase 3.2 3rd GP placement started.
Run super clustering :
	Initial slack -5874.
	1 iterations finished.
	Final slack -5874.
Super clustering done.
Design Utilization : 37%.
Worst slack after post global placement is -6350
3rd GP placement takes 11.80 sec.

Wirelength after post global placement is 368543 and checksum is D7A0184EC3FDF18D.
Packing LUT6D started.
I: LUT6D pack result: There are 6136 LUT6 in collection, pack success:9
Packing LUT6D takes 2.34 sec.
Post global placement takes 16.73 sec.

Phase 4 Legalization started.
The average distance in LP is 0.771458.
Wirelength after legalization is 430206 and checksum is A985E3FBC2A7E0AB.
Legalization takes 2.25 sec.

Phase 5 Timing-driven detailed placement started.
Phase 5.1 Replication placement started.
Worst slack before Replication Place is -5524.
Replication placement takes 1.05 sec.

Wirelength after replication placement is 430437 and checksum is 89B0119BAE41FCFD.
Phase 5.2 Swapping placement started.
Worst slack before detailed placement is -5524, TNS before detailed placement is -7275725. 
Cost at Swap iteration 0 : -5524, wslk -5487, tns -7221416, takes 2.27 sec.
Cost at DP iteration 0 : -5487, wslk -5287, tns -7096278, takes 1.22 sec.
Cost at Swap iteration 1 : -5287, wslk -5287, tns -7075743, takes 2.52 sec.
Cost at Swap iteration 2 : -5287, wslk -5287, tns -7065051, takes 5.78 sec.
Cost at DP iteration 2 : -5287, wslk -5051, tns -6969981, takes 4.95 sec.
Cost at Swap iteration 3 : -5051, wslk -5051, tns -6963159, takes 2.00 sec.
Cost at Swap iteration 4 : -5051, wslk -5051, tns -6958786, takes 5.17 sec.
Cost at DP iteration 4 : -5051, wslk -4961, tns -6937027, takes 4.59 sec.
Cost at Swap iteration 5 : -4961, wslk -4961, tns -6936301, takes 1.59 sec.
Cost at Swap iteration 6 : -4961, wslk -4961, tns -6935737, takes 4.92 sec.
Cost at DP iteration 6 : -4961, wslk -4949, tns -6924124, takes 4.38 sec.
Cost at Swap iteration 7 : -4949, wslk -4949, tns -6923809, takes 1.38 sec.
Cost at Swap iteration 8 : -4949, wslk -4949, tns -6923494, takes 5.09 sec.
Cost at DP iteration 8 : -4949, wslk -4940, tns -6917719, takes 4.20 sec.
Cost at Swap iteration 9 : -4940, wslk -4940, tns -6917195, takes 1.50 sec.
Cost at Swap iteration 10 : -4940, wslk -4940, tns -6917068, takes 5.09 sec.
Cost at DP iteration 10 : -4940, wslk -4940, tns -6916171, takes 4.12 sec.
Cost at Swap iteration 11 : -4940, wslk -4940, tns -6916075, takes 1.39 sec.
Worst slack after detailed placement is -4940, TNS after detailed placement is -6916075. 
Swapping placement takes 64.11 sec.

I: Place-6001: Add the new FF instances CLMA_219_511(/FFAPP0/FF) CLMA_333_540(/FFAPP3/FF) replicated by the FF instance CLMS_201_439(/FFAPP2/FF) .
Origin dl_I_ips_ddr_top/u_ddrphy_top/ddrphy_dfi/dfi_init_complete/opit_0_inv_L5Q replicates:
    CLMA_219_511(/FFAPP0/FF)  : dl_I_ips_ddr_top/u_ddrphy_top/ddrphy_dfi/dfi_init_complete/opit_0_inv_L5Q_1(gopLUT6L5Q)
    CLMA_333_540(/FFAPP3/FF)  : dl_I_ips_ddr_top/u_ddrphy_top/ddrphy_dfi/dfi_init_complete/opit_0_inv_L5Q_2(gopLUT6L5Q)
Wirelength after detailed placement is 484067 and checksum is F3913B782AD7F3C6.
Timing-driven detailed placement takes 65.23 sec.

Worst slack is -4979, TNS after placement is -7389449.
Placement done.
Total placement takes 132.14 sec.
Finished placement.

Routing started.
Building routing graph takes 3.77 sec.
Worst slack is -4979, TNS before global route is -7389449.
Processing design graph takes 2.92 sec.
Total memory for routing:
	249.506286 M.
Total nets for routing : 54762.
Global Routing step 1 processed 0 nets, it takes 13.48 sec.
Rcf routing step 1 processed 0 nets, it takes 0.00 sec.
Rcf routing step 2 processed 0 nets, it takes 0.00 sec.
Rcf routing step 3 processed 0 nets, it takes 0.00 sec.
Unrouted nets 0 at the end of iteration 0.
Global Routing step 1 processed 94 nets, it takes 0.06 sec.
Unrouted nets 365 at the end of iteration 0.
Unrouted nets 324 at the end of iteration 1.
Unrouted nets 307 at the end of iteration 2.
Unrouted nets 306 at the end of iteration 3.
Unrouted nets 296 at the end of iteration 4.
Unrouted nets 282 at the end of iteration 5.
Unrouted nets 267 at the end of iteration 6.
Unrouted nets 239 at the end of iteration 7.
Unrouted nets 220 at the end of iteration 8.
Unrouted nets 199 at the end of iteration 9.
Unrouted nets 188 at the end of iteration 10.
Unrouted nets 180 at the end of iteration 11.
Unrouted nets 157 at the end of iteration 12.
Unrouted nets 126 at the end of iteration 13.
Unrouted nets 95 at the end of iteration 14.
Unrouted nets 81 at the end of iteration 15.
Unrouted nets 66 at the end of iteration 16.
Unrouted nets 52 at the end of iteration 17.
Unrouted nets 50 at the end of iteration 18.
Unrouted nets 47 at the end of iteration 19.
Unrouted nets 36 at the end of iteration 20.
Unrouted nets 28 at the end of iteration 21.
Unrouted nets 22 at the end of iteration 22.
Unrouted nets 14 at the end of iteration 23.
Unrouted nets 12 at the end of iteration 24.
Unrouted nets 12 at the end of iteration 25.
Unrouted nets 12 at the end of iteration 26.
Unrouted nets 10 at the end of iteration 27.
Unrouted nets 8 at the end of iteration 28.
Unrouted nets 8 at the end of iteration 29.
Unrouted nets 6 at the end of iteration 30.
Unrouted nets 6 at the end of iteration 31.
Unrouted nets 6 at the end of iteration 32.
Unrouted nets 4 at the end of iteration 33.
Unrouted nets 4 at the end of iteration 34.
Unrouted nets 4 at the end of iteration 35.
Unrouted nets 4 at the end of iteration 36.
Unrouted nets 4 at the end of iteration 37.
Unrouted nets 4 at the end of iteration 38.
Unrouted nets 4 at the end of iteration 39.
Unrouted nets 2 at the end of iteration 40.
Unrouted nets 2 at the end of iteration 41.
Unrouted nets 2 at the end of iteration 42.
Unrouted nets 2 at the end of iteration 43.
Unrouted nets 3 at the end of iteration 44.
Unrouted nets 4 at the end of iteration 45.
Unrouted nets 4 at the end of iteration 46.
Unrouted nets 2 at the end of iteration 47.
Unrouted nets 2 at the end of iteration 48.
Unrouted nets 2 at the end of iteration 49.
Unrouted nets 2 at the end of iteration 50.
Unrouted nets 2 at the end of iteration 51.
Unrouted nets 2 at the end of iteration 52.
Unrouted nets 0 at the end of iteration 53.
Global Routing step 2 processed 514 nets, it takes 0.86 sec.
Unrouted nets 24 at the end of iteration 0.
Unrouted nets 16 at the end of iteration 1.
Unrouted nets 8 at the end of iteration 2.
Unrouted nets 6 at the end of iteration 3.
Unrouted nets 3 at the end of iteration 4.
Unrouted nets 2 at the end of iteration 5.
Unrouted nets 0 at the end of iteration 6.
Global Routing step 3 processed 35 nets, it takes 0.64 sec.
Unrouted nets 1109 at the end of iteration 0.
Unrouted nets 704 at the end of iteration 1.
Unrouted nets 485 at the end of iteration 2.
Unrouted nets 301 at the end of iteration 3.
Unrouted nets 273 at the end of iteration 4.
Unrouted nets 194 at the end of iteration 5.
Unrouted nets 135 at the end of iteration 6.
Unrouted nets 91 at the end of iteration 7.
Unrouted nets 75 at the end of iteration 8.
Unrouted nets 60 at the end of iteration 9.
Unrouted nets 36 at the end of iteration 10.
Unrouted nets 26 at the end of iteration 11.
Unrouted nets 16 at the end of iteration 12.
Unrouted nets 14 at the end of iteration 13.
Unrouted nets 7 at the end of iteration 14.
Unrouted nets 4 at the end of iteration 15.
Unrouted nets 0 at the end of iteration 16.
Global Routing step 4 processed 1825 nets, it takes 6.05 sec.
Global routing takes 7.70 sec.
Total 60540 subnets.
    forward max bucket size 29411 , backward 743.
        Unrouted nets 40934 at the end of iteration 0.
    route iteration 0, CPU time elapsed 13.140625 sec.
    forward max bucket size 33066 , backward 730.
        Unrouted nets 32606 at the end of iteration 1.
    route iteration 1, CPU time elapsed 11.953125 sec.
    forward max bucket size 31952 , backward 816.
        Unrouted nets 25856 at the end of iteration 2.
    route iteration 2, CPU time elapsed 10.109375 sec.
    forward max bucket size 31084 , backward 783.
        Unrouted nets 21542 at the end of iteration 3.
    route iteration 3, CPU time elapsed 7.359375 sec.
    forward max bucket size 32493 , backward 793.
        Unrouted nets 17674 at the end of iteration 4.
    route iteration 4, CPU time elapsed 6.359375 sec.
    forward max bucket size 29784 , backward 857.
        Unrouted nets 15054 at the end of iteration 5.
    route iteration 5, CPU time elapsed 5.359375 sec.
    forward max bucket size 24319 , backward 863.
        Unrouted nets 14544 at the end of iteration 6.
    route iteration 6, CPU time elapsed 3.984375 sec.
    forward max bucket size 1274 , backward 943.
        Unrouted nets 12387 at the end of iteration 7.
    route iteration 7, CPU time elapsed 3.109375 sec.
    forward max bucket size 1269 , backward 867.
        Unrouted nets 10393 at the end of iteration 8.
    route iteration 8, CPU time elapsed 3.453125 sec.
    forward max bucket size 2163 , backward 855.
        Unrouted nets 8762 at the end of iteration 9.
    route iteration 9, CPU time elapsed 3.187500 sec.
    forward max bucket size 3100 , backward 786.
        Unrouted nets 7386 at the end of iteration 10.
    route iteration 10, CPU time elapsed 2.000000 sec.
    forward max bucket size 1335 , backward 659.
        Unrouted nets 6175 at the end of iteration 11.
    route iteration 11, CPU time elapsed 2.421875 sec.
    forward max bucket size 1375 , backward 841.
        Unrouted nets 5230 at the end of iteration 12.
    route iteration 12, CPU time elapsed 2.734375 sec.
    forward max bucket size 1393 , backward 838.
        Unrouted nets 4488 at the end of iteration 13.
    route iteration 13, CPU time elapsed 1.468750 sec.
    forward max bucket size 1194 , backward 770.
        Unrouted nets 3851 at the end of iteration 14.
    route iteration 14, CPU time elapsed 1.968750 sec.
    forward max bucket size 1715 , backward 677.
        Unrouted nets 3240 at the end of iteration 15.
    route iteration 15, CPU time elapsed 1.250000 sec.
    forward max bucket size 995 , backward 807.
        Unrouted nets 2827 at the end of iteration 16.
    route iteration 16, CPU time elapsed 1.734375 sec.
    forward max bucket size 1238 , backward 870.
        Unrouted nets 2533 at the end of iteration 17.
    route iteration 17, CPU time elapsed 1.656250 sec.
    forward max bucket size 1094 , backward 1174.
        Unrouted nets 2243 at the end of iteration 18.
    route iteration 18, CPU time elapsed 0.906250 sec.
    forward max bucket size 1018 , backward 776.
        Unrouted nets 2012 at the end of iteration 19.
    route iteration 19, CPU time elapsed 1.062500 sec.
    forward max bucket size 1051 , backward 829.
        Unrouted nets 1860 at the end of iteration 20.
    route iteration 20, CPU time elapsed 1.359375 sec.
    forward max bucket size 1023 , backward 816.
        Unrouted nets 1628 at the end of iteration 21.
    route iteration 21, CPU time elapsed 0.765625 sec.
    forward max bucket size 909 , backward 742.
        Unrouted nets 1504 at the end of iteration 22.
    route iteration 22, CPU time elapsed 0.718750 sec.
    forward max bucket size 1013 , backward 837.
        Unrouted nets 1264 at the end of iteration 23.
    route iteration 23, CPU time elapsed 0.812500 sec.
    forward max bucket size 955 , backward 857.
        Unrouted nets 1151 at the end of iteration 24.
    route iteration 24, CPU time elapsed 0.640625 sec.
    forward max bucket size 1298 , backward 969.
        Unrouted nets 1021 at the end of iteration 25.
    route iteration 25, CPU time elapsed 0.531250 sec.
    forward max bucket size 1285 , backward 1122.
        Unrouted nets 956 at the end of iteration 26.
    route iteration 26, CPU time elapsed 0.546875 sec.
    forward max bucket size 1090 , backward 638.
        Unrouted nets 880 at the end of iteration 27.
    route iteration 27, CPU time elapsed 0.437500 sec.
    forward max bucket size 957 , backward 769.
        Unrouted nets 800 at the end of iteration 28.
    route iteration 28, CPU time elapsed 0.437500 sec.
    forward max bucket size 1478 , backward 1181.
        Unrouted nets 856 at the end of iteration 29.
    route iteration 29, CPU time elapsed 0.375000 sec.
    forward max bucket size 2065 , backward 880.
        Unrouted nets 755 at the end of iteration 30.
    route iteration 30, CPU time elapsed 0.437500 sec.
    forward max bucket size 1020 , backward 857.
        Unrouted nets 679 at the end of iteration 31.
    route iteration 31, CPU time elapsed 0.390625 sec.
    forward max bucket size 956 , backward 715.
        Unrouted nets 594 at the end of iteration 32.
    route iteration 32, CPU time elapsed 0.359375 sec.
    forward max bucket size 989 , backward 740.
        Unrouted nets 551 at the end of iteration 33.
    route iteration 33, CPU time elapsed 0.343750 sec.
    forward max bucket size 951 , backward 751.
        Unrouted nets 455 at the end of iteration 34.
    route iteration 34, CPU time elapsed 0.281250 sec.
    forward max bucket size 813 , backward 654.
        Unrouted nets 420 at the end of iteration 35.
    route iteration 35, CPU time elapsed 0.296875 sec.
    forward max bucket size 767 , backward 576.
        Unrouted nets 371 at the end of iteration 36.
    route iteration 36, CPU time elapsed 0.281250 sec.
    forward max bucket size 1097 , backward 850.
        Unrouted nets 356 at the end of iteration 37.
    route iteration 37, CPU time elapsed 0.234375 sec.
    forward max bucket size 953 , backward 648.
        Unrouted nets 354 at the end of iteration 38.
    route iteration 38, CPU time elapsed 0.312500 sec.
    forward max bucket size 781 , backward 619.
        Unrouted nets 326 at the end of iteration 39.
    route iteration 39, CPU time elapsed 0.250000 sec.
    forward max bucket size 743 , backward 551.
        Unrouted nets 331 at the end of iteration 40.
    route iteration 40, CPU time elapsed 0.281250 sec.
    forward max bucket size 899 , backward 786.
        Unrouted nets 316 at the end of iteration 41.
    route iteration 41, CPU time elapsed 0.281250 sec.
    forward max bucket size 910 , backward 791.
        Unrouted nets 290 at the end of iteration 42.
    route iteration 42, CPU time elapsed 0.281250 sec.
    forward max bucket size 952 , backward 871.
        Unrouted nets 303 at the end of iteration 43.
    route iteration 43, CPU time elapsed 0.250000 sec.
    forward max bucket size 1109 , backward 852.
        Unrouted nets 255 at the end of iteration 44.
    route iteration 44, CPU time elapsed 0.281250 sec.
    forward max bucket size 801 , backward 863.
        Unrouted nets 267 at the end of iteration 45.
    route iteration 45, CPU time elapsed 0.265625 sec.
    forward max bucket size 993 , backward 712.
        Unrouted nets 240 at the end of iteration 46.
    route iteration 46, CPU time elapsed 0.234375 sec.
    forward max bucket size 949 , backward 728.
        Unrouted nets 192 at the end of iteration 47.
    route iteration 47, CPU time elapsed 0.250000 sec.
    forward max bucket size 832 , backward 674.
        Unrouted nets 164 at the end of iteration 48.
    route iteration 48, CPU time elapsed 0.234375 sec.
    forward max bucket size 941 , backward 581.
        Unrouted nets 149 at the end of iteration 49.
    route iteration 49, CPU time elapsed 0.234375 sec.
    forward max bucket size 715 , backward 658.
        Unrouted nets 165 at the end of iteration 50.
    route iteration 50, CPU time elapsed 0.234375 sec.
    forward max bucket size 727 , backward 676.
        Unrouted nets 168 at the end of iteration 51.
    route iteration 51, CPU time elapsed 0.265625 sec.
    forward max bucket size 939 , backward 1222.
        Unrouted nets 155 at the end of iteration 52.
    route iteration 52, CPU time elapsed 0.218750 sec.
    forward max bucket size 927 , backward 875.
        Unrouted nets 128 at the end of iteration 53.
    route iteration 53, CPU time elapsed 0.218750 sec.
    forward max bucket size 650 , backward 651.
        Unrouted nets 108 at the end of iteration 54.
    route iteration 54, CPU time elapsed 0.218750 sec.
    forward max bucket size 935 , backward 832.
        Unrouted nets 106 at the end of iteration 55.
    route iteration 55, CPU time elapsed 0.203125 sec.
    forward max bucket size 953 , backward 825.
        Unrouted nets 121 at the end of iteration 56.
    route iteration 56, CPU time elapsed 0.234375 sec.
    forward max bucket size 870 , backward 493.
        Unrouted nets 113 at the end of iteration 57.
    route iteration 57, CPU time elapsed 0.218750 sec.
    forward max bucket size 738 , backward 518.
        Unrouted nets 118 at the end of iteration 58.
    route iteration 58, CPU time elapsed 0.203125 sec.
    forward max bucket size 738 , backward 504.
        Unrouted nets 110 at the end of iteration 59.
    route iteration 59, CPU time elapsed 0.203125 sec.
    forward max bucket size 826 , backward 782.
        Unrouted nets 114 at the end of iteration 60.
    route iteration 60, CPU time elapsed 0.187500 sec.
    forward max bucket size 807 , backward 727.
        Unrouted nets 119 at the end of iteration 61.
    route iteration 61, CPU time elapsed 0.203125 sec.
    forward max bucket size 759 , backward 578.
        Unrouted nets 119 at the end of iteration 62.
    route iteration 62, CPU time elapsed 0.234375 sec.
    forward max bucket size 825 , backward 589.
        Unrouted nets 97 at the end of iteration 63.
    route iteration 63, CPU time elapsed 0.203125 sec.
    forward max bucket size 968 , backward 824.
        Unrouted nets 63 at the end of iteration 64.
    route iteration 64, CPU time elapsed 0.218750 sec.
    forward max bucket size 1157 , backward 730.
        Unrouted nets 85 at the end of iteration 65.
    route iteration 65, CPU time elapsed 0.203125 sec.
    forward max bucket size 786 , backward 568.
        Unrouted nets 95 at the end of iteration 66.
    route iteration 66, CPU time elapsed 0.218750 sec.
    forward max bucket size 483 , backward 447.
        Unrouted nets 79 at the end of iteration 67.
    route iteration 67, CPU time elapsed 0.187500 sec.
    forward max bucket size 892 , backward 581.
        Unrouted nets 90 at the end of iteration 68.
    route iteration 68, CPU time elapsed 0.203125 sec.
    forward max bucket size 719 , backward 655.
        Unrouted nets 80 at the end of iteration 69.
    route iteration 69, CPU time elapsed 0.203125 sec.
    forward max bucket size 845 , backward 858.
        Unrouted nets 71 at the end of iteration 70.
    route iteration 70, CPU time elapsed 0.187500 sec.
    forward max bucket size 804 , backward 757.
        Unrouted nets 67 at the end of iteration 71.
    route iteration 71, CPU time elapsed 0.203125 sec.
    forward max bucket size 753 , backward 728.
        Unrouted nets 64 at the end of iteration 72.
    route iteration 72, CPU time elapsed 0.187500 sec.
    forward max bucket size 892 , backward 735.
        Unrouted nets 94 at the end of iteration 73.
    route iteration 73, CPU time elapsed 0.218750 sec.
    forward max bucket size 974 , backward 735.
        Unrouted nets 95 at the end of iteration 74.
    route iteration 74, CPU time elapsed 0.187500 sec.
    forward max bucket size 876 , backward 847.
        Unrouted nets 78 at the end of iteration 75.
    route iteration 75, CPU time elapsed 0.203125 sec.
    forward max bucket size 684 , backward 663.
        Unrouted nets 77 at the end of iteration 76.
    route iteration 76, CPU time elapsed 0.203125 sec.
    forward max bucket size 847 , backward 772.
        Unrouted nets 75 at the end of iteration 77.
    route iteration 77, CPU time elapsed 0.203125 sec.
    forward max bucket size 912 , backward 673.
        Unrouted nets 59 at the end of iteration 78.
    route iteration 78, CPU time elapsed 0.203125 sec.
    forward max bucket size 671 , backward 608.
        Unrouted nets 55 at the end of iteration 79.
    route iteration 79, CPU time elapsed 0.203125 sec.
    forward max bucket size 1095 , backward 799.
        Unrouted nets 52 at the end of iteration 80.
    route iteration 80, CPU time elapsed 0.187500 sec.
    forward max bucket size 1066 , backward 705.
        Unrouted nets 66 at the end of iteration 81.
    route iteration 81, CPU time elapsed 0.171875 sec.
    forward max bucket size 772 , backward 656.
        Unrouted nets 30 at the end of iteration 82.
    route iteration 82, CPU time elapsed 0.187500 sec.
    forward max bucket size 757 , backward 656.
        Unrouted nets 33 at the end of iteration 83.
    route iteration 83, CPU time elapsed 0.203125 sec.
    forward max bucket size 514 , backward 265.
        Unrouted nets 14 at the end of iteration 84.
    route iteration 84, CPU time elapsed 0.171875 sec.
    forward max bucket size 296 , backward 311.
        Unrouted nets 14 at the end of iteration 85.
    route iteration 85, CPU time elapsed 0.171875 sec.
    forward max bucket size 115 , backward 36.
        Unrouted nets 11 at the end of iteration 86.
    route iteration 86, CPU time elapsed 0.156250 sec.
    forward max bucket size 69 , backward 17.
        Unrouted nets 4 at the end of iteration 87.
    route iteration 87, CPU time elapsed 0.171875 sec.
    forward max bucket size 69 , backward 10.
        Unrouted nets 6 at the end of iteration 88.
    route iteration 88, CPU time elapsed 0.171875 sec.
    forward max bucket size 69 , backward 8.
        Unrouted nets 4 at the end of iteration 89.
    route iteration 89, CPU time elapsed 0.156250 sec.
    forward max bucket size 69 , backward 4.
        Unrouted nets 4 at the end of iteration 90.
    route iteration 90, CPU time elapsed 0.156250 sec.
    forward max bucket size 69 , backward 15.
        Unrouted nets 2 at the end of iteration 91.
    route iteration 91, CPU time elapsed 0.171875 sec.
    forward max bucket size 69 , backward 2.
        Unrouted nets 2 at the end of iteration 92.
    route iteration 92, CPU time elapsed 0.171875 sec.
    forward max bucket size 69 , backward 2.
        Unrouted nets 2 at the end of iteration 93.
    route iteration 93, CPU time elapsed 0.140625 sec.
    forward max bucket size 69 , backward 2.
        Unrouted nets 2 at the end of iteration 94.
    route iteration 94, CPU time elapsed 0.171875 sec.
    forward max bucket size 69 , backward 2.
        Unrouted nets 2 at the end of iteration 95.
    route iteration 95, CPU time elapsed 0.140625 sec.
    forward max bucket size 69 , backward 2.
        Unrouted nets 2 at the end of iteration 96.
    route iteration 96, CPU time elapsed 0.187500 sec.
    forward max bucket size 69 , backward 2.
        Unrouted nets 2 at the end of iteration 97.
    route iteration 97, CPU time elapsed 0.156250 sec.
    forward max bucket size 69 , backward 2.
        Unrouted nets 2 at the end of iteration 98.
    route iteration 98, CPU time elapsed 0.156250 sec.
    forward max bucket size 69 , backward 2.
        Unrouted nets 2 at the end of iteration 99.
    route iteration 99, CPU time elapsed 0.171875 sec.
    forward max bucket size 69 , backward 2.
        Unrouted nets 2 at the end of iteration 100.
    route iteration 100, CPU time elapsed 0.156250 sec.
    forward max bucket size 69 , backward 2.
        Unrouted nets 2 at the end of iteration 101.
    route iteration 101, CPU time elapsed 0.171875 sec.
    forward max bucket size 69 , backward 2.
        Unrouted nets 2 at the end of iteration 102.
    route iteration 102, CPU time elapsed 0.171875 sec.
    forward max bucket size 69 , backward 2.
        Unrouted nets 2 at the end of iteration 103.
    route iteration 103, CPU time elapsed 0.171875 sec.
    forward max bucket size 127 , backward 3.
        Unrouted nets 0 at the end of iteration 104.
    route iteration 104, CPU time elapsed 0.140625 sec.
Detailed routing takes 104 iterations
I: Design net nt_hdmi_pix_clk is routed by general path.
C: Route-2036: The clock path from hdmi_pix_clk_ibuf/opit_1:DI_TO_CLK to clkbufg_3/gopclkbufg:CLK is routed by SRB.
I: Design net u_CORES/drck_o is routed by general path.
C: Route-2036: The clock path from u_CORES/u_GTP_SCANCHAIN_PG/scanchain:TCK1 to clkbufg_4/gopclkbufg:CLK is routed by SRB.
I: Design net u_CORES/capt_o is routed by general path.
C: Route-2036: The clock path from u_CORES/u_GTP_SCANCHAIN_PG/scanchain:CAPTUREDR to u_CORES/u_debug_core_0/u_hub_data_decode/id_sample.conf_id[4]/opit_0_inv:CLK is routed by SRB.
I: Design net dl_coms1_reg_config/clock_20k is routed by general path.
C: Route-2036: The clock path from dl_coms1_reg_config/clock_20k_cnt[0]/opit_0_inv_L6QL5Q:L6Q to dl_coms1_reg_config/config_step_reg[1]/opit_0_inv_srl:CLK is routed by SRB.
I: Design net nt_sys_clk is routed by general path.
C: Route-2036: The clock path from sys_clk_ibuf/opit_1:DI_TO_CLK to U_INST/U_IPM2L_HSSTLP_RST/AUTO_MODE.hsstlp_rst_pll/pll0_lock_wtchdg/wtchdg_st[1]/opit_0_inv_L6QL5Q1:CLK is routed by SRB.
I: Design net ntclkbufg_1 is routed by general path.
C: Route-2036: The clock path from clkbufg_4/gopclkbufg:CLKOUT to u_CORES/u_debug_core_0/G_M_1.u1_trig_unit/conf_reg[632]/opit_0_inv_L6QL5Q:CLK is routed by SRB.
I: Design net ntclkbufg_0 is routed by general path.
C: Route-2036: The clock path from clkbufg_3/gopclkbufg:CLKOUT to u_CORES/u_debug_core_0/DATA_ff[0][39]/opit_0:CLK is routed by SRB.
Detailed routing takes 117.41 sec.
Start fix hold violation.
Build tmp routing results takes 0.42 sec.
Timing analysis takes 0.53 sec.
C: Route-2037: Number of hold violated paths is 17208, over the limit 15000 and hold violation fix will be stopped, you can change the value of option "Place & Route" -> "Max Number Of Hold Violated Paths To Fix".
Hold Violation Fix in router takes 0 iterations.
Fix hold violation Finished.
Hold Violation Fix in router takes 3.45 sec.

Dispose routing result:
    Collect routing result.
    Delete unused device instances.
    Annotate routing result.
    Change LUT configuration.
    Dispose misc instances.
    Annotate routing result again.
Finish routing takes 2.58 sec.
Used SRB routing arc is 411665.
Cleanup routing takes 0.05 sec.
Routing done.
Total routing takes 153.25 sec.
W: Timing-4105: The worst slack of endpoint u_CORES/u_debug_core_0/data_pipe[4][1397]/opit_0_inv_L6QL5Q_perm/I4 of clock hdmi_pix_clk is -2000ps(slow corner), but required hold violation threshold is 200ps.
C: STA-3017: There are 3940 clock cross SRB paths do not meet the required hold violation threshold(200ps).


Device Utilization Summary :
+-------------------------------------------------------------------------------+
| Logic Utilization           | Used      | Available     | Utilization(%)     
+-------------------------------------------------------------------------------+
| Use of ADC                  | 0         | 1             | 0                  
| Use of ANALOG               | 0         | 1             | 0                  
| Use of APM                  | 0         | 240           | 0                  
| Use of BKCL                 | 4         | 6             | 67                 
| Use of CCS                  | 1         | 1             | 100                
| Use of CLMA                 | 5468      | 11675         | 47                 
|   FF                        | 28297     | 93400         | 31                 
|   LUT                       | 15551     | 46700         | 34                 
|   LUT-FF pairs              | 11032     | 46700         | 24                 
| Use of CLMS                 | 2324      | 4975          | 47                 
|   FF                        | 10730     | 39800         | 27                 
|   LUT                       | 6358      | 19900         | 32                 
|   LUT-FF pairs              | 4103      | 19900         | 21                 
|   Distributed RAM           | 605       | 19900         | 4                  
| Use of DDRPHY_CPD           | 1         | 12            | 9                  
| Use of DDRPHY_IOCLK_DIV     | 2         | 6             | 34                 
| Use of DDR_PHY              | 5         | 24            | 21                 
| Use of DRM                  | 77        | 155           | 50                 
| Use of GPLL                 | 3         | 6             | 50                 
| Use of GSEB                 | 0         | 218           | 0                  
| Use of HARD0                | 3354      | 10550         | 32                 
| Use of HCKB                 | 58        | 96            | 61                 
|  HCKB dataused              | 5         | 96            | 6                  
| Use of HCKMUX_TEST          | 0         | 8             | 0                  
| Use of HSSTLP               | 1         | 1             | 100                
| Use of IO                   | 108       | 285           | 38                 
|   IOBD                      | 58        | 137           | 43                 
|   IOBS                      | 50        | 148           | 34                 
| Use of IOCKB                | 0         | 24            | 0                  
| Use of IOCKMUX_TEST         | 0         | 6             | 0                  
| Use of IOLHR                | 108       | 300           | 36                 
| Use of KEYRAM               | 0         | 1             | 0                  
| Use of MFG_TEST             | 0         | 1             | 0                  
| Use of MRCKB                | 1         | 12            | 9                  
| Use of MRCKMUX_TEST         | 0         | 6             | 0                  
| Use of MRPOSTMUX_TEST       | 0         | 6             | 0                  
| Use of PCIE                 | 1         | 1             | 100                
| Use of PCKMUX_TEST          | 0         | 12            | 0                  
| Use of PLLMRMUX_TEST        | 0         | 6             | 0                  
| Use of PLLREFMUX_TEST       | 0         | 6             | 0                  
| Use of PPLL                 | 2         | 6             | 34                 
| Use of PREGMUXC_TEST        | 0         | 4             | 0                  
| Use of PREGMUXLR_TEST       | 0         | 6             | 0                  
| Use of RCKB                 | 3         | 24            | 13                 
|  RCKB dataused              | 1         | 24            | 5                  
| Use of RCKMUX_TEST          | 0         | 6             | 0                  
| Use of SCANCHAIN            | 1         | 1             | 100                
| Use of SCKMUX_TEST          | 0         | 12            | 0                  
| Use of SFB                  | 0         | 2225          | 0                  
| Use of SPAD                 | 2         | 4             | 50                 
| Use of TSERDES              | 10        | 48            | 21                 
| Use of USCM                 | 12        | 32            | 38                 
|  USCM dataused              | 0         | 32            | 0                  
| Use of USCMMUX_TEST         | 0         | 32            | 0                  
+-------------------------------------------------------------------------------+

Finished routing.
Design 'dl_fpga_prj' has been placed and routed successfully.
Saving design to DB.
Finished placement and routing.
Action pnr: Real time elapsed is 0h:6m:48s
Action pnr: CPU time elapsed is 0h:6m:4s
Action pnr: Process CPU time elapsed is 0h:7m:12s
Current time: Sat Apr 25 22:48:19 2026
Action pnr: Peak memory pool usage is 2,801 MB
