#Build: Fabric Compiler 2022.2-SP6.4, Build 146967, Jan 31 01:39 2024
#Install: E:\pds\PDS_2022.2-SP6.4\bin
#Application name: pds_shell.exe
#OS: Windows 10 10.0.22621
#Hostname: LAPTOP-DHE8LHVE
Generated by Fabric Compiler (version 2022.2-SP6.4 build 146967) at Sat Apr 25 23:00:32 2026
Compiling verification operator library.
Compiling common defs.
Compiling prim grid devices.
Compiling gate devices.
Compiling gate operators.
Building architecture model.
Loading device packaging model.
pnr strategy configuration : 
strategy name : 0
Building architecture floorplan logic view.
Constraint check start.
Executing : def_port {ddr3_dq[0]} LOC=P6 VCCIO=1.5 IOSTANDARD=SSTL15_I DRIVE=8.9 SLEW=FAST VREF_MODE=INT VREF_MODE_VALUE=0.5 DDR_TERM_MODE=ON UNUSED=TRUE
Executing : def_port {ddr3_dq[0]} LOC=P6 VCCIO=1.5 IOSTANDARD=SSTL15_I DRIVE=8.9 SLEW=FAST VREF_MODE=INT VREF_MODE_VALUE=0.5 DDR_TERM_MODE=ON UNUSED=TRUE successfully
Executing : def_port {ddr3_dq[1]} LOC=M5 VCCIO=1.5 IOSTANDARD=SSTL15_I DRIVE=8.9 SLEW=FAST VREF_MODE=INT VREF_MODE_VALUE=0.5 DDR_TERM_MODE=ON UNUSED=TRUE
Executing : def_port {ddr3_dq[1]} LOC=M5 VCCIO=1.5 IOSTANDARD=SSTL15_I DRIVE=8.9 SLEW=FAST VREF_MODE=INT VREF_MODE_VALUE=0.5 DDR_TERM_MODE=ON UNUSED=TRUE successfully
Executing : def_port {ddr3_dq[2]} LOC=M6 VCCIO=1.5 IOSTANDARD=SSTL15_I DRIVE=8.9 SLEW=FAST VREF_MODE=INT VREF_MODE_VALUE=0.5 DDR_TERM_MODE=ON UNUSED=TRUE
Executing : def_port {ddr3_dq[2]} LOC=M6 VCCIO=1.5 IOSTANDARD=SSTL15_I DRIVE=8.9 SLEW=FAST VREF_MODE=INT VREF_MODE_VALUE=0.5 DDR_TERM_MODE=ON UNUSED=TRUE successfully
Executing : def_port {ddr3_dq[3]} LOC=N2 VCCIO=1.5 IOSTANDARD=SSTL15_I DRIVE=8.9 SLEW=FAST VREF_MODE=INT VREF_MODE_VALUE=0.5 DDR_TERM_MODE=ON UNUSED=TRUE
Executing : def_port {ddr3_dq[3]} LOC=N2 VCCIO=1.5 IOSTANDARD=SSTL15_I DRIVE=8.9 SLEW=FAST VREF_MODE=INT VREF_MODE_VALUE=0.5 DDR_TERM_MODE=ON UNUSED=TRUE successfully
Executing : def_port {ddr3_dq[4]} LOC=P2 VCCIO=1.5 IOSTANDARD=SSTL15_I DRIVE=8.9 SLEW=FAST VREF_MODE=INT VREF_MODE_VALUE=0.5 DDR_TERM_MODE=ON UNUSED=TRUE
Executing : def_port {ddr3_dq[4]} LOC=P2 VCCIO=1.5 IOSTANDARD=SSTL15_I DRIVE=8.9 SLEW=FAST VREF_MODE=INT VREF_MODE_VALUE=0.5 DDR_TERM_MODE=ON UNUSED=TRUE successfully
Executing : def_port {ddr3_dq[5]} LOC=P1 VCCIO=1.5 IOSTANDARD=SSTL15_I DRIVE=8.9 SLEW=FAST VREF_MODE=INT VREF_MODE_VALUE=0.5 DDR_TERM_MODE=ON UNUSED=TRUE
Executing : def_port {ddr3_dq[5]} LOC=P1 VCCIO=1.5 IOSTANDARD=SSTL15_I DRIVE=8.9 SLEW=FAST VREF_MODE=INT VREF_MODE_VALUE=0.5 DDR_TERM_MODE=ON UNUSED=TRUE successfully
Executing : def_port {ddr3_dq[6]} LOC=R1 VCCIO=1.5 IOSTANDARD=SSTL15_I DRIVE=8.9 SLEW=FAST VREF_MODE=INT VREF_MODE_VALUE=0.5 DDR_TERM_MODE=ON UNUSED=TRUE
Executing : def_port {ddr3_dq[6]} LOC=R1 VCCIO=1.5 IOSTANDARD=SSTL15_I DRIVE=8.9 SLEW=FAST VREF_MODE=INT VREF_MODE_VALUE=0.5 DDR_TERM_MODE=ON UNUSED=TRUE successfully
Executing : def_port {ddr3_dq[7]} LOC=N4 VCCIO=1.5 IOSTANDARD=SSTL15_I DRIVE=8.9 SLEW=FAST VREF_MODE=INT VREF_MODE_VALUE=0.5 DDR_TERM_MODE=ON UNUSED=TRUE
Executing : def_port {ddr3_dq[7]} LOC=N4 VCCIO=1.5 IOSTANDARD=SSTL15_I DRIVE=8.9 SLEW=FAST VREF_MODE=INT VREF_MODE_VALUE=0.5 DDR_TERM_MODE=ON UNUSED=TRUE successfully
Executing : def_port {ddr3_dq[8]} LOC=J6 VCCIO=1.5 IOSTANDARD=SSTL15_I DRIVE=8.9 SLEW=FAST VREF_MODE=INT VREF_MODE_VALUE=0.5 DDR_TERM_MODE=ON UNUSED=TRUE
Executing : def_port {ddr3_dq[8]} LOC=J6 VCCIO=1.5 IOSTANDARD=SSTL15_I DRIVE=8.9 SLEW=FAST VREF_MODE=INT VREF_MODE_VALUE=0.5 DDR_TERM_MODE=ON UNUSED=TRUE successfully
Executing : def_port {ddr3_dq[9]} LOC=K6 VCCIO=1.5 IOSTANDARD=SSTL15_I DRIVE=8.9 SLEW=FAST VREF_MODE=INT VREF_MODE_VALUE=0.5 DDR_TERM_MODE=ON UNUSED=TRUE
Executing : def_port {ddr3_dq[9]} LOC=K6 VCCIO=1.5 IOSTANDARD=SSTL15_I DRIVE=8.9 SLEW=FAST VREF_MODE=INT VREF_MODE_VALUE=0.5 DDR_TERM_MODE=ON UNUSED=TRUE successfully
Executing : def_port {ddr3_dq[10]} LOC=M2 VCCIO=1.5 IOSTANDARD=SSTL15_I DRIVE=8.9 SLEW=FAST VREF_MODE=INT VREF_MODE_VALUE=0.5 DDR_TERM_MODE=ON UNUSED=TRUE
Executing : def_port {ddr3_dq[10]} LOC=M2 VCCIO=1.5 IOSTANDARD=SSTL15_I DRIVE=8.9 SLEW=FAST VREF_MODE=INT VREF_MODE_VALUE=0.5 DDR_TERM_MODE=ON UNUSED=TRUE successfully
Executing : def_port {ddr3_dq[11]} LOC=M3 VCCIO=1.5 IOSTANDARD=SSTL15_I DRIVE=8.9 SLEW=FAST VREF_MODE=INT VREF_MODE_VALUE=0.5 DDR_TERM_MODE=ON UNUSED=TRUE
Executing : def_port {ddr3_dq[11]} LOC=M3 VCCIO=1.5 IOSTANDARD=SSTL15_I DRIVE=8.9 SLEW=FAST VREF_MODE=INT VREF_MODE_VALUE=0.5 DDR_TERM_MODE=ON UNUSED=TRUE successfully
Executing : def_port {ddr3_dq[12]} LOC=K3 VCCIO=1.5 IOSTANDARD=SSTL15_I DRIVE=8.9 SLEW=FAST VREF_MODE=INT VREF_MODE_VALUE=0.5 DDR_TERM_MODE=ON UNUSED=TRUE
Executing : def_port {ddr3_dq[12]} LOC=K3 VCCIO=1.5 IOSTANDARD=SSTL15_I DRIVE=8.9 SLEW=FAST VREF_MODE=INT VREF_MODE_VALUE=0.5 DDR_TERM_MODE=ON UNUSED=TRUE successfully
Executing : def_port {ddr3_dq[13]} LOC=L3 VCCIO=1.5 IOSTANDARD=SSTL15_I DRIVE=8.9 SLEW=FAST VREF_MODE=INT VREF_MODE_VALUE=0.5 DDR_TERM_MODE=ON UNUSED=TRUE
Executing : def_port {ddr3_dq[13]} LOC=L3 VCCIO=1.5 IOSTANDARD=SSTL15_I DRIVE=8.9 SLEW=FAST VREF_MODE=INT VREF_MODE_VALUE=0.5 DDR_TERM_MODE=ON UNUSED=TRUE successfully
Executing : def_port {ddr3_dq[14]} LOC=J4 VCCIO=1.5 IOSTANDARD=SSTL15_I DRIVE=8.9 SLEW=FAST VREF_MODE=INT VREF_MODE_VALUE=0.5 DDR_TERM_MODE=ON UNUSED=TRUE
Executing : def_port {ddr3_dq[14]} LOC=J4 VCCIO=1.5 IOSTANDARD=SSTL15_I DRIVE=8.9 SLEW=FAST VREF_MODE=INT VREF_MODE_VALUE=0.5 DDR_TERM_MODE=ON UNUSED=TRUE successfully
Executing : def_port {ddr3_dq[15]} LOC=K4 VCCIO=1.5 IOSTANDARD=SSTL15_I DRIVE=8.9 SLEW=FAST VREF_MODE=INT VREF_MODE_VALUE=0.5 DDR_TERM_MODE=ON UNUSED=TRUE
Executing : def_port {ddr3_dq[15]} LOC=K4 VCCIO=1.5 IOSTANDARD=SSTL15_I DRIVE=8.9 SLEW=FAST VREF_MODE=INT VREF_MODE_VALUE=0.5 DDR_TERM_MODE=ON UNUSED=TRUE successfully
Executing : def_port {ddr3_dqs[0]} LOC=P5 VCCIO=1.5 IOSTANDARD=SSTL15D_I DRIVE=8.9 SLEW=FAST VREF_MODE=INT VREF_MODE_VALUE=0.5 DDR_TERM_MODE=ON DDR_RES=60 CP_DYN_TERM=ON UNUSED=TRUE
Executing : def_port {ddr3_dqs[0]} LOC=P5 VCCIO=1.5 IOSTANDARD=SSTL15D_I DRIVE=8.9 SLEW=FAST VREF_MODE=INT VREF_MODE_VALUE=0.5 DDR_TERM_MODE=ON DDR_RES=60 CP_DYN_TERM=ON UNUSED=TRUE successfully
Executing : def_port {ddr3_dqs[1]} LOC=M1 VCCIO=1.5 IOSTANDARD=SSTL15D_I DRIVE=8.9 SLEW=FAST VREF_MODE=INT VREF_MODE_VALUE=0.5 DDR_TERM_MODE=ON DDR_RES=60 CP_DYN_TERM=ON UNUSED=TRUE
Executing : def_port {ddr3_dqs[1]} LOC=M1 VCCIO=1.5 IOSTANDARD=SSTL15D_I DRIVE=8.9 SLEW=FAST VREF_MODE=INT VREF_MODE_VALUE=0.5 DDR_TERM_MODE=ON DDR_RES=60 CP_DYN_TERM=ON UNUSED=TRUE successfully
Executing : def_port {ddr3_dqs_n[0]} LOC=P4 VCCIO=1.5 IOSTANDARD=SSTL15D_I DRIVE=8.9 SLEW=FAST VREF_MODE=INT VREF_MODE_VALUE=0.5 DDR_TERM_MODE=ON DDR_RES=60 CP_DYN_TERM=ON UNUSED=TRUE
Executing : def_port {ddr3_dqs_n[0]} LOC=P4 VCCIO=1.5 IOSTANDARD=SSTL15D_I DRIVE=8.9 SLEW=FAST VREF_MODE=INT VREF_MODE_VALUE=0.5 DDR_TERM_MODE=ON DDR_RES=60 CP_DYN_TERM=ON UNUSED=TRUE successfully
Executing : def_port {ddr3_dqs_n[1]} LOC=L1 VCCIO=1.5 IOSTANDARD=SSTL15D_I DRIVE=8.9 SLEW=FAST VREF_MODE=INT VREF_MODE_VALUE=0.5 DDR_TERM_MODE=ON DDR_RES=60 CP_DYN_TERM=ON UNUSED=TRUE
Executing : def_port {ddr3_dqs_n[1]} LOC=L1 VCCIO=1.5 IOSTANDARD=SSTL15D_I DRIVE=8.9 SLEW=FAST VREF_MODE=INT VREF_MODE_VALUE=0.5 DDR_TERM_MODE=ON DDR_RES=60 CP_DYN_TERM=ON UNUSED=TRUE successfully
Executing : def_port {hdmi_rx_scl} LOC=R14 VCCIO=3.3 IOSTANDARD=LVCMOS33 DRIVE=4 SLEW=FAST PULLUP=TRUE
C: ConstraintEditor-2002: [D:/Users/Lenovo/Desktop/DL_HDMI40IN_PCIE_RK3568_1/DL_HDMI40IN_PCIE_RK3568/project/device_map/image_pcie_capture.pcf(line number: 23)] | Port hdmi_rx_scl has been placed at location R14, whose type is share pin.
Executing : def_port {hdmi_rx_scl} LOC=R14 VCCIO=3.3 IOSTANDARD=LVCMOS33 DRIVE=4 SLEW=FAST PULLUP=TRUE successfully
Executing : def_port {hdmi_rx_sda} LOC=P14 VCCIO=3.3 IOSTANDARD=LVCMOS33 DRIVE=4 SLEW=FAST PULLUP=TRUE
C: ConstraintEditor-2002: [D:/Users/Lenovo/Desktop/DL_HDMI40IN_PCIE_RK3568_1/DL_HDMI40IN_PCIE_RK3568/project/device_map/image_pcie_capture.pcf(line number: 24)] | Port hdmi_rx_sda has been placed at location P14, whose type is share pin.
Executing : def_port {hdmi_rx_sda} LOC=P14 VCCIO=3.3 IOSTANDARD=LVCMOS33 DRIVE=4 SLEW=FAST PULLUP=TRUE successfully
Executing : def_port {cam2_reset_n} LOC=AA21 VCCIO=3.3 IOSTANDARD=LVCMOS33 DRIVE=8 SLEW=SLOW
C: ConstraintEditor-2002: [D:/Users/Lenovo/Desktop/DL_HDMI40IN_PCIE_RK3568_1/DL_HDMI40IN_PCIE_RK3568/project/device_map/image_pcie_capture.pcf(line number: 25)] | Port cam2_reset_n has been placed at location AA21, whose type is share pin.
Executing : def_port {cam2_reset_n} LOC=AA21 VCCIO=3.3 IOSTANDARD=LVCMOS33 DRIVE=8 SLEW=SLOW successfully
Executing : def_port {cam_init_done[0]} LOC=M17 VCCIO=1.8 IOSTANDARD=LVCMOS18 DRIVE=4 SLEW=FAST NONE=TRUE
Executing : def_port {cam_init_done[0]} LOC=M17 VCCIO=1.8 IOSTANDARD=LVCMOS18 DRIVE=4 SLEW=FAST NONE=TRUE successfully
Executing : def_port {cam_init_done[1]} LOC=J16 VCCIO=1.8 IOSTANDARD=LVCMOS18 DRIVE=4 SLEW=FAST NONE=TRUE
Executing : def_port {cam_init_done[1]} LOC=J16 VCCIO=1.8 IOSTANDARD=LVCMOS18 DRIVE=4 SLEW=FAST NONE=TRUE successfully
Executing : def_port {ddr3_a[0]} LOC=T1 VCCIO=1.5 IOSTANDARD=SSTL15_I DRIVE=8.9 SLEW=FAST UNUSED=TRUE
Executing : def_port {ddr3_a[0]} LOC=T1 VCCIO=1.5 IOSTANDARD=SSTL15_I DRIVE=8.9 SLEW=FAST UNUSED=TRUE successfully
Executing : def_port {ddr3_a[1]} LOC=U1 VCCIO=1.5 IOSTANDARD=SSTL15_I DRIVE=8.9 SLEW=FAST UNUSED=TRUE
Executing : def_port {ddr3_a[1]} LOC=U1 VCCIO=1.5 IOSTANDARD=SSTL15_I DRIVE=8.9 SLEW=FAST UNUSED=TRUE successfully
Executing : def_port {ddr3_a[2]} LOC=U2 VCCIO=1.5 IOSTANDARD=SSTL15_I DRIVE=8.9 SLEW=FAST UNUSED=TRUE
Executing : def_port {ddr3_a[2]} LOC=U2 VCCIO=1.5 IOSTANDARD=SSTL15_I DRIVE=8.9 SLEW=FAST UNUSED=TRUE successfully
Executing : def_port {ddr3_a[3]} LOC=V2 VCCIO=1.5 IOSTANDARD=SSTL15_I DRIVE=8.9 SLEW=FAST UNUSED=TRUE
Executing : def_port {ddr3_a[3]} LOC=V2 VCCIO=1.5 IOSTANDARD=SSTL15_I DRIVE=8.9 SLEW=FAST UNUSED=TRUE successfully
Executing : def_port {ddr3_a[4]} LOC=R3 VCCIO=1.5 IOSTANDARD=SSTL15_I DRIVE=8.9 SLEW=FAST UNUSED=TRUE
Executing : def_port {ddr3_a[4]} LOC=R3 VCCIO=1.5 IOSTANDARD=SSTL15_I DRIVE=8.9 SLEW=FAST UNUSED=TRUE successfully
Executing : def_port {ddr3_a[5]} LOC=R2 VCCIO=1.5 IOSTANDARD=SSTL15_I DRIVE=8.9 SLEW=FAST UNUSED=TRUE
Executing : def_port {ddr3_a[5]} LOC=R2 VCCIO=1.5 IOSTANDARD=SSTL15_I DRIVE=8.9 SLEW=FAST UNUSED=TRUE successfully
Executing : def_port {ddr3_a[6]} LOC=W2 VCCIO=1.5 IOSTANDARD=SSTL15_I DRIVE=8.9 SLEW=FAST UNUSED=TRUE
Executing : def_port {ddr3_a[6]} LOC=W2 VCCIO=1.5 IOSTANDARD=SSTL15_I DRIVE=8.9 SLEW=FAST UNUSED=TRUE successfully
Executing : def_port {ddr3_a[7]} LOC=Y2 VCCIO=1.5 IOSTANDARD=SSTL15_I DRIVE=8.9 SLEW=FAST UNUSED=TRUE
Executing : def_port {ddr3_a[7]} LOC=Y2 VCCIO=1.5 IOSTANDARD=SSTL15_I DRIVE=8.9 SLEW=FAST UNUSED=TRUE successfully
Executing : def_port {ddr3_a[8]} LOC=W1 VCCIO=1.5 IOSTANDARD=SSTL15_I DRIVE=8.9 SLEW=FAST UNUSED=TRUE
Executing : def_port {ddr3_a[8]} LOC=W1 VCCIO=1.5 IOSTANDARD=SSTL15_I DRIVE=8.9 SLEW=FAST UNUSED=TRUE successfully
Executing : def_port {ddr3_a[9]} LOC=Y1 VCCIO=1.5 IOSTANDARD=SSTL15_I DRIVE=8.9 SLEW=FAST UNUSED=TRUE
Executing : def_port {ddr3_a[9]} LOC=Y1 VCCIO=1.5 IOSTANDARD=SSTL15_I DRIVE=8.9 SLEW=FAST UNUSED=TRUE successfully
Executing : def_port {ddr3_a[10]} LOC=U3 VCCIO=1.5 IOSTANDARD=SSTL15_I DRIVE=8.9 SLEW=FAST UNUSED=TRUE
Executing : def_port {ddr3_a[10]} LOC=U3 VCCIO=1.5 IOSTANDARD=SSTL15_I DRIVE=8.9 SLEW=FAST UNUSED=TRUE successfully
Executing : def_port {ddr3_a[11]} LOC=AA1 VCCIO=1.5 IOSTANDARD=SSTL15_I DRIVE=8.9 SLEW=FAST UNUSED=TRUE
Executing : def_port {ddr3_a[11]} LOC=AA1 VCCIO=1.5 IOSTANDARD=SSTL15_I DRIVE=8.9 SLEW=FAST UNUSED=TRUE successfully
Executing : def_port {ddr3_a[12]} LOC=AB1 VCCIO=1.5 IOSTANDARD=SSTL15_I DRIVE=8.9 SLEW=FAST UNUSED=TRUE
Executing : def_port {ddr3_a[12]} LOC=AB1 VCCIO=1.5 IOSTANDARD=SSTL15_I DRIVE=8.9 SLEW=FAST UNUSED=TRUE successfully
Executing : def_port {ddr3_a[13]} LOC=AB3 VCCIO=1.5 IOSTANDARD=SSTL15_I DRIVE=8.9 SLEW=FAST UNUSED=TRUE
Executing : def_port {ddr3_a[13]} LOC=AB3 VCCIO=1.5 IOSTANDARD=SSTL15_I DRIVE=8.9 SLEW=FAST UNUSED=TRUE successfully
Executing : def_port {ddr3_a[14]} LOC=AB2 VCCIO=1.5 IOSTANDARD=SSTL15_I DRIVE=8.9 SLEW=FAST UNUSED=TRUE
Executing : def_port {ddr3_a[14]} LOC=AB2 VCCIO=1.5 IOSTANDARD=SSTL15_I DRIVE=8.9 SLEW=FAST UNUSED=TRUE successfully
Executing : def_port {ddr3_ba[0]} LOC=AA3 VCCIO=1.5 IOSTANDARD=SSTL15_I DRIVE=8.9 SLEW=FAST UNUSED=TRUE
Executing : def_port {ddr3_ba[0]} LOC=AA3 VCCIO=1.5 IOSTANDARD=SSTL15_I DRIVE=8.9 SLEW=FAST UNUSED=TRUE successfully
Executing : def_port {ddr3_ba[1]} LOC=AA5 VCCIO=1.5 IOSTANDARD=SSTL15_I DRIVE=8.9 SLEW=FAST UNUSED=TRUE
Executing : def_port {ddr3_ba[1]} LOC=AA5 VCCIO=1.5 IOSTANDARD=SSTL15_I DRIVE=8.9 SLEW=FAST UNUSED=TRUE successfully
Executing : def_port {ddr3_ba[2]} LOC=AB5 VCCIO=1.5 IOSTANDARD=SSTL15_I DRIVE=8.9 SLEW=FAST UNUSED=TRUE
Executing : def_port {ddr3_ba[2]} LOC=AB5 VCCIO=1.5 IOSTANDARD=SSTL15_I DRIVE=8.9 SLEW=FAST UNUSED=TRUE successfully
Executing : def_port {ddr3_cas_n} LOC=U6 VCCIO=1.5 IOSTANDARD=SSTL15_I DRIVE=8.9 SLEW=FAST UNUSED=TRUE
Executing : def_port {ddr3_cas_n} LOC=U6 VCCIO=1.5 IOSTANDARD=SSTL15_I DRIVE=8.9 SLEW=FAST UNUSED=TRUE successfully
Executing : def_port {ddr3_ck} LOC=Y4 VCCIO=1.5 IOSTANDARD=SSTL15D_I DRIVE=8.9 SLEW=FAST UNUSED=TRUE
Executing : def_port {ddr3_ck} LOC=Y4 VCCIO=1.5 IOSTANDARD=SSTL15D_I DRIVE=8.9 SLEW=FAST UNUSED=TRUE successfully
Executing : def_port {ddr3_ck_n} LOC=AA4 VCCIO=1.5 IOSTANDARD=SSTL15D_I DRIVE=8.9 SLEW=FAST UNUSED=TRUE
Executing : def_port {ddr3_ck_n} LOC=AA4 VCCIO=1.5 IOSTANDARD=SSTL15D_I DRIVE=8.9 SLEW=FAST UNUSED=TRUE successfully
Executing : def_port {ddr3_cke} LOC=W4 VCCIO=1.5 IOSTANDARD=SSTL15_I DRIVE=8.9 SLEW=FAST UNUSED=TRUE
Executing : def_port {ddr3_cke} LOC=W4 VCCIO=1.5 IOSTANDARD=SSTL15_I DRIVE=8.9 SLEW=FAST UNUSED=TRUE successfully
Executing : def_port {ddr3_cs_n} LOC=V5 VCCIO=1.5 IOSTANDARD=SSTL15_I DRIVE=8.9 SLEW=FAST UNUSED=TRUE
Executing : def_port {ddr3_cs_n} LOC=V5 VCCIO=1.5 IOSTANDARD=SSTL15_I DRIVE=8.9 SLEW=FAST UNUSED=TRUE successfully
Executing : def_port {ddr3_dm[0]} LOC=N5 VCCIO=1.5 IOSTANDARD=SSTL15_I DRIVE=8.9 SLEW=FAST UNUSED=TRUE
Executing : def_port {ddr3_dm[0]} LOC=N5 VCCIO=1.5 IOSTANDARD=SSTL15_I DRIVE=8.9 SLEW=FAST UNUSED=TRUE successfully
Executing : def_port {ddr3_dm[1]} LOC=L5 VCCIO=1.5 IOSTANDARD=SSTL15_I DRIVE=8.9 SLEW=FAST UNUSED=TRUE
Executing : def_port {ddr3_dm[1]} LOC=L5 VCCIO=1.5 IOSTANDARD=SSTL15_I DRIVE=8.9 SLEW=FAST UNUSED=TRUE successfully
Executing : def_port {ddr3_odt} LOC=R6 VCCIO=1.5 IOSTANDARD=SSTL15_I DRIVE=8.9 SLEW=FAST UNUSED=TRUE
Executing : def_port {ddr3_odt} LOC=R6 VCCIO=1.5 IOSTANDARD=SSTL15_I DRIVE=8.9 SLEW=FAST UNUSED=TRUE successfully
Executing : def_port {ddr3_ras_n} LOC=W5 VCCIO=1.5 IOSTANDARD=SSTL15_I DRIVE=8.9 SLEW=FAST UNUSED=TRUE
Executing : def_port {ddr3_ras_n} LOC=W5 VCCIO=1.5 IOSTANDARD=SSTL15_I DRIVE=8.9 SLEW=FAST UNUSED=TRUE successfully
Executing : def_port {ddr3_rst_n} LOC=T3 VCCIO=1.5 IOSTANDARD=SSTL15_I DRIVE=8.9 SLEW=FAST UNUSED=TRUE
Executing : def_port {ddr3_rst_n} LOC=T3 VCCIO=1.5 IOSTANDARD=SSTL15_I DRIVE=8.9 SLEW=FAST UNUSED=TRUE successfully
Executing : def_port {ddr3_we_n} LOC=W6 VCCIO=1.5 IOSTANDARD=SSTL15_I DRIVE=8.9 SLEW=FAST UNUSED=TRUE
Executing : def_port {ddr3_we_n} LOC=W6 VCCIO=1.5 IOSTANDARD=SSTL15_I DRIVE=8.9 SLEW=FAST UNUSED=TRUE successfully
Executing : def_port {hdmi_b[0]} LOC=N14 VCCIO=3.3 IOSTANDARD=LVCMOS33 NONE=TRUE
C: ConstraintEditor-2001: [D:/Users/Lenovo/Desktop/DL_HDMI40IN_PCIE_RK3568_1/DL_HDMI40IN_PCIE_RK3568/project/device_map/image_pcie_capture.pcf(line number: 57)] Object 'hdmi_b[0]' is dangling, which has no connection. it will be ignored.
Executing : def_port {hdmi_b[0]} LOC=N14 VCCIO=3.3 IOSTANDARD=LVCMOS33 NONE=TRUE failed
Executing : def_port {hdmi_b[1]} LOC=W20 VCCIO=3.3 IOSTANDARD=LVCMOS33 NONE=TRUE
C: ConstraintEditor-2001: [D:/Users/Lenovo/Desktop/DL_HDMI40IN_PCIE_RK3568_1/DL_HDMI40IN_PCIE_RK3568/project/device_map/image_pcie_capture.pcf(line number: 58)] Object 'hdmi_b[1]' is dangling, which has no connection. it will be ignored.
Executing : def_port {hdmi_b[1]} LOC=W20 VCCIO=3.3 IOSTANDARD=LVCMOS33 NONE=TRUE failed
Executing : def_port {hdmi_b[2]} LOC=N13 VCCIO=3.3 IOSTANDARD=LVCMOS33 NONE=TRUE
C: ConstraintEditor-2001: [D:/Users/Lenovo/Desktop/DL_HDMI40IN_PCIE_RK3568_1/DL_HDMI40IN_PCIE_RK3568/project/device_map/image_pcie_capture.pcf(line number: 59)] Object 'hdmi_b[2]' is dangling, which has no connection. it will be ignored.
Executing : def_port {hdmi_b[2]} LOC=N13 VCCIO=3.3 IOSTANDARD=LVCMOS33 NONE=TRUE failed
Executing : def_port {hdmi_b[3]} LOC=V20 VCCIO=3.3 IOSTANDARD=LVCMOS33 NONE=TRUE
Executing : def_port {hdmi_b[3]} LOC=V20 VCCIO=3.3 IOSTANDARD=LVCMOS33 NONE=TRUE successfully
Executing : def_port {hdmi_b[4]} LOC=R16 VCCIO=3.3 IOSTANDARD=LVCMOS33 NONE=TRUE
C: ConstraintEditor-2002: [D:/Users/Lenovo/Desktop/DL_HDMI40IN_PCIE_RK3568_1/DL_HDMI40IN_PCIE_RK3568/project/device_map/image_pcie_capture.pcf(line number: 61)] | Port hdmi_b[4] has been placed at location R16, whose type is share pin.
Executing : def_port {hdmi_b[4]} LOC=R16 VCCIO=3.3 IOSTANDARD=LVCMOS33 NONE=TRUE successfully
Executing : def_port {hdmi_b[5]} LOC=U20 VCCIO=3.3 IOSTANDARD=LVCMOS33 NONE=TRUE
Executing : def_port {hdmi_b[5]} LOC=U20 VCCIO=3.3 IOSTANDARD=LVCMOS33 NONE=TRUE successfully
Executing : def_port {hdmi_b[6]} LOC=P15 VCCIO=3.3 IOSTANDARD=LVCMOS33 NONE=TRUE
C: ConstraintEditor-2002: [D:/Users/Lenovo/Desktop/DL_HDMI40IN_PCIE_RK3568_1/DL_HDMI40IN_PCIE_RK3568/project/device_map/image_pcie_capture.pcf(line number: 63)] | Port hdmi_b[6] has been placed at location P15, whose type is share pin.
Executing : def_port {hdmi_b[6]} LOC=P15 VCCIO=3.3 IOSTANDARD=LVCMOS33 NONE=TRUE successfully
Executing : def_port {hdmi_b[7]} LOC=AB18 VCCIO=3.3 IOSTANDARD=LVCMOS33 NONE=TRUE
C: ConstraintEditor-2002: [D:/Users/Lenovo/Desktop/DL_HDMI40IN_PCIE_RK3568_1/DL_HDMI40IN_PCIE_RK3568/project/device_map/image_pcie_capture.pcf(line number: 64)] | Port hdmi_b[7] has been placed at location AB18, whose type is share pin.
Executing : def_port {hdmi_b[7]} LOC=AB18 VCCIO=3.3 IOSTANDARD=LVCMOS33 NONE=TRUE successfully
Executing : def_port {hdmi_de} LOC=P16 VCCIO=3.3 IOSTANDARD=LVCMOS33 NONE=TRUE
C: ConstraintEditor-2002: [D:/Users/Lenovo/Desktop/DL_HDMI40IN_PCIE_RK3568_1/DL_HDMI40IN_PCIE_RK3568/project/device_map/image_pcie_capture.pcf(line number: 65)] | Port hdmi_de has been placed at location P16, whose type is share pin.
Executing : def_port {hdmi_de} LOC=P16 VCCIO=3.3 IOSTANDARD=LVCMOS33 NONE=TRUE successfully
Executing : def_port {hdmi_g[0]} LOC=P17 VCCIO=3.3 IOSTANDARD=LVCMOS33 NONE=TRUE
C: ConstraintEditor-2001: [D:/Users/Lenovo/Desktop/DL_HDMI40IN_PCIE_RK3568_1/DL_HDMI40IN_PCIE_RK3568/project/device_map/image_pcie_capture.pcf(line number: 66)] Object 'hdmi_g[0]' is dangling, which has no connection. it will be ignored.
Executing : def_port {hdmi_g[0]} LOC=P17 VCCIO=3.3 IOSTANDARD=LVCMOS33 NONE=TRUE failed
Executing : def_port {hdmi_g[1]} LOC=AA18 VCCIO=3.3 IOSTANDARD=LVCMOS33 NONE=TRUE
C: ConstraintEditor-2001: [D:/Users/Lenovo/Desktop/DL_HDMI40IN_PCIE_RK3568_1/DL_HDMI40IN_PCIE_RK3568/project/device_map/image_pcie_capture.pcf(line number: 67)] Object 'hdmi_g[1]' is dangling, which has no connection. it will be ignored.
Executing : def_port {hdmi_g[1]} LOC=AA18 VCCIO=3.3 IOSTANDARD=LVCMOS33 NONE=TRUE failed
Executing : def_port {hdmi_g[2]} LOC=N17 VCCIO=3.3 IOSTANDARD=LVCMOS33 NONE=TRUE
Executing : def_port {hdmi_g[2]} LOC=N17 VCCIO=3.3 IOSTANDARD=LVCMOS33 NONE=TRUE successfully
Executing : def_port {hdmi_g[3]} LOC=W17 VCCIO=3.3 IOSTANDARD=LVCMOS33 NONE=TRUE
C: ConstraintEditor-2002: [D:/Users/Lenovo/Desktop/DL_HDMI40IN_PCIE_RK3568_1/DL_HDMI40IN_PCIE_RK3568/project/device_map/image_pcie_capture.pcf(line number: 69)] | Port hdmi_g[3] has been placed at location W17, whose type is share pin.
Executing : def_port {hdmi_g[3]} LOC=W17 VCCIO=3.3 IOSTANDARD=LVCMOS33 NONE=TRUE successfully
Executing : def_port {hdmi_g[4]} LOC=T18 VCCIO=3.3 IOSTANDARD=LVCMOS33 NONE=TRUE
C: ConstraintEditor-2002: [D:/Users/Lenovo/Desktop/DL_HDMI40IN_PCIE_RK3568_1/DL_HDMI40IN_PCIE_RK3568/project/device_map/image_pcie_capture.pcf(line number: 70)] | Port hdmi_g[4] has been placed at location T18, whose type is share pin.
Executing : def_port {hdmi_g[4]} LOC=T18 VCCIO=3.3 IOSTANDARD=LVCMOS33 NONE=TRUE successfully
Executing : def_port {hdmi_g[5]} LOC=V17 VCCIO=3.3 IOSTANDARD=LVCMOS33 NONE=TRUE
C: ConstraintEditor-2002: [D:/Users/Lenovo/Desktop/DL_HDMI40IN_PCIE_RK3568_1/DL_HDMI40IN_PCIE_RK3568/project/device_map/image_pcie_capture.pcf(line number: 71)] | Port hdmi_g[5] has been placed at location V17, whose type is share pin.
Executing : def_port {hdmi_g[5]} LOC=V17 VCCIO=3.3 IOSTANDARD=LVCMOS33 NONE=TRUE successfully
Executing : def_port {hdmi_g[6]} LOC=R18 VCCIO=3.3 IOSTANDARD=LVCMOS33 NONE=TRUE
C: ConstraintEditor-2002: [D:/Users/Lenovo/Desktop/DL_HDMI40IN_PCIE_RK3568_1/DL_HDMI40IN_PCIE_RK3568/project/device_map/image_pcie_capture.pcf(line number: 72)] | Port hdmi_g[6] has been placed at location R18, whose type is share pin.
Executing : def_port {hdmi_g[6]} LOC=R18 VCCIO=3.3 IOSTANDARD=LVCMOS33 NONE=TRUE successfully
Executing : def_port {hdmi_g[7]} LOC=AB20 VCCIO=3.3 IOSTANDARD=LVCMOS33 NONE=TRUE
C: ConstraintEditor-2002: [D:/Users/Lenovo/Desktop/DL_HDMI40IN_PCIE_RK3568_1/DL_HDMI40IN_PCIE_RK3568/project/device_map/image_pcie_capture.pcf(line number: 73)] | Port hdmi_g[7] has been placed at location AB20, whose type is share pin.
Executing : def_port {hdmi_g[7]} LOC=AB20 VCCIO=3.3 IOSTANDARD=LVCMOS33 NONE=TRUE successfully
Executing : def_port {hdmi_hs} LOC=U17 VCCIO=3.3 IOSTANDARD=LVCMOS33 NONE=TRUE
C: ConstraintEditor-2001: [D:/Users/Lenovo/Desktop/DL_HDMI40IN_PCIE_RK3568_1/DL_HDMI40IN_PCIE_RK3568/project/device_map/image_pcie_capture.pcf(line number: 74)] Object 'hdmi_hs' is dangling, which has no connection. it will be ignored.
Executing : def_port {hdmi_hs} LOC=U17 VCCIO=3.3 IOSTANDARD=LVCMOS33 NONE=TRUE failed
Executing : def_port {hdmi_pix_clk} LOC=W19 VCCIO=3.3 IOSTANDARD=LVCMOS33 NONE=TRUE
Executing : def_port {hdmi_pix_clk} LOC=W19 VCCIO=3.3 IOSTANDARD=LVCMOS33 NONE=TRUE successfully
Executing : def_port {hdmi_r[0]} LOC=V19 VCCIO=3.3 IOSTANDARD=LVCMOS33 NONE=TRUE
C: ConstraintEditor-2001: [D:/Users/Lenovo/Desktop/DL_HDMI40IN_PCIE_RK3568_1/DL_HDMI40IN_PCIE_RK3568/project/device_map/image_pcie_capture.pcf(line number: 76)] Object 'hdmi_r[0]' is dangling, which has no connection. it will be ignored.
Executing : def_port {hdmi_r[0]} LOC=V19 VCCIO=3.3 IOSTANDARD=LVCMOS33 NONE=TRUE failed
Executing : def_port {hdmi_r[1]} LOC=AA19 VCCIO=3.3 IOSTANDARD=LVCMOS33 NONE=TRUE
C: ConstraintEditor-2001: [D:/Users/Lenovo/Desktop/DL_HDMI40IN_PCIE_RK3568_1/DL_HDMI40IN_PCIE_RK3568/project/device_map/image_pcie_capture.pcf(line number: 77)] Object 'hdmi_r[1]' is dangling, which has no connection. it will be ignored.
Executing : def_port {hdmi_r[1]} LOC=AA19 VCCIO=3.3 IOSTANDARD=LVCMOS33 NONE=TRUE failed
Executing : def_port {hdmi_r[2]} LOC=V18 VCCIO=3.3 IOSTANDARD=LVCMOS33 NONE=TRUE
C: ConstraintEditor-2001: [D:/Users/Lenovo/Desktop/DL_HDMI40IN_PCIE_RK3568_1/DL_HDMI40IN_PCIE_RK3568/project/device_map/image_pcie_capture.pcf(line number: 78)] Object 'hdmi_r[2]' is dangling, which has no connection. it will be ignored.
Executing : def_port {hdmi_r[2]} LOC=V18 VCCIO=3.3 IOSTANDARD=LVCMOS33 NONE=TRUE failed
Executing : def_port {hdmi_r[3]} LOC=N15 VCCIO=3.3 IOSTANDARD=LVCMOS33 NONE=TRUE
Executing : def_port {hdmi_r[3]} LOC=N15 VCCIO=3.3 IOSTANDARD=LVCMOS33 NONE=TRUE successfully
Executing : def_port {hdmi_r[4]} LOC=Y19 VCCIO=3.3 IOSTANDARD=LVCMOS33 NONE=TRUE
Executing : def_port {hdmi_r[4]} LOC=Y19 VCCIO=3.3 IOSTANDARD=LVCMOS33 NONE=TRUE successfully
Executing : def_port {hdmi_r[5]} LOC=AB22 VCCIO=3.3 IOSTANDARD=LVCMOS33 NONE=TRUE
C: ConstraintEditor-2002: [D:/Users/Lenovo/Desktop/DL_HDMI40IN_PCIE_RK3568_1/DL_HDMI40IN_PCIE_RK3568/project/device_map/image_pcie_capture.pcf(line number: 81)] | Port hdmi_r[5] has been placed at location AB22, whose type is share pin.
Executing : def_port {hdmi_r[5]} LOC=AB22 VCCIO=3.3 IOSTANDARD=LVCMOS33 NONE=TRUE successfully
Executing : def_port {hdmi_r[6]} LOC=Y18 VCCIO=3.3 IOSTANDARD=LVCMOS33 NONE=TRUE
Executing : def_port {hdmi_r[6]} LOC=Y18 VCCIO=3.3 IOSTANDARD=LVCMOS33 NONE=TRUE successfully
Executing : def_port {hdmi_r[7]} LOC=AB21 VCCIO=3.3 IOSTANDARD=LVCMOS33 NONE=TRUE
C: ConstraintEditor-2002: [D:/Users/Lenovo/Desktop/DL_HDMI40IN_PCIE_RK3568_1/DL_HDMI40IN_PCIE_RK3568/project/device_map/image_pcie_capture.pcf(line number: 83)] | Port hdmi_r[7] has been placed at location AB21, whose type is share pin.
Executing : def_port {hdmi_r[7]} LOC=AB21 VCCIO=3.3 IOSTANDARD=LVCMOS33 NONE=TRUE successfully
Executing : def_port {hdmi_vs} LOC=R17 VCCIO=3.3 IOSTANDARD=LVCMOS33 NONE=TRUE
C: ConstraintEditor-2002: [D:/Users/Lenovo/Desktop/DL_HDMI40IN_PCIE_RK3568_1/DL_HDMI40IN_PCIE_RK3568/project/device_map/image_pcie_capture.pcf(line number: 84)] | Port hdmi_vs has been placed at location R17, whose type is share pin.
Executing : def_port {hdmi_vs} LOC=R17 VCCIO=3.3 IOSTANDARD=LVCMOS33 NONE=TRUE successfully
Executing : def_port {pcie_perst_n} LOC=M16 VCCIO=1.8 IOSTANDARD=LVCMOS18 NONE=TRUE
C: ConstraintEditor-2001: [D:/Users/Lenovo/Desktop/DL_HDMI40IN_PCIE_RK3568_1/DL_HDMI40IN_PCIE_RK3568/project/device_map/image_pcie_capture.pcf(line number: 85)] Object 'pcie_perst_n' is dangling, which has no connection. it will be ignored.
Executing : def_port {pcie_perst_n} LOC=M16 VCCIO=1.8 IOSTANDARD=LVCMOS18 NONE=TRUE failed
Executing : def_port {pcie_refclk_n} LOC=E6
Executing : def_port {pcie_refclk_n} LOC=E6 successfully
Executing : def_port {pcie_refclk_p} LOC=F6
Executing : def_port {pcie_refclk_p} LOC=F6 successfully
Executing : def_port {sys_clk} LOC=V4 VCCIO=1.5 IOSTANDARD=LVCMOS15 UNUSED=TRUE
Executing : def_port {sys_clk} LOC=V4 VCCIO=1.5 IOSTANDARD=LVCMOS15 UNUSED=TRUE successfully
Executing : def_port {sys_rst_n} LOC=M15 VCCIO=1.8 IOSTANDARD=LVCMOS18 UNUSED=TRUE
C: ConstraintEditor-2002: [D:/Users/Lenovo/Desktop/DL_HDMI40IN_PCIE_RK3568_1/DL_HDMI40IN_PCIE_RK3568/project/device_map/image_pcie_capture.pcf(line number: 89)] | Port sys_rst_n has been placed at location M15, whose type is share pin.
Executing : def_port {sys_rst_n} LOC=M15 VCCIO=1.8 IOSTANDARD=LVCMOS18 UNUSED=TRUE successfully
Executing : def_inst_site {U_INST/U_GTP_HSSTLP_WRAPPER/CHANNEL2_ENABLE.U_GTP_HSSTLP_LANE2/gophsst} HSSTLP_364_918 U2_HSSTLP_LANE
Executing : def_inst_site {U_INST/U_GTP_HSSTLP_WRAPPER/CHANNEL2_ENABLE.U_GTP_HSSTLP_LANE2/gophsst} HSSTLP_364_918 U2_HSSTLP_LANE successfully
Executing : def_inst_site {U_INST/U_GTP_HSSTLP_WRAPPER/PLL0_ENABLE.U_GTP_HSSTLP_PLL0/gophsst} HSSTLP_364_918 U1_HSSTLP_PLL
Executing : def_inst_site {U_INST/U_GTP_HSSTLP_WRAPPER/PLL0_ENABLE.U_GTP_HSSTLP_PLL0/gophsst} HSSTLP_364_918 U1_HSSTLP_PLL successfully
Executing : def_inst_site {dl_I_ips_ddr_top/u_ddrphy_top/ddrphy_reset_ctrl/ddrphy_ioclk_gate[0]/opit_0_inv} CLMA_357_354 FF3
Executing : def_inst_site {dl_I_ips_ddr_top/u_ddrphy_top/ddrphy_reset_ctrl/ddrphy_ioclk_gate[0]/opit_0_inv} CLMA_357_354 FF3 successfully
Executing : def_inst_site {dl_I_ips_ddr_top/u_ddrphy_top/ddrphy_reset_ctrl/ddrphy_ioclk_gate[1]/opit_0_inv} CLMA_357_660 FF3
Executing : def_inst_site {dl_I_ips_ddr_top/u_ddrphy_top/ddrphy_reset_ctrl/ddrphy_ioclk_gate[1]/opit_0_inv} CLMA_357_660 FF3 successfully
Executing : def_inst_site {dl_I_ips_ddr_top/u_ddrphy_top/u_ddrphy_cpd/cpd_inst} DDRPHY_CPD_369_466
Executing : def_inst_site {dl_I_ips_ddr_top/u_ddrphy_top/u_ddrphy_cpd/cpd_inst} DDRPHY_CPD_369_466 successfully
Executing : def_inst_site {dl_u_ips2l_pcie_wrap/U_IPS2L_PCIE_TOP/U_IPS2L_HSSTLP_PCIE_SOFT_PHY/x2.GTP_HSST_2LANE_TOP/U_GTP_HSSTLP_WRAPPER/CHANNEL0_ENABLE.U_GTP_HSSTLP_LANE0/gophsst} HSSTLP_364_918 U0_HSSTLP_LANE
Executing : def_inst_site {dl_u_ips2l_pcie_wrap/U_IPS2L_PCIE_TOP/U_IPS2L_HSSTLP_PCIE_SOFT_PHY/x2.GTP_HSST_2LANE_TOP/U_GTP_HSSTLP_WRAPPER/CHANNEL0_ENABLE.U_GTP_HSSTLP_LANE0/gophsst} HSSTLP_364_918 U0_HSSTLP_LANE successfully
Executing : def_inst_site {dl_u_ips2l_pcie_wrap/U_IPS2L_PCIE_TOP/U_IPS2L_HSSTLP_PCIE_SOFT_PHY/x2.GTP_HSST_2LANE_TOP/U_GTP_HSSTLP_WRAPPER/CHANNEL1_ENABLE.U_GTP_HSSTLP_LANE1/gophsst} HSSTLP_364_918 U1_HSSTLP_LANE
Executing : def_inst_site {dl_u_ips2l_pcie_wrap/U_IPS2L_PCIE_TOP/U_IPS2L_HSSTLP_PCIE_SOFT_PHY/x2.GTP_HSST_2LANE_TOP/U_GTP_HSSTLP_WRAPPER/CHANNEL1_ENABLE.U_GTP_HSSTLP_LANE1/gophsst} HSSTLP_364_918 U1_HSSTLP_LANE successfully
Executing : def_inst_site {dl_u_ips2l_pcie_wrap/U_IPS2L_PCIE_TOP/U_IPS2L_HSSTLP_PCIE_SOFT_PHY/x2.GTP_HSST_2LANE_TOP/U_GTP_HSSTLP_WRAPPER/PLL0_ENABLE.U_GTP_HSSTLP_PLL0/gophsst} HSSTLP_364_918 U0_HSSTLP_PLL
Executing : def_inst_site {dl_u_ips2l_pcie_wrap/U_IPS2L_PCIE_TOP/U_IPS2L_HSSTLP_PCIE_SOFT_PHY/x2.GTP_HSST_2LANE_TOP/U_GTP_HSSTLP_WRAPPER/PLL0_ENABLE.U_GTP_HSSTLP_PLL0/gophsst} HSSTLP_364_918 U0_HSSTLP_PLL successfully
W: ConstraintEditor-4019: Port Bus 'cam1_data' unspecified I/O constraint.
W: ConstraintEditor-4019: Port Bus 'cam2_data' unspecified I/O constraint.
W: ConstraintEditor-4019: Port Bus 'cam_fmc_data' unspecified I/O constraint.
W: ConstraintEditor-4019: Port Bus 'o_pl_err' unspecified I/O constraint.
W: ConstraintEditor-4019: Port Bus 'o_rdecer_2' unspecified I/O constraint.
W: ConstraintEditor-4019: Port Bus 'o_rdisper_2' unspecified I/O constraint.
W: ConstraintEditor-4019: Port Bus 'o_rxstatus_2' unspecified I/O constraint.
W: ConstraintEditor-4019: Port Bus 'o_wtchdg_st_0' unspecified I/O constraint.
W: ConstraintEditor-4019: Port Bus 'pcie_rxn' unspecified I/O constraint.
W: ConstraintEditor-4019: Port Bus 'pcie_rxp' unspecified I/O constraint.
W: ConstraintEditor-4019: Port Bus 'pcie_txn' unspecified I/O constraint.
W: ConstraintEditor-4019: Port Bus 'pcie_txp' unspecified I/O constraint.
W: ConstraintEditor-4019: Port 'cam1_href' unspecified I/O constraint.
W: ConstraintEditor-4019: Port 'cam1_pclk' unspecified I/O constraint.
W: ConstraintEditor-4019: Port 'cam1_reset_n' unspecified I/O constraint.
W: ConstraintEditor-4019: Port 'cam1_scl' unspecified I/O constraint.
W: ConstraintEditor-4019: Port 'cam1_sda' unspecified I/O constraint.
W: ConstraintEditor-4019: Port 'cam1_vsync' unspecified I/O constraint.
W: ConstraintEditor-4019: Port 'cam2_href' unspecified I/O constraint.
W: ConstraintEditor-4019: Port 'cam2_pclk' unspecified I/O constraint.
W: ConstraintEditor-4019: Port 'cam2_scl' unspecified I/O constraint.
W: ConstraintEditor-4019: Port 'cam2_sda' unspecified I/O constraint.
W: ConstraintEditor-4019: Port 'cam2_vsync' unspecified I/O constraint.
W: ConstraintEditor-4019: Port 'cam_fmc_href' unspecified I/O constraint.
W: ConstraintEditor-4019: Port 'cam_fmc_pclk' unspecified I/O constraint.
W: ConstraintEditor-4019: Port 'cam_fmc_reset_n' unspecified I/O constraint.
W: ConstraintEditor-4019: Port 'cam_fmc_scl' unspecified I/O constraint.
W: ConstraintEditor-4019: Port 'cam_fmc_sda' unspecified I/O constraint.
W: ConstraintEditor-4019: Port 'cam_fmc_vsync' unspecified I/O constraint.
W: ConstraintEditor-4019: Port 'hdmi_rx_init_done' unspecified I/O constraint.
W: ConstraintEditor-4019: Port 'i_p_l2rxn' unspecified I/O constraint.
W: ConstraintEditor-4019: Port 'i_p_l2rxp' unspecified I/O constraint.
W: ConstraintEditor-4019: Port 'o_p_l2txn' unspecified I/O constraint.
W: ConstraintEditor-4019: Port 'o_p_l2txp' unspecified I/O constraint.
W: ConstraintEditor-4019: Port 'o_p_lx_cdr_align_2' unspecified I/O constraint.
W: ConstraintEditor-4019: Port 'o_p_pll_lock_0' unspecified I/O constraint.
W: ConstraintEditor-4019: Port 'o_p_rx_sigdet_sta_2' unspecified I/O constraint.
W: ConstraintEditor-4019: Port 'o_pll_done_0' unspecified I/O constraint.
W: ConstraintEditor-4019: Port 'o_rxlane_done_2' unspecified I/O constraint.
W: ConstraintEditor-4019: Port 'o_txlane_done_2' unspecified I/O constraint.
W: ConstraintEditor-4019: Port 'tx_disable' unspecified I/O constraint.
Constraint check end.
I: Column Clock Check open.
Read Column Clock Map.

Placement started.
Phase 1 Pre global placement started.
Mapping instance GRS_INST/grs_ccs to CCS_87_316.
Mapping instance dl_u_ips2l_pcie_wrap/U_IPS2L_PCIE_TOP/U_IPS2L_PCIE_HARD_CTRL/u_gtp_pcie/gateop to PCIE_315_918.
Mapping instance dl_I_ips_ddr_top/u_ddrphy_top/ddrphy_gpll/u_gpll/gpll_inst to GPLL_367_463.
Mapping instance dl_I_ips_ddr_top/u_ddrphy_top/ddrphy_slice_top/i_dqs_bank[0].u_ddrphy_ioclkdiv/ddrphy_ioclk_div_inst to DDRPHY_IOCLK_DIV_368_310.
Mapping instance dl_I_ips_ddr_top/u_ddrphy_top/ddrphy_slice_top/i_dqs_bank[0].ddrphy_ppll/u_ppll/ppll_inst to PPLL_367_307.
Mapping instance dl_I_ips_ddr_top/u_ddrphy_top/ddrphy_slice_top/i_ca_group[0].u_ddc_ca/ddc_inst to DDR_PHY_369_465.
Mapping instance dl_I_ips_ddr_top/u_ddrphy_top/ddrphy_slice_top/i_ca_group[1].u_ddc_ca/ddc_inst to DDR_PHY_369_463.
Mapping instance dl_I_ips_ddr_top/u_ddrphy_top/ddrphy_slice_top/i_ca_group[2].u_ddc_ca/ddc_inst to DDR_PHY_369_309.
Mapping instance dl_I_ips_ddr_top/u_ddrphy_top/ddrphy_slice_top/i_dqs_bank[1].u_ddrphy_ioclkdiv/ddrphy_ioclk_div_inst to DDRPHY_IOCLK_DIV_368_616.
Mapping instance dl_I_ips_ddr_top/u_ddrphy_top/ddrphy_slice_top/i_dqs_bank[1].ddrphy_ppll/u_ppll/ppll_inst to PPLL_367_613.
Mapping instance dl_I_ips_ddr_top/u_ddrphy_top/ddrphy_slice_top/i_dqs_group[0].ddrphy_data_slice/u_ddc_dq/ddc_inst_PHY to DDR_PHY_369_613.
Mapping instance dl_I_ips_ddr_top/u_ddrphy_top/ddrphy_slice_top/i_dqs_group[1].ddrphy_data_slice/u_ddc_dq/ddc_inst_PHY to DDR_PHY_369_615.
Phase 1.1 1st GP placement started.
Design Utilization : 14%.
First map gop timing takes 2.64 sec
Worst slack after clock region global placement is -13048
Wirelength after clock region global placement is 330334 and checksum is 96558E20F10A8894.
1st GP placement takes 10.17 sec.

Phase 1.2 Clock placement started.
Mapping instance dl_I_ips_ddr_top/u_ddrphy_top/ddrphy_slice_top/i_dqs_bank[0].u_clkbufr/goprclk to RCKB_363_456.
Mapping instance dl_I_ips_ddr_top/u_ddrphy_top/ddrphy_slice_top/i_dqs_bank[1].u_clkbufr/goprclk to RCKB_363_762.
Mapping instance dl_I_ips_ddr_top/u_ddrphy_top/u_clkbufm/clkbufm_inst to MRCKB_361_456.
Mapping instance clkbufg_0/gopclkbufg to USCM_215_624.
Mapping instance dl_I_ips_ddr_top/u_ddrphy_top/u_sysclk_bufg/gopclkbufg to USCM_215_576.
Mapping instance dl_u_ips2l_pcie_wrap/U_IPS2L_PCIE_TOP/U_IPS2L_HSSTLP_PCIE_SOFT_PHY/u_clkbufg/gopclkbufg to USCM_215_627.
Mapping instance clkbufg_3/gopclkbufg to USCM_215_630.
Mapping instance clkbufg_5/gopclkbufg to USCM_215_633.
Mapping instance clkbufg_6/gopclkbufg to USCM_215_636.
Mapping instance dl_pll_inst/u_gpll/gpll_inst to GPLL_7_463.
Mapping instance clkbufg_2/gopclkbufg to USCM_215_579.
Mapping instance clkbufg_4/gopclkbufg to USCM_215_582.
Mapping instance dl_I_ips_ddr_top/u_ddrphy_top/rst_clk_gpll/u_gpll/gpll_inst to GPLL_7_157.
Mapping instance dl_I_ips_ddr_top/u_ddrphy_top/u_rst_clk_bufg/gopclkbufg to USCM_215_585.
Mapping instance clkbufg_1/gopclkbufg to USCM_215_588.
Clock placement takes 0.25 sec.

Wirelength after Pre Global Placement is 330334 and checksum is 96558E20F10A8894.
Pre global placement takes 11.30 sec.

Phase 2 Global placement started.
Phase 2.1 Fixed placement started.
Placed fixed group with base inst cam2_reset_n_obuf/opit_1 on IOLHR_16_510.
Placed fixed group with base inst cam_init_done_obuf[0]/opit_1 on IOLHR_16_612.
Placed fixed group with base inst cam_init_done_obuf[1]/opit_1 on IOLHR_16_912.
Placed fixed group with base inst ddr3_rst_n_obuf/opit_1 on IOLHR_364_606.
Placed fixed group with base inst dl_I_ips_ddr_top/u_ddrphy_top/ddrphy_slice_top/i_dqs_group[0].ddrphy_data_slice/dq_loop[0].u_iobuf_dq/opit_1 on IOLHR_364_624.
Placed fixed group with base inst dl_I_ips_ddr_top/u_ddrphy_top/ddrphy_slice_top/i_dqs_group[0].ddrphy_data_slice/dq_loop[1].u_iobuf_dq/opit_1 on IOLHR_364_630.
Placed fixed group with base inst dl_I_ips_ddr_top/u_ddrphy_top/ddrphy_slice_top/i_dqs_group[0].ddrphy_data_slice/dq_loop[2].u_iobuf_dq/opit_1 on IOLHR_364_636.
Placed fixed group with base inst dl_I_ips_ddr_top/u_ddrphy_top/ddrphy_slice_top/i_dqs_group[0].ddrphy_data_slice/dq_loop[3].u_iobuf_dq/opit_1 on IOLHR_364_642.
Placed fixed group with base inst dl_I_ips_ddr_top/u_ddrphy_top/ddrphy_slice_top/i_dqs_group[0].ddrphy_data_slice/dq_loop[4].u_iobuf_dq/opit_1 on IOLHR_364_648.
Placed fixed group with base inst dl_I_ips_ddr_top/u_ddrphy_top/ddrphy_slice_top/i_dqs_group[0].ddrphy_data_slice/dq_loop[5].u_iobuf_dq/opit_1 on IOLHR_364_666.
Placed fixed group with base inst dl_I_ips_ddr_top/u_ddrphy_top/ddrphy_slice_top/i_dqs_group[0].ddrphy_data_slice/dq_loop[6].u_iobuf_dq/opit_1 on IOLHR_364_672.
Placed fixed group with base inst dl_I_ips_ddr_top/u_ddrphy_top/ddrphy_slice_top/i_dqs_group[0].ddrphy_data_slice/dq_loop[7].u_iobuf_dq/opit_1 on IOLHR_364_684.
Placed fixed group with base inst dl_I_ips_ddr_top/u_ddrphy_top/ddrphy_slice_top/i_dqs_group[0].ddrphy_data_slice/genblk1.u_iobufco_dqs/opit_2 on IOLHR_364_660.
Placed fixed group with base inst dl_I_ips_ddr_top/u_ddrphy_top/ddrphy_slice_top/i_dqs_group[0].ddrphy_data_slice/u_outbuft_dm/opit_1 on IOLHR_364_618.
Placed fixed group with base inst dl_I_ips_ddr_top/u_ddrphy_top/ddrphy_slice_top/i_dqs_group[1].ddrphy_data_slice/dq_loop[0].u_iobuf_dq/opit_1 on IOLHR_364_702.
Placed fixed group with base inst dl_I_ips_ddr_top/u_ddrphy_top/ddrphy_slice_top/i_dqs_group[1].ddrphy_data_slice/dq_loop[1].u_iobuf_dq/opit_1 on IOLHR_364_708.
Placed fixed group with base inst dl_I_ips_ddr_top/u_ddrphy_top/ddrphy_slice_top/i_dqs_group[1].ddrphy_data_slice/dq_loop[2].u_iobuf_dq/opit_1 on IOLHR_364_714.
Placed fixed group with base inst dl_I_ips_ddr_top/u_ddrphy_top/ddrphy_slice_top/i_dqs_group[1].ddrphy_data_slice/dq_loop[3].u_iobuf_dq/opit_1 on IOLHR_364_720.
Placed fixed group with base inst dl_I_ips_ddr_top/u_ddrphy_top/ddrphy_slice_top/i_dqs_group[1].ddrphy_data_slice/dq_loop[4].u_iobuf_dq/opit_1 on IOLHR_364_738.
Placed fixed group with base inst dl_I_ips_ddr_top/u_ddrphy_top/ddrphy_slice_top/i_dqs_group[1].ddrphy_data_slice/dq_loop[5].u_iobuf_dq/opit_1 on IOLHR_364_744.
Placed fixed group with base inst dl_I_ips_ddr_top/u_ddrphy_top/ddrphy_slice_top/i_dqs_group[1].ddrphy_data_slice/dq_loop[6].u_iobuf_dq/opit_1 on IOLHR_364_750.
Placed fixed group with base inst dl_I_ips_ddr_top/u_ddrphy_top/ddrphy_slice_top/i_dqs_group[1].ddrphy_data_slice/dq_loop[7].u_iobuf_dq/opit_1 on IOLHR_364_756.
Placed fixed group with base inst dl_I_ips_ddr_top/u_ddrphy_top/ddrphy_slice_top/i_dqs_group[1].ddrphy_data_slice/genblk1.u_iobufco_dqs/opit_2 on IOLHR_364_732.
Placed fixed group with base inst dl_I_ips_ddr_top/u_ddrphy_top/ddrphy_slice_top/i_dqs_group[1].ddrphy_data_slice/u_outbuft_dm/opit_1 on IOLHR_364_696.
Placed fixed group with base inst dl_I_ips_ddr_top/u_ddrphy_top/ddrphy_slice_top/i_mem_addr_0[0].u_outbuft_addr0/opit_1 on IOLHR_364_600.
Placed fixed group with base inst dl_I_ips_ddr_top/u_ddrphy_top/ddrphy_slice_top/i_mem_addr_0[1].u_outbuft_addr0/opit_1 on IOLHR_364_594.
Placed fixed group with base inst dl_I_ips_ddr_top/u_ddrphy_top/ddrphy_slice_top/i_mem_addr_0[2].u_outbuft_addr0/opit_1 on IOLHR_364_588.
Placed fixed group with base inst dl_I_ips_ddr_top/u_ddrphy_top/ddrphy_slice_top/i_mem_addr_0[3].u_outbuft_addr0/opit_1 on IOLHR_364_582.
Placed fixed group with base inst dl_I_ips_ddr_top/u_ddrphy_top/ddrphy_slice_top/i_mem_addr_0[4].u_outbuft_addr0/opit_1 on IOLHR_364_576.
Placed fixed group with base inst dl_I_ips_ddr_top/u_ddrphy_top/ddrphy_slice_top/i_mem_addr_0[5].u_outbuft_addr0/opit_1 on IOLHR_364_570.
Placed fixed group with base inst dl_I_ips_ddr_top/u_ddrphy_top/ddrphy_slice_top/i_mem_addr_0[6].u_outbuft_addr0/opit_1 on IOLHR_364_564.
Placed fixed group with base inst dl_I_ips_ddr_top/u_ddrphy_top/ddrphy_slice_top/i_mem_addr_0[7].u_outbuft_addr0/opit_1 on IOLHR_364_558.
Placed fixed group with base inst dl_I_ips_ddr_top/u_ddrphy_top/ddrphy_slice_top/i_mem_addr_0[8].u_outbuft_addr0/opit_1 on IOLHR_364_552.
Placed fixed group with base inst dl_I_ips_ddr_top/u_ddrphy_top/ddrphy_slice_top/i_mem_addr_0[9].u_outbuft_addr0/opit_1 on IOLHR_364_546.
Placed fixed group with base inst dl_I_ips_ddr_top/u_ddrphy_top/ddrphy_slice_top/i_mem_addr_0[10].u_outbuft_addr0/opit_1 on IOLHR_364_540.
Placed fixed group with base inst dl_I_ips_ddr_top/u_ddrphy_top/ddrphy_slice_top/i_mem_addr_0[11].u_outbuft_addr0/opit_1 on IOLHR_364_528.
Placed fixed group with base inst dl_I_ips_ddr_top/u_ddrphy_top/ddrphy_slice_top/i_mem_addr_0[12].u_outbuft_addr0/opit_1 on IOLHR_364_522.
Placed fixed group with base inst dl_I_ips_ddr_top/u_ddrphy_top/ddrphy_slice_top/i_mem_addr_0[13].u_outbuft_addr0/opit_1 on IOLHR_364_516.
Placed fixed group with base inst dl_I_ips_ddr_top/u_ddrphy_top/ddrphy_slice_top/i_mem_addr_0[14].u_outbuft_addr0/opit_1 on IOLHR_364_510.
Placed fixed group with base inst dl_I_ips_ddr_top/u_ddrphy_top/ddrphy_slice_top/k_mem_ba[0].u_outbuft_ba/opit_1 on IOLHR_364_498.
Placed fixed group with base inst dl_I_ips_ddr_top/u_ddrphy_top/ddrphy_slice_top/k_mem_ba[1].u_outbuft_ba/opit_1 on IOLHR_364_492.
Placed fixed group with base inst dl_I_ips_ddr_top/u_ddrphy_top/ddrphy_slice_top/k_mem_ba[2].u_outbuft_ba/opit_1 on IOLHR_364_486.
Placed fixed group with base inst dl_I_ips_ddr_top/u_ddrphy_top/ddrphy_slice_top/u_outbuft_casn/opit_1 on IOLHR_364_414.
Placed fixed group with base inst dl_I_ips_ddr_top/u_ddrphy_top/ddrphy_slice_top/u_outbuft_cke/opit_1 on IOLHR_364_462.
Placed fixed group with base inst dl_I_ips_ddr_top/u_ddrphy_top/ddrphy_slice_top/u_outbuft_csn/opit_1 on IOLHR_364_408.
Placed fixed group with base inst dl_I_ips_ddr_top/u_ddrphy_top/ddrphy_slice_top/u_outbuft_odt/opit_1 on IOLHR_364_402.
Placed fixed group with base inst dl_I_ips_ddr_top/u_ddrphy_top/ddrphy_slice_top/u_outbuft_rasn/opit_1 on IOLHR_364_420.
Placed fixed group with base inst dl_I_ips_ddr_top/u_ddrphy_top/ddrphy_slice_top/u_outbuft_wen/opit_1 on IOLHR_364_426.
Placed fixed group with base inst dl_I_ips_ddr_top/u_ddrphy_top/ddrphy_slice_top/u_outbuftco_ck/opit_3 on IOLHR_364_480.
Placed fixed group with base inst dl_u_ips2l_pcie_wrap/U_IPS2L_PCIE_TOP/U_IPS2L_HSSTLP_PCIE_SOFT_PHY/x2.GTP_HSST_2LANE_TOP/U_GTP_HSSTLP_WRAPPER/CHANNEL0_ENABLE.U_GTP_HSSTLP_LANE0/gophsst on HSSTLP_364_918.
Placed fixed group with base inst hdmi_b_ibuf[3]/opit_1 on IOLHR_16_474.
Placed fixed group with base inst hdmi_b_ibuf[4]/opit_1 on IOLHR_16_336.
Placed fixed group with base inst hdmi_b_ibuf[5]/opit_1 on IOLHR_16_480.
Placed fixed group with base inst hdmi_b_ibuf[6]/opit_1 on IOLHR_16_342.
Placed fixed group with base inst hdmi_b_ibuf[7]/opit_1 on IOLHR_16_396.
Placed fixed group with base inst hdmi_de_ibuf/opit_1 on IOLHR_16_318.
Placed fixed group with base inst hdmi_g_ibuf[2]/opit_1 on IOLHR_16_354.
Placed fixed group with base inst hdmi_g_ibuf[3]/opit_1 on IOLHR_16_408.
Placed fixed group with base inst hdmi_g_ibuf[4]/opit_1 on IOLHR_16_360.
Placed fixed group with base inst hdmi_g_ibuf[5]/opit_1 on IOLHR_16_414.
Placed fixed group with base inst hdmi_g_ibuf[6]/opit_1 on IOLHR_16_366.
Placed fixed group with base inst hdmi_g_ibuf[7]/opit_1 on IOLHR_16_420.
Placed fixed group with base inst hdmi_pix_clk_ibuf/opit_1 on IOLHR_16_468.
Placed fixed group with base inst hdmi_r_ibuf[3]/opit_1 on IOLHR_16_306.
Placed fixed group with base inst hdmi_r_ibuf[4]/opit_1 on IOLHR_16_444.
Placed fixed group with base inst hdmi_r_ibuf[5]/opit_1 on IOLHR_16_486.
Placed fixed group with base inst hdmi_r_ibuf[6]/opit_1 on IOLHR_16_450.
Placed fixed group with base inst hdmi_r_ibuf[7]/opit_1 on IOLHR_16_492.
Placed fixed group with base inst hdmi_rx_scl_iobuf/opit_1 on IOLHR_16_372.
Placed fixed group with base inst hdmi_rx_sda_tri/opit_1 on IOLHR_16_378.
Placed fixed group with base inst hdmi_vs_ibuf/opit_1 on IOLHR_16_312.
Placed fixed group with base inst sys_clk_ibuf/opit_1 on IOLHR_364_468.
Placed fixed group with base inst sys_rst_n_ibuf/opit_1 on IOLHR_16_624.
Placed fixed instance U_INST/U_GTP_HSSTLP_WRAPPER/CHANNEL2_ENABLE.U_GTP_HSSTLP_LANE2/gophsst on HSSTLP_364_918.
Placed fixed instance U_INST/U_GTP_HSSTLP_WRAPPER/PLL0_ENABLE.U_GTP_HSSTLP_PLL0/gophsst on HSSTLP_364_918.
Placed fixed instance dl_I_ips_ddr_top/u_ddrphy_top/ddrphy_reset_ctrl/ddrphy_ioclk_gate[0]/opit_0_inv on CLMA_357_354.
Placed fixed instance dl_I_ips_ddr_top/u_ddrphy_top/ddrphy_reset_ctrl/ddrphy_ioclk_gate[1]/opit_0_inv on CLMA_357_660.
Placed fixed instance dl_u_ips2l_pcie_wrap/U_IPS2L_PCIE_TOP/U_IPS2L_HSSTLP_PCIE_SOFT_PHY/x2.GTP_HSST_2LANE_TOP/U_GTP_HSSTLP_WRAPPER/PLL0_ENABLE.U_GTP_HSSTLP_PLL0/gophsst on HSSTLP_364_918.
Placed fixed instance GRS_INST/grs_ccs on CCS_87_316.
Placed fixed instance clkbufg_0/gopclkbufg on USCM_215_624.
Placed fixed instance clkbufg_1/gopclkbufg on USCM_215_588.
Placed fixed instance clkbufg_2/gopclkbufg on USCM_215_579.
Placed fixed instance clkbufg_3/gopclkbufg on USCM_215_630.
Placed fixed instance clkbufg_4/gopclkbufg on USCM_215_582.
Placed fixed instance clkbufg_5/gopclkbufg on USCM_215_633.
Placed fixed instance clkbufg_6/gopclkbufg on USCM_215_636.
Placed fixed instance dl_I_ips_ddr_top/u_ddrphy_top/ddrphy_gpll/u_gpll/gpll_inst on GPLL_367_463.
Placed fixed instance dl_I_ips_ddr_top/u_ddrphy_top/ddrphy_slice_top/i_ca_group[0].u_ddc_ca/ddc_inst on DDR_PHY_369_465.
Placed fixed instance dl_I_ips_ddr_top/u_ddrphy_top/ddrphy_slice_top/i_ca_group[1].u_ddc_ca/ddc_inst on DDR_PHY_369_463.
Placed fixed instance dl_I_ips_ddr_top/u_ddrphy_top/ddrphy_slice_top/i_ca_group[2].u_ddc_ca/ddc_inst on DDR_PHY_369_309.
Placed fixed instance dl_I_ips_ddr_top/u_ddrphy_top/ddrphy_slice_top/i_dqs_bank[0].ddrphy_ppll/u_ppll/ppll_inst on PPLL_367_307.
Placed fixed instance dl_I_ips_ddr_top/u_ddrphy_top/ddrphy_slice_top/i_dqs_bank[0].u_clkbufr/goprclk on RCKB_363_456.
Placed fixed instance dl_I_ips_ddr_top/u_ddrphy_top/ddrphy_slice_top/i_dqs_bank[0].u_ddrphy_ioclkdiv/ddrphy_ioclk_div_inst on DDRPHY_IOCLK_DIV_368_310.
Placed fixed instance dl_I_ips_ddr_top/u_ddrphy_top/ddrphy_slice_top/i_dqs_bank[1].ddrphy_ppll/u_ppll/ppll_inst on PPLL_367_613.
Placed fixed instance dl_I_ips_ddr_top/u_ddrphy_top/ddrphy_slice_top/i_dqs_bank[1].u_clkbufr/goprclk on RCKB_363_762.
Placed fixed instance dl_I_ips_ddr_top/u_ddrphy_top/ddrphy_slice_top/i_dqs_bank[1].u_ddrphy_ioclkdiv/ddrphy_ioclk_div_inst on DDRPHY_IOCLK_DIV_368_616.
Placed fixed instance dl_I_ips_ddr_top/u_ddrphy_top/ddrphy_slice_top/i_dqs_group[0].ddrphy_data_slice/u_ddc_dq/ddc_inst_PHY on DDR_PHY_369_613.
Placed fixed instance dl_I_ips_ddr_top/u_ddrphy_top/ddrphy_slice_top/i_dqs_group[1].ddrphy_data_slice/u_ddc_dq/ddc_inst_PHY on DDR_PHY_369_615.
Placed fixed instance dl_I_ips_ddr_top/u_ddrphy_top/rst_clk_gpll/u_gpll/gpll_inst on GPLL_7_157.
Placed fixed instance dl_I_ips_ddr_top/u_ddrphy_top/u_clkbufm/clkbufm_inst on MRCKB_361_456.
Placed fixed instance dl_I_ips_ddr_top/u_ddrphy_top/u_ddrphy_cpd/cpd_inst on DDRPHY_CPD_369_466.
Placed fixed instance dl_I_ips_ddr_top/u_ddrphy_top/u_rst_clk_bufg/gopclkbufg on USCM_215_585.
Placed fixed instance dl_I_ips_ddr_top/u_ddrphy_top/u_sysclk_bufg/gopclkbufg on USCM_215_576.
Placed fixed instance dl_pll_inst/u_gpll/gpll_inst on GPLL_7_463.
Placed fixed instance dl_u_ips2l_pcie_wrap/U_IPS2L_PCIE_TOP/U_IPS2L_HSSTLP_PCIE_SOFT_PHY/u_clkbufg/gopclkbufg on USCM_215_627.
Placed fixed instance dl_u_ips2l_pcie_wrap/U_IPS2L_PCIE_TOP/U_IPS2L_PCIE_HARD_CTRL/u_gtp_pcie/gateop on PCIE_315_918.
Placed fixed instance pcie_refclk_n_ibuf_hsst on SPAD_363_922.
Placed fixed instance pcie_refclk_p_ibuf_hsst on SPAD_363_921.
Placed fixed instance BKCL_auto_0 on BKCL_1_646.
Placed fixed instance BKCL_auto_1 on BKCL_1_340.
Placed fixed instance BKCL_auto_2 on BKCL_373_646.
Placed fixed instance BKCL_auto_3 on BKCL_373_340.
Fixed placement takes 0.31 sec.

Phase 2.2 Process placement started.
I: The IO driver of dl_I_ips_ddr_top/u_ddrphy_top/rst_clk_gpll/u_gpll/gpll_inst(CLKIN1) is not constraint at pllpad, its clock path will pass through SRB.
I: The IO driver of dl_pll_inst/u_gpll/gpll_inst(CLKIN1) is not constraint at pllpad, its clock path will pass through SRB.
Process placement takes 0.00 sec.

Phase 2.3 IO placement started.
IO placement takes 0.08 sec.

Phase 2.4 2nd GP placement started.
Run super clustering :
	Initial slack -5874.
	1 iterations finished.
	Final slack -5874.
Super clustering done.
Design Utilization : 14%.
Worst slack after global placement is -5649
2nd GP placement takes 4.47 sec.

Wirelength after global placement is 138779 and checksum is 804B72F81F54623A.
Global placement takes 4.88 sec.

Phase 3 Post global placement started.
Packing LUT6D started.
I: LUT6D pack result: There are 3432 LUT6 in collection, pack success:131
Packing LUT6D takes 1.31 sec.
Phase 3.1 Macro cell placement started.
I: Process macros using "Greedy".
Wirelength after macro cell placement is 156987 and checksum is 19CBBC3575A17864.
Macro cell placement takes 0.08 sec.

Phase 3.2 3rd GP placement started.
Run super clustering :
	Initial slack -5874.
	1 iterations finished.
	Final slack -5874.
Super clustering done.
Design Utilization : 14%.
Worst slack after post global placement is -5523
3rd GP placement takes 3.62 sec.

Wirelength after post global placement is 143268 and checksum is E94718D0FC539DF8.
Packing LUT6D started.
I: LUT6D pack result: There are 3194 LUT6 in collection, pack success:4
Packing LUT6D takes 1.33 sec.
Post global placement takes 6.39 sec.

Phase 4 Legalization started.
The average distance in LP is 0.871705.
Wirelength after legalization is 167714 and checksum is E5249BBD21B7EC1B.
Legalization takes 0.89 sec.

Phase 5 Timing-driven detailed placement started.
Phase 5.1 Replication placement started.
Worst slack before Replication Place is -4554.
Replication placement takes 0.75 sec.

Wirelength after replication placement is 167732 and checksum is 1E4040EA6504F7E2.
Phase 5.2 Swapping placement started.
Worst slack before detailed placement is -4554, TNS before detailed placement is -354443. 
Cost at Swap iteration 0 : -4554, wslk -4424, tns -351316, takes 0.05 sec.
Cost at DP iteration 0 : -4424, wslk -4203, tns -336081, takes 0.08 sec.
Cost at Swap iteration 1 : -4203, wslk -4191, tns -336008, takes 0.06 sec.
Cost at Swap iteration 2 : -4191, wslk -4176, tns -335777, takes 0.06 sec.
Cost at DP iteration 2 : -4176, wslk -4079, tns -333103, takes 0.05 sec.
Cost at Swap iteration 3 : -4079, wslk -4079, tns -333103, takes 0.05 sec.
Cost at Swap iteration 4 : -4079, wslk -4079, tns -333103, takes 0.17 sec.
Cost at DP iteration 4 : -4079, wslk -4079, tns -332909, takes 0.27 sec.
Cost at Swap iteration 5 : -4079, wslk -4079, tns -332692, takes 0.06 sec.
Worst slack after detailed placement is -4079, TNS after detailed placement is -332692. 
Swapping placement takes 1.39 sec.

I: Place-6001: Add the new FF instances CLMA_231_445(/FFAPP1/FF) replicated by the FF instance CLMA_231_432(/FFAPP2/FF) .
Origin dl_I_ips_ddr_top/u_ddrphy_top/ddrphy_dfi/dfi_init_complete/opit_0_inv_L5Q replicates:
    CLMA_231_445(/FFAPP1/FF)  : dl_I_ips_ddr_top/u_ddrphy_top/ddrphy_dfi/dfi_init_complete/opit_0_inv_L5Q_1(gopLUT6L5Q)
Wirelength after detailed placement is 168344 and checksum is 527684ECB7A0641C.
Timing-driven detailed placement takes 2.17 sec.

Worst slack is -4414, TNS after placement is -783160.
Placement done.
Total placement takes 30.19 sec.
Finished placement.

Routing started.
Building routing graph takes 2.75 sec.
Worst slack is -4414, TNS before global route is -783160.
Processing design graph takes 1.66 sec.
Total memory for routing:
	229.388766 M.
Total nets for routing : 20945.
Global Routing step 1 processed 0 nets, it takes 1.52 sec.
Rcf routing step 1 processed 0 nets, it takes 0.00 sec.
Rcf routing step 2 processed 0 nets, it takes 0.00 sec.
Rcf routing step 3 processed 0 nets, it takes 0.00 sec.
Unrouted nets 0 at the end of iteration 0.
Global Routing step 1 processed 42 nets, it takes 0.05 sec.
Unrouted nets 234 at the end of iteration 0.
Unrouted nets 141 at the end of iteration 1.
Unrouted nets 70 at the end of iteration 2.
Unrouted nets 43 at the end of iteration 3.
Unrouted nets 26 at the end of iteration 4.
Unrouted nets 18 at the end of iteration 5.
Unrouted nets 10 at the end of iteration 6.
Unrouted nets 8 at the end of iteration 7.
Unrouted nets 2 at the end of iteration 8.
Unrouted nets 0 at the end of iteration 9.
Global Routing step 2 processed 608 nets, it takes 0.88 sec.
Unrouted nets 0 at the end of iteration 0.
Global Routing step 3 processed 3 nets, it takes 0.03 sec.
Unrouted nets 402 at the end of iteration 0.
Unrouted nets 232 at the end of iteration 1.
Unrouted nets 140 at the end of iteration 2.
Unrouted nets 74 at the end of iteration 3.
Unrouted nets 49 at the end of iteration 4.
Unrouted nets 24 at the end of iteration 5.
Unrouted nets 19 at the end of iteration 6.
Unrouted nets 7 at the end of iteration 7.
Unrouted nets 0 at the end of iteration 8.
Global Routing step 4 processed 708 nets, it takes 1.47 sec.
Global routing takes 2.50 sec.
Total 22995 subnets.
    forward max bucket size 30532 , backward 737.
        Unrouted nets 15342 at the end of iteration 0.
    route iteration 0, CPU time elapsed 3.156250 sec.
    forward max bucket size 485 , backward 564.
        Unrouted nets 12826 at the end of iteration 1.
    route iteration 1, CPU time elapsed 2.515625 sec.
    forward max bucket size 502 , backward 528.
        Unrouted nets 10720 at the end of iteration 2.
    route iteration 2, CPU time elapsed 2.375000 sec.
    forward max bucket size 729 , backward 539.
        Unrouted nets 8931 at the end of iteration 3.
    route iteration 3, CPU time elapsed 2.125000 sec.
    forward max bucket size 746 , backward 472.
        Unrouted nets 7671 at the end of iteration 4.
    route iteration 4, CPU time elapsed 1.890625 sec.
    forward max bucket size 829 , backward 276.
        Unrouted nets 6472 at the end of iteration 5.
    route iteration 5, CPU time elapsed 1.671875 sec.
    forward max bucket size 395 , backward 474.
        Unrouted nets 6166 at the end of iteration 6.
    route iteration 6, CPU time elapsed 1.296875 sec.
    forward max bucket size 421 , backward 286.
        Unrouted nets 5202 at the end of iteration 7.
    route iteration 7, CPU time elapsed 1.140625 sec.
    forward max bucket size 477 , backward 377.
        Unrouted nets 4314 at the end of iteration 8.
    route iteration 8, CPU time elapsed 0.953125 sec.
    forward max bucket size 416 , backward 471.
        Unrouted nets 3566 at the end of iteration 9.
    route iteration 9, CPU time elapsed 0.843750 sec.
    forward max bucket size 428 , backward 446.
        Unrouted nets 2924 at the end of iteration 10.
    route iteration 10, CPU time elapsed 0.703125 sec.
    forward max bucket size 483 , backward 430.
        Unrouted nets 2512 at the end of iteration 11.
    route iteration 11, CPU time elapsed 0.640625 sec.
    forward max bucket size 505 , backward 430.
        Unrouted nets 2142 at the end of iteration 12.
    route iteration 12, CPU time elapsed 0.500000 sec.
    forward max bucket size 436 , backward 222.
        Unrouted nets 1784 at the end of iteration 13.
    route iteration 13, CPU time elapsed 0.421875 sec.
    forward max bucket size 424 , backward 482.
        Unrouted nets 1548 at the end of iteration 14.
    route iteration 14, CPU time elapsed 0.468750 sec.
    forward max bucket size 391 , backward 199.
        Unrouted nets 1369 at the end of iteration 15.
    route iteration 15, CPU time elapsed 0.390625 sec.
    forward max bucket size 572 , backward 192.
        Unrouted nets 1142 at the end of iteration 16.
    route iteration 16, CPU time elapsed 0.328125 sec.
    forward max bucket size 440 , backward 515.
        Unrouted nets 961 at the end of iteration 17.
    route iteration 17, CPU time elapsed 0.312500 sec.
    forward max bucket size 452 , backward 516.
        Unrouted nets 821 at the end of iteration 18.
    route iteration 18, CPU time elapsed 0.250000 sec.
    forward max bucket size 504 , backward 255.
        Unrouted nets 740 at the end of iteration 19.
    route iteration 19, CPU time elapsed 0.218750 sec.
    forward max bucket size 382 , backward 169.
        Unrouted nets 606 at the end of iteration 20.
    route iteration 20, CPU time elapsed 0.203125 sec.
    forward max bucket size 481 , backward 417.
        Unrouted nets 471 at the end of iteration 21.
    route iteration 21, CPU time elapsed 0.187500 sec.
    forward max bucket size 485 , backward 417.
        Unrouted nets 434 at the end of iteration 22.
    route iteration 22, CPU time elapsed 0.171875 sec.
    forward max bucket size 341 , backward 183.
        Unrouted nets 372 at the end of iteration 23.
    route iteration 23, CPU time elapsed 0.187500 sec.
    forward max bucket size 204 , backward 121.
        Unrouted nets 329 at the end of iteration 24.
    route iteration 24, CPU time elapsed 0.140625 sec.
    forward max bucket size 252 , backward 93.
        Unrouted nets 275 at the end of iteration 25.
    route iteration 25, CPU time elapsed 0.140625 sec.
    forward max bucket size 249 , backward 104.
        Unrouted nets 206 at the end of iteration 26.
    route iteration 26, CPU time elapsed 0.140625 sec.
    forward max bucket size 257 , backward 114.
        Unrouted nets 178 at the end of iteration 27.
    route iteration 27, CPU time elapsed 0.109375 sec.
    forward max bucket size 164 , backward 240.
        Unrouted nets 151 at the end of iteration 28.
    route iteration 28, CPU time elapsed 0.093750 sec.
    forward max bucket size 207 , backward 148.
        Unrouted nets 109 at the end of iteration 29.
    route iteration 29, CPU time elapsed 0.109375 sec.
    forward max bucket size 224 , backward 96.
        Unrouted nets 101 at the end of iteration 30.
    route iteration 30, CPU time elapsed 0.093750 sec.
    forward max bucket size 374 , backward 157.
        Unrouted nets 82 at the end of iteration 31.
    route iteration 31, CPU time elapsed 0.093750 sec.
    forward max bucket size 227 , backward 197.
        Unrouted nets 66 at the end of iteration 32.
    route iteration 32, CPU time elapsed 0.078125 sec.
    forward max bucket size 215 , backward 166.
        Unrouted nets 55 at the end of iteration 33.
    route iteration 33, CPU time elapsed 0.078125 sec.
    forward max bucket size 201 , backward 96.
        Unrouted nets 53 at the end of iteration 34.
    route iteration 34, CPU time elapsed 0.078125 sec.
    forward max bucket size 259 , backward 92.
        Unrouted nets 54 at the end of iteration 35.
    route iteration 35, CPU time elapsed 0.078125 sec.
    forward max bucket size 255 , backward 37.
        Unrouted nets 45 at the end of iteration 36.
    route iteration 36, CPU time elapsed 0.078125 sec.
    forward max bucket size 101 , backward 215.
        Unrouted nets 41 at the end of iteration 37.
    route iteration 37, CPU time elapsed 0.078125 sec.
    forward max bucket size 128 , backward 65.
        Unrouted nets 47 at the end of iteration 38.
    route iteration 38, CPU time elapsed 0.078125 sec.
    forward max bucket size 165 , backward 125.
        Unrouted nets 50 at the end of iteration 39.
    route iteration 39, CPU time elapsed 0.078125 sec.
    forward max bucket size 157 , backward 56.
        Unrouted nets 50 at the end of iteration 40.
    route iteration 40, CPU time elapsed 0.078125 sec.
    forward max bucket size 33 , backward 50.
        Unrouted nets 42 at the end of iteration 41.
    route iteration 41, CPU time elapsed 0.093750 sec.
    forward max bucket size 36 , backward 110.
        Unrouted nets 28 at the end of iteration 42.
    route iteration 42, CPU time elapsed 0.062500 sec.
    forward max bucket size 126 , backward 105.
        Unrouted nets 24 at the end of iteration 43.
    route iteration 43, CPU time elapsed 0.031250 sec.
    forward max bucket size 149 , backward 53.
        Unrouted nets 19 at the end of iteration 44.
    route iteration 44, CPU time elapsed 0.062500 sec.
    forward max bucket size 281 , backward 33.
        Unrouted nets 22 at the end of iteration 45.
    route iteration 45, CPU time elapsed 0.046875 sec.
    forward max bucket size 34 , backward 112.
        Unrouted nets 17 at the end of iteration 46.
    route iteration 46, CPU time elapsed 0.062500 sec.
    forward max bucket size 131 , backward 114.
        Unrouted nets 13 at the end of iteration 47.
    route iteration 47, CPU time elapsed 0.078125 sec.
    forward max bucket size 41 , backward 14.
        Unrouted nets 10 at the end of iteration 48.
    route iteration 48, CPU time elapsed 0.093750 sec.
    forward max bucket size 132 , backward 17.
        Unrouted nets 5 at the end of iteration 49.
    route iteration 49, CPU time elapsed 0.031250 sec.
    forward max bucket size 19 , backward 12.
        Unrouted nets 3 at the end of iteration 50.
    route iteration 50, CPU time elapsed 0.062500 sec.
    forward max bucket size 19 , backward 12.
        Unrouted nets 1 at the end of iteration 51.
    route iteration 51, CPU time elapsed 0.078125 sec.
    forward max bucket size 19 , backward 12.
        Unrouted nets 1 at the end of iteration 52.
    route iteration 52, CPU time elapsed 0.062500 sec.
    forward max bucket size 19 , backward 12.
        Unrouted nets 1 at the end of iteration 53.
    route iteration 53, CPU time elapsed 0.078125 sec.
    forward max bucket size 19 , backward 12.
        Unrouted nets 1 at the end of iteration 54.
    route iteration 54, CPU time elapsed 0.062500 sec.
    forward max bucket size 19 , backward 12.
        Unrouted nets 1 at the end of iteration 55.
    route iteration 55, CPU time elapsed 0.062500 sec.
    forward max bucket size 19 , backward 12.
        Unrouted nets 1 at the end of iteration 56.
    route iteration 56, CPU time elapsed 0.078125 sec.
    forward max bucket size 19 , backward 12.
        Unrouted nets 1 at the end of iteration 57.
    route iteration 57, CPU time elapsed 0.062500 sec.
    forward max bucket size 19 , backward 12.
        Unrouted nets 1 at the end of iteration 58.
    route iteration 58, CPU time elapsed 0.062500 sec.
    forward max bucket size 19 , backward 12.
        Unrouted nets 1 at the end of iteration 59.
    route iteration 59, CPU time elapsed 0.062500 sec.
    forward max bucket size 19 , backward 12.
        Unrouted nets 1 at the end of iteration 60.
    route iteration 60, CPU time elapsed 0.062500 sec.
    forward max bucket size 19 , backward 12.
        Unrouted nets 1 at the end of iteration 61.
    route iteration 61, CPU time elapsed 0.062500 sec.
    forward max bucket size 19 , backward 12.
        Unrouted nets 1 at the end of iteration 62.
    route iteration 62, CPU time elapsed 0.062500 sec.
    forward max bucket size 19 , backward 12.
        Unrouted nets 1 at the end of iteration 63.
    route iteration 63, CPU time elapsed 0.062500 sec.
    forward max bucket size 19 , backward 12.
        Unrouted nets 1 at the end of iteration 64.
    route iteration 64, CPU time elapsed 0.062500 sec.
    forward max bucket size 19 , backward 12.
        Unrouted nets 1 at the end of iteration 65.
    route iteration 65, CPU time elapsed 0.062500 sec.
    forward max bucket size 19 , backward 12.
        Unrouted nets 1 at the end of iteration 66.
    route iteration 66, CPU time elapsed 0.046875 sec.
    forward max bucket size 19 , backward 12.
        Unrouted nets 1 at the end of iteration 67.
    route iteration 67, CPU time elapsed 0.062500 sec.
    forward max bucket size 19 , backward 12.
        Unrouted nets 1 at the end of iteration 68.
    route iteration 68, CPU time elapsed 0.062500 sec.
    forward max bucket size 19 , backward 12.
        Unrouted nets 1 at the end of iteration 69.
    route iteration 69, CPU time elapsed 0.062500 sec.
    forward max bucket size 19 , backward 12.
        Unrouted nets 1 at the end of iteration 70.
    route iteration 70, CPU time elapsed 0.046875 sec.
    forward max bucket size 19 , backward 12.
        Unrouted nets 1 at the end of iteration 71.
    route iteration 71, CPU time elapsed 0.062500 sec.
    forward max bucket size 19 , backward 12.
        Unrouted nets 1 at the end of iteration 72.
    route iteration 72, CPU time elapsed 0.062500 sec.
    forward max bucket size 19 , backward 12.
        Unrouted nets 1 at the end of iteration 73.
    route iteration 73, CPU time elapsed 0.062500 sec.
    forward max bucket size 19 , backward 12.
        Unrouted nets 1 at the end of iteration 74.
    route iteration 74, CPU time elapsed 0.046875 sec.
    forward max bucket size 19 , backward 12.
        Unrouted nets 1 at the end of iteration 75.
    route iteration 75, CPU time elapsed 0.046875 sec.
    forward max bucket size 19 , backward 12.
        Unrouted nets 1 at the end of iteration 76.
    route iteration 76, CPU time elapsed 0.062500 sec.
    forward max bucket size 19 , backward 12.
        Unrouted nets 1 at the end of iteration 77.
    route iteration 77, CPU time elapsed 0.062500 sec.
    forward max bucket size 19 , backward 12.
        Unrouted nets 1 at the end of iteration 78.
    route iteration 78, CPU time elapsed 0.062500 sec.
    forward max bucket size 19 , backward 12.
        Unrouted nets 1 at the end of iteration 79.
    route iteration 79, CPU time elapsed 0.062500 sec.
    forward max bucket size 19 , backward 12.
        Unrouted nets 1 at the end of iteration 80.
    route iteration 80, CPU time elapsed 0.046875 sec.
    forward max bucket size 19 , backward 12.
        Unrouted nets 1 at the end of iteration 81.
    route iteration 81, CPU time elapsed 0.062500 sec.
    forward max bucket size 19 , backward 12.
        Unrouted nets 1 at the end of iteration 82.
    route iteration 82, CPU time elapsed 0.078125 sec.
    forward max bucket size 19 , backward 12.
        Unrouted nets 1 at the end of iteration 83.
    route iteration 83, CPU time elapsed 0.062500 sec.
    forward max bucket size 19 , backward 12.
        Unrouted nets 1 at the end of iteration 84.
    route iteration 84, CPU time elapsed 0.062500 sec.
    forward max bucket size 19 , backward 12.
        Unrouted nets 1 at the end of iteration 85.
    route iteration 85, CPU time elapsed 0.062500 sec.
    forward max bucket size 19 , backward 12.
        Unrouted nets 1 at the end of iteration 86.
    route iteration 86, CPU time elapsed 0.078125 sec.
    forward max bucket size 19 , backward 12.
        Unrouted nets 1 at the end of iteration 87.
    route iteration 87, CPU time elapsed 0.062500 sec.
    forward max bucket size 19 , backward 12.
        Unrouted nets 1 at the end of iteration 88.
    route iteration 88, CPU time elapsed 0.062500 sec.
    forward max bucket size 19 , backward 12.
        Unrouted nets 1 at the end of iteration 89.
    route iteration 89, CPU time elapsed 0.078125 sec.
    forward max bucket size 19 , backward 12.
        Unrouted nets 1 at the end of iteration 90.
    route iteration 90, CPU time elapsed 0.078125 sec.
    forward max bucket size 19 , backward 12.
        Unrouted nets 1 at the end of iteration 91.
    route iteration 91, CPU time elapsed 0.078125 sec.
    forward max bucket size 19 , backward 12.
        Unrouted nets 1 at the end of iteration 92.
    route iteration 92, CPU time elapsed 0.062500 sec.
    forward max bucket size 19 , backward 12.
        Unrouted nets 1 at the end of iteration 93.
    route iteration 93, CPU time elapsed 0.062500 sec.
    forward max bucket size 19 , backward 12.
        Unrouted nets 1 at the end of iteration 94.
    route iteration 94, CPU time elapsed 0.062500 sec.
    forward max bucket size 19 , backward 12.
        Unrouted nets 1 at the end of iteration 95.
    route iteration 95, CPU time elapsed 0.062500 sec.
    forward max bucket size 19 , backward 12.
        Unrouted nets 1 at the end of iteration 96.
    route iteration 96, CPU time elapsed 0.062500 sec.
    forward max bucket size 19 , backward 12.
        Unrouted nets 1 at the end of iteration 97.
    route iteration 97, CPU time elapsed 0.062500 sec.
    forward max bucket size 19 , backward 12.
        Unrouted nets 1 at the end of iteration 98.
    route iteration 98, CPU time elapsed 0.062500 sec.
    forward max bucket size 19 , backward 12.
        Unrouted nets 1 at the end of iteration 99.
    route iteration 99, CPU time elapsed 0.062500 sec.
    forward max bucket size 19 , backward 12.
        Unrouted nets 1 at the end of iteration 100.
    route iteration 100, CPU time elapsed 0.078125 sec.
    forward max bucket size 19 , backward 12.
        Unrouted nets 1 at the end of iteration 101.
    route iteration 101, CPU time elapsed 0.015625 sec.
    forward max bucket size 19 , backward 12.
        Unrouted nets 1 at the end of iteration 102.
    route iteration 102, CPU time elapsed 0.062500 sec.
    forward max bucket size 19 , backward 12.
        Unrouted nets 1 at the end of iteration 103.
    route iteration 103, CPU time elapsed 0.062500 sec.
    forward max bucket size 19 , backward 12.
        Unrouted nets 1 at the end of iteration 104.
    route iteration 104, CPU time elapsed 0.062500 sec.
    forward max bucket size 19 , backward 12.
        Unrouted nets 1 at the end of iteration 105.
    route iteration 105, CPU time elapsed 0.062500 sec.
    forward max bucket size 19 , backward 12.
        Unrouted nets 1 at the end of iteration 106.
    route iteration 106, CPU time elapsed 0.062500 sec.
    forward max bucket size 19 , backward 12.
        Unrouted nets 1 at the end of iteration 107.
    route iteration 107, CPU time elapsed 0.015625 sec.
    forward max bucket size 19 , backward 12.
        Unrouted nets 1 at the end of iteration 108.
    route iteration 108, CPU time elapsed 0.078125 sec.
    forward max bucket size 19 , backward 12.
        Unrouted nets 1 at the end of iteration 109.
    route iteration 109, CPU time elapsed 0.046875 sec.
    forward max bucket size 19 , backward 12.
        Unrouted nets 1 at the end of iteration 110.
    route iteration 110, CPU time elapsed 0.062500 sec.
    forward max bucket size 19 , backward 12.
        Unrouted nets 1 at the end of iteration 111.
    route iteration 111, CPU time elapsed 0.046875 sec.
    forward max bucket size 19 , backward 12.
        Unrouted nets 1 at the end of iteration 112.
    route iteration 112, CPU time elapsed 0.078125 sec.
    forward max bucket size 19 , backward 12.
        Unrouted nets 1 at the end of iteration 113.
    route iteration 113, CPU time elapsed 0.062500 sec.
    forward max bucket size 19 , backward 12.
        Unrouted nets 1 at the end of iteration 114.
    route iteration 114, CPU time elapsed 0.078125 sec.
    forward max bucket size 19 , backward 12.
        Unrouted nets 1 at the end of iteration 115.
    route iteration 115, CPU time elapsed 0.062500 sec.
    forward max bucket size 19 , backward 12.
        Unrouted nets 1 at the end of iteration 116.
    route iteration 116, CPU time elapsed 0.078125 sec.
    forward max bucket size 19 , backward 12.
        Unrouted nets 1 at the end of iteration 117.
    route iteration 117, CPU time elapsed 0.062500 sec.
    forward max bucket size 19 , backward 12.
        Unrouted nets 1 at the end of iteration 118.
    route iteration 118, CPU time elapsed 0.078125 sec.
    forward max bucket size 19 , backward 12.
        Unrouted nets 1 at the end of iteration 119.
    route iteration 119, CPU time elapsed 0.062500 sec.
    forward max bucket size 19 , backward 12.
        Unrouted nets 1 at the end of iteration 120.
    route iteration 120, CPU time elapsed 0.046875 sec.
    forward max bucket size 19 , backward 12.
        Unrouted nets 1 at the end of iteration 121.
    route iteration 121, CPU time elapsed 0.000000 sec.
    forward max bucket size 19 , backward 12.
        Unrouted nets 1 at the end of iteration 122.
    route iteration 122, CPU time elapsed 0.078125 sec.
    forward max bucket size 19 , backward 12.
        Unrouted nets 1 at the end of iteration 123.
    route iteration 123, CPU time elapsed 0.062500 sec.
    forward max bucket size 15 , backward 14.
        Unrouted nets 5 at the end of iteration 124.
    route iteration 124, CPU time elapsed 0.000000 sec.
    forward max bucket size 10 , backward 12.
        Unrouted nets 6 at the end of iteration 125.
    route iteration 125, CPU time elapsed 0.062500 sec.
    forward max bucket size 35 , backward 15.
        Unrouted nets 4 at the end of iteration 126.
    route iteration 126, CPU time elapsed 0.078125 sec.
    forward max bucket size 18 , backward 9.
        Unrouted nets 0 at the end of iteration 127.
    route iteration 127, CPU time elapsed 0.062500 sec.
Detailed routing takes 127 iterations
I: Design net nt_hdmi_pix_clk is routed by general path.
C: Route-2036: The clock path from hdmi_pix_clk_ibuf/opit_1:DI_TO_CLK to clkbufg_1/gopclkbufg:CLK is routed by SRB.
I: Design net dl_coms1_reg_config/clock_20k is routed by general path.
C: Route-2036: The clock path from dl_coms1_reg_config/clock_20k_cnt[0]/opit_0_inv_L6QL5Q:L6Q to dl_coms1_reg_config/config_step_reg[1]/opit_0_inv_srl:CLK is routed by SRB.
I: Design net ntclkbufg_1 is routed by general path.
C: Route-2036: The clock path from clkbufg_1/gopclkbufg:CLKOUT to dl_axi_ctrl_inst/frame_read_write_m0/Gen_WFIFO_16i.dl_write_buf_16i/U_ipm2l_fifo_afifo_16i_128o_512/U_ipm2l_fifo_ctrl/ASYN_CTRL.wptr[6]/opit_0_L6Q:CLK is routed by SRB.
I: Design net nt_sys_clk is routed by general path.
C: Route-2036: The clock path from sys_clk_ibuf/opit_1:DI_TO_CLK to U_INST/U_IPM2L_HSSTLP_RST/AUTO_MODE.hsstlp_rst_pll/pll0_lock_deb/rise_cnt[9]/opit_0_inv_L6QL5Q:CLK is routed by SRB.
Detailed routing takes 34.45 sec.
Start fix hold violation.
Build tmp routing results takes 0.22 sec.
Timing analysis takes 0.19 sec.
Hold violation fix iter 0 takes 3.86 sec, total_step_forward 459509.
Incremental timing analysis takes 0.14 sec.
Hold violation fix iter 1 takes 0.36 sec, total_step_forward 65285.
Incremental timing analysis takes 0.16 sec.
Hold violation fix iter 2 takes 0.81 sec, total_step_forward 83265.
Incremental timing analysis takes 0.17 sec.
Hold violation fix iter 3 takes 0.48 sec, total_step_forward 71154.
Incremental timing analysis takes 0.19 sec.
Hold violation fix iter 4 takes 0.38 sec, total_step_forward 73802.
Incremental timing analysis takes 0.19 sec.
Hold violation fix iter 5 takes 0.34 sec, total_step_forward 76805.
Hold Violation Fix in router takes 6 iterations.
Fix hold violation Finished.
Hold Violation Fix in router takes 9.56 sec.

Dispose routing result:
    Collect routing result.
    Delete unused device instances.
    Annotate routing result.
    Change LUT configuration.
    Dispose misc instances.
    Annotate routing result again.
Finish routing takes 1.11 sec.
Used SRB routing arc is 194962.
Cleanup routing takes 0.05 sec.
Routing done.
Total routing takes 54.77 sec.


Device Utilization Summary :
+------------------------------------------------------------------------------+
| Logic Utilization           | Used     | Available     | Utilization(%)     
+------------------------------------------------------------------------------+
| Use of ADC                  | 0        | 1             | 0                  
| Use of ANALOG               | 0        | 1             | 0                  
| Use of APM                  | 0        | 240           | 0                  
| Use of BKCL                 | 4        | 6             | 67                 
| Use of CCS                  | 1        | 1             | 100                
| Use of CLMA                 | 2070     | 11675         | 18                 
|   FF                        | 6772     | 93400         | 8                  
|   LUT                       | 6275     | 46700         | 14                 
|   LUT-FF pairs              | 3735     | 46700         | 8                  
| Use of CLMS                 | 917      | 4975          | 19                 
|   FF                        | 2412     | 39800         | 7                  
|   LUT                       | 2621     | 19900         | 14                 
|   LUT-FF pairs              | 1223     | 19900         | 7                  
|   Distributed RAM           | 605      | 19900         | 4                  
| Use of DDRPHY_CPD           | 1        | 12            | 9                  
| Use of DDRPHY_IOCLK_DIV     | 2        | 6             | 34                 
| Use of DDR_PHY              | 5        | 24            | 21                 
| Use of DRM                  | 50       | 155           | 33                 
| Use of GPLL                 | 3        | 6             | 50                 
| Use of GSEB                 | 0        | 218           | 0                  
| Use of HARD0                | 1390     | 10550         | 14                 
| Use of HCKB                 | 23       | 96            | 24                 
|  HCKB dataused              | 0        | 96            | 0                  
| Use of HCKMUX_TEST          | 0        | 8             | 0                  
| Use of HSSTLP               | 1        | 1             | 100                
| Use of IO                   | 108      | 285           | 38                 
|   IOBD                      | 54       | 137           | 40                 
|   IOBS                      | 54       | 148           | 37                 
| Use of IOCKB                | 0        | 24            | 0                  
| Use of IOCKMUX_TEST         | 0        | 6             | 0                  
| Use of IOLHR                | 108      | 300           | 36                 
| Use of KEYRAM               | 0        | 1             | 0                  
| Use of MFG_TEST             | 0        | 1             | 0                  
| Use of MRCKB                | 1        | 12            | 9                  
| Use of MRCKMUX_TEST         | 0        | 6             | 0                  
| Use of MRPOSTMUX_TEST       | 0        | 6             | 0                  
| Use of PCIE                 | 1        | 1             | 100                
| Use of PCKMUX_TEST          | 0        | 12            | 0                  
| Use of PLLMRMUX_TEST        | 0        | 6             | 0                  
| Use of PLLREFMUX_TEST       | 0        | 6             | 0                  
| Use of PPLL                 | 2        | 6             | 34                 
| Use of PREGMUXC_TEST        | 0        | 4             | 0                  
| Use of PREGMUXLR_TEST       | 0        | 6             | 0                  
| Use of RCKB                 | 2        | 24            | 9                  
|  RCKB dataused              | 0        | 24            | 0                  
| Use of RCKMUX_TEST          | 0        | 6             | 0                  
| Use of SCANCHAIN            | 0        | 1             | 0                  
| Use of SCKMUX_TEST          | 0        | 12            | 0                  
| Use of SFB                  | 0        | 2225          | 0                  
| Use of SPAD                 | 2        | 4             | 50                 
| Use of TSERDES              | 10       | 48            | 21                 
| Use of USCM                 | 11       | 32            | 35                 
|  USCM dataused              | 0        | 32            | 0                  
| Use of USCMMUX_TEST         | 0        | 32            | 0                  
+------------------------------------------------------------------------------+

Finished routing.
Design 'dl_fpga_prj' has been placed and routed successfully.
Saving design to DB.
Finished placement and routing.
Action pnr: Real time elapsed is 0h:2m:24s
Action pnr: CPU time elapsed is 0h:2m:5s
Action pnr: Process CPU time elapsed is 0h:2m:21s
Current time: Sat Apr 25 23:02:54 2026
Action pnr: Peak memory pool usage is 2,325 MB
