#Build: Fabric Compiler 2022.2-SP6.4, Build 146967, Jan 31 01:39 2024
#Install: D:\HardWare_Project\FPGA\NEW_PDS2022.2\PDS_2022.2-SP6.4\bin
#Application name: pds_shell.exe
#OS: Windows 10 10.0.26100
#Hostname: LAPTOP-BP6JG8JM
Generated by Fabric Compiler (version 2022.2-SP6.4 build 146967) at Fri Oct 31 20:34:35 2025
Compiling verification operator library.
Compiling common defs.
Compiling prim grid devices.
Compiling gate devices.
Compiling gate operators.
Building architecture model.
Loading device packaging model.
Reading design from DB.
Start Generating Programming File...
Reading design from DB takes 1.859375 sec.
Generating architecture configuration.
The bitstream file is "D:/HardWare_Project/FPGA/HardWare_Project/pangu/four_road_pinjie_based/10_HDMI_DDR3_OV5640_test/generate_bitstream/hdmi_ddr_ov5640_top.sbit"
Generate programming file takes 15.218750 sec.
Generating Programming File done.
Action gen_bit_stream: Real time elapsed is 0h:0m:25s
Action gen_bit_stream: CPU time elapsed is 0h:0m:21s
Action gen_bit_stream: Process CPU time elapsed is 0h:0m:21s
Current time: Fri Oct 31 20:34:58 2025
Action gen_bit_stream: Peak memory pool usage is 769 MB
