#Build: Fabric Compiler 2022.2-SP6.4, Build 146967, Jan 31 01:39 2024
#Install: D:\pango\PDS_2022.2-SP6.4\bin
#Application name: pds_shell.exe
#OS: Windows 10 10.0.22631
#Hostname: LAPTOP-2AT70JQP
Generated by Fabric Compiler (version 2022.2-SP6.4 build 146967) at Tue Feb 18 17:20:36 2025
Compiling verification operator library.
Compiling common defs.
Compiling prim grid devices.
Compiling gate devices.
Compiling gate operators.
Building architecture model.
Loading device packaging model.
Reading design from DB.
Start Generating Programming File...
Reading design from DB takes 2.187500 sec.
Generating architecture configuration.
The bitstream file is "C:/Users/Mill/Desktop/4_6_HDMI_IN_DDR3_mid_filter/HDMI_IN_DDR3_mid_filter/generate_bitstream/HDMI_IN_DDR3_mid_filter_top.sbit"
Generate programming file takes 14.859375 sec.
Generating Programming File done.
Action gen_bit_stream: Real time elapsed is 0h:0m:32s
Action gen_bit_stream: CPU time elapsed is 0h:0m:28s
Action gen_bit_stream: Process CPU time elapsed is 0h:0m:28s
Current time: Tue Feb 18 17:21:06 2025
Action gen_bit_stream: Peak memory pool usage is 1,277 MB
