#Build: Fabric Compiler 2022.2-SP6.4, Build 146967, Jan 31 01:39 2024
#Install: E:\pds\PDS_2022.2-SP6.4\bin
#Application name: pds_shell.exe
#OS: Windows 10 10.0.22621
#Hostname: LAPTOP-DHE8LHVE
Generated by Fabric Compiler (version 2022.2-SP6.4 build 146967) at Mon Apr 20 18:30:19 2026
Compiling verification operator library.
Compiling common defs.
Compiling prim grid devices.
Compiling gate devices.
Compiling gate operators.
Building architecture model.
Loading device packaging model.
Reading design from DB.
Start Generating Programming File...
Reading design from DB takes 0.734375 sec.
Generating architecture configuration.
C: Bitstream-2001: SCBV has not been set. Please set SCBV value based on PCB board, where is in configuration tab of bit stream options.
The bitstream file is "E:/BaiduNetdiskDownload/FPGAlocal_experiment/kaifaziliao/local experiment/35_HDMI_IN_DDR3_mid_filter/generate_bitstream/HDMI_IN_DDR3_mid_filter_top.sbit"
Generate programming file takes 4.625000 sec.
Generating Programming File done.
Action gen_bit_stream: Real time elapsed is 0h:0m:17s
Action gen_bit_stream: CPU time elapsed is 0h:0m:12s
Action gen_bit_stream: Process CPU time elapsed is 0h:0m:12s
Current time: Mon Apr 20 18:30:34 2026
Action gen_bit_stream: Peak memory pool usage is 1,193 MB
