#Build: Fabric Compiler 2022.2-SP6.4, Build 146967, Jan 31 01:39 2024
#Install: E:\pds\PDS_2022.2-SP6.4\bin
#Application name: pds_shell.exe
#OS: Windows 10 10.0.22621
#Hostname: LAPTOP-DHE8LHVE
Generated by Fabric Compiler (version 2022.2-SP6.4 build 146967) at Thu Mar 26 17:21:44 2026
Compiling verification operator library.
Compiling common defs.
Compiling prim grid devices.
Compiling gate devices.
Compiling gate operators.
Building architecture model.
Loading device packaging model.
Reading design from DB.
Start Generating Programming File...
Reading design from DB takes 1.125000 sec.
Generating architecture configuration.
The bitstream file is "E:/BaiduNetdiskDownload/FPGAlocal_experiment/kaifaziliao/local experiment/35_HDMI_IN_DDR3_mid_filter/generate_bitstream/HDMI_IN_DDR3_mid_filter_top.sbit"
Generate programming file takes 8.593750 sec.
Generating Programming File done.
Action gen_bit_stream: Real time elapsed is 0h:0m:29s
Action gen_bit_stream: CPU time elapsed is 0h:0m:18s
Action gen_bit_stream: Process CPU time elapsed is 0h:0m:18s
Current time: Thu Mar 26 17:22:11 2026
Action gen_bit_stream: Peak memory pool usage is 2,433 MB
