#Build: Fabric Compiler 2022.2-SP4.2, Build 132111, Aug 13 06:22 2023
#Install: D:\pango\PDS_2022.2-SP4.2-ads\bin
#Application name: pds_shell.exe
#OS: Windows 10 10.0.14393
#Hostname: PC-20200227DQAD
Generated by Fabric Compiler (version 2022.2-SP4.2 build 132111) at Thu Sep 25 17:49:01 2025
Compiling verification operator library.
Compiling common defs.
Compiling prim grid devices.
Compiling gate devices.
Compiling gate operators.
Building architecture model.
Loading device packaging model.
Reading design from DB.
Start Generating Programming File...
Reading design from DB takes 2.234375 sec.
Generating architecture configuration.
The bitstream file is "E:/link_work/new-200HP/2_Demo/3_6_HDMI_IN_DDR3_mid_filter/3_6_HDMI_IN_DDR3_mid_filter/HDMI_IN_DDR3_mid_filter/generate_bitstream/HDMI_IN_DDR3_mid_filter_top.sbit"
Generate programming file takes 21.343750 sec.
Generating Programming File done.
Action gen_bit_stream: Real time elapsed is 0h:0m:41s
Action gen_bit_stream: CPU time elapsed is 0h:0m:38s
Action gen_bit_stream: Process CPU time elapsed is 0h:0m:38s
Current time: Thu Sep 25 17:49:40 2025
Action gen_bit_stream: Peak memory pool usage is 2,440 MB
