#Build: Fabric Compiler 2022.2-SP6.4, Build 146967, Jan 31 01:39 2024
#Install: E:\pds\PDS_2022.2-SP6.4\bin
#Application name: pds_shell.exe
#OS: Windows 10 10.0.22621
#Hostname: LAPTOP-DHE8LHVE
Generated by Fabric Compiler (version 2022.2-SP6.4 build 146967) at Tue Apr 21 23:09:32 2026
Compiling verification operator library.
Compiling common defs.
Compiling prim grid devices.
Compiling gate devices.
Compiling gate operators.
Building architecture model.
Loading device packaging model.
pnr strategy configuration : 
strategy name : 0
Building architecture floorplan logic view.
Constraint check start.
Executing : def_port {hd_scl} LOC=AA21 VCCIO=3.3 IOSTANDARD=LVCMOS33 DRIVE=4 SLEW=FAST PULLUP=TRUE
C: ConstraintEditor-2002: [E:/BaiduNetdiskDownload/FPGAlocal_experiment/kaifaziliao/local experiment/35_HDMI_IN_DDR3_mid_filter/device_map/hdmi_ddr_ov5640_top.pcf(line number: 3)] | Port hd_scl has been placed at location AA21, whose type is share pin.
Executing : def_port {hd_scl} LOC=AA21 VCCIO=3.3 IOSTANDARD=LVCMOS33 DRIVE=4 SLEW=FAST PULLUP=TRUE successfully
Executing : def_port {hd_sda} LOC=AA20 VCCIO=3.3 IOSTANDARD=LVCMOS33 DRIVE=4 SLEW=FAST PULLUP=TRUE
C: ConstraintEditor-2002: [E:/BaiduNetdiskDownload/FPGAlocal_experiment/kaifaziliao/local experiment/35_HDMI_IN_DDR3_mid_filter/device_map/hdmi_ddr_ov5640_top.pcf(line number: 4)] | Port hd_sda has been placed at location AA20, whose type is share pin.
Executing : def_port {hd_sda} LOC=AA20 VCCIO=3.3 IOSTANDARD=LVCMOS33 DRIVE=4 SLEW=FAST PULLUP=TRUE successfully
Executing : def_port {rstn_out} LOC=L13 VCCIO=3.3 IOSTANDARD=LVCMOS33
C: ConstraintEditor-2009: rstn_out is lack of SLEW, OUTPUT or INOUT PORT had better set SLEW, the optional value is {FAST, SLOW}.
C: ConstraintEditor-2009: rstn_out is lack of DRIVE, OUTPUT or INOUT PORT had better set DRIVE, the optional value is {4, 8, 12, 16}.
C: ConstraintEditor-2002: [E:/BaiduNetdiskDownload/FPGAlocal_experiment/kaifaziliao/local experiment/35_HDMI_IN_DDR3_mid_filter/device_map/hdmi_ddr_ov5640_top.pcf(line number: 5)] | Port rstn_out has been placed at location L13, whose type is share pin.
Executing : def_port {rstn_out} LOC=L13 VCCIO=3.3 IOSTANDARD=LVCMOS33 successfully
Executing : def_port {b_in[0]} LOC=N14 VCCIO=3.3 IOSTANDARD=LVCMOS33 NONE=TRUE
C: ConstraintEditor-2001: [E:/BaiduNetdiskDownload/FPGAlocal_experiment/kaifaziliao/local experiment/35_HDMI_IN_DDR3_mid_filter/device_map/hdmi_ddr_ov5640_top.pcf(line number: 6)] Object 'b_in[0]' is dangling, which has no connection. it will be ignored.
Executing : def_port {b_in[0]} LOC=N14 VCCIO=3.3 IOSTANDARD=LVCMOS33 NONE=TRUE failed
Executing : def_port {b_in[1]} LOC=W20 VCCIO=3.3 IOSTANDARD=LVCMOS33 NONE=TRUE
C: ConstraintEditor-2001: [E:/BaiduNetdiskDownload/FPGAlocal_experiment/kaifaziliao/local experiment/35_HDMI_IN_DDR3_mid_filter/device_map/hdmi_ddr_ov5640_top.pcf(line number: 7)] Object 'b_in[1]' is dangling, which has no connection. it will be ignored.
Executing : def_port {b_in[1]} LOC=W20 VCCIO=3.3 IOSTANDARD=LVCMOS33 NONE=TRUE failed
Executing : def_port {b_in[2]} LOC=N13 VCCIO=3.3 IOSTANDARD=LVCMOS33 NONE=TRUE
C: ConstraintEditor-2001: [E:/BaiduNetdiskDownload/FPGAlocal_experiment/kaifaziliao/local experiment/35_HDMI_IN_DDR3_mid_filter/device_map/hdmi_ddr_ov5640_top.pcf(line number: 8)] Object 'b_in[2]' is dangling, which has no connection. it will be ignored.
Executing : def_port {b_in[2]} LOC=N13 VCCIO=3.3 IOSTANDARD=LVCMOS33 NONE=TRUE failed
Executing : def_port {b_in[3]} LOC=V20 VCCIO=3.3 IOSTANDARD=LVCMOS33 NONE=TRUE
Executing : def_port {b_in[3]} LOC=V20 VCCIO=3.3 IOSTANDARD=LVCMOS33 NONE=TRUE successfully
Executing : def_port {b_in[4]} LOC=R16 VCCIO=3.3 IOSTANDARD=LVCMOS33 NONE=TRUE
C: ConstraintEditor-2002: [E:/BaiduNetdiskDownload/FPGAlocal_experiment/kaifaziliao/local experiment/35_HDMI_IN_DDR3_mid_filter/device_map/hdmi_ddr_ov5640_top.pcf(line number: 10)] | Port b_in[4] has been placed at location R16, whose type is share pin.
Executing : def_port {b_in[4]} LOC=R16 VCCIO=3.3 IOSTANDARD=LVCMOS33 NONE=TRUE successfully
Executing : def_port {b_in[5]} LOC=U20 VCCIO=3.3 IOSTANDARD=LVCMOS33 NONE=TRUE
Executing : def_port {b_in[5]} LOC=U20 VCCIO=3.3 IOSTANDARD=LVCMOS33 NONE=TRUE successfully
Executing : def_port {b_in[6]} LOC=P15 VCCIO=3.3 IOSTANDARD=LVCMOS33 NONE=TRUE
C: ConstraintEditor-2002: [E:/BaiduNetdiskDownload/FPGAlocal_experiment/kaifaziliao/local experiment/35_HDMI_IN_DDR3_mid_filter/device_map/hdmi_ddr_ov5640_top.pcf(line number: 12)] | Port b_in[6] has been placed at location P15, whose type is share pin.
Executing : def_port {b_in[6]} LOC=P15 VCCIO=3.3 IOSTANDARD=LVCMOS33 NONE=TRUE successfully
Executing : def_port {b_in[7]} LOC=AB18 VCCIO=3.3 IOSTANDARD=LVCMOS33 NONE=TRUE
C: ConstraintEditor-2002: [E:/BaiduNetdiskDownload/FPGAlocal_experiment/kaifaziliao/local experiment/35_HDMI_IN_DDR3_mid_filter/device_map/hdmi_ddr_ov5640_top.pcf(line number: 13)] | Port b_in[7] has been placed at location AB18, whose type is share pin.
Executing : def_port {b_in[7]} LOC=AB18 VCCIO=3.3 IOSTANDARD=LVCMOS33 NONE=TRUE successfully
Executing : def_port {clk_n} LOC=T4 VCCIO=1.5 IOSTANDARD=SSTL15D_I
Executing : def_port {clk_n} LOC=T4 VCCIO=1.5 IOSTANDARD=SSTL15D_I successfully
Executing : def_port {clk_p} LOC=R4 VCCIO=1.5 IOSTANDARD=SSTL15D_I
Executing : def_port {clk_p} LOC=R4 VCCIO=1.5 IOSTANDARD=SSTL15D_I successfully
Executing : def_port {de_in} LOC=P16 VCCIO=3.3 IOSTANDARD=LVCMOS33 NONE=TRUE
C: ConstraintEditor-2002: [E:/BaiduNetdiskDownload/FPGAlocal_experiment/kaifaziliao/local experiment/35_HDMI_IN_DDR3_mid_filter/device_map/hdmi_ddr_ov5640_top.pcf(line number: 16)] | Port de_in has been placed at location P16, whose type is share pin.
Executing : def_port {de_in} LOC=P16 VCCIO=3.3 IOSTANDARD=LVCMOS33 NONE=TRUE successfully
Executing : def_port {g_in[0]} LOC=P17 VCCIO=3.3 IOSTANDARD=LVCMOS33 NONE=TRUE
C: ConstraintEditor-2001: [E:/BaiduNetdiskDownload/FPGAlocal_experiment/kaifaziliao/local experiment/35_HDMI_IN_DDR3_mid_filter/device_map/hdmi_ddr_ov5640_top.pcf(line number: 17)] Object 'g_in[0]' is dangling, which has no connection. it will be ignored.
Executing : def_port {g_in[0]} LOC=P17 VCCIO=3.3 IOSTANDARD=LVCMOS33 NONE=TRUE failed
Executing : def_port {g_in[1]} LOC=AA18 VCCIO=3.3 IOSTANDARD=LVCMOS33 NONE=TRUE
C: ConstraintEditor-2001: [E:/BaiduNetdiskDownload/FPGAlocal_experiment/kaifaziliao/local experiment/35_HDMI_IN_DDR3_mid_filter/device_map/hdmi_ddr_ov5640_top.pcf(line number: 18)] Object 'g_in[1]' is dangling, which has no connection. it will be ignored.
Executing : def_port {g_in[1]} LOC=AA18 VCCIO=3.3 IOSTANDARD=LVCMOS33 NONE=TRUE failed
Executing : def_port {g_in[2]} LOC=N17 VCCIO=3.3 IOSTANDARD=LVCMOS33 NONE=TRUE
Executing : def_port {g_in[2]} LOC=N17 VCCIO=3.3 IOSTANDARD=LVCMOS33 NONE=TRUE successfully
Executing : def_port {g_in[3]} LOC=W17 VCCIO=3.3 IOSTANDARD=LVCMOS33 NONE=TRUE
C: ConstraintEditor-2002: [E:/BaiduNetdiskDownload/FPGAlocal_experiment/kaifaziliao/local experiment/35_HDMI_IN_DDR3_mid_filter/device_map/hdmi_ddr_ov5640_top.pcf(line number: 20)] | Port g_in[3] has been placed at location W17, whose type is share pin.
Executing : def_port {g_in[3]} LOC=W17 VCCIO=3.3 IOSTANDARD=LVCMOS33 NONE=TRUE successfully
Executing : def_port {g_in[4]} LOC=T18 VCCIO=3.3 IOSTANDARD=LVCMOS33 NONE=TRUE
C: ConstraintEditor-2002: [E:/BaiduNetdiskDownload/FPGAlocal_experiment/kaifaziliao/local experiment/35_HDMI_IN_DDR3_mid_filter/device_map/hdmi_ddr_ov5640_top.pcf(line number: 21)] | Port g_in[4] has been placed at location T18, whose type is share pin.
Executing : def_port {g_in[4]} LOC=T18 VCCIO=3.3 IOSTANDARD=LVCMOS33 NONE=TRUE successfully
Executing : def_port {g_in[5]} LOC=V17 VCCIO=3.3 IOSTANDARD=LVCMOS33 NONE=TRUE
C: ConstraintEditor-2002: [E:/BaiduNetdiskDownload/FPGAlocal_experiment/kaifaziliao/local experiment/35_HDMI_IN_DDR3_mid_filter/device_map/hdmi_ddr_ov5640_top.pcf(line number: 22)] | Port g_in[5] has been placed at location V17, whose type is share pin.
Executing : def_port {g_in[5]} LOC=V17 VCCIO=3.3 IOSTANDARD=LVCMOS33 NONE=TRUE successfully
Executing : def_port {g_in[6]} LOC=R18 VCCIO=3.3 IOSTANDARD=LVCMOS33 NONE=TRUE
C: ConstraintEditor-2002: [E:/BaiduNetdiskDownload/FPGAlocal_experiment/kaifaziliao/local experiment/35_HDMI_IN_DDR3_mid_filter/device_map/hdmi_ddr_ov5640_top.pcf(line number: 23)] | Port g_in[6] has been placed at location R18, whose type is share pin.
Executing : def_port {g_in[6]} LOC=R18 VCCIO=3.3 IOSTANDARD=LVCMOS33 NONE=TRUE successfully
Executing : def_port {g_in[7]} LOC=AB20 VCCIO=3.3 IOSTANDARD=LVCMOS33 NONE=TRUE
C: ConstraintEditor-2002: [E:/BaiduNetdiskDownload/FPGAlocal_experiment/kaifaziliao/local experiment/35_HDMI_IN_DDR3_mid_filter/device_map/hdmi_ddr_ov5640_top.pcf(line number: 24)] | Port g_in[7] has been placed at location AB20, whose type is share pin.
Executing : def_port {g_in[7]} LOC=AB20 VCCIO=3.3 IOSTANDARD=LVCMOS33 NONE=TRUE successfully
Executing : def_port {hs_in} LOC=U17 VCCIO=3.3 IOSTANDARD=LVCMOS33 NONE=TRUE
C: ConstraintEditor-2002: [E:/BaiduNetdiskDownload/FPGAlocal_experiment/kaifaziliao/local experiment/35_HDMI_IN_DDR3_mid_filter/device_map/hdmi_ddr_ov5640_top.pcf(line number: 25)] | Port hs_in has been placed at location U17, whose type is share pin.
Executing : def_port {hs_in} LOC=U17 VCCIO=3.3 IOSTANDARD=LVCMOS33 NONE=TRUE successfully
Executing : def_port {pcie_refclk_n} LOC=E6
Executing : def_port {pcie_refclk_n} LOC=E6 successfully
Executing : def_port {pcie_refclk_p} LOC=F6
Executing : def_port {pcie_refclk_p} LOC=F6 successfully
Executing : def_port {pixclk_in} LOC=W19 VCCIO=3.3 IOSTANDARD=LVCMOS33 NONE=TRUE
Executing : def_port {pixclk_in} LOC=W19 VCCIO=3.3 IOSTANDARD=LVCMOS33 NONE=TRUE successfully
Executing : def_port {r_in[0]} LOC=V19 VCCIO=3.3 IOSTANDARD=LVCMOS33 NONE=TRUE
C: ConstraintEditor-2001: [E:/BaiduNetdiskDownload/FPGAlocal_experiment/kaifaziliao/local experiment/35_HDMI_IN_DDR3_mid_filter/device_map/hdmi_ddr_ov5640_top.pcf(line number: 29)] Object 'r_in[0]' is dangling, which has no connection. it will be ignored.
Executing : def_port {r_in[0]} LOC=V19 VCCIO=3.3 IOSTANDARD=LVCMOS33 NONE=TRUE failed
Executing : def_port {r_in[1]} LOC=AA19 VCCIO=3.3 IOSTANDARD=LVCMOS33 NONE=TRUE
C: ConstraintEditor-2001: [E:/BaiduNetdiskDownload/FPGAlocal_experiment/kaifaziliao/local experiment/35_HDMI_IN_DDR3_mid_filter/device_map/hdmi_ddr_ov5640_top.pcf(line number: 30)] Object 'r_in[1]' is dangling, which has no connection. it will be ignored.
Executing : def_port {r_in[1]} LOC=AA19 VCCIO=3.3 IOSTANDARD=LVCMOS33 NONE=TRUE failed
Executing : def_port {r_in[2]} LOC=V18 VCCIO=3.3 IOSTANDARD=LVCMOS33 NONE=TRUE
C: ConstraintEditor-2001: [E:/BaiduNetdiskDownload/FPGAlocal_experiment/kaifaziliao/local experiment/35_HDMI_IN_DDR3_mid_filter/device_map/hdmi_ddr_ov5640_top.pcf(line number: 31)] Object 'r_in[2]' is dangling, which has no connection. it will be ignored.
Executing : def_port {r_in[2]} LOC=V18 VCCIO=3.3 IOSTANDARD=LVCMOS33 NONE=TRUE failed
Executing : def_port {r_in[3]} LOC=N15 VCCIO=3.3 IOSTANDARD=LVCMOS33 NONE=TRUE
Executing : def_port {r_in[3]} LOC=N15 VCCIO=3.3 IOSTANDARD=LVCMOS33 NONE=TRUE successfully
Executing : def_port {r_in[4]} LOC=Y19 VCCIO=3.3 IOSTANDARD=LVCMOS33 NONE=TRUE
Executing : def_port {r_in[4]} LOC=Y19 VCCIO=3.3 IOSTANDARD=LVCMOS33 NONE=TRUE successfully
Executing : def_port {r_in[5]} LOC=AB22 VCCIO=3.3 IOSTANDARD=LVCMOS33 NONE=TRUE
C: ConstraintEditor-2002: [E:/BaiduNetdiskDownload/FPGAlocal_experiment/kaifaziliao/local experiment/35_HDMI_IN_DDR3_mid_filter/device_map/hdmi_ddr_ov5640_top.pcf(line number: 34)] | Port r_in[5] has been placed at location AB22, whose type is share pin.
Executing : def_port {r_in[5]} LOC=AB22 VCCIO=3.3 IOSTANDARD=LVCMOS33 NONE=TRUE successfully
Executing : def_port {r_in[6]} LOC=Y18 VCCIO=3.3 IOSTANDARD=LVCMOS33 NONE=TRUE
Executing : def_port {r_in[6]} LOC=Y18 VCCIO=3.3 IOSTANDARD=LVCMOS33 NONE=TRUE successfully
Executing : def_port {r_in[7]} LOC=AB21 VCCIO=3.3 IOSTANDARD=LVCMOS33 NONE=TRUE
C: ConstraintEditor-2002: [E:/BaiduNetdiskDownload/FPGAlocal_experiment/kaifaziliao/local experiment/35_HDMI_IN_DDR3_mid_filter/device_map/hdmi_ddr_ov5640_top.pcf(line number: 36)] | Port r_in[7] has been placed at location AB21, whose type is share pin.
Executing : def_port {r_in[7]} LOC=AB21 VCCIO=3.3 IOSTANDARD=LVCMOS33 NONE=TRUE successfully
Executing : def_port {vs_in} LOC=R17 VCCIO=3.3 IOSTANDARD=LVCMOS33 NONE=TRUE
C: ConstraintEditor-2002: [E:/BaiduNetdiskDownload/FPGAlocal_experiment/kaifaziliao/local experiment/35_HDMI_IN_DDR3_mid_filter/device_map/hdmi_ddr_ov5640_top.pcf(line number: 37)] | Port vs_in has been placed at location R17, whose type is share pin.
Executing : def_port {vs_in} LOC=R17 VCCIO=3.3 IOSTANDARD=LVCMOS33 NONE=TRUE successfully
W: ConstraintEditor-4019: Port 'pcie_rx_n' unspecified I/O constraint.
W: ConstraintEditor-4019: Port 'pcie_rx_p' unspecified I/O constraint.
W: ConstraintEditor-4019: Port 'pcie_tx_n' unspecified I/O constraint.
W: ConstraintEditor-4019: Port 'pcie_tx_p' unspecified I/O constraint.
W: ConstraintEditor-4019: Port 'rst_n' unspecified I/O constraint.
Constraint check end.
I: Column Clock Check open.
Read Column Clock Map.

Placement started.
Phase 1 Pre global placement started.
Mapping instance GRS_INST/grs_ccs to CCS_87_316.
Mapping instance u_pcie_top/U_IPS2L_PCIE_TOP/U_IPS2L_PCIE_HARD_CTRL/u_gtp_pcie/gateop to PCIE_315_918.
Mapping instance cfg_pll_inst/u_gpll/gpll_inst to GPLL_367_463.
Mapping instance u_pcie_top/U_IPS2L_PCIE_TOP/U_IPS2L_HSSTLP_PCIE_SOFT_PHY/x1.GTP_HSST_1LANE_TOP/U_GTP_HSSTLP_WRAPPER/CHANNEL0_ENABLE.U_GTP_HSSTLP_LANE0/gophsst to HSSTLP_364_918.
Mapping instance u_pcie_top/U_IPS2L_PCIE_TOP/U_IPS2L_HSSTLP_PCIE_SOFT_PHY/x1.GTP_HSST_1LANE_TOP/U_GTP_HSSTLP_WRAPPER/PLL0_ENABLE.U_GTP_HSSTLP_PLL0/gophsst to HSSTLP_364_918.
Phase 1.1 1st GP placement started.
Design Utilization : 7%.
First map gop timing takes 0.94 sec
Worst slack after clock region global placement is 1714
Wirelength after clock region global placement is 42313 and checksum is B3885DFFA2BBEA0C.
1st GP placement takes 3.52 sec.

Phase 1.2 Clock placement started.
Mapping instance u_pcie_top/U_IPS2L_PCIE_TOP/U_IPS2L_HSSTLP_PCIE_SOFT_PHY/u_clkbufg/gopclkbufg to USCM_215_624.
Mapping instance clkbufg_1/gopclkbufg to USCM_215_576.
Mapping instance u_pcie_top/U_IPS2L_PCIE_TOP/U_IPS2L_HSSTLP_PCIE_SOFT_PHY/genblk1.u_ips2l_pcie_pll/u_gpll/gpll_inst to GPLL_7_463.
Mapping instance u_pcie_top/U_IPS2L_PCIE_TOP/U_IPS2L_HSSTLP_PCIE_SOFT_PHY/genblk1.u_pclk_bufgmux/gopuscm to USCM_215_579.
Mapping instance u_pcie_top/U_IPS2L_PCIE_TOP/U_IPS2L_HSSTLP_PCIE_SOFT_PHY/genblk1.u_pclk_div2_bufgmux/gopuscm to USCM_215_582.
Mapping instance clkbufg_0/gopclkbufg to USCM_215_585.
Clock placement takes 0.08 sec.

Wirelength after Pre Global Placement is 42313 and checksum is B3885DFFA2BBEA0C.
Pre global placement takes 3.94 sec.

Phase 2 Global placement started.
Phase 2.1 Fixed placement started.
Placed fixed group with base inst b_in_ibuf[3]/opit_1 on IOLHR_16_474.
Placed fixed group with base inst b_in_ibuf[4]/opit_1 on IOLHR_16_336.
Placed fixed group with base inst b_in_ibuf[5]/opit_1 on IOLHR_16_480.
Placed fixed group with base inst b_in_ibuf[6]/opit_1 on IOLHR_16_342.
Placed fixed group with base inst b_in_ibuf[7]/opit_1 on IOLHR_16_396.
Placed fixed group with base inst de_in_ibuf/opit_1 on IOLHR_16_318.
Placed fixed group with base inst g_in_ibuf[2]/opit_1 on IOLHR_16_354.
Placed fixed group with base inst g_in_ibuf[3]/opit_1 on IOLHR_16_408.
Placed fixed group with base inst g_in_ibuf[4]/opit_1 on IOLHR_16_360.
Placed fixed group with base inst g_in_ibuf[5]/opit_1 on IOLHR_16_414.
Placed fixed group with base inst g_in_ibuf[6]/opit_1 on IOLHR_16_366.
Placed fixed group with base inst g_in_ibuf[7]/opit_1 on IOLHR_16_420.
Placed fixed group with base inst hd_scl_iobuf/opit_1 on IOLHR_16_510.
Placed fixed group with base inst hs_in_ibuf/opit_1 on IOLHR_16_390.
Placed fixed group with base inst ms72xx_ctl.iic_sda_tri/opit_1 on IOLHR_16_516.
Placed fixed group with base inst pixclk_in_ibuf/opit_1 on IOLHR_16_468.
Placed fixed group with base inst r_in_ibuf[3]/opit_1 on IOLHR_16_306.
Placed fixed group with base inst r_in_ibuf[4]/opit_1 on IOLHR_16_444.
Placed fixed group with base inst r_in_ibuf[5]/opit_1 on IOLHR_16_486.
Placed fixed group with base inst r_in_ibuf[6]/opit_1 on IOLHR_16_450.
Placed fixed group with base inst r_in_ibuf[7]/opit_1 on IOLHR_16_492.
Placed fixed group with base inst rstn_out_obuf/opit_1 on IOLHR_16_666.
Placed fixed group with base inst u_gtp/opit_2 on IOLHR_364_450.
Placed fixed group with base inst vs_in_ibuf/opit_1 on IOLHR_16_312.
Placed fixed instance GRS_INST/grs_ccs on CCS_87_316.
Placed fixed instance cfg_pll_inst/u_gpll/gpll_inst on GPLL_367_463.
Placed fixed instance clkbufg_0/gopclkbufg on USCM_215_585.
Placed fixed instance clkbufg_1/gopclkbufg on USCM_215_576.
Placed fixed instance pcie_refclk_n_ibuf_hsst on SPAD_363_922.
Placed fixed instance pcie_refclk_p_ibuf_hsst on SPAD_363_921.
Placed fixed instance u_pcie_top/U_IPS2L_PCIE_TOP/U_IPS2L_HSSTLP_PCIE_SOFT_PHY/genblk1.u_ips2l_pcie_pll/u_gpll/gpll_inst on GPLL_7_463.
Placed fixed instance u_pcie_top/U_IPS2L_PCIE_TOP/U_IPS2L_HSSTLP_PCIE_SOFT_PHY/genblk1.u_pclk_bufgmux/gopuscm on USCM_215_579.
Placed fixed instance u_pcie_top/U_IPS2L_PCIE_TOP/U_IPS2L_HSSTLP_PCIE_SOFT_PHY/genblk1.u_pclk_div2_bufgmux/gopuscm on USCM_215_582.
Placed fixed instance u_pcie_top/U_IPS2L_PCIE_TOP/U_IPS2L_HSSTLP_PCIE_SOFT_PHY/u_clkbufg/gopclkbufg on USCM_215_624.
Placed fixed instance u_pcie_top/U_IPS2L_PCIE_TOP/U_IPS2L_HSSTLP_PCIE_SOFT_PHY/x1.GTP_HSST_1LANE_TOP/U_GTP_HSSTLP_WRAPPER/CHANNEL0_ENABLE.U_GTP_HSSTLP_LANE0/gophsst on HSSTLP_364_918.
Placed fixed instance u_pcie_top/U_IPS2L_PCIE_TOP/U_IPS2L_HSSTLP_PCIE_SOFT_PHY/x1.GTP_HSST_1LANE_TOP/U_GTP_HSSTLP_WRAPPER/PLL0_ENABLE.U_GTP_HSSTLP_PLL0/gophsst on HSSTLP_364_918.
Placed fixed instance u_pcie_top/U_IPS2L_PCIE_TOP/U_IPS2L_PCIE_HARD_CTRL/u_gtp_pcie/gateop on PCIE_315_918.
Placed fixed instance BKCL_auto_0 on BKCL_1_646.
Placed fixed instance BKCL_auto_1 on BKCL_1_340.
Placed fixed instance BKCL_auto_2 on BKCL_373_340.
Fixed placement takes 0.16 sec.

Phase 2.2 Process placement started.
Process placement takes 0.00 sec.

Phase 2.3 IO placement started.
IO placement takes 0.06 sec.

Phase 2.4 2nd GP placement started.
Run super clustering :
	Initial slack -5289.
	1 iterations finished.
	Final slack -5289.
Super clustering done.
Design Utilization : 7%.
Worst slack after global placement is 1934
2nd GP placement takes 1.38 sec.

Wirelength after global placement is 38036 and checksum is 2DE189F456401FCB.
Global placement takes 1.59 sec.

Phase 3 Post global placement started.
Packing LUT6D started.
I: LUT6D pack result: There are 760 LUT6 in collection, pack success:77
Packing LUT6D takes 0.25 sec.
Phase 3.1 Macro cell placement started.
I: Process macros using "Greedy".
Wirelength after macro cell placement is 47079 and checksum is 6528BADFF426C69.
Macro cell placement takes 0.02 sec.

Phase 3.2 3rd GP placement started.
Run super clustering :
	Initial slack -5391.
	8 iterations finished.
	Final slack -3992.
Super clustering done.
Design Utilization : 7%.
Worst slack after post global placement is 960
3rd GP placement takes 1.53 sec.

Wirelength after post global placement is 39702 and checksum is 16B3A3C0D6A37665.
Packing LUT6D started.
I: LUT6D pack result: There are 606 LUT6 in collection, pack success:7
Packing LUT6D takes 0.25 sec.
Post global placement takes 2.06 sec.

Phase 4 Legalization started.
The average distance in LP is 0.912422.
Wirelength after legalization is 52551 and checksum is 60F594CD1262278E.
Legalization takes 0.27 sec.

Phase 5 Timing-driven detailed placement started.
Phase 5.1 Replication placement started.
Worst slack before Replication Place is 465.
Replication placement takes 0.22 sec.

Wirelength after replication placement is 52551 and checksum is 60F594CD1262278E.
Phase 5.2 Swapping placement started.
Worst slack before detailed placement is 465, TNS before detailed placement is 0. 
Cost at Swap iteration 0 : 465, wslk 757, tns 0, takes 0.02 sec.
Cost at DP iteration 0 : 757, wslk 1066, tns 0, takes 0.09 sec.
Worst slack after detailed placement is 1066, TNS after detailed placement is 0. 
Swapping placement takes 0.25 sec.

Wirelength after detailed placement is 53699 and checksum is B9EF15CA5295B67D.
Timing-driven detailed placement takes 0.48 sec.

Worst slack is 1064, TNS after placement is 0.
Placement done.
Total placement takes 10.64 sec.
Finished placement.

Routing started.
Building routing graph takes 2.25 sec.
Worst slack is 1064, TNS before global route is 0.
Processing design graph takes 0.86 sec.
Total memory for routing:
	221.409190 M.
Total nets for routing : 7639.
Global Routing step 1 processed 0 nets, it takes 0.20 sec.
Rcf routing step 1 processed 0 nets, it takes 0.00 sec.
Rcf routing step 2 processed 0 nets, it takes 0.00 sec.
Rcf routing step 3 processed 0 nets, it takes 0.00 sec.
Unrouted nets 0 at the end of iteration 0.
Global Routing step 1 processed 21 nets, it takes 0.02 sec.
Unrouted nets 319 at the end of iteration 0.
Unrouted nets 226 at the end of iteration 1.
Unrouted nets 160 at the end of iteration 2.
Unrouted nets 123 at the end of iteration 3.
Unrouted nets 100 at the end of iteration 4.
Unrouted nets 100 at the end of iteration 5.
Unrouted nets 75 at the end of iteration 6.
Unrouted nets 67 at the end of iteration 7.
Unrouted nets 51 at the end of iteration 8.
Unrouted nets 41 at the end of iteration 9.
Unrouted nets 38 at the end of iteration 10.
Unrouted nets 28 at the end of iteration 11.
Unrouted nets 21 at the end of iteration 12.
Unrouted nets 17 at the end of iteration 13.
Unrouted nets 15 at the end of iteration 14.
Unrouted nets 18 at the end of iteration 15.
Unrouted nets 11 at the end of iteration 16.
Unrouted nets 9 at the end of iteration 17.
Unrouted nets 7 at the end of iteration 18.
Unrouted nets 7 at the end of iteration 19.
Unrouted nets 5 at the end of iteration 20.
Unrouted nets 6 at the end of iteration 21.
Unrouted nets 7 at the end of iteration 22.
Unrouted nets 3 at the end of iteration 23.
Unrouted nets 4 at the end of iteration 24.
Unrouted nets 3 at the end of iteration 25.
Unrouted nets 2 at the end of iteration 26.
Unrouted nets 2 at the end of iteration 27.
Unrouted nets 0 at the end of iteration 28.
Global Routing step 2 processed 516 nets, it takes 1.92 sec.
Unrouted nets 12 at the end of iteration 0.
Unrouted nets 12 at the end of iteration 1.
Unrouted nets 7 at the end of iteration 2.
Unrouted nets 1 at the end of iteration 3.
Unrouted nets 2 at the end of iteration 4.
Unrouted nets 0 at the end of iteration 5.
Global Routing step 3 processed 12 nets, it takes 0.16 sec.
Unrouted nets 34 at the end of iteration 0.
Unrouted nets 20 at the end of iteration 1.
Unrouted nets 8 at the end of iteration 2.
Unrouted nets 6 at the end of iteration 3.
Unrouted nets 0 at the end of iteration 4.
Global Routing step 4 processed 90 nets, it takes 0.25 sec.
Global routing takes 2.39 sec.
Total 8782 subnets.
    forward max bucket size 25015 , backward 415.
        Unrouted nets 6169 at the end of iteration 0.
    route iteration 0, CPU time elapsed 2.562500 sec.
    forward max bucket size 909 , backward 451.
        Unrouted nets 5299 at the end of iteration 1.
    route iteration 1, CPU time elapsed 2.031250 sec.
    forward max bucket size 878 , backward 415.
        Unrouted nets 4598 at the end of iteration 2.
    route iteration 2, CPU time elapsed 1.203125 sec.
    forward max bucket size 294 , backward 151.
        Unrouted nets 4066 at the end of iteration 3.
    route iteration 3, CPU time elapsed 0.890625 sec.
    forward max bucket size 269 , backward 178.
        Unrouted nets 3662 at the end of iteration 4.
    route iteration 4, CPU time elapsed 0.625000 sec.
    forward max bucket size 272 , backward 172.
        Unrouted nets 3227 at the end of iteration 5.
    route iteration 5, CPU time elapsed 0.609375 sec.
    forward max bucket size 312 , backward 182.
        Unrouted nets 2792 at the end of iteration 6.
    route iteration 6, CPU time elapsed 0.546875 sec.
    forward max bucket size 313 , backward 160.
        Unrouted nets 2360 at the end of iteration 7.
    route iteration 7, CPU time elapsed 0.437500 sec.
    forward max bucket size 307 , backward 189.
        Unrouted nets 2054 at the end of iteration 8.
    route iteration 8, CPU time elapsed 0.390625 sec.
    forward max bucket size 366 , backward 149.
        Unrouted nets 1780 at the end of iteration 9.
    route iteration 9, CPU time elapsed 0.328125 sec.
    forward max bucket size 374 , backward 253.
        Unrouted nets 1478 at the end of iteration 10.
    route iteration 10, CPU time elapsed 0.281250 sec.
    forward max bucket size 508 , backward 253.
        Unrouted nets 1297 at the end of iteration 11.
    route iteration 11, CPU time elapsed 0.250000 sec.
    forward max bucket size 263 , backward 220.
        Unrouted nets 1159 at the end of iteration 12.
    route iteration 12, CPU time elapsed 0.250000 sec.
    forward max bucket size 263 , backward 220.
        Unrouted nets 989 at the end of iteration 13.
    route iteration 13, CPU time elapsed 0.203125 sec.
    forward max bucket size 357 , backward 297.
        Unrouted nets 960 at the end of iteration 14.
    route iteration 14, CPU time elapsed 0.187500 sec.
    forward max bucket size 187 , backward 122.
        Unrouted nets 830 at the end of iteration 15.
    route iteration 15, CPU time elapsed 0.171875 sec.
    forward max bucket size 268 , backward 210.
        Unrouted nets 765 at the end of iteration 16.
    route iteration 16, CPU time elapsed 0.171875 sec.
    forward max bucket size 190 , backward 157.
        Unrouted nets 664 at the end of iteration 17.
    route iteration 17, CPU time elapsed 0.140625 sec.
    forward max bucket size 189 , backward 118.
        Unrouted nets 591 at the end of iteration 18.
    route iteration 18, CPU time elapsed 0.140625 sec.
    forward max bucket size 230 , backward 130.
        Unrouted nets 509 at the end of iteration 19.
    route iteration 19, CPU time elapsed 0.125000 sec.
    forward max bucket size 268 , backward 210.
        Unrouted nets 451 at the end of iteration 20.
    route iteration 20, CPU time elapsed 0.093750 sec.
    forward max bucket size 199 , backward 142.
        Unrouted nets 380 at the end of iteration 21.
    route iteration 21, CPU time elapsed 0.093750 sec.
    forward max bucket size 95 , backward 86.
        Unrouted nets 357 at the end of iteration 22.
    route iteration 22, CPU time elapsed 0.109375 sec.
    forward max bucket size 182 , backward 153.
        Unrouted nets 335 at the end of iteration 23.
    route iteration 23, CPU time elapsed 0.093750 sec.
    forward max bucket size 205 , backward 72.
        Unrouted nets 333 at the end of iteration 24.
    route iteration 24, CPU time elapsed 0.093750 sec.
    forward max bucket size 116 , backward 77.
        Unrouted nets 306 at the end of iteration 25.
    route iteration 25, CPU time elapsed 0.093750 sec.
    forward max bucket size 205 , backward 102.
        Unrouted nets 300 at the end of iteration 26.
    route iteration 26, CPU time elapsed 0.078125 sec.
    forward max bucket size 145 , backward 94.
        Unrouted nets 244 at the end of iteration 27.
    route iteration 27, CPU time elapsed 0.093750 sec.
    forward max bucket size 164 , backward 46.
        Unrouted nets 236 at the end of iteration 28.
    route iteration 28, CPU time elapsed 0.046875 sec.
    forward max bucket size 108 , backward 55.
        Unrouted nets 222 at the end of iteration 29.
    route iteration 29, CPU time elapsed 0.031250 sec.
    forward max bucket size 122 , backward 84.
        Unrouted nets 191 at the end of iteration 30.
    route iteration 30, CPU time elapsed 0.078125 sec.
    forward max bucket size 48 , backward 63.
        Unrouted nets 166 at the end of iteration 31.
    route iteration 31, CPU time elapsed 0.046875 sec.
    forward max bucket size 44 , backward 24.
        Unrouted nets 160 at the end of iteration 32.
    route iteration 32, CPU time elapsed 0.031250 sec.
    forward max bucket size 57 , backward 22.
        Unrouted nets 147 at the end of iteration 33.
    route iteration 33, CPU time elapsed 0.015625 sec.
    forward max bucket size 42 , backward 22.
        Unrouted nets 132 at the end of iteration 34.
    route iteration 34, CPU time elapsed 0.046875 sec.
    forward max bucket size 36 , backward 28.
        Unrouted nets 133 at the end of iteration 35.
    route iteration 35, CPU time elapsed 0.046875 sec.
    forward max bucket size 45 , backward 25.
        Unrouted nets 116 at the end of iteration 36.
    route iteration 36, CPU time elapsed 0.031250 sec.
    forward max bucket size 37 , backward 27.
        Unrouted nets 96 at the end of iteration 37.
    route iteration 37, CPU time elapsed 0.046875 sec.
    forward max bucket size 34 , backward 25.
        Unrouted nets 93 at the end of iteration 38.
    route iteration 38, CPU time elapsed 0.046875 sec.
    forward max bucket size 37 , backward 26.
        Unrouted nets 92 at the end of iteration 39.
    route iteration 39, CPU time elapsed 0.046875 sec.
    forward max bucket size 34 , backward 26.
        Unrouted nets 74 at the end of iteration 40.
    route iteration 40, CPU time elapsed 0.046875 sec.
    forward max bucket size 40 , backward 20.
        Unrouted nets 72 at the end of iteration 41.
    route iteration 41, CPU time elapsed 0.062500 sec.
    forward max bucket size 40 , backward 22.
        Unrouted nets 64 at the end of iteration 42.
    route iteration 42, CPU time elapsed 0.046875 sec.
    forward max bucket size 39 , backward 24.
        Unrouted nets 66 at the end of iteration 43.
    route iteration 43, CPU time elapsed 0.031250 sec.
    forward max bucket size 34 , backward 31.
        Unrouted nets 65 at the end of iteration 44.
    route iteration 44, CPU time elapsed 0.046875 sec.
    forward max bucket size 39 , backward 30.
        Unrouted nets 70 at the end of iteration 45.
    route iteration 45, CPU time elapsed 0.046875 sec.
    forward max bucket size 34 , backward 24.
        Unrouted nets 73 at the end of iteration 46.
    route iteration 46, CPU time elapsed 0.031250 sec.
    forward max bucket size 45 , backward 21.
        Unrouted nets 64 at the end of iteration 47.
    route iteration 47, CPU time elapsed 0.031250 sec.
    forward max bucket size 33 , backward 22.
        Unrouted nets 55 at the end of iteration 48.
    route iteration 48, CPU time elapsed 0.000000 sec.
    forward max bucket size 39 , backward 25.
        Unrouted nets 46 at the end of iteration 49.
    route iteration 49, CPU time elapsed 0.031250 sec.
    forward max bucket size 45 , backward 26.
        Unrouted nets 44 at the end of iteration 50.
    route iteration 50, CPU time elapsed 0.031250 sec.
    forward max bucket size 35 , backward 27.
        Unrouted nets 36 at the end of iteration 51.
    route iteration 51, CPU time elapsed 0.031250 sec.
    forward max bucket size 26 , backward 26.
        Unrouted nets 44 at the end of iteration 52.
    route iteration 52, CPU time elapsed 0.031250 sec.
    forward max bucket size 39 , backward 28.
        Unrouted nets 29 at the end of iteration 53.
    route iteration 53, CPU time elapsed 0.031250 sec.
    forward max bucket size 44 , backward 29.
        Unrouted nets 28 at the end of iteration 54.
    route iteration 54, CPU time elapsed 0.031250 sec.
    forward max bucket size 22 , backward 18.
        Unrouted nets 14 at the end of iteration 55.
    route iteration 55, CPU time elapsed 0.015625 sec.
    forward max bucket size 24 , backward 16.
        Unrouted nets 11 at the end of iteration 56.
    route iteration 56, CPU time elapsed 0.031250 sec.
    forward max bucket size 34 , backward 16.
        Unrouted nets 10 at the end of iteration 57.
    route iteration 57, CPU time elapsed 0.015625 sec.
    forward max bucket size 37 , backward 16.
        Unrouted nets 6 at the end of iteration 58.
    route iteration 58, CPU time elapsed 0.031250 sec.
    forward max bucket size 25 , backward 16.
        Unrouted nets 7 at the end of iteration 59.
    route iteration 59, CPU time elapsed 0.031250 sec.
    forward max bucket size 30 , backward 15.
        Unrouted nets 14 at the end of iteration 60.
    route iteration 60, CPU time elapsed 0.031250 sec.
    forward max bucket size 29 , backward 8.
        Unrouted nets 8 at the end of iteration 61.
    route iteration 61, CPU time elapsed 0.031250 sec.
    forward max bucket size 17 , backward 12.
        Unrouted nets 7 at the end of iteration 62.
    route iteration 62, CPU time elapsed 0.015625 sec.
    forward max bucket size 20 , backward 14.
        Unrouted nets 8 at the end of iteration 63.
    route iteration 63, CPU time elapsed 0.046875 sec.
    forward max bucket size 17 , backward 13.
        Unrouted nets 6 at the end of iteration 64.
    route iteration 64, CPU time elapsed 0.031250 sec.
    forward max bucket size 16 , backward 17.
        Unrouted nets 4 at the end of iteration 65.
    route iteration 65, CPU time elapsed 0.031250 sec.
    forward max bucket size 18 , backward 15.
        Unrouted nets 5 at the end of iteration 66.
    route iteration 66, CPU time elapsed 0.031250 sec.
    forward max bucket size 34 , backward 13.
        Unrouted nets 7 at the end of iteration 67.
    route iteration 67, CPU time elapsed 0.031250 sec.
    forward max bucket size 34 , backward 19.
        Unrouted nets 12 at the end of iteration 68.
    route iteration 68, CPU time elapsed 0.015625 sec.
    forward max bucket size 34 , backward 13.
        Unrouted nets 11 at the end of iteration 69.
    route iteration 69, CPU time elapsed 0.046875 sec.
    forward max bucket size 19 , backward 14.
        Unrouted nets 10 at the end of iteration 70.
    route iteration 70, CPU time elapsed 0.015625 sec.
    forward max bucket size 47 , backward 12.
        Unrouted nets 6 at the end of iteration 71.
    route iteration 71, CPU time elapsed 0.031250 sec.
    forward max bucket size 19 , backward 9.
        Unrouted nets 4 at the end of iteration 72.
    route iteration 72, CPU time elapsed 0.031250 sec.
    forward max bucket size 19 , backward 9.
        Unrouted nets 4 at the end of iteration 73.
    route iteration 73, CPU time elapsed 0.031250 sec.
    forward max bucket size 19 , backward 9.
        Unrouted nets 4 at the end of iteration 74.
    route iteration 74, CPU time elapsed 0.031250 sec.
    forward max bucket size 19 , backward 10.
        Unrouted nets 4 at the end of iteration 75.
    route iteration 75, CPU time elapsed 0.015625 sec.
    forward max bucket size 27 , backward 17.
        Unrouted nets 8 at the end of iteration 76.
    route iteration 76, CPU time elapsed 0.031250 sec.
    forward max bucket size 36 , backward 19.
        Unrouted nets 6 at the end of iteration 77.
    route iteration 77, CPU time elapsed 0.015625 sec.
    forward max bucket size 17 , backward 14.
        Unrouted nets 6 at the end of iteration 78.
    route iteration 78, CPU time elapsed 0.031250 sec.
    forward max bucket size 17 , backward 14.
        Unrouted nets 6 at the end of iteration 79.
    route iteration 79, CPU time elapsed 0.031250 sec.
    forward max bucket size 17 , backward 14.
        Unrouted nets 2 at the end of iteration 80.
    route iteration 80, CPU time elapsed 0.031250 sec.
    forward max bucket size 16 , backward 3.
        Unrouted nets 0 at the end of iteration 81.
    route iteration 81, CPU time elapsed 0.031250 sec.
Detailed routing takes 81 iterations
I: Design net nt_pixclk_in is routed by general path.
C: Route-2036: The clock path from pixclk_in_ibuf/opit_1:DI_TO_CLK to clkbufg_0/gopclkbufg:CLK is routed by SRB.
I: Design net ntclkbufg_0 is routed by general path.
C: Route-2036: The clock path from clkbufg_0/gopclkbufg:CLKOUT to c_bin_de_d[0]/opit_0_srl:CLK is routed by SRB.
Detailed routing takes 15.23 sec.
Start fix hold violation.
Build tmp routing results takes 0.09 sec.
Timing analysis takes 0.08 sec.
Hold violation fix iter 0 takes 28.31 sec, total_step_forward 121334.
Incremental timing analysis takes 0.05 sec.
Hold violation fix iter 1 takes 0.14 sec, total_step_forward 180.
Incremental timing analysis takes 0.06 sec.
Hold violation fix iter 2 takes 0.00 sec, total_step_forward 633.
Incremental timing analysis takes 0.06 sec.
Hold violation fix iter 3 takes 0.00 sec, total_step_forward 0.
Hold Violation Fix in router takes 4 iterations.
Fix hold violation Finished.
Hold Violation Fix in router takes 29.78 sec.

Dispose routing result:
    Collect routing result.
    Delete unused device instances.
    Annotate routing result.
    Change LUT configuration.
    Dispose misc instances.
    Annotate routing result again.
Finish routing takes 0.44 sec.
Used SRB routing arc is 95904.
Cleanup routing takes 0.02 sec.
Routing done.
Total routing takes 52.06 sec.


Device Utilization Summary :
+------------------------------------------------------------------------------+
| Logic Utilization           | Used     | Available     | Utilization(%)     
+------------------------------------------------------------------------------+
| Use of ADC                  | 0        | 1             | 0                  
| Use of ANALOG               | 0        | 1             | 0                  
| Use of APM                  | 0        | 240           | 0                  
| Use of BKCL                 | 3        | 6             | 50                 
| Use of CCS                  | 1        | 1             | 100                
| Use of CLMA                 | 869      | 11675         | 8                  
|   FF                        | 2062     | 93400         | 3                  
|   LUT                       | 2441     | 46700         | 6                  
|   LUT-FF pairs              | 1103     | 46700         | 3                  
| Use of CLMS                 | 798      | 4975          | 17                 
|   FF                        | 574      | 39800         | 2                  
|   LUT                       | 1715     | 19900         | 9                  
|   LUT-FF pairs              | 245      | 19900         | 2                  
|   Distributed RAM           | 1032     | 19900         | 6                  
| Use of DDRPHY_CPD           | 0        | 12            | 0                  
| Use of DDRPHY_IOCLK_DIV     | 0        | 6             | 0                  
| Use of DDR_PHY              | 0        | 24            | 0                  
| Use of DRM                  | 14.5     | 155           | 10                 
| Use of GPLL                 | 2        | 6             | 34                 
| Use of GSEB                 | 0        | 218           | 0                  
| Use of HARD0                | 487      | 10550         | 5                  
| Use of HCKB                 | 13       | 96            | 14                 
|  HCKB dataused              | 0        | 96            | 0                  
| Use of HCKMUX_TEST          | 0        | 8             | 0                  
| Use of HSSTLP               | 0.5      | 1             | 50                 
| Use of IO                   | 26       | 285           | 10                 
|   IOBD                      | 12       | 137           | 9                  
|   IOBS                      | 14       | 148           | 10                 
| Use of IOCKB                | 0        | 24            | 0                  
| Use of IOCKMUX_TEST         | 0        | 6             | 0                  
| Use of IOLHR                | 25       | 300           | 9                  
| Use of KEYRAM               | 0        | 1             | 0                  
| Use of MFG_TEST             | 0        | 1             | 0                  
| Use of MRCKB                | 0        | 12            | 0                  
| Use of MRCKMUX_TEST         | 0        | 6             | 0                  
| Use of MRPOSTMUX_TEST       | 0        | 6             | 0                  
| Use of PCIE                 | 1        | 1             | 100                
| Use of PCKMUX_TEST          | 0        | 12            | 0                  
| Use of PLLMRMUX_TEST        | 0        | 6             | 0                  
| Use of PLLREFMUX_TEST       | 0        | 6             | 0                  
| Use of PPLL                 | 0        | 6             | 0                  
| Use of PREGMUXC_TEST        | 0        | 4             | 0                  
| Use of PREGMUXLR_TEST       | 0        | 6             | 0                  
| Use of RCKB                 | 0        | 24            | 0                  
|  RCKB dataused              | 0        | 24            | 0                  
| Use of RCKMUX_TEST          | 0        | 6             | 0                  
| Use of SCANCHAIN            | 0        | 1             | 0                  
| Use of SCKMUX_TEST          | 0        | 12            | 0                  
| Use of SFB                  | 0        | 2225          | 0                  
| Use of SPAD                 | 2        | 4             | 50                 
| Use of TSERDES              | 0        | 48            | 0                  
| Use of USCM                 | 5        | 32            | 16                 
|  USCM dataused              | 0        | 32            | 0                  
| Use of USCMMUX_TEST         | 0        | 32            | 0                  
+------------------------------------------------------------------------------+

Finished routing.
Design 'HDMI_IN_DDR3_mid_filter_top' has been placed and routed successfully.
Saving design to DB.
Finished placement and routing.
Action pnr: Real time elapsed is 0h:1m:37s
Action pnr: CPU time elapsed is 0h:1m:24s
Action pnr: Process CPU time elapsed is 0h:1m:26s
Current time: Tue Apr 21 23:11:07 2026
Action pnr: Peak memory pool usage is 1,612 MB
