#Build: Fabric Inserter 2022.2-SP6.4, Build 146967, Jan 31 01:39 2024
#Install: E:\pds\PDS_2022.2-SP6.4\bin
#Application name: cdt_ins.exe
#OS: Windows 10 10.0.22621
#Hostname: LAPTOP-DHE8LHVE
Generated by Fabric Inserter (version 2022.2-SP6.4 build 146967) at Sun Apr 26 17:27:31 2026
*************************************************************************
*
*  Parsing design. Please be patient as this can take several minutes.
*
*************************************************************************
Compiling architecture definition.
Loading technology operator library.
Compiling technology operator library.
Compiling technology operator (valence) library.
W: Adm-4001: Attribute 'syn_encoding' is not supported. It is ignored.
W: Adm-4001: Attribute 'syn_encoding' is not supported. It is ignored.
W: Adm-4001: Attribute 'syn_encoding' is not supported. It is ignored.
W: Adm-4001: Attribute 'syn_encoding' is not supported. It is ignored.
W: Adm-4001: Attribute 'syn_encoding' is not supported. It is ignored.
W: Adm-4001: Attribute 'syn_encoding' is not supported. It is ignored.
W: Adm-4001: Attribute 'syn_encoding' is not supported. It is ignored.
W: Adm-4001: Attribute 'syn_encoding' is not supported. It is ignored.
W: Adm-4001: Attribute 'syn_encoding' is not supported. It is ignored.
W: Adm-4001: Attribute 'syn_encoding' is not supported. It is ignored.
W: Adm-4001: Attribute 'syn_encoding' is not supported. It is ignored.
W: Adm-4001: Attribute 'syn_encoding' is not supported. It is ignored.
W: Adm-4001: Attribute 'syn_encoding' is not supported. It is ignored.
W: Adm-4001: Attribute 'syn_encoding' is not supported. It is ignored.
W: Adm-4001: Attribute 'syn_encoding' is not supported. It is ignored.
W: Adm-4001: Attribute 'syn_encoding' is not supported. It is ignored.
W: Adm-4001: Attribute 'syn_encoding' is not supported. It is ignored.
W: Adm-4001: Attribute 'syn_encoding' is not supported. It is ignored.
W: Adm-4001: Attribute 'syn_encoding' is not supported. It is ignored.
W: Adm-4001: Attribute 'syn_encoding' is not supported. It is ignored.
W: Adm-4001: Attribute 'syn_encoding' is not supported. It is ignored.
W: Adm-4001: Attribute 'syn_encoding' is not supported. It is ignored.
W: Adm-4001: Attribute 'syn_encoding' is not supported. It is ignored.
W: Adm-4001: Attribute 'syn_encoding' is not supported. It is ignored.
W: Adm-4001: Attribute 'syn_encoding' is not supported. It is ignored.
W: Adm-4001: Attribute 'syn_encoding' is not supported. It is ignored.
W: Adm-4001: Attribute 'syn_encoding' is not supported. It is ignored.
W: Adm-4001: Attribute 'syn_encoding' is not supported. It is ignored.
W: Adm-4001: Attribute 'syn_encoding' is not supported. It is ignored.
W: Adm-4001: Attribute 'syn_encoding' is not supported. It is ignored.
W: Adm-4001: Attribute 'syn_encoding' is not supported. It is ignored.
W: Adm-4001: Attribute 'syn_encoding' is not supported. It is ignored.
W: Adm-4001: Attribute 'syn_encoding' is not supported. It is ignored.
W: Adm-4001: Attribute 'syn_encoding' is not supported. It is ignored.
W: Adm-4001: Attribute 'syn_encoding' is not supported. It is ignored.
W: Adm-4001: Attribute 'syn_encoding' is not supported. It is ignored.
W: Adm-4001: Attribute 'syn_encoding' is not supported. It is ignored.
W: Adm-4001: Attribute 'syn_encoding' is not supported. It is ignored.
W: Adm-4001: Attribute 'syn_encoding' is not supported. It is ignored.
W: Adm-4001: Attribute 'syn_encoding' is not supported. It is ignored.
W: Adm-4001: Attribute 'syn_encoding' is not supported. It is ignored.
W: Adm-4001: Attribute 'syn_encoding' is not supported. It is ignored.
W: Adm-4001: Attribute 'syn_encoding' is not supported. It is ignored.
W: Adm-4001: Attribute 'syn_encoding' is not supported. It is ignored.
W: Adm-4001: Attribute 'syn_encoding' is not supported. It is ignored.
W: Adm-4001: Attribute 'syn_encoding' is not supported. It is ignored.
W: Adm-4001: Attribute 'syn_encoding' is not supported. It is ignored.
W: Adm-4001: Attribute 'syn_encoding' is not supported. It is ignored.
W: Adm-4001: Attribute 'syn_encoding' is not supported. It is ignored.
W: Adm-4001: Attribute 'syn_encoding' is not supported. It is ignored.
W: Adm-4001: Attribute 'syn_encoding' is not supported. It is ignored.
W: Adm-4001: Attribute 'syn_encoding' is not supported. It is ignored.
W: Adm-4001: Attribute 'syn_encoding' is not supported. It is ignored.
W: Adm-4001: Attribute 'syn_encoding' is not supported. It is ignored.
W: Adm-4001: Attribute 'syn_encoding' is not supported. It is ignored.
W: Adm-4001: Attribute 'syn_encoding' is not supported. It is ignored.
W: Adm-4001: Attribute 'syn_encoding' is not supported. It is ignored.
W: Adm-4001: Attribute 'syn_encoding' is not supported. It is ignored.
W: Adm-4001: Attribute 'syn_encoding' is not supported. It is ignored.
W: Adm-4001: Attribute 'syn_encoding' is not supported. It is ignored.
W: Adm-4001: Attribute 'syn_encoding' is not supported. It is ignored.
W: Adm-4001: Attribute 'syn_encoding' is not supported. It is ignored.
W: Adm-4001: Attribute 'syn_encoding' is not supported. It is ignored.
W: Adm-4001: Attribute 'syn_encoding' is not supported. It is ignored.
W: Adm-4001: Attribute 'syn_encoding' is not supported. It is ignored.
W: Adm-4001: Attribute 'syn_encoding' is not supported. It is ignored.
W: Adm-4001: Attribute 'syn_encoding' is not supported. It is ignored.
W: Adm-4001: Attribute 'syn_encoding' is not supported. It is ignored.
W: Adm-4001: Attribute 'syn_encoding' is not supported. It is ignored.
W: Adm-4001: Attribute 'syn_encoding' is not supported. It is ignored.
W: Adm-4001: Attribute 'syn_encoding' is not supported. It is ignored.
W: Adm-4001: Attribute 'syn_encoding' is not supported. It is ignored.
W: Adm-4001: Attribute 'syn_encoding' is not supported. It is ignored.
W: Adm-4001: Attribute 'syn_encoding' is not supported. It is ignored.
W: Adm-4001: Attribute 'syn_encoding' is not supported. It is ignored.
W: Adm-4001: Attribute 'syn_encoding' is not supported. It is ignored.
W: Adm-4001: Attribute 'syn_encoding' is not supported. It is ignored.
W: Adm-4001: Attribute 'syn_encoding' is not supported. It is ignored.
W: Adm-4001: Attribute 'syn_encoding' is not supported. It is ignored.
W: Adm-4001: Attribute 'syn_encoding' is not supported. It is ignored.
W: Adm-4001: Attribute 'syn_encoding' is not supported. It is ignored.
W: Adm-4001: Attribute 'syn_encoding' is not supported. It is ignored.
W: Adm-4001: Attribute 'syn_encoding' is not supported. It is ignored.
W: Adm-4001: Attribute 'syn_encoding' is not supported. It is ignored.
W: Adm-4001: Attribute 'syn_encoding' is not supported. It is ignored.
W: Adm-4001: Attribute 'syn_encoding' is not supported. It is ignored.
W: Adm-4001: Attribute 'syn_encoding' is not supported. It is ignored.
W: Adm-4001: Attribute 'syn_encoding' is not supported. It is ignored.
W: Adm-4001: Attribute 'syn_encoding' is not supported. It is ignored.
W: Adm-4001: Attribute 'syn_encoding' is not supported. It is ignored.
W: Adm-4001: Attribute 'syn_encoding' is not supported. It is ignored.
W: Adm-4001: Attribute 'syn_encoding' is not supported. It is ignored.
W: Adm-4001: Attribute 'syn_encoding' is not supported. It is ignored.
W: Adm-4001: Attribute 'syn_encoding' is not supported. It is ignored.
W: Adm-4001: Attribute 'syn_encoding' is not supported. It is ignored.
W: Adm-4001: Attribute 'syn_encoding' is not supported. It is ignored.
W: Adm-4001: Attribute 'syn_encoding' is not supported. It is ignored.
W: Adm-4001: Attribute 'syn_encoding' is not supported. It is ignored.
W: Adm-4001: Attribute 'syn_encoding' is not supported. It is ignored.
W: Adm-4001: Attribute 'syn_encoding' is not supported. It is ignored.
W: Adm-4001: Attribute 'syn_encoding' is not supported. It is ignored.
W: Adm-4001: Attribute 'syn_encoding' is not supported. It is ignored.
W: Adm-4001: Attribute 'syn_encoding' is not supported. It is ignored.
W: Adm-4001: Attribute 'syn_encoding' is not supported. It is ignored.
W: Adm-4001: Attribute 'syn_encoding' is not supported. It is ignored.
W: Adm-4001: Attribute 'syn_encoding' is not supported. It is ignored.
W: Adm-4001: Attribute 'syn_encoding' is not supported. It is ignored.
W: Adm-4001: Attribute 'syn_encoding' is not supported. It is ignored.
W: Adm-4001: Attribute 'syn_encoding' is not supported. It is ignored.
W: Adm-4001: Attribute 'syn_encoding' is not supported. It is ignored.
W: Adm-4001: Attribute 'syn_encoding' is not supported. It is ignored.
W: Adm-4001: Attribute 'syn_encoding' is not supported. It is ignored.
W: Adm-4001: Attribute 'syn_encoding' is not supported. It is ignored.
W: Adm-4001: Attribute 'syn_encoding' is not supported. It is ignored.
W: Adm-4001: Attribute 'syn_encoding' is not supported. It is ignored.
W: Adm-4001: Attribute 'syn_encoding' is not supported. It is ignored.
W: Adm-4001: Attribute 'syn_encoding' is not supported. It is ignored.
W: Adm-4001: Attribute 'syn_encoding' is not supported. It is ignored.
W: Adm-4001: Attribute 'syn_encoding' is not supported. It is ignored.
W: Adm-4001: Attribute 'syn_encoding' is not supported. It is ignored.
W: Adm-4001: Attribute 'syn_encoding' is not supported. It is ignored.
W: Adm-4001: Attribute 'syn_encoding' is not supported. It is ignored.
W: Adm-4001: Attribute 'syn_encoding' is not supported. It is ignored.
W: Adm-4001: Attribute 'syn_encoding' is not supported. It is ignored.
W: Adm-4001: Attribute 'syn_encoding' is not supported. It is ignored.
W: Adm-4001: Attribute 'syn_encoding' is not supported. It is ignored.
W: Adm-4001: Attribute 'syn_encoding' is not supported. It is ignored.
W: Adm-4001: Attribute 'syn_encoding' is not supported. It is ignored.
W: Adm-4001: Attribute 'syn_encoding' is not supported. It is ignored.
W: Adm-4001: Attribute 'syn_encoding' is not supported. It is ignored.
W: Adm-4001: Attribute 'syn_encoding' is not supported. It is ignored.
W: Adm-4001: Attribute 'syn_encoding' is not supported. It is ignored.
W: Adm-4001: Attribute 'syn_encoding' is not supported. It is ignored.
W: Adm-4001: Attribute 'syn_encoding' is not supported. It is ignored.
W: Adm-4001: Attribute 'syn_encoding' is not supported. It is ignored.
W: Adm-4001: Attribute 'syn_encoding' is not supported. It is ignored.
W: Adm-4001: Attribute 'syn_encoding' is not supported. It is ignored.
W: Adm-4001: Attribute 'syn_encoding' is not supported. It is ignored.
W: Adm-4001: Attribute 'syn_encoding' is not supported. It is ignored.
W: Adm-4001: Attribute 'syn_encoding' is not supported. It is ignored.
W: Adm-4001: Attribute 'syn_encoding' is not supported. It is ignored.
W: Adm-4001: Attribute 'syn_encoding' is not supported. It is ignored.
W: Adm-4001: Attribute 'syn_encoding' is not supported. It is ignored.
W: Adm-4001: Attribute 'syn_encoding' is not supported. It is ignored.
W: Adm-4001: Attribute 'syn_encoding' is not supported. It is ignored.
W: Adm-4001: Attribute 'syn_encoding' is not supported. It is ignored.
W: Adm-4001: Attribute 'syn_encoding' is not supported. It is ignored.
W: Adm-4001: Attribute 'syn_encoding' is not supported. It is ignored.
W: Adm-4001: Attribute 'syn_encoding' is not supported. It is ignored.
W: Adm-4001: Attribute 'syn_encoding' is not supported. It is ignored.
W: Adm-4001: Attribute 'syn_encoding' is not supported. It is ignored.
W: Adm-4001: Attribute 'syn_encoding' is not supported. It is ignored.
W: Adm-4001: Attribute 'syn_encoding' is not supported. It is ignored.
W: Adm-4001: Attribute 'syn_encoding' is not supported. It is ignored.
W: Adm-4001: Attribute 'syn_encoding' is not supported. It is ignored.
W: Adm-4001: Attribute 'syn_encoding' is not supported. It is ignored.
W: Adm-4001: Attribute 'syn_encoding' is not supported. It is ignored.
W: Adm-4001: Attribute 'syn_encoding' is not supported. It is ignored.
W: Adm-4001: Attribute 'syn_encoding' is not supported. It is ignored.
W: Adm-4001: Attribute 'syn_encoding' is not supported. It is ignored.
W: Adm-4001: Attribute 'syn_encoding' is not supported. It is ignored.
W: Adm-4001: Attribute 'syn_encoding' is not supported. It is ignored.
W: Adm-4001: Attribute 'syn_encoding' is not supported. It is ignored.
W: Adm-4001: Attribute 'syn_encoding' is not supported. It is ignored.
W: Adm-4001: Attribute 'syn_encoding' is not supported. It is ignored.
W: Adm-4001: Attribute 'syn_encoding' is not supported. It is ignored.
W: Adm-4001: Attribute 'syn_encoding' is not supported. It is ignored.
W: Adm-4001: Attribute 'syn_encoding' is not supported. It is ignored.
W: Adm-4001: Attribute 'syn_encoding' is not supported. It is ignored.
W: Adm-4001: Attribute 'syn_encoding' is not supported. It is ignored.
W: Adm-4001: Attribute 'syn_encoding' is not supported. It is ignored.
W: Adm-4001: Attribute 'syn_encoding' is not supported. It is ignored.
W: Adm-4001: Attribute 'syn_encoding' is not supported. It is ignored.
W: Adm-4001: Attribute 'syn_encoding' is not supported. It is ignored.
W: Adm-4001: Attribute 'syn_encoding' is not supported. It is ignored.
W: Adm-4001: Attribute 'syn_encoding' is not supported. It is ignored.
W: Adm-4001: Attribute 'syn_encoding' is not supported. It is ignored.
W: Adm-4001: Attribute 'syn_encoding' is not supported. It is ignored.
W: Adm-4001: Attribute 'syn_encoding' is not supported. It is ignored.
W: Adm-4001: Attribute 'syn_encoding' is not supported. It is ignored.
W: Adm-4001: Attribute 'syn_encoding' is not supported. It is ignored.
W: Adm-4001: Attribute 'syn_encoding' is not supported. It is ignored.
W: Adm-4001: Attribute 'syn_encoding' is not supported. It is ignored.
W: Adm-4001: Attribute 'syn_encoding' is not supported. It is ignored.
W: Adm-4001: Attribute 'syn_encoding' is not supported. It is ignored.
W: Adm-4001: Attribute 'syn_encoding' is not supported. It is ignored.
W: Adm-4001: Attribute 'syn_encoding' is not supported. It is ignored.
W: Adm-4001: Attribute 'syn_encoding' is not supported. It is ignored.
W: Adm-4001: Attribute 'syn_encoding' is not supported. It is ignored.
W: Adm-4001: Attribute 'syn_encoding' is not supported. It is ignored.
W: Adm-4001: Attribute 'syn_encoding' is not supported. It is ignored.
W: Adm-4001: Attribute 'syn_encoding' is not supported. It is ignored.
W: Adm-4001: Attribute 'syn_encoding' is not supported. It is ignored.
W: Adm-4001: Attribute 'syn_encoding' is not supported. It is ignored.
W: Adm-4001: Attribute 'syn_encoding' is not supported. It is ignored.
W: Adm-4001: Attribute 'syn_encoding' is not supported. It is ignored.
W: Adm-4001: Attribute 'syn_encoding' is not supported. It is ignored.
W: Adm-4001: Attribute 'syn_encoding' is not supported. It is ignored.
W: Adm-4001: Attribute 'syn_encoding' is not supported. It is ignored.
W: Adm-4001: Attribute 'syn_encoding' is not supported. It is ignored.
W: Adm-4001: Attribute 'syn_encoding' is not supported. It is ignored.
W: Adm-4001: Attribute 'syn_encoding' is not supported. It is ignored.
W: Adm-4001: Attribute 'syn_encoding' is not supported. It is ignored.
W: Adm-4001: Attribute 'syn_encoding' is not supported. It is ignored.
W: Adm-4001: Attribute 'syn_encoding' is not supported. It is ignored.
W: Adm-4001: Attribute 'syn_encoding' is not supported. It is ignored.
W: Adm-4001: Attribute 'syn_encoding' is not supported. It is ignored.
W: Adm-4001: Attribute 'syn_encoding' is not supported. It is ignored.
W: Adm-4001: Attribute 'syn_encoding' is not supported. It is ignored.
W: Adm-4001: Attribute 'syn_encoding' is not supported. It is ignored.
W: Adm-4001: Attribute 'syn_encoding' is not supported. It is ignored.
W: Adm-4001: Attribute 'syn_encoding' is not supported. It is ignored.
W: Adm-4001: Attribute 'syn_encoding' is not supported. It is ignored.
W: Adm-4001: Attribute 'syn_encoding' is not supported. It is ignored.
W: Adm-4001: Attribute 'syn_encoding' is not supported. It is ignored.
W: Adm-4001: Attribute 'syn_encoding' is not supported. It is ignored.
W: Adm-4001: Attribute 'syn_encoding' is not supported. It is ignored.
W: Adm-4001: Attribute 'syn_encoding' is not supported. It is ignored.
W: Adm-4001: Attribute 'syn_encoding' is not supported. It is ignored.
W: Adm-4001: Attribute 'syn_encoding' is not supported. It is ignored.
W: Adm-4001: Attribute 'syn_encoding' is not supported. It is ignored.
W: Adm-4001: Attribute 'syn_encoding' is not supported. It is ignored.
W: Adm-4001: Attribute 'syn_encoding' is not supported. It is ignored.
W: Adm-4001: Attribute 'syn_encoding' is not supported. It is ignored.
W: Adm-4001: Attribute 'syn_encoding' is not supported. It is ignored.
W: Adm-4001: Attribute 'syn_encoding' is not supported. It is ignored.
W: Adm-4001: Attribute 'syn_encoding' is not supported. It is ignored.
W: Adm-4001: Attribute 'syn_encoding' is not supported. It is ignored.
W: Adm-4001: Attribute 'syn_encoding' is not supported. It is ignored.
W: Adm-4001: Attribute 'syn_encoding' is not supported. It is ignored.
W: Adm-4001: Attribute 'syn_encoding' is not supported. It is ignored.
W: Adm-4001: Attribute 'syn_encoding' is not supported. It is ignored.
W: Adm-4001: Attribute 'syn_encoding' is not supported. It is ignored.
W: Adm-4001: Attribute 'syn_encoding' is not supported. It is ignored.
W: Adm-4001: Attribute 'syn_encoding' is not supported. It is ignored.
W: Adm-4001: Attribute 'syn_encoding' is not supported. It is ignored.
W: Adm-4001: Attribute 'syn_encoding' is not supported. It is ignored.
W: Adm-4001: Attribute 'syn_encoding' is not supported. It is ignored.
W: Adm-4001: Attribute 'syn_encoding' is not supported. It is ignored.
W: Adm-4001: Attribute 'syn_encoding' is not supported. It is ignored.
W: Adm-4001: Attribute 'syn_encoding' is not supported. It is ignored.
W: Adm-4001: Attribute 'syn_encoding' is not supported. It is ignored.
W: Adm-4001: Attribute 'syn_encoding' is not supported. It is ignored.
W: Adm-4001: Attribute 'syn_encoding' is not supported. It is ignored.
W: Adm-4001: Attribute 'syn_encoding' is not supported. It is ignored.
W: Adm-4001: Attribute 'syn_encoding' is not supported. It is ignored.
W: Adm-4001: Attribute 'syn_encoding' is not supported. It is ignored.
W: Adm-4001: Attribute 'syn_encoding' is not supported. It is ignored.
W: Adm-4001: Attribute 'syn_encoding' is not supported. It is ignored.
W: Adm-4001: Attribute 'syn_encoding' is not supported. It is ignored.
W: Adm-4001: Attribute 'syn_encoding' is not supported. It is ignored.
W: Adm-4001: Attribute 'syn_encoding' is not supported. It is ignored.
W: Adm-4001: Attribute 'syn_encoding' is not supported. It is ignored.
W: Adm-4001: Attribute 'syn_encoding' is not supported. It is ignored.
W: Adm-4001: Attribute 'syn_encoding' is not supported. It is ignored.
W: Adm-4001: Attribute 'syn_encoding' is not supported. It is ignored.
W: Adm-4001: Attribute 'syn_encoding' is not supported. It is ignored.
W: Adm-4001: Attribute 'syn_encoding' is not supported. It is ignored.
W: Adm-4001: Attribute 'syn_encoding' is not supported. It is ignored.
W: Adm-4001: Attribute 'syn_encoding' is not supported. It is ignored.
W: Adm-4001: Attribute 'syn_encoding' is not supported. It is ignored.
W: Adm-4001: Attribute 'syn_encoding' is not supported. It is ignored.
W: Adm-4001: Attribute 'syn_encoding' is not supported. It is ignored.
W: Adm-4001: Attribute 'syn_encoding' is not supported. It is ignored.
W: Adm-4001: Attribute 'syn_encoding' is not supported. It is ignored.
W: Adm-4001: Attribute 'syn_encoding' is not supported. It is ignored.
W: Adm-4001: Attribute 'syn_encoding' is not supported. It is ignored.
W: Adm-4001: Attribute 'syn_encoding' is not supported. It is ignored.
W: Adm-4001: Attribute 'syn_encoding' is not supported. It is ignored.
W: Adm-4001: Attribute 'syn_encoding' is not supported. It is ignored.
W: Adm-4001: Attribute 'syn_encoding' is not supported. It is ignored.
W: Adm-4001: Attribute 'syn_encoding' is not supported. It is ignored.
W: Adm-4001: Attribute 'syn_encoding' is not supported. It is ignored.
W: Adm-4001: Attribute 'syn_encoding' is not supported. It is ignored.
W: Adm-4001: Attribute 'syn_encoding' is not supported. It is ignored.
W: Adm-4001: Attribute 'syn_encoding' is not supported. It is ignored.
W: Adm-4001: Attribute 'syn_encoding' is not supported. It is ignored.
W: Adm-4001: Attribute 'syn_encoding' is not supported. It is ignored.
W: Adm-4001: Attribute 'syn_encoding' is not supported. It is ignored.
W: Adm-4001: Attribute 'syn_encoding' is not supported. It is ignored.
W: Adm-4001: Attribute 'syn_encoding' is not supported. It is ignored.
W: Adm-4001: Attribute 'syn_encoding' is not supported. It is ignored.
W: Adm-4001: Attribute 'syn_encoding' is not supported. It is ignored.
W: Adm-4001: Attribute 'syn_encoding' is not supported. It is ignored.
W: Adm-4001: Attribute 'syn_encoding' is not supported. It is ignored.
W: Adm-4001: Attribute 'syn_encoding' is not supported. It is ignored.
W: Adm-4001: Attribute 'syn_encoding' is not supported. It is ignored.
W: Adm-4001: Attribute 'syn_encoding' is not supported. It is ignored.
W: Adm-4001: Attribute 'syn_encoding' is not supported. It is ignored.
W: Adm-4001: Attribute 'syn_encoding' is not supported. It is ignored.
W: Adm-4001: Attribute 'syn_encoding' is not supported. It is ignored.
W: Adm-4001: Attribute 'syn_encoding' is not supported. It is ignored.
W: Adm-4001: Attribute 'syn_encoding' is not supported. It is ignored.
W: Adm-4001: Attribute 'syn_encoding' is not supported. It is ignored.
W: Adm-4001: Attribute 'syn_encoding' is not supported. It is ignored.
W: Adm-4001: Attribute 'syn_encoding' is not supported. It is ignored.
W: Adm-4001: Attribute 'syn_encoding' is not supported. It is ignored.
W: Adm-4001: Attribute 'syn_encoding' is not supported. It is ignored.
W: Adm-4001: Attribute 'syn_encoding' is not supported. It is ignored.
W: Adm-4001: Attribute 'syn_encoding' is not supported. It is ignored.
W: Adm-4001: Attribute 'syn_encoding' is not supported. It is ignored.
W: Adm-4001: Attribute 'syn_encoding' is not supported. It is ignored.
W: Adm-4001: Attribute 'syn_encoding' is not supported. It is ignored.
W: Adm-4001: Attribute 'syn_encoding' is not supported. It is ignored.
W: Adm-4001: Attribute 'syn_encoding' is not supported. It is ignored.
W: Adm-4001: Attribute 'syn_encoding' is not supported. It is ignored.
W: Adm-4001: Attribute 'syn_encoding' is not supported. It is ignored.
W: Adm-4001: Attribute 'syn_encoding' is not supported. It is ignored.
W: Adm-4001: Attribute 'syn_encoding' is not supported. It is ignored.
W: Adm-4001: Attribute 'syn_encoding' is not supported. It is ignored.
W: Adm-4001: Attribute 'syn_encoding' is not supported. It is ignored.
W: Adm-4001: Attribute 'syn_encoding' is not supported. It is ignored.
W: Adm-4001: Attribute 'syn_encoding' is not supported. It is ignored.
W: Adm-4001: Attribute 'syn_encoding' is not supported. It is ignored.
W: Adm-4001: Attribute 'syn_encoding' is not supported. It is ignored.
W: Adm-4001: Attribute 'syn_encoding' is not supported. It is ignored.
W: Adm-4001: Attribute 'syn_encoding' is not supported. It is ignored.
W: Adm-4001: Attribute 'syn_encoding' is not supported. It is ignored.
W: Adm-4001: Attribute 'syn_encoding' is not supported. It is ignored.
W: Adm-4001: Attribute 'syn_encoding' is not supported. It is ignored.
W: Adm-4001: Attribute 'syn_encoding' is not supported. It is ignored.
W: Adm-4001: Attribute 'syn_encoding' is not supported. It is ignored.
W: Adm-4001: Attribute 'syn_encoding' is not supported. It is ignored.
W: Adm-4001: Attribute 'syn_encoding' is not supported. It is ignored.
W: Adm-4001: Attribute 'syn_encoding' is not supported. It is ignored.
W: Adm-4001: Attribute 'syn_encoding' is not supported. It is ignored.
W: Adm-4001: Attribute 'syn_encoding' is not supported. It is ignored.
W: Adm-4001: Attribute 'syn_encoding' is not supported. It is ignored.
W: Adm-4001: Attribute 'syn_encoding' is not supported. It is ignored.
W: Adm-4001: Attribute 'syn_encoding' is not supported. It is ignored.
Compiling file 'E:/Ziguang/CCICE_26Ziguang/code_26_2/fpga/FPGA_HDMIIN_1/project/synthesize/dl_fpga_prj_syn.adf' successful.
Creating module hierarchy.
Collecting net information.
*************************************************************************
*
*  Design Parsing Done.
*
*************************************************************************
M_PROCESS_FINISH_STARTED

W: Inserter-4008: Net connections is modified to make channels in sequence.
W: Inserter-4008: Net connections is modified to make channels in sequence.
