#Build: Fabric Compiler 2022.2-SP6.4, Build 146967, Jan 31 01:39 2024
#Install: E:\pds\PDS_2022.2-SP6.4\bin
#Application name: pds_shell.exe
#OS: Windows 10 10.0.22621
#Hostname: LAPTOP-DHE8LHVE
Generated by Fabric Compiler (version 2022.2-SP6.4 build 146967) at Sun Apr 26 03:02:21 2026
Compiling verification operator library.
Compiling common defs.
Compiling prim grid devices.
Compiling gate devices.
Compiling gate operators.
Building architecture model.
Loading device packaging model.
Reading design from DB.
Start Generating Programming File...
Reading design from DB takes 2.437500 sec.
Generating architecture configuration.
The bitstream file is "E:/Ziguang/CCICE_26Ziguang/code_26_2/fpga/template_projects/DL_HDMI40IN_PCIE_RK3568/project/generate_bitstream/dl_fpga_prj.sbit"
Generate programming file takes 14.953125 sec.
Generating Programming File done.
Action gen_bit_stream: Real time elapsed is 0h:0m:29s
Action gen_bit_stream: CPU time elapsed is 0h:0m:25s
Action gen_bit_stream: Process CPU time elapsed is 0h:0m:25s
Current time: Sun Apr 26 03:02:48 2026
Action gen_bit_stream: Peak memory pool usage is 1,321 MB
