#Build: Fabric Compiler 2022.2-SP6.4, Build 146967, Jan 31 01:39 2024
#Install: D:\PDSapp\PDS_2022.2-SP6.4\bin
#Application name: pds_shell.exe
#OS: Windows 10 10.0.26100
#Hostname: LAPTOP-MU50QR7M
Generated by Fabric Compiler (version 2022.2-SP6.4 build 146967) at Sat Nov  1 14:37:21 2025
License checkout: fabric_ads from D:\PDSapp\lic\new_pds_F4A80DA47D72.lic
Compiling verification operator library.
Compiling common defs.
Loading technology operator library.
Compiling technology operator library.
Compiling technology operator (valence) library.
Reading design from compile DB
Reading design from compile DB successfully.
Constraint check start.
Compiling prim grid devices.
Building architecture model.
Loading device packaging model.
Building architecture floorplan logic view.
Executing : get_ports sys_clk
Executing : get_ports sys_clk successfully.
Executing : create_clock -name sys_clk [get_ports sys_clk] -period 20.000 -waveform {0.000 10.000}
Executing : create_clock -name sys_clk [get_ports sys_clk] -period 20.000 -waveform {0.000 10.000} successfully.
Executing : get_ports sys_clk
Executing : get_ports sys_clk successfully.
Executing : get_pins u_DDR3_50H.I_GTP_CLKDIV/CLKDIVOUT
Executing : get_pins u_DDR3_50H.I_GTP_CLKDIV/CLKDIVOUT successfully.
Executing : get_clocks sys_clk
Executing : get_clocks sys_clk successfully.
Executing : create_generated_clock -name ddrphy_clkin -source [get_ports sys_clk] [get_pins u_DDR3_50H.I_GTP_CLKDIV/CLKDIVOUT] -master_clock [get_clocks sys_clk] -multiply_by 16 -divide_by 8
Executing : create_generated_clock -name ddrphy_clkin -source [get_ports sys_clk] [get_pins u_DDR3_50H.I_GTP_CLKDIV/CLKDIVOUT] -master_clock [get_clocks sys_clk] -multiply_by 16 -divide_by 8 successfully.
Executing : get_ports sys_clk
Executing : get_ports sys_clk successfully.
Executing : get_pins u_DDR3_50H.I_GTP_IOCLKBUF_0/CLKOUT
Executing : get_pins u_DDR3_50H.I_GTP_IOCLKBUF_0/CLKOUT successfully.
Executing : get_clocks sys_clk
Executing : get_clocks sys_clk successfully.
Executing : create_generated_clock -name ioclk0 -source [get_ports sys_clk] [get_pins u_DDR3_50H.I_GTP_IOCLKBUF_0/CLKOUT] -master_clock [get_clocks sys_clk] -multiply_by 16 -divide_by 2
Executing : create_generated_clock -name ioclk0 -source [get_ports sys_clk] [get_pins u_DDR3_50H.I_GTP_IOCLKBUF_0/CLKOUT] -master_clock [get_clocks sys_clk] -multiply_by 16 -divide_by 2 successfully.
Executing : get_ports sys_clk
Executing : get_ports sys_clk successfully.
Executing : get_pins u_DDR3_50H.I_GTP_IOCLKBUF_1/CLKOUT
Executing : get_pins u_DDR3_50H.I_GTP_IOCLKBUF_1/CLKOUT successfully.
Executing : get_clocks sys_clk
Executing : get_clocks sys_clk successfully.
Executing : create_generated_clock -name ioclk1 -source [get_ports sys_clk] [get_pins u_DDR3_50H.I_GTP_IOCLKBUF_1/CLKOUT] -master_clock [get_clocks sys_clk] -multiply_by 16 -divide_by 2
Executing : create_generated_clock -name ioclk1 -source [get_ports sys_clk] [get_pins u_DDR3_50H.I_GTP_IOCLKBUF_1/CLKOUT] -master_clock [get_clocks sys_clk] -multiply_by 16 -divide_by 2 successfully.
Executing : get_ports sys_clk
Executing : get_ports sys_clk successfully.
Executing : get_pins u_DDR3_50H.I_GTP_IOCLKBUF_2/CLKOUT
Executing : get_pins u_DDR3_50H.I_GTP_IOCLKBUF_2/CLKOUT successfully.
Executing : get_clocks sys_clk
Executing : get_clocks sys_clk successfully.
Executing : create_generated_clock -name ioclk2 -source [get_ports sys_clk] [get_pins u_DDR3_50H.I_GTP_IOCLKBUF_2/CLKOUT] -master_clock [get_clocks sys_clk] -multiply_by 16 -divide_by 2
Executing : create_generated_clock -name ioclk2 -source [get_ports sys_clk] [get_pins u_DDR3_50H.I_GTP_IOCLKBUF_2/CLKOUT] -master_clock [get_clocks sys_clk] -multiply_by 16 -divide_by 2 successfully.
Executing : get_ports sys_clk
Executing : get_ports sys_clk successfully.
Executing : get_pins u_DDR3_50H.u_clkbufg_gate/CLKOUT
Executing : get_pins u_DDR3_50H.u_clkbufg_gate/CLKOUT successfully.
Executing : get_clocks sys_clk
Executing : get_clocks sys_clk successfully.
Executing : create_generated_clock -name ioclk_gate_clk -source [get_ports sys_clk] [get_pins u_DDR3_50H.u_clkbufg_gate/CLKOUT] -master_clock [get_clocks sys_clk] -multiply_by 16 -divide_by 8
Executing : create_generated_clock -name ioclk_gate_clk -source [get_ports sys_clk] [get_pins u_DDR3_50H.u_clkbufg_gate/CLKOUT] -master_clock [get_clocks sys_clk] -multiply_by 16 -divide_by 8 successfully.
Executing : get_clocks ddrphy_clkin
Executing : get_clocks ddrphy_clkin successfully.
Executing : set_clock_uncertainty 0.200 [get_clocks ddrphy_clkin] -setup -hold
Executing : set_clock_uncertainty 0.200 [get_clocks ddrphy_clkin] -setup -hold successfully.
Executing : get_clocks sys_clk
Executing : get_clocks sys_clk successfully.
Executing : set_clock_groups -name ref_clk -asynchronous -group [get_clocks sys_clk]
Executing : set_clock_groups -name ref_clk -asynchronous -group [get_clocks sys_clk] successfully.
Executing : get_clocks ioclk0
Executing : get_clocks ioclk0 successfully.
Executing : set_clock_groups -name ioclk0 -asynchronous -group [get_clocks ioclk0]
Executing : set_clock_groups -name ioclk0 -asynchronous -group [get_clocks ioclk0] successfully.
Executing : get_clocks ioclk1
Executing : get_clocks ioclk1 successfully.
Executing : set_clock_groups -name ioclk1 -asynchronous -group [get_clocks ioclk1]
Executing : set_clock_groups -name ioclk1 -asynchronous -group [get_clocks ioclk1] successfully.
Executing : get_clocks ioclk2
Executing : get_clocks ioclk2 successfully.
Executing : set_clock_groups -name ioclk2 -asynchronous -group [get_clocks ioclk2]
Executing : set_clock_groups -name ioclk2 -asynchronous -group [get_clocks ioclk2] successfully.
Executing : get_clocks ioclk_gate_clk
Executing : get_clocks ioclk_gate_clk successfully.
Executing : set_clock_groups -name ioclk_gate_clk -asynchronous -group [get_clocks ioclk_gate_clk]
Executing : set_clock_groups -name ioclk_gate_clk -asynchronous -group [get_clocks ioclk_gate_clk] successfully.
Executing : get_ports cmos1_pclk
Executing : get_ports cmos1_pclk successfully.
Executing : create_clock -name cmos1_pclk [get_ports cmos1_pclk] -period 11.900 -waveform {0.000 5.950}
Executing : create_clock -name cmos1_pclk [get_ports cmos1_pclk] -period 11.900 -waveform {0.000 5.950} successfully.
Executing : get_ports cmos2_pclk
Executing : get_ports cmos2_pclk successfully.
Executing : create_clock -name cmos2_pclk [get_ports cmos2_pclk] -period 11.900 -waveform {0.000 5.950}
Executing : create_clock -name cmos2_pclk [get_ports cmos2_pclk] -period 11.900 -waveform {0.000 5.950} successfully.
Executing : get_ports cmos1_pclk
Executing : get_ports cmos1_pclk successfully.
Executing : get_pins cmos1_8_16bit/pixel_clk
Executing : get_pins cmos1_8_16bit/pixel_clk successfully.
Executing : get_clocks cmos1_pclk
Executing : get_clocks cmos1_pclk successfully.
Executing : create_generated_clock -name cmos1_pclk_16bit -source [get_ports cmos1_pclk] [get_pins cmos1_8_16bit/pixel_clk] -master_clock [get_clocks cmos1_pclk] -multiply_by 1 -divide_by 2
Executing : create_generated_clock -name cmos1_pclk_16bit -source [get_ports cmos1_pclk] [get_pins cmos1_8_16bit/pixel_clk] -master_clock [get_clocks cmos1_pclk] -multiply_by 1 -divide_by 2 successfully.
Executing : get_ports cmos2_pclk
Executing : get_ports cmos2_pclk successfully.
Executing : get_pins cmos2_8_16bit/pixel_clk
Executing : get_pins cmos2_8_16bit/pixel_clk successfully.
Executing : get_clocks cmos2_pclk
Executing : get_clocks cmos2_pclk successfully.
Executing : create_generated_clock -name cmos2_pclk_16bit -source [get_ports cmos2_pclk] [get_pins cmos2_8_16bit/pixel_clk] -master_clock [get_clocks cmos2_pclk] -multiply_by 1 -divide_by 2
Executing : create_generated_clock -name cmos2_pclk_16bit -source [get_ports cmos2_pclk] [get_pins cmos2_8_16bit/pixel_clk] -master_clock [get_clocks cmos2_pclk] -multiply_by 1 -divide_by 2 successfully.
Executing : get_clocks cmos1_pclk_16bit
Executing : get_clocks cmos1_pclk_16bit successfully.
Executing : set_clock_uncertainty 0.200 [get_clocks cmos1_pclk_16bit] -setup -hold
Executing : set_clock_uncertainty 0.200 [get_clocks cmos1_pclk_16bit] -setup -hold successfully.
Executing : get_clocks cmos2_pclk_16bit
Executing : get_clocks cmos2_pclk_16bit successfully.
Executing : set_clock_uncertainty 0.200 [get_clocks cmos2_pclk_16bit] -setup -hold
Executing : set_clock_uncertainty 0.200 [get_clocks cmos2_pclk_16bit] -setup -hold successfully.
Executing : get_clocks cmos1_pclk
Executing : get_clocks cmos1_pclk successfully.
Executing : set_clock_uncertainty 0.200 [get_clocks cmos1_pclk] -setup -hold
Executing : set_clock_uncertainty 0.200 [get_clocks cmos1_pclk] -setup -hold successfully.
Executing : get_clocks cmos2_pclk
Executing : get_clocks cmos2_pclk successfully.
Executing : set_clock_uncertainty 0.200 [get_clocks cmos2_pclk] -setup -hold
Executing : set_clock_uncertainty 0.200 [get_clocks cmos2_pclk] -setup -hold successfully.
Executing : get_ports sys_clk
Executing : get_ports sys_clk successfully.
Executing : get_nets u_pll.clkout0
Executing : get_nets u_pll.clkout0 successfully.
Executing : get_clocks sys_clk
Executing : get_clocks sys_clk successfully.
Executing : create_generated_clock -name pix_clk -source [get_ports sys_clk] [get_nets u_pll.clkout0] -master_clock [get_clocks sys_clk] -multiply_by 27 -divide_by 20
Executing : create_generated_clock -name pix_clk -source [get_ports sys_clk] [get_nets u_pll.clkout0] -master_clock [get_clocks sys_clk] -multiply_by 27 -divide_by 20 successfully.
Executing : get_ports sys_clk
Executing : get_ports sys_clk successfully.
Executing : get_nets u_pll.clkout1
Executing : get_nets u_pll.clkout1 successfully.
Executing : get_clocks sys_clk
Executing : get_clocks sys_clk successfully.
Executing : create_generated_clock -name cfg_clk -source [get_ports sys_clk] [get_nets u_pll.clkout1] -master_clock [get_clocks sys_clk] -multiply_by 1 -divide_by 5
Executing : create_generated_clock -name cfg_clk -source [get_ports sys_clk] [get_nets u_pll.clkout1] -master_clock [get_clocks sys_clk] -multiply_by 1 -divide_by 5 successfully.
Executing : get_ports sys_clk
Executing : get_ports sys_clk successfully.
Executing : get_nets u_pll.clkout3
Executing : get_nets u_pll.clkout3 successfully.
Executing : get_clocks sys_clk
Executing : get_clocks sys_clk successfully.
Executing : create_generated_clock -name clk_25M -source [get_ports sys_clk] [get_nets u_pll.clkout3] -master_clock [get_clocks sys_clk] -multiply_by 1 -divide_by 2
Executing : create_generated_clock -name clk_25M -source [get_ports sys_clk] [get_nets u_pll.clkout3] -master_clock [get_clocks sys_clk] -multiply_by 1 -divide_by 2 successfully.
Executing : get_clocks cfg_clk
Executing : get_clocks cfg_clk successfully.
Executing : set_clock_groups -name cfg_clk -asynchronous -group [get_clocks cfg_clk]
Executing : set_clock_groups -name cfg_clk -asynchronous -group [get_clocks cfg_clk] successfully.
Executing : get_clocks clk_25M
Executing : get_clocks clk_25M successfully.
Executing : set_clock_groups -name clk_25M -asynchronous -group [get_clocks clk_25M]
Executing : set_clock_groups -name clk_25M -asynchronous -group [get_clocks clk_25M] successfully.
Executing : get_clocks cmos1_pclk
Executing : get_clocks cmos1_pclk successfully.
Executing : set_clock_groups -name cmos1_pclk -asynchronous -group [get_clocks cmos1_pclk]
Executing : set_clock_groups -name cmos1_pclk -asynchronous -group [get_clocks cmos1_pclk] successfully.
Executing : get_clocks cmos1_pclk_16bit
Executing : get_clocks cmos1_pclk_16bit successfully.
Executing : set_clock_groups -name cmos1_pclk_16bit -asynchronous -group [get_clocks cmos1_pclk_16bit]
Executing : set_clock_groups -name cmos1_pclk_16bit -asynchronous -group [get_clocks cmos1_pclk_16bit] successfully.
Executing : get_clocks cmos2_pclk
Executing : get_clocks cmos2_pclk successfully.
Executing : set_clock_groups -name cmos2_pclk -asynchronous -group [get_clocks cmos2_pclk]
Executing : set_clock_groups -name cmos2_pclk -asynchronous -group [get_clocks cmos2_pclk] successfully.
Executing : get_clocks cmos2_pclk_16bit
Executing : get_clocks cmos2_pclk_16bit successfully.
Executing : set_clock_groups -name cmos2_pclk_16bit -asynchronous -group [get_clocks cmos2_pclk_16bit]
Executing : set_clock_groups -name cmos2_pclk_16bit -asynchronous -group [get_clocks cmos2_pclk_16bit] successfully.
Executing : get_clocks ddrphy_clkin
Executing : get_clocks ddrphy_clkin successfully.
Executing : set_clock_groups -name ddrphy_clkin -asynchronous -group [get_clocks ddrphy_clkin]
Executing : set_clock_groups -name ddrphy_clkin -asynchronous -group [get_clocks ddrphy_clkin] successfully.
Executing : get_clocks pix_clk
Executing : get_clocks pix_clk successfully.
Executing : set_clock_groups -name pix_clk -asynchronous -group [get_clocks pix_clk]
Executing : set_clock_groups -name pix_clk -asynchronous -group [get_clocks pix_clk] successfully.
W: ConstraintEditor-4026: [D:/PDSapp/four_pinjie_video/four_pinjie_video/HDMI_DDR3_OV5640/hdmi_ddr_ov5640_top.fdc(line number: 894)] PAP_IO_DIRECTION is already defined in p:pixclk_in, new value INPUT will overwrite the current value.
W: ConstraintEditor-4026: [D:/PDSapp/four_pinjie_video/four_pinjie_video/HDMI_DDR3_OV5640/hdmi_ddr_ov5640_top.fdc(line number: 896)] PAP_IO_VCCIO is already defined in p:pixclk_in, new value 3.3 will overwrite the current value.
W: ConstraintEditor-4026: [D:/PDSapp/four_pinjie_video/four_pinjie_video/HDMI_DDR3_OV5640/hdmi_ddr_ov5640_top.fdc(line number: 897)] PAP_IO_STANDARD is already defined in p:pixclk_in, new value LVCMOS33 will overwrite the current value.
W: ConstraintEditor-4026: [D:/PDSapp/four_pinjie_video/four_pinjie_video/HDMI_DDR3_OV5640/hdmi_ddr_ov5640_top.fdc(line number: 898)] PAP_IO_NONE is already defined in p:pixclk_in, new value TRUE will overwrite the current value.
W: ConstraintEditor-4026: [D:/PDSapp/four_pinjie_video/four_pinjie_video/HDMI_DDR3_OV5640/hdmi_ddr_ov5640_top.fdc(line number: 1046)] PAP_IO_DIRECTION is already defined in p:pixclk_in2, new value INPUT will overwrite the current value.
W: ConstraintEditor-4026: [D:/PDSapp/four_pinjie_video/four_pinjie_video/HDMI_DDR3_OV5640/hdmi_ddr_ov5640_top.fdc(line number: 1048)] PAP_IO_VCCIO is already defined in p:pixclk_in2, new value 3.3 will overwrite the current value.
W: ConstraintEditor-4026: [D:/PDSapp/four_pinjie_video/four_pinjie_video/HDMI_DDR3_OV5640/hdmi_ddr_ov5640_top.fdc(line number: 1049)] PAP_IO_STANDARD is already defined in p:pixclk_in2, new value LVCMOS33 will overwrite the current value.
W: ConstraintEditor-4026: [D:/PDSapp/four_pinjie_video/four_pinjie_video/HDMI_DDR3_OV5640/hdmi_ddr_ov5640_top.fdc(line number: 1050)] PAP_IO_NONE is already defined in p:pixclk_in2, new value TRUE will overwrite the current value.
C: ConstraintEditor-2002: [D:/PDSapp/four_pinjie_video/four_pinjie_video/HDMI_DDR3_OV5640/hdmi_ddr_ov5640_top.fdc(line number: 253)] | Port mem_dq[14] has been placed at location P3, whose type is share pin.
C: ConstraintEditor-2002: [D:/PDSapp/four_pinjie_video/four_pinjie_video/HDMI_DDR3_OV5640/hdmi_ddr_ov5640_top.fdc(line number: 274)] | Port mem_dq[11] has been placed at location M1, whose type is share pin.
C: ConstraintEditor-2002: [D:/PDSapp/four_pinjie_video/four_pinjie_video/HDMI_DDR3_OV5640/hdmi_ddr_ov5640_top.fdc(line number: 288)] | Port mem_dq[9] has been placed at location M2, whose type is share pin.
C: ConstraintEditor-2002: [D:/PDSapp/four_pinjie_video/four_pinjie_video/HDMI_DDR3_OV5640/hdmi_ddr_ov5640_top.fdc(line number: 538)] | Port cmos1_data[7] has been placed at location AB13, whose type is share pin.
C: ConstraintEditor-2002: [D:/PDSapp/four_pinjie_video/four_pinjie_video/HDMI_DDR3_OV5640/hdmi_ddr_ov5640_top.fdc(line number: 625)] | Port cmos1_sda has been placed at location Y13, whose type is share pin.
C: ConstraintEditor-2002: [D:/PDSapp/four_pinjie_video/four_pinjie_video/HDMI_DDR3_OV5640/hdmi_ddr_ov5640_top.fdc(line number: 675)] | Port cmos2_href has been placed at location AB5, whose type is share pin.
C: ConstraintEditor-2002: [D:/PDSapp/four_pinjie_video/four_pinjie_video/HDMI_DDR3_OV5640/hdmi_ddr_ov5640_top.fdc(line number: 685)] | Port cmos2_vsync has been placed at location Y5, whose type is share pin.
C: ConstraintEditor-2002: [D:/PDSapp/four_pinjie_video/four_pinjie_video/HDMI_DDR3_OV5640/hdmi_ddr_ov5640_top.fdc(line number: 1197)] | Port b_out[7] has been placed at location C18, whose type is share pin.
C: ConstraintEditor-2002: [D:/PDSapp/four_pinjie_video/four_pinjie_video/HDMI_DDR3_OV5640/hdmi_ddr_ov5640_top.fdc(line number: 1204)] | Port b_out[6] has been placed at location A18, whose type is share pin.
C: ConstraintEditor-2002: [D:/PDSapp/four_pinjie_video/four_pinjie_video/HDMI_DDR3_OV5640/hdmi_ddr_ov5640_top.fdc(line number: 1211)] | Port b_out[5] has been placed at location B18, whose type is share pin.
C: ConstraintEditor-2002: [D:/PDSapp/four_pinjie_video/four_pinjie_video/HDMI_DDR3_OV5640/hdmi_ddr_ov5640_top.fdc(line number: 1218)] | Port b_out[4] has been placed at location B20, whose type is share pin.
C: ConstraintEditor-2002: [D:/PDSapp/four_pinjie_video/four_pinjie_video/HDMI_DDR3_OV5640/hdmi_ddr_ov5640_top.fdc(line number: 1302)] | Port g_out[0] has been placed at location D17, whose type is share pin.
C: ConstraintEditor-2009: p:r_out[4] is lack of PAP_IO_SLEW, OUTPUT or INOUT PORT had better set PAP_IO_SLEW, the optional value is {SLOW, FAST}.
C: ConstraintEditor-2002: [D:/PDSapp/four_pinjie_video/four_pinjie_video/HDMI_DDR3_OV5640/hdmi_ddr_ov5640_top.fdc(line number: 801)] | Port g_in[1] has been placed at location V17, whose type is share pin.
C: ConstraintEditor-2002: [D:/PDSapp/four_pinjie_video/four_pinjie_video/HDMI_DDR3_OV5640/hdmi_ddr_ov5640_top.fdc(line number: 821)] | Port g_in[5] has been placed at location AB18, whose type is share pin.
C: ConstraintEditor-2002: [D:/PDSapp/four_pinjie_video/four_pinjie_video/HDMI_DDR3_OV5640/hdmi_ddr_ov5640_top.fdc(line number: 826)] | Port g_in[4] has been placed at location AA18, whose type is share pin.
C: ConstraintEditor-2002: [D:/PDSapp/four_pinjie_video/four_pinjie_video/HDMI_DDR3_OV5640/hdmi_ddr_ov5640_top.fdc(line number: 831)] | Port g_in[3] has been placed at location AB19, whose type is share pin.
C: ConstraintEditor-2002: [D:/PDSapp/four_pinjie_video/four_pinjie_video/HDMI_DDR3_OV5640/hdmi_ddr_ov5640_top.fdc(line number: 836)] | Port g_in[2] has been placed at location W18, whose type is share pin.
C: ConstraintEditor-2002: [D:/PDSapp/four_pinjie_video/four_pinjie_video/HDMI_DDR3_OV5640/hdmi_ddr_ov5640_top.fdc(line number: 895)] | Port pixclk_in has been placed at location AA12, whose type is share pin.
C: ConstraintEditor-2002: [D:/PDSapp/four_pinjie_video/four_pinjie_video/HDMI_DDR3_OV5640/hdmi_ddr_ov5640_top.fdc(line number: 913)] | Port b_in2[6] has been placed at location T21, whose type is share pin.
C: ConstraintEditor-2002: [D:/PDSapp/four_pinjie_video/four_pinjie_video/HDMI_DDR3_OV5640/hdmi_ddr_ov5640_top.fdc(line number: 948)] | Port g_in2[1] has been placed at location R22, whose type is share pin.
C: ConstraintEditor-2002: [D:/PDSapp/four_pinjie_video/four_pinjie_video/HDMI_DDR3_OV5640/hdmi_ddr_ov5640_top.fdc(line number: 953)] | Port g_in2[0] has been placed at location R20, whose type is share pin.
C: ConstraintEditor-2002: [D:/PDSapp/four_pinjie_video/four_pinjie_video/HDMI_DDR3_OV5640/hdmi_ddr_ov5640_top.fdc(line number: 968)] | Port g_in2[5] has been placed at location M22, whose type is share pin.
C: ConstraintEditor-2002: [D:/PDSapp/four_pinjie_video/four_pinjie_video/HDMI_DDR3_OV5640/hdmi_ddr_ov5640_top.fdc(line number: 973)] | Port g_in2[4] has been placed at location M21, whose type is share pin.
C: ConstraintEditor-2002: [D:/PDSapp/four_pinjie_video/four_pinjie_video/HDMI_DDR3_OV5640/hdmi_ddr_ov5640_top.fdc(line number: 998)] | Port r_in2[5] has been placed at location K17, whose type is share pin.
C: ConstraintEditor-2002: [D:/PDSapp/four_pinjie_video/four_pinjie_video/HDMI_DDR3_OV5640/hdmi_ddr_ov5640_top.fdc(line number: 1003)] | Port r_in2[4] has been placed at location L17, whose type is share pin.
C: ConstraintEditor-2002: [D:/PDSapp/four_pinjie_video/four_pinjie_video/HDMI_DDR3_OV5640/hdmi_ddr_ov5640_top.fdc(line number: 1008)] | Port r_in2[3] has been placed at location K20, whose type is share pin.
C: ConstraintEditor-2002: [D:/PDSapp/four_pinjie_video/four_pinjie_video/HDMI_DDR3_OV5640/hdmi_ddr_ov5640_top.fdc(line number: 1013)] | Port r_in2[2] has been placed at location L19, whose type is share pin.
C: ConstraintEditor-2002: [D:/PDSapp/four_pinjie_video/four_pinjie_video/HDMI_DDR3_OV5640/hdmi_ddr_ov5640_top.fdc(line number: 1055)] | Port b_in3[7] has been placed at location K19, whose type is share pin.
C: ConstraintEditor-2002: [D:/PDSapp/four_pinjie_video/four_pinjie_video/HDMI_DDR3_OV5640/hdmi_ddr_ov5640_top.fdc(line number: 1075)] | Port b_in3[3] has been placed at location N22, whose type is share pin.
C: ConstraintEditor-2002: [D:/PDSapp/four_pinjie_video/four_pinjie_video/HDMI_DDR3_OV5640/hdmi_ddr_ov5640_top.fdc(line number: 1080)] | Port b_in3[2] has been placed at location N20, whose type is share pin.
C: ConstraintEditor-2002: [D:/PDSapp/four_pinjie_video/four_pinjie_video/HDMI_DDR3_OV5640/hdmi_ddr_ov5640_top.fdc(line number: 1090)] | Port b_in3[0] has been placed at location F21, whose type is share pin.
C: ConstraintEditor-2002: [D:/PDSapp/four_pinjie_video/four_pinjie_video/HDMI_DDR3_OV5640/hdmi_ddr_ov5640_top.fdc(line number: 1100)] | Port g_in3[6] has been placed at location H20, whose type is share pin.
C: ConstraintEditor-2002: [D:/PDSapp/four_pinjie_video/four_pinjie_video/HDMI_DDR3_OV5640/hdmi_ddr_ov5640_top.fdc(line number: 1105)] | Port g_in3[5] has been placed at location J19, whose type is share pin.
C: ConstraintEditor-2002: [D:/PDSapp/four_pinjie_video/four_pinjie_video/HDMI_DDR3_OV5640/hdmi_ddr_ov5640_top.fdc(line number: 1130)] | Port g_in3[0] has been placed at location K18, whose type is share pin.
C: ConstraintEditor-2002: [D:/PDSapp/four_pinjie_video/four_pinjie_video/HDMI_DDR3_OV5640/hdmi_ddr_ov5640_top.fdc(line number: 1150)] | Port r_in3[4] has been placed at location F18, whose type is share pin.
C: ConstraintEditor-2002: [D:/PDSapp/four_pinjie_video/four_pinjie_video/HDMI_DDR3_OV5640/hdmi_ddr_ov5640_top.fdc(line number: 1155)] | Port r_in3[3] has been placed at location F19, whose type is share pin.
C: ConstraintEditor-2002: [D:/PDSapp/four_pinjie_video/four_pinjie_video/HDMI_DDR3_OV5640/hdmi_ddr_ov5640_top.fdc(line number: 1160)] | Port r_in3[2] has been placed at location F20, whose type is share pin.
C: ConstraintEditor-2002: [D:/PDSapp/four_pinjie_video/four_pinjie_video/HDMI_DDR3_OV5640/hdmi_ddr_ov5640_top.fdc(line number: 1165)] | Port r_in3[1] has been placed at location G19, whose type is share pin.
C: ConstraintEditor-2002: [D:/PDSapp/four_pinjie_video/four_pinjie_video/HDMI_DDR3_OV5640/hdmi_ddr_ov5640_top.fdc(line number: 1175)] | Port de_in3 has been placed at location F22, whose type is share pin.
C: ConstraintEditor-2002: [D:/PDSapp/four_pinjie_video/four_pinjie_video/HDMI_DDR3_OV5640/hdmi_ddr_ov5640_top.fdc(line number: 1180)] | Port hs_in3 has been placed at location G20, whose type is share pin.
C: ConstraintEditor-2002: [D:/PDSapp/four_pinjie_video/four_pinjie_video/HDMI_DDR3_OV5640/hdmi_ddr_ov5640_top.fdc(line number: 1190)] | Port vs_in3 has been placed at location G22, whose type is share pin.
C: ConstraintEditor-2002: [D:/PDSapp/four_pinjie_video/four_pinjie_video/HDMI_DDR3_OV5640/hdmi_ddr_ov5640_top.fdc(line number: 1402)] | Port rstn_out2 has been placed at location P21, whose type is share pin.
C: ConstraintEditor-2002: [D:/PDSapp/four_pinjie_video/four_pinjie_video/HDMI_DDR3_OV5640/hdmi_ddr_ov5640_top.fdc(line number: 1419)] | Port iic_rx_sda has been placed at location V20, whose type is share pin.
C: ConstraintEditor-2002: [D:/PDSapp/four_pinjie_video/four_pinjie_video/HDMI_DDR3_OV5640/hdmi_ddr_ov5640_top.fdc(line number: 1426)] | Port iic_rx_scl has been placed at location V19, whose type is share pin.
C: ConstraintEditor-2002: [D:/PDSapp/four_pinjie_video/four_pinjie_video/HDMI_DDR3_OV5640/hdmi_ddr_ov5640_top.fdc(line number: 1435)] | Port iic_scl has been placed at location C19, whose type is share pin.
C: ConstraintEditor-2002: [D:/PDSapp/four_pinjie_video/four_pinjie_video/HDMI_DDR3_OV5640/hdmi_ddr_ov5640_top.fdc(line number: 1442)] | Port iic_sda has been placed at location A20, whose type is share pin.
E: ConstraintEditor-0003: [D:/PDSapp/four_pinjie_video/four_pinjie_video/HDMI_DDR3_OV5640/hdmi_ddr_ov5640_top.fdc(line number: 1452)] VCCIO value in the same BANK should be the same.
E: ConstraintEditor-0003: [D:/PDSapp/four_pinjie_video/four_pinjie_video/HDMI_DDR3_OV5640/hdmi_ddr_ov5640_top.fdc(line number: 1459)] VCCIO value in the same BANK should be the same.
W: ConstraintEditor-4019: Port Bus 'cmos_init_done' unspecified I/O constraint.
W: ConstraintEditor-4019: Port 'ddr_init_done' unspecified I/O constraint.
W: ConstraintEditor-4019: Port 'hdmi_int_led' unspecified I/O constraint.
W: ConstraintEditor-4019: Port 'heart_beat_led' unspecified I/O constraint.
W: ConstraintEditor-4019: Port 'i_p_l2rxn' unspecified I/O constraint.
W: ConstraintEditor-4019: Port 'i_p_l2rxp' unspecified I/O constraint.
W: ConstraintEditor-4019: Port 'i_p_l3rxn' unspecified I/O constraint.
W: ConstraintEditor-4019: Port 'i_p_l3rxp' unspecified I/O constraint.
W: ConstraintEditor-4019: Port 'i_p_refckn_0' unspecified I/O constraint.
W: ConstraintEditor-4019: Port 'i_p_refckp_0' unspecified I/O constraint.
W: ConstraintEditor-4019: Port 'o_p_l2txn' unspecified I/O constraint.
W: ConstraintEditor-4019: Port 'o_p_l2txp' unspecified I/O constraint.
W: ConstraintEditor-4019: Port 'o_p_l3txn' unspecified I/O constraint.
W: ConstraintEditor-4019: Port 'o_p_l3txp' unspecified I/O constraint.
Constraint check end.

Action synthesize: Real time elapsed is 0h:0m:4s
Action synthesize: CPU time elapsed is 0h:0m:3s
Action synthesize: Process CPU time elapsed is 0h:0m:3s
Current time: Sat Nov  1 14:37:24 2025
Action synthesize: Peak memory pool usage is 264 MB
