IP Generator (Version 2022.2-SP6.4 build 146967)
Check out license ...
Start generating at 2025-08-13 13:50
Instance: afifo_128i_128o_512 (D:\Desktop\work_material\RK_learning\RK3568_MES2L50H\05-work_material\03_FPGA_Project\01_img_pcie_capture\project\ipcore\afifo_128i_128o_512\afifo_128i_128o_512.idf)
IP: Pango DRM Based FIFO (1.10)
Part: Logos2-PG2L50H-FBG484--6
Create directory 'rtl' ...
Copy 'rtl\ipm2l_fifo_ctrl_v1_1.v.xml' to 'rtl' ...
Copy 'rtl\ipm2l_fifo_v1_10.v.xml' to 'rtl' ...
Copy 'rtl\ipm2l_sdpram_v1_10.v.xml' to 'rtl' ...
Compile file 'rtl\ipm2l_sdpram_v1_10.v.xml' to 'rtl\ipm2l_sdpram_v1_10_afifo_128i_128o_512.v' ...
Compile file 'rtl\ipm2l_fifo_v1_10.v.xml' to 'rtl\ipm2l_fifo_v1_10_afifo_128i_128o_512.v' ...
Compile file 'rtl\ipm2l_fifo_ctrl_v1_1.v.xml' to 'rtl\ipm2l_fifo_ctrl_v1_1_afifo_128i_128o_512.v' ...
Copy 'ipm2l_fifo_wrapper_v1_10.v.xml' ...
Compile file 'ipm2l_fifo_wrapper_v1_10.v.xml' to 'afifo_128i_128o_512.v' ...
Found top module 'afifo_128i_128o_512' in file 'afifo_128i_128o_512.v'.
Copy 'ipm2l_fifo_wrapper_v1_0_tb.v.xml' ...
Compile file 'ipm2l_fifo_wrapper_v1_0_tb.v.xml' to 'afifo_128i_128o_512_tb.v' ...
Run file 'creatResetValue.tcl' ...
Create template file 'afifo_128i_128o_512_tmpl.v' ...
Create template file 'afifo_128i_128o_512_tmpl.vhdl' ...
There are 4 source files to synthesize.
Synthesis is disabled.
Done: 0 error(s), 0 warning(s)
