#Build: Fabric Compiler 2022.2-SP6.4, Build 146967, Jan 31 01:39 2024
#Install: D:\HardWare_Project\FPGA\NEW_PDS2022.2\PDS_2022.2-SP6.4\bin
#Application name: pds_shell.exe
#OS: Windows 10 10.0.26100
#Hostname: LAPTOP-BP6JG8JM
Generated by Fabric Compiler (version 2022.2-SP6.4 build 146967) at Tue Nov  4 13:02:10 2025
Compiling verification operator library.
Compiling common defs.
Compiling prim grid devices.
Compiling gate devices.
Compiling gate operators.
Building architecture model.
Loading device packaging model.
Reading design from DB.
Start Generating Programming File...
Reading design from DB takes 3.859375 sec.
Generating architecture configuration.
The bitstream file is "D:/HardWare_Project/FPGA/HardWare_Project/RK3568_MES2L100H/final_dl/dl/project/generate_bitstream/dl_fpga_prj.sbit"
Generate programming file takes 30.437500 sec.
Generating Programming File done.
Action gen_bit_stream: Real time elapsed is 0h:0m:47s
Action gen_bit_stream: CPU time elapsed is 0h:0m:42s
Action gen_bit_stream: Process CPU time elapsed is 0h:0m:42s
Current time: Tue Nov  4 13:02:55 2025
Action gen_bit_stream: Peak memory pool usage is 1,407 MB
