#Build: Fabric Compiler 2022.2-SP6.4, Build 146967, Jan 31 01:39 2024
#Install: E:\pds\PDS_2022.2-SP6.4\bin
#Application name: pds_shell.exe
#OS: Windows 10 10.0.22621
#Hostname: LAPTOP-DHE8LHVE
Generated by Fabric Compiler (version 2022.2-SP6.4 build 146967) at Mon Apr 20 18:08:44 2026
License checkout: fabric_ads from D:\pango\license\new_pds_F4A80DA47D72.lic
Compiling verification operator library.
Compiling common defs.
Loading technology operator library.
Compiling technology operator library.
Compiling technology operator (valence) library.
Reading design from compile DB
Reading design from compile DB successfully.
Constraint check start.
Compiling prim grid devices.
Building architecture model.
Loading device packaging model.
Building architecture floorplan logic view.
E: ConstraintEditor-0046: [E:/BaiduNetdiskDownload/FPGAlocal_experiment/kaifaziliao/local experiment/35_HDMI_IN_DDR3_mid_filter/HDMI_IN_DDR3_mid_filter_top.fdc(line number: 4)] Object 'p:clk_p' can not be found in current view.
E: ConstraintEditor-0046: [E:/BaiduNetdiskDownload/FPGAlocal_experiment/kaifaziliao/local experiment/35_HDMI_IN_DDR3_mid_filter/HDMI_IN_DDR3_mid_filter_top.fdc(line number: 5)] Object 'p:clk_p' can not be found in current view.
E: ConstraintEditor-0046: [E:/BaiduNetdiskDownload/FPGAlocal_experiment/kaifaziliao/local experiment/35_HDMI_IN_DDR3_mid_filter/HDMI_IN_DDR3_mid_filter_top.fdc(line number: 6)] Object 'p:clk_p' can not be found in current view.
E: ConstraintEditor-0046: [E:/BaiduNetdiskDownload/FPGAlocal_experiment/kaifaziliao/local experiment/35_HDMI_IN_DDR3_mid_filter/HDMI_IN_DDR3_mid_filter_top.fdc(line number: 7)] Object 'p:clk_p' can not be found in current view.
E: ConstraintEditor-0046: [E:/BaiduNetdiskDownload/FPGAlocal_experiment/kaifaziliao/local experiment/35_HDMI_IN_DDR3_mid_filter/HDMI_IN_DDR3_mid_filter_top.fdc(line number: 9)] Object 'p:clk_n' can not be found in current view.
E: ConstraintEditor-0046: [E:/BaiduNetdiskDownload/FPGAlocal_experiment/kaifaziliao/local experiment/35_HDMI_IN_DDR3_mid_filter/HDMI_IN_DDR3_mid_filter_top.fdc(line number: 10)] Object 'p:clk_n' can not be found in current view.
E: ConstraintEditor-0046: [E:/BaiduNetdiskDownload/FPGAlocal_experiment/kaifaziliao/local experiment/35_HDMI_IN_DDR3_mid_filter/HDMI_IN_DDR3_mid_filter_top.fdc(line number: 11)] Object 'p:clk_n' can not be found in current view.
E: ConstraintEditor-0046: [E:/BaiduNetdiskDownload/FPGAlocal_experiment/kaifaziliao/local experiment/35_HDMI_IN_DDR3_mid_filter/HDMI_IN_DDR3_mid_filter_top.fdc(line number: 12)] Object 'p:clk_n' can not be found in current view.
E: ConstraintEditor-0046: [E:/BaiduNetdiskDownload/FPGAlocal_experiment/kaifaziliao/local experiment/35_HDMI_IN_DDR3_mid_filter/HDMI_IN_DDR3_mid_filter_top.fdc(line number: 17)] Object 'p:pcie_refclk_p' can not be found in current view.
E: ConstraintEditor-0046: [E:/BaiduNetdiskDownload/FPGAlocal_experiment/kaifaziliao/local experiment/35_HDMI_IN_DDR3_mid_filter/HDMI_IN_DDR3_mid_filter_top.fdc(line number: 18)] Object 'p:pcie_refclk_p' can not be found in current view.
E: ConstraintEditor-0046: [E:/BaiduNetdiskDownload/FPGAlocal_experiment/kaifaziliao/local experiment/35_HDMI_IN_DDR3_mid_filter/HDMI_IN_DDR3_mid_filter_top.fdc(line number: 19)] Object 'p:pcie_refclk_p' can not be found in current view.
E: ConstraintEditor-0046: [E:/BaiduNetdiskDownload/FPGAlocal_experiment/kaifaziliao/local experiment/35_HDMI_IN_DDR3_mid_filter/HDMI_IN_DDR3_mid_filter_top.fdc(line number: 20)] Object 'p:pcie_refclk_p' can not be found in current view.
E: ConstraintEditor-0046: [E:/BaiduNetdiskDownload/FPGAlocal_experiment/kaifaziliao/local experiment/35_HDMI_IN_DDR3_mid_filter/HDMI_IN_DDR3_mid_filter_top.fdc(line number: 22)] Object 'p:pcie_refclk_n' can not be found in current view.
E: ConstraintEditor-0046: [E:/BaiduNetdiskDownload/FPGAlocal_experiment/kaifaziliao/local experiment/35_HDMI_IN_DDR3_mid_filter/HDMI_IN_DDR3_mid_filter_top.fdc(line number: 23)] Object 'p:pcie_refclk_n' can not be found in current view.
E: ConstraintEditor-0046: [E:/BaiduNetdiskDownload/FPGAlocal_experiment/kaifaziliao/local experiment/35_HDMI_IN_DDR3_mid_filter/HDMI_IN_DDR3_mid_filter_top.fdc(line number: 24)] Object 'p:pcie_refclk_n' can not be found in current view.
E: ConstraintEditor-0046: [E:/BaiduNetdiskDownload/FPGAlocal_experiment/kaifaziliao/local experiment/35_HDMI_IN_DDR3_mid_filter/HDMI_IN_DDR3_mid_filter_top.fdc(line number: 25)] Object 'p:pcie_refclk_n' can not be found in current view.
W: ConstraintEditor-4019: Port Bus 'x_max_1' unspecified I/O constraint.
W: ConstraintEditor-4019: Port Bus 'x_max_2' unspecified I/O constraint.
W: ConstraintEditor-4019: Port Bus 'x_max_3' unspecified I/O constraint.
W: ConstraintEditor-4019: Port Bus 'x_min_1' unspecified I/O constraint.
W: ConstraintEditor-4019: Port Bus 'x_min_2' unspecified I/O constraint.
W: ConstraintEditor-4019: Port Bus 'x_min_3' unspecified I/O constraint.
W: ConstraintEditor-4019: Port Bus 'y_max_1' unspecified I/O constraint.
W: ConstraintEditor-4019: Port Bus 'y_max_2' unspecified I/O constraint.
W: ConstraintEditor-4019: Port Bus 'y_max_3' unspecified I/O constraint.
W: ConstraintEditor-4019: Port Bus 'y_min_1' unspecified I/O constraint.
W: ConstraintEditor-4019: Port Bus 'y_min_2' unspecified I/O constraint.
W: ConstraintEditor-4019: Port Bus 'y_min_3' unspecified I/O constraint.
W: ConstraintEditor-4019: Port 'rst_n' unspecified I/O constraint.
W: ConstraintEditor-4019: Port 'video_clk' unspecified I/O constraint.
W: ConstraintEditor-4019: Port 'video_data' unspecified I/O constraint.
W: ConstraintEditor-4019: Port 'video_de' unspecified I/O constraint.
W: ConstraintEditor-4019: Port 'video_vs' unspecified I/O constraint.
Constraint check end.

Action synthesize: Real time elapsed is 0h:0m:7s
Action synthesize: CPU time elapsed is 0h:0m:4s
Action synthesize: Process CPU time elapsed is 0h:0m:4s
Current time: Mon Apr 20 18:08:50 2026
Action synthesize: Peak memory pool usage is 264 MB
