#Build: Fabric Compiler 2022.2-SP6.4, Build 146967, Jan 31 01:39 2024
#Install: E:\pds\PDS_2022.2-SP6.4\bin
#Application name: pds_shell.exe
#OS: Windows 10 10.0.22621
#Hostname: LAPTOP-DHE8LHVE
Generated by Fabric Compiler (version 2022.2-SP6.4 build 146967) at Tue Apr 21 22:15:13 2026
License checkout: fabric_ads from D:\pango\license\new_pds_F4A80DA47D72.lic
Compiling verification operator library.
Compiling common defs.
Loading technology operator library.
Compiling technology operator library.
Compiling technology operator (valence) library.
Reading design from compile DB
Reading design from compile DB successfully.
Constraint check start.
Compiling prim grid devices.
Building architecture model.
Loading device packaging model.
Building architecture floorplan logic view.
E: ConstraintEditor-0046: [E:/BaiduNetdiskDownload/FPGAlocal_experiment/kaifaziliao/local experiment/35_HDMI_IN_DDR3_mid_filter/HDMI_IN_DDR3_mid_filter_top.fdc(line number: 5)] Object 'p:clk_p' can not be found in current view.
E: ConstraintEditor-0046: [E:/BaiduNetdiskDownload/FPGAlocal_experiment/kaifaziliao/local experiment/35_HDMI_IN_DDR3_mid_filter/HDMI_IN_DDR3_mid_filter_top.fdc(line number: 6)] Object 'p:clk_p' can not be found in current view.
E: ConstraintEditor-0046: [E:/BaiduNetdiskDownload/FPGAlocal_experiment/kaifaziliao/local experiment/35_HDMI_IN_DDR3_mid_filter/HDMI_IN_DDR3_mid_filter_top.fdc(line number: 7)] Object 'p:clk_p' can not be found in current view.
E: ConstraintEditor-0046: [E:/BaiduNetdiskDownload/FPGAlocal_experiment/kaifaziliao/local experiment/35_HDMI_IN_DDR3_mid_filter/HDMI_IN_DDR3_mid_filter_top.fdc(line number: 8)] Object 'p:clk_p' can not be found in current view.
E: ConstraintEditor-0046: [E:/BaiduNetdiskDownload/FPGAlocal_experiment/kaifaziliao/local experiment/35_HDMI_IN_DDR3_mid_filter/HDMI_IN_DDR3_mid_filter_top.fdc(line number: 10)] Object 'p:clk_n' can not be found in current view.
E: ConstraintEditor-0046: [E:/BaiduNetdiskDownload/FPGAlocal_experiment/kaifaziliao/local experiment/35_HDMI_IN_DDR3_mid_filter/HDMI_IN_DDR3_mid_filter_top.fdc(line number: 11)] Object 'p:clk_n' can not be found in current view.
E: ConstraintEditor-0046: [E:/BaiduNetdiskDownload/FPGAlocal_experiment/kaifaziliao/local experiment/35_HDMI_IN_DDR3_mid_filter/HDMI_IN_DDR3_mid_filter_top.fdc(line number: 12)] Object 'p:clk_n' can not be found in current view.
E: ConstraintEditor-0046: [E:/BaiduNetdiskDownload/FPGAlocal_experiment/kaifaziliao/local experiment/35_HDMI_IN_DDR3_mid_filter/HDMI_IN_DDR3_mid_filter_top.fdc(line number: 13)] Object 'p:clk_n' can not be found in current view.
E: ConstraintEditor-0046: [E:/BaiduNetdiskDownload/FPGAlocal_experiment/kaifaziliao/local experiment/35_HDMI_IN_DDR3_mid_filter/HDMI_IN_DDR3_mid_filter_top.fdc(line number: 16)] Object 'p:pcie_refclk_p' can not be found in current view.
E: ConstraintEditor-0046: [E:/BaiduNetdiskDownload/FPGAlocal_experiment/kaifaziliao/local experiment/35_HDMI_IN_DDR3_mid_filter/HDMI_IN_DDR3_mid_filter_top.fdc(line number: 17)] Object 'p:pcie_refclk_p' can not be found in current view.
E: ConstraintEditor-0046: [E:/BaiduNetdiskDownload/FPGAlocal_experiment/kaifaziliao/local experiment/35_HDMI_IN_DDR3_mid_filter/HDMI_IN_DDR3_mid_filter_top.fdc(line number: 18)] Object 'p:pcie_refclk_p' can not be found in current view.
E: ConstraintEditor-0046: [E:/BaiduNetdiskDownload/FPGAlocal_experiment/kaifaziliao/local experiment/35_HDMI_IN_DDR3_mid_filter/HDMI_IN_DDR3_mid_filter_top.fdc(line number: 19)] Object 'p:pcie_refclk_p' can not be found in current view.
E: ConstraintEditor-0046: [E:/BaiduNetdiskDownload/FPGAlocal_experiment/kaifaziliao/local experiment/35_HDMI_IN_DDR3_mid_filter/HDMI_IN_DDR3_mid_filter_top.fdc(line number: 21)] Object 'p:pcie_refclk_n' can not be found in current view.
E: ConstraintEditor-0046: [E:/BaiduNetdiskDownload/FPGAlocal_experiment/kaifaziliao/local experiment/35_HDMI_IN_DDR3_mid_filter/HDMI_IN_DDR3_mid_filter_top.fdc(line number: 22)] Object 'p:pcie_refclk_n' can not be found in current view.
E: ConstraintEditor-0046: [E:/BaiduNetdiskDownload/FPGAlocal_experiment/kaifaziliao/local experiment/35_HDMI_IN_DDR3_mid_filter/HDMI_IN_DDR3_mid_filter_top.fdc(line number: 23)] Object 'p:pcie_refclk_n' can not be found in current view.
E: ConstraintEditor-0046: [E:/BaiduNetdiskDownload/FPGAlocal_experiment/kaifaziliao/local experiment/35_HDMI_IN_DDR3_mid_filter/HDMI_IN_DDR3_mid_filter_top.fdc(line number: 24)] Object 'p:pcie_refclk_n' can not be found in current view.
Executing : get_ports pixclk_in
C: Timing-4002: [E:/BaiduNetdiskDownload/FPGAlocal_experiment/kaifaziliao/local experiment/35_HDMI_IN_DDR3_mid_filter/HDMI_IN_DDR3_mid_filter_top.fdc(line number: 35)] Port 'pixclk_in' is not found in current design.
Executing : get_ports pixclk_in successfully.
Executing : create_clock -name pix_clk_in [get_ports pixclk_in] -period 6.670 -waveform {0.000 3.335}
E: CommandTiming-0057: [E:/BaiduNetdiskDownload/FPGAlocal_experiment/kaifaziliao/local experiment/35_HDMI_IN_DDR3_mid_filter/HDMI_IN_DDR3_mid_filter_top.fdc(line number: 35)] Nothing matched for 'source_list', command 'create_clock' is aborted.
E: ConstraintEditor-0046: [E:/BaiduNetdiskDownload/FPGAlocal_experiment/kaifaziliao/local experiment/35_HDMI_IN_DDR3_mid_filter/HDMI_IN_DDR3_mid_filter_top.fdc(line number: 35)] Failed to import constraint "create_clock -name pix_clk_in [get_ports pixclk_in] -period 6.670 -waveform {0.000 3.335}".
E: ConstraintEditor-0046: [E:/BaiduNetdiskDownload/FPGAlocal_experiment/kaifaziliao/local experiment/35_HDMI_IN_DDR3_mid_filter/HDMI_IN_DDR3_mid_filter_top.fdc(line number: 36)] Object 'p:pixclk_in' can not be found in current view.
E: ConstraintEditor-0046: [E:/BaiduNetdiskDownload/FPGAlocal_experiment/kaifaziliao/local experiment/35_HDMI_IN_DDR3_mid_filter/HDMI_IN_DDR3_mid_filter_top.fdc(line number: 37)] Object 'p:pixclk_in' can not be found in current view.
E: ConstraintEditor-0046: [E:/BaiduNetdiskDownload/FPGAlocal_experiment/kaifaziliao/local experiment/35_HDMI_IN_DDR3_mid_filter/HDMI_IN_DDR3_mid_filter_top.fdc(line number: 38)] Object 'p:pixclk_in' can not be found in current view.
E: ConstraintEditor-0046: [E:/BaiduNetdiskDownload/FPGAlocal_experiment/kaifaziliao/local experiment/35_HDMI_IN_DDR3_mid_filter/HDMI_IN_DDR3_mid_filter_top.fdc(line number: 39)] Object 'p:pixclk_in' can not be found in current view.
E: ConstraintEditor-0046: [E:/BaiduNetdiskDownload/FPGAlocal_experiment/kaifaziliao/local experiment/35_HDMI_IN_DDR3_mid_filter/HDMI_IN_DDR3_mid_filter_top.fdc(line number: 40)] Object 'p:pixclk_in' can not be found in current view.
E: ConstraintEditor-0046: [E:/BaiduNetdiskDownload/FPGAlocal_experiment/kaifaziliao/local experiment/35_HDMI_IN_DDR3_mid_filter/HDMI_IN_DDR3_mid_filter_top.fdc(line number: 42)] Object 'n:pixclk_in' can not be found in current view.
E: ConstraintEditor-0046: [E:/BaiduNetdiskDownload/FPGAlocal_experiment/kaifaziliao/local experiment/35_HDMI_IN_DDR3_mid_filter/HDMI_IN_DDR3_mid_filter_top.fdc(line number: 48)] Object 'p:de_in' can not be found in current view.
E: ConstraintEditor-0046: [E:/BaiduNetdiskDownload/FPGAlocal_experiment/kaifaziliao/local experiment/35_HDMI_IN_DDR3_mid_filter/HDMI_IN_DDR3_mid_filter_top.fdc(line number: 49)] Object 'p:de_in' can not be found in current view.
E: ConstraintEditor-0046: [E:/BaiduNetdiskDownload/FPGAlocal_experiment/kaifaziliao/local experiment/35_HDMI_IN_DDR3_mid_filter/HDMI_IN_DDR3_mid_filter_top.fdc(line number: 50)] Object 'p:de_in' can not be found in current view.
E: ConstraintEditor-0046: [E:/BaiduNetdiskDownload/FPGAlocal_experiment/kaifaziliao/local experiment/35_HDMI_IN_DDR3_mid_filter/HDMI_IN_DDR3_mid_filter_top.fdc(line number: 51)] Object 'p:de_in' can not be found in current view.
E: ConstraintEditor-0046: [E:/BaiduNetdiskDownload/FPGAlocal_experiment/kaifaziliao/local experiment/35_HDMI_IN_DDR3_mid_filter/HDMI_IN_DDR3_mid_filter_top.fdc(line number: 52)] Object 'p:de_in' can not be found in current view.
E: ConstraintEditor-0046: [E:/BaiduNetdiskDownload/FPGAlocal_experiment/kaifaziliao/local experiment/35_HDMI_IN_DDR3_mid_filter/HDMI_IN_DDR3_mid_filter_top.fdc(line number: 55)] Object 'p:hs_in' can not be found in current view.
E: ConstraintEditor-0046: [E:/BaiduNetdiskDownload/FPGAlocal_experiment/kaifaziliao/local experiment/35_HDMI_IN_DDR3_mid_filter/HDMI_IN_DDR3_mid_filter_top.fdc(line number: 56)] Object 'p:hs_in' can not be found in current view.
E: ConstraintEditor-0046: [E:/BaiduNetdiskDownload/FPGAlocal_experiment/kaifaziliao/local experiment/35_HDMI_IN_DDR3_mid_filter/HDMI_IN_DDR3_mid_filter_top.fdc(line number: 57)] Object 'p:hs_in' can not be found in current view.
E: ConstraintEditor-0046: [E:/BaiduNetdiskDownload/FPGAlocal_experiment/kaifaziliao/local experiment/35_HDMI_IN_DDR3_mid_filter/HDMI_IN_DDR3_mid_filter_top.fdc(line number: 58)] Object 'p:hs_in' can not be found in current view.
E: ConstraintEditor-0046: [E:/BaiduNetdiskDownload/FPGAlocal_experiment/kaifaziliao/local experiment/35_HDMI_IN_DDR3_mid_filter/HDMI_IN_DDR3_mid_filter_top.fdc(line number: 59)] Object 'p:hs_in' can not be found in current view.
E: ConstraintEditor-0046: [E:/BaiduNetdiskDownload/FPGAlocal_experiment/kaifaziliao/local experiment/35_HDMI_IN_DDR3_mid_filter/HDMI_IN_DDR3_mid_filter_top.fdc(line number: 62)] Object 'p:vs_in' can not be found in current view.
E: ConstraintEditor-0046: [E:/BaiduNetdiskDownload/FPGAlocal_experiment/kaifaziliao/local experiment/35_HDMI_IN_DDR3_mid_filter/HDMI_IN_DDR3_mid_filter_top.fdc(line number: 63)] Object 'p:vs_in' can not be found in current view.
E: ConstraintEditor-0046: [E:/BaiduNetdiskDownload/FPGAlocal_experiment/kaifaziliao/local experiment/35_HDMI_IN_DDR3_mid_filter/HDMI_IN_DDR3_mid_filter_top.fdc(line number: 64)] Object 'p:vs_in' can not be found in current view.
E: ConstraintEditor-0046: [E:/BaiduNetdiskDownload/FPGAlocal_experiment/kaifaziliao/local experiment/35_HDMI_IN_DDR3_mid_filter/HDMI_IN_DDR3_mid_filter_top.fdc(line number: 65)] Object 'p:vs_in' can not be found in current view.
E: ConstraintEditor-0046: [E:/BaiduNetdiskDownload/FPGAlocal_experiment/kaifaziliao/local experiment/35_HDMI_IN_DDR3_mid_filter/HDMI_IN_DDR3_mid_filter_top.fdc(line number: 66)] Object 'p:vs_in' can not be found in current view.
E: ConstraintEditor-0046: [E:/BaiduNetdiskDownload/FPGAlocal_experiment/kaifaziliao/local experiment/35_HDMI_IN_DDR3_mid_filter/HDMI_IN_DDR3_mid_filter_top.fdc(line number: 74)] Object 'p:rstn_out' can not be found in current view.
E: ConstraintEditor-0046: [E:/BaiduNetdiskDownload/FPGAlocal_experiment/kaifaziliao/local experiment/35_HDMI_IN_DDR3_mid_filter/HDMI_IN_DDR3_mid_filter_top.fdc(line number: 75)] Object 'p:rstn_out' can not be found in current view.
E: ConstraintEditor-0046: [E:/BaiduNetdiskDownload/FPGAlocal_experiment/kaifaziliao/local experiment/35_HDMI_IN_DDR3_mid_filter/HDMI_IN_DDR3_mid_filter_top.fdc(line number: 76)] Object 'p:rstn_out' can not be found in current view.
E: ConstraintEditor-0046: [E:/BaiduNetdiskDownload/FPGAlocal_experiment/kaifaziliao/local experiment/35_HDMI_IN_DDR3_mid_filter/HDMI_IN_DDR3_mid_filter_top.fdc(line number: 77)] Object 'p:rstn_out' can not be found in current view.
E: ConstraintEditor-0046: [E:/BaiduNetdiskDownload/FPGAlocal_experiment/kaifaziliao/local experiment/35_HDMI_IN_DDR3_mid_filter/HDMI_IN_DDR3_mid_filter_top.fdc(line number: 80)] Object 'p:hd_sda' can not be found in current view.
E: ConstraintEditor-0046: [E:/BaiduNetdiskDownload/FPGAlocal_experiment/kaifaziliao/local experiment/35_HDMI_IN_DDR3_mid_filter/HDMI_IN_DDR3_mid_filter_top.fdc(line number: 81)] Object 'p:hd_sda' can not be found in current view.
E: ConstraintEditor-0046: [E:/BaiduNetdiskDownload/FPGAlocal_experiment/kaifaziliao/local experiment/35_HDMI_IN_DDR3_mid_filter/HDMI_IN_DDR3_mid_filter_top.fdc(line number: 82)] Object 'p:hd_sda' can not be found in current view.
E: ConstraintEditor-0046: [E:/BaiduNetdiskDownload/FPGAlocal_experiment/kaifaziliao/local experiment/35_HDMI_IN_DDR3_mid_filter/HDMI_IN_DDR3_mid_filter_top.fdc(line number: 83)] Object 'p:hd_sda' can not be found in current view.
E: ConstraintEditor-0046: [E:/BaiduNetdiskDownload/FPGAlocal_experiment/kaifaziliao/local experiment/35_HDMI_IN_DDR3_mid_filter/HDMI_IN_DDR3_mid_filter_top.fdc(line number: 84)] Object 'p:hd_sda' can not be found in current view.
E: ConstraintEditor-0046: [E:/BaiduNetdiskDownload/FPGAlocal_experiment/kaifaziliao/local experiment/35_HDMI_IN_DDR3_mid_filter/HDMI_IN_DDR3_mid_filter_top.fdc(line number: 85)] Object 'p:hd_sda' can not be found in current view.
E: ConstraintEditor-0046: [E:/BaiduNetdiskDownload/FPGAlocal_experiment/kaifaziliao/local experiment/35_HDMI_IN_DDR3_mid_filter/HDMI_IN_DDR3_mid_filter_top.fdc(line number: 86)] Object 'p:hd_sda' can not be found in current view.
E: ConstraintEditor-0046: [E:/BaiduNetdiskDownload/FPGAlocal_experiment/kaifaziliao/local experiment/35_HDMI_IN_DDR3_mid_filter/HDMI_IN_DDR3_mid_filter_top.fdc(line number: 89)] Object 'p:hd_scl' can not be found in current view.
E: ConstraintEditor-0046: [E:/BaiduNetdiskDownload/FPGAlocal_experiment/kaifaziliao/local experiment/35_HDMI_IN_DDR3_mid_filter/HDMI_IN_DDR3_mid_filter_top.fdc(line number: 90)] Object 'p:hd_scl' can not be found in current view.
E: ConstraintEditor-0046: [E:/BaiduNetdiskDownload/FPGAlocal_experiment/kaifaziliao/local experiment/35_HDMI_IN_DDR3_mid_filter/HDMI_IN_DDR3_mid_filter_top.fdc(line number: 91)] Object 'p:hd_scl' can not be found in current view.
E: ConstraintEditor-0046: [E:/BaiduNetdiskDownload/FPGAlocal_experiment/kaifaziliao/local experiment/35_HDMI_IN_DDR3_mid_filter/HDMI_IN_DDR3_mid_filter_top.fdc(line number: 92)] Object 'p:hd_scl' can not be found in current view.
E: ConstraintEditor-0046: [E:/BaiduNetdiskDownload/FPGAlocal_experiment/kaifaziliao/local experiment/35_HDMI_IN_DDR3_mid_filter/HDMI_IN_DDR3_mid_filter_top.fdc(line number: 93)] Object 'p:hd_scl' can not be found in current view.
E: ConstraintEditor-0046: [E:/BaiduNetdiskDownload/FPGAlocal_experiment/kaifaziliao/local experiment/35_HDMI_IN_DDR3_mid_filter/HDMI_IN_DDR3_mid_filter_top.fdc(line number: 94)] Object 'p:hd_scl' can not be found in current view.
E: ConstraintEditor-0046: [E:/BaiduNetdiskDownload/FPGAlocal_experiment/kaifaziliao/local experiment/35_HDMI_IN_DDR3_mid_filter/HDMI_IN_DDR3_mid_filter_top.fdc(line number: 95)] Object 'p:hd_scl' can not be found in current view.
E: ConstraintEditor-0046: [E:/BaiduNetdiskDownload/FPGAlocal_experiment/kaifaziliao/local experiment/35_HDMI_IN_DDR3_mid_filter/HDMI_IN_DDR3_mid_filter_top.fdc(line number: 101)] Object 'p:r_in[7]' can not be found in current view.
E: ConstraintEditor-0046: [E:/BaiduNetdiskDownload/FPGAlocal_experiment/kaifaziliao/local experiment/35_HDMI_IN_DDR3_mid_filter/HDMI_IN_DDR3_mid_filter_top.fdc(line number: 102)] Object 'p:r_in[7]' can not be found in current view.
E: ConstraintEditor-0046: [E:/BaiduNetdiskDownload/FPGAlocal_experiment/kaifaziliao/local experiment/35_HDMI_IN_DDR3_mid_filter/HDMI_IN_DDR3_mid_filter_top.fdc(line number: 103)] Object 'p:r_in[7]' can not be found in current view.
E: ConstraintEditor-0046: [E:/BaiduNetdiskDownload/FPGAlocal_experiment/kaifaziliao/local experiment/35_HDMI_IN_DDR3_mid_filter/HDMI_IN_DDR3_mid_filter_top.fdc(line number: 104)] Object 'p:r_in[7]' can not be found in current view.
E: ConstraintEditor-0046: [E:/BaiduNetdiskDownload/FPGAlocal_experiment/kaifaziliao/local experiment/35_HDMI_IN_DDR3_mid_filter/HDMI_IN_DDR3_mid_filter_top.fdc(line number: 105)] Object 'p:r_in[7]' can not be found in current view.
E: ConstraintEditor-0046: [E:/BaiduNetdiskDownload/FPGAlocal_experiment/kaifaziliao/local experiment/35_HDMI_IN_DDR3_mid_filter/HDMI_IN_DDR3_mid_filter_top.fdc(line number: 106)] Object 'p:r_in[6]' can not be found in current view.
E: ConstraintEditor-0046: [E:/BaiduNetdiskDownload/FPGAlocal_experiment/kaifaziliao/local experiment/35_HDMI_IN_DDR3_mid_filter/HDMI_IN_DDR3_mid_filter_top.fdc(line number: 107)] Object 'p:r_in[6]' can not be found in current view.
E: ConstraintEditor-0046: [E:/BaiduNetdiskDownload/FPGAlocal_experiment/kaifaziliao/local experiment/35_HDMI_IN_DDR3_mid_filter/HDMI_IN_DDR3_mid_filter_top.fdc(line number: 108)] Object 'p:r_in[6]' can not be found in current view.
E: ConstraintEditor-0046: [E:/BaiduNetdiskDownload/FPGAlocal_experiment/kaifaziliao/local experiment/35_HDMI_IN_DDR3_mid_filter/HDMI_IN_DDR3_mid_filter_top.fdc(line number: 109)] Object 'p:r_in[6]' can not be found in current view.
E: ConstraintEditor-0046: [E:/BaiduNetdiskDownload/FPGAlocal_experiment/kaifaziliao/local experiment/35_HDMI_IN_DDR3_mid_filter/HDMI_IN_DDR3_mid_filter_top.fdc(line number: 110)] Object 'p:r_in[6]' can not be found in current view.
E: ConstraintEditor-0046: [E:/BaiduNetdiskDownload/FPGAlocal_experiment/kaifaziliao/local experiment/35_HDMI_IN_DDR3_mid_filter/HDMI_IN_DDR3_mid_filter_top.fdc(line number: 111)] Object 'p:r_in[5]' can not be found in current view.
E: ConstraintEditor-0046: [E:/BaiduNetdiskDownload/FPGAlocal_experiment/kaifaziliao/local experiment/35_HDMI_IN_DDR3_mid_filter/HDMI_IN_DDR3_mid_filter_top.fdc(line number: 112)] Object 'p:r_in[5]' can not be found in current view.
E: ConstraintEditor-0046: [E:/BaiduNetdiskDownload/FPGAlocal_experiment/kaifaziliao/local experiment/35_HDMI_IN_DDR3_mid_filter/HDMI_IN_DDR3_mid_filter_top.fdc(line number: 113)] Object 'p:r_in[5]' can not be found in current view.
E: ConstraintEditor-0046: [E:/BaiduNetdiskDownload/FPGAlocal_experiment/kaifaziliao/local experiment/35_HDMI_IN_DDR3_mid_filter/HDMI_IN_DDR3_mid_filter_top.fdc(line number: 114)] Object 'p:r_in[5]' can not be found in current view.
E: ConstraintEditor-0046: [E:/BaiduNetdiskDownload/FPGAlocal_experiment/kaifaziliao/local experiment/35_HDMI_IN_DDR3_mid_filter/HDMI_IN_DDR3_mid_filter_top.fdc(line number: 115)] Object 'p:r_in[5]' can not be found in current view.
E: ConstraintEditor-0046: [E:/BaiduNetdiskDownload/FPGAlocal_experiment/kaifaziliao/local experiment/35_HDMI_IN_DDR3_mid_filter/HDMI_IN_DDR3_mid_filter_top.fdc(line number: 116)] Object 'p:r_in[4]' can not be found in current view.
E: ConstraintEditor-0046: [E:/BaiduNetdiskDownload/FPGAlocal_experiment/kaifaziliao/local experiment/35_HDMI_IN_DDR3_mid_filter/HDMI_IN_DDR3_mid_filter_top.fdc(line number: 117)] Object 'p:r_in[4]' can not be found in current view.
E: ConstraintEditor-0046: [E:/BaiduNetdiskDownload/FPGAlocal_experiment/kaifaziliao/local experiment/35_HDMI_IN_DDR3_mid_filter/HDMI_IN_DDR3_mid_filter_top.fdc(line number: 118)] Object 'p:r_in[4]' can not be found in current view.
E: ConstraintEditor-0046: [E:/BaiduNetdiskDownload/FPGAlocal_experiment/kaifaziliao/local experiment/35_HDMI_IN_DDR3_mid_filter/HDMI_IN_DDR3_mid_filter_top.fdc(line number: 119)] Object 'p:r_in[4]' can not be found in current view.
E: ConstraintEditor-0046: [E:/BaiduNetdiskDownload/FPGAlocal_experiment/kaifaziliao/local experiment/35_HDMI_IN_DDR3_mid_filter/HDMI_IN_DDR3_mid_filter_top.fdc(line number: 120)] Object 'p:r_in[4]' can not be found in current view.
E: ConstraintEditor-0046: [E:/BaiduNetdiskDownload/FPGAlocal_experiment/kaifaziliao/local experiment/35_HDMI_IN_DDR3_mid_filter/HDMI_IN_DDR3_mid_filter_top.fdc(line number: 121)] Object 'p:r_in[3]' can not be found in current view.
E: ConstraintEditor-0046: [E:/BaiduNetdiskDownload/FPGAlocal_experiment/kaifaziliao/local experiment/35_HDMI_IN_DDR3_mid_filter/HDMI_IN_DDR3_mid_filter_top.fdc(line number: 122)] Object 'p:r_in[3]' can not be found in current view.
E: ConstraintEditor-0046: [E:/BaiduNetdiskDownload/FPGAlocal_experiment/kaifaziliao/local experiment/35_HDMI_IN_DDR3_mid_filter/HDMI_IN_DDR3_mid_filter_top.fdc(line number: 123)] Object 'p:r_in[3]' can not be found in current view.
E: ConstraintEditor-0046: [E:/BaiduNetdiskDownload/FPGAlocal_experiment/kaifaziliao/local experiment/35_HDMI_IN_DDR3_mid_filter/HDMI_IN_DDR3_mid_filter_top.fdc(line number: 124)] Object 'p:r_in[3]' can not be found in current view.
E: ConstraintEditor-0046: [E:/BaiduNetdiskDownload/FPGAlocal_experiment/kaifaziliao/local experiment/35_HDMI_IN_DDR3_mid_filter/HDMI_IN_DDR3_mid_filter_top.fdc(line number: 125)] Object 'p:r_in[3]' can not be found in current view.
E: ConstraintEditor-0046: [E:/BaiduNetdiskDownload/FPGAlocal_experiment/kaifaziliao/local experiment/35_HDMI_IN_DDR3_mid_filter/HDMI_IN_DDR3_mid_filter_top.fdc(line number: 126)] Object 'p:r_in[2]' can not be found in current view.
E: ConstraintEditor-0046: [E:/BaiduNetdiskDownload/FPGAlocal_experiment/kaifaziliao/local experiment/35_HDMI_IN_DDR3_mid_filter/HDMI_IN_DDR3_mid_filter_top.fdc(line number: 127)] Object 'p:r_in[2]' can not be found in current view.
E: ConstraintEditor-0046: [E:/BaiduNetdiskDownload/FPGAlocal_experiment/kaifaziliao/local experiment/35_HDMI_IN_DDR3_mid_filter/HDMI_IN_DDR3_mid_filter_top.fdc(line number: 128)] Object 'p:r_in[2]' can not be found in current view.
E: ConstraintEditor-0046: [E:/BaiduNetdiskDownload/FPGAlocal_experiment/kaifaziliao/local experiment/35_HDMI_IN_DDR3_mid_filter/HDMI_IN_DDR3_mid_filter_top.fdc(line number: 129)] Object 'p:r_in[2]' can not be found in current view.
E: ConstraintEditor-0046: [E:/BaiduNetdiskDownload/FPGAlocal_experiment/kaifaziliao/local experiment/35_HDMI_IN_DDR3_mid_filter/HDMI_IN_DDR3_mid_filter_top.fdc(line number: 130)] Object 'p:r_in[2]' can not be found in current view.
E: ConstraintEditor-0046: [E:/BaiduNetdiskDownload/FPGAlocal_experiment/kaifaziliao/local experiment/35_HDMI_IN_DDR3_mid_filter/HDMI_IN_DDR3_mid_filter_top.fdc(line number: 131)] Object 'p:r_in[1]' can not be found in current view.
E: ConstraintEditor-0046: [E:/BaiduNetdiskDownload/FPGAlocal_experiment/kaifaziliao/local experiment/35_HDMI_IN_DDR3_mid_filter/HDMI_IN_DDR3_mid_filter_top.fdc(line number: 132)] Object 'p:r_in[1]' can not be found in current view.
E: ConstraintEditor-0046: [E:/BaiduNetdiskDownload/FPGAlocal_experiment/kaifaziliao/local experiment/35_HDMI_IN_DDR3_mid_filter/HDMI_IN_DDR3_mid_filter_top.fdc(line number: 133)] Object 'p:r_in[1]' can not be found in current view.
E: ConstraintEditor-0046: [E:/BaiduNetdiskDownload/FPGAlocal_experiment/kaifaziliao/local experiment/35_HDMI_IN_DDR3_mid_filter/HDMI_IN_DDR3_mid_filter_top.fdc(line number: 134)] Object 'p:r_in[1]' can not be found in current view.
E: ConstraintEditor-0046: [E:/BaiduNetdiskDownload/FPGAlocal_experiment/kaifaziliao/local experiment/35_HDMI_IN_DDR3_mid_filter/HDMI_IN_DDR3_mid_filter_top.fdc(line number: 135)] Object 'p:r_in[1]' can not be found in current view.
E: ConstraintEditor-0046: [E:/BaiduNetdiskDownload/FPGAlocal_experiment/kaifaziliao/local experiment/35_HDMI_IN_DDR3_mid_filter/HDMI_IN_DDR3_mid_filter_top.fdc(line number: 136)] Object 'p:r_in[0]' can not be found in current view.
E: ConstraintEditor-0046: [E:/BaiduNetdiskDownload/FPGAlocal_experiment/kaifaziliao/local experiment/35_HDMI_IN_DDR3_mid_filter/HDMI_IN_DDR3_mid_filter_top.fdc(line number: 137)] Object 'p:r_in[0]' can not be found in current view.
E: ConstraintEditor-0046: [E:/BaiduNetdiskDownload/FPGAlocal_experiment/kaifaziliao/local experiment/35_HDMI_IN_DDR3_mid_filter/HDMI_IN_DDR3_mid_filter_top.fdc(line number: 138)] Object 'p:r_in[0]' can not be found in current view.
E: ConstraintEditor-0046: [E:/BaiduNetdiskDownload/FPGAlocal_experiment/kaifaziliao/local experiment/35_HDMI_IN_DDR3_mid_filter/HDMI_IN_DDR3_mid_filter_top.fdc(line number: 139)] Object 'p:r_in[0]' can not be found in current view.
E: ConstraintEditor-0046: [E:/BaiduNetdiskDownload/FPGAlocal_experiment/kaifaziliao/local experiment/35_HDMI_IN_DDR3_mid_filter/HDMI_IN_DDR3_mid_filter_top.fdc(line number: 140)] Object 'p:r_in[0]' can not be found in current view.
E: ConstraintEditor-0046: [E:/BaiduNetdiskDownload/FPGAlocal_experiment/kaifaziliao/local experiment/35_HDMI_IN_DDR3_mid_filter/HDMI_IN_DDR3_mid_filter_top.fdc(line number: 143)] Object 'p:g_in[7]' can not be found in current view.
E: ConstraintEditor-0046: [E:/BaiduNetdiskDownload/FPGAlocal_experiment/kaifaziliao/local experiment/35_HDMI_IN_DDR3_mid_filter/HDMI_IN_DDR3_mid_filter_top.fdc(line number: 144)] Object 'p:g_in[7]' can not be found in current view.
E: ConstraintEditor-0046: [E:/BaiduNetdiskDownload/FPGAlocal_experiment/kaifaziliao/local experiment/35_HDMI_IN_DDR3_mid_filter/HDMI_IN_DDR3_mid_filter_top.fdc(line number: 145)] Object 'p:g_in[7]' can not be found in current view.
E: ConstraintEditor-0046: [E:/BaiduNetdiskDownload/FPGAlocal_experiment/kaifaziliao/local experiment/35_HDMI_IN_DDR3_mid_filter/HDMI_IN_DDR3_mid_filter_top.fdc(line number: 146)] Object 'p:g_in[7]' can not be found in current view.
E: ConstraintEditor-0046: [E:/BaiduNetdiskDownload/FPGAlocal_experiment/kaifaziliao/local experiment/35_HDMI_IN_DDR3_mid_filter/HDMI_IN_DDR3_mid_filter_top.fdc(line number: 147)] Object 'p:g_in[7]' can not be found in current view.
E: ConstraintEditor-0046: [E:/BaiduNetdiskDownload/FPGAlocal_experiment/kaifaziliao/local experiment/35_HDMI_IN_DDR3_mid_filter/HDMI_IN_DDR3_mid_filter_top.fdc(line number: 148)] Object 'p:g_in[6]' can not be found in current view.
E: ConstraintEditor-0046: [E:/BaiduNetdiskDownload/FPGAlocal_experiment/kaifaziliao/local experiment/35_HDMI_IN_DDR3_mid_filter/HDMI_IN_DDR3_mid_filter_top.fdc(line number: 149)] Object 'p:g_in[6]' can not be found in current view.
E: ConstraintEditor-0046: [E:/BaiduNetdiskDownload/FPGAlocal_experiment/kaifaziliao/local experiment/35_HDMI_IN_DDR3_mid_filter/HDMI_IN_DDR3_mid_filter_top.fdc(line number: 150)] Object 'p:g_in[6]' can not be found in current view.
E: ConstraintEditor-0046: [E:/BaiduNetdiskDownload/FPGAlocal_experiment/kaifaziliao/local experiment/35_HDMI_IN_DDR3_mid_filter/HDMI_IN_DDR3_mid_filter_top.fdc(line number: 151)] Object 'p:g_in[6]' can not be found in current view.
E: ConstraintEditor-0046: [E:/BaiduNetdiskDownload/FPGAlocal_experiment/kaifaziliao/local experiment/35_HDMI_IN_DDR3_mid_filter/HDMI_IN_DDR3_mid_filter_top.fdc(line number: 152)] Object 'p:g_in[6]' can not be found in current view.
E: ConstraintEditor-0046: [E:/BaiduNetdiskDownload/FPGAlocal_experiment/kaifaziliao/local experiment/35_HDMI_IN_DDR3_mid_filter/HDMI_IN_DDR3_mid_filter_top.fdc(line number: 153)] Object 'p:g_in[5]' can not be found in current view.
E: ConstraintEditor-0046: [E:/BaiduNetdiskDownload/FPGAlocal_experiment/kaifaziliao/local experiment/35_HDMI_IN_DDR3_mid_filter/HDMI_IN_DDR3_mid_filter_top.fdc(line number: 154)] Object 'p:g_in[5]' can not be found in current view.
E: ConstraintEditor-0046: [E:/BaiduNetdiskDownload/FPGAlocal_experiment/kaifaziliao/local experiment/35_HDMI_IN_DDR3_mid_filter/HDMI_IN_DDR3_mid_filter_top.fdc(line number: 155)] Object 'p:g_in[5]' can not be found in current view.
E: ConstraintEditor-0046: [E:/BaiduNetdiskDownload/FPGAlocal_experiment/kaifaziliao/local experiment/35_HDMI_IN_DDR3_mid_filter/HDMI_IN_DDR3_mid_filter_top.fdc(line number: 156)] Object 'p:g_in[5]' can not be found in current view.
E: ConstraintEditor-0046: [E:/BaiduNetdiskDownload/FPGAlocal_experiment/kaifaziliao/local experiment/35_HDMI_IN_DDR3_mid_filter/HDMI_IN_DDR3_mid_filter_top.fdc(line number: 157)] Object 'p:g_in[5]' can not be found in current view.
E: ConstraintEditor-0046: [E:/BaiduNetdiskDownload/FPGAlocal_experiment/kaifaziliao/local experiment/35_HDMI_IN_DDR3_mid_filter/HDMI_IN_DDR3_mid_filter_top.fdc(line number: 158)] Object 'p:g_in[4]' can not be found in current view.
E: ConstraintEditor-0046: [E:/BaiduNetdiskDownload/FPGAlocal_experiment/kaifaziliao/local experiment/35_HDMI_IN_DDR3_mid_filter/HDMI_IN_DDR3_mid_filter_top.fdc(line number: 159)] Object 'p:g_in[4]' can not be found in current view.
E: ConstraintEditor-0046: [E:/BaiduNetdiskDownload/FPGAlocal_experiment/kaifaziliao/local experiment/35_HDMI_IN_DDR3_mid_filter/HDMI_IN_DDR3_mid_filter_top.fdc(line number: 160)] Object 'p:g_in[4]' can not be found in current view.
E: ConstraintEditor-0046: [E:/BaiduNetdiskDownload/FPGAlocal_experiment/kaifaziliao/local experiment/35_HDMI_IN_DDR3_mid_filter/HDMI_IN_DDR3_mid_filter_top.fdc(line number: 161)] Object 'p:g_in[4]' can not be found in current view.
E: ConstraintEditor-0046: [E:/BaiduNetdiskDownload/FPGAlocal_experiment/kaifaziliao/local experiment/35_HDMI_IN_DDR3_mid_filter/HDMI_IN_DDR3_mid_filter_top.fdc(line number: 162)] Object 'p:g_in[4]' can not be found in current view.
E: ConstraintEditor-0046: [E:/BaiduNetdiskDownload/FPGAlocal_experiment/kaifaziliao/local experiment/35_HDMI_IN_DDR3_mid_filter/HDMI_IN_DDR3_mid_filter_top.fdc(line number: 163)] Object 'p:g_in[3]' can not be found in current view.
E: ConstraintEditor-0046: [E:/BaiduNetdiskDownload/FPGAlocal_experiment/kaifaziliao/local experiment/35_HDMI_IN_DDR3_mid_filter/HDMI_IN_DDR3_mid_filter_top.fdc(line number: 164)] Object 'p:g_in[3]' can not be found in current view.
E: ConstraintEditor-0046: [E:/BaiduNetdiskDownload/FPGAlocal_experiment/kaifaziliao/local experiment/35_HDMI_IN_DDR3_mid_filter/HDMI_IN_DDR3_mid_filter_top.fdc(line number: 165)] Object 'p:g_in[3]' can not be found in current view.
E: ConstraintEditor-0046: [E:/BaiduNetdiskDownload/FPGAlocal_experiment/kaifaziliao/local experiment/35_HDMI_IN_DDR3_mid_filter/HDMI_IN_DDR3_mid_filter_top.fdc(line number: 166)] Object 'p:g_in[3]' can not be found in current view.
E: ConstraintEditor-0046: [E:/BaiduNetdiskDownload/FPGAlocal_experiment/kaifaziliao/local experiment/35_HDMI_IN_DDR3_mid_filter/HDMI_IN_DDR3_mid_filter_top.fdc(line number: 167)] Object 'p:g_in[3]' can not be found in current view.
E: ConstraintEditor-0046: [E:/BaiduNetdiskDownload/FPGAlocal_experiment/kaifaziliao/local experiment/35_HDMI_IN_DDR3_mid_filter/HDMI_IN_DDR3_mid_filter_top.fdc(line number: 168)] Object 'p:g_in[2]' can not be found in current view.
E: ConstraintEditor-0046: [E:/BaiduNetdiskDownload/FPGAlocal_experiment/kaifaziliao/local experiment/35_HDMI_IN_DDR3_mid_filter/HDMI_IN_DDR3_mid_filter_top.fdc(line number: 169)] Object 'p:g_in[2]' can not be found in current view.
E: ConstraintEditor-0046: [E:/BaiduNetdiskDownload/FPGAlocal_experiment/kaifaziliao/local experiment/35_HDMI_IN_DDR3_mid_filter/HDMI_IN_DDR3_mid_filter_top.fdc(line number: 170)] Object 'p:g_in[2]' can not be found in current view.
E: ConstraintEditor-0046: [E:/BaiduNetdiskDownload/FPGAlocal_experiment/kaifaziliao/local experiment/35_HDMI_IN_DDR3_mid_filter/HDMI_IN_DDR3_mid_filter_top.fdc(line number: 171)] Object 'p:g_in[2]' can not be found in current view.
E: ConstraintEditor-0046: [E:/BaiduNetdiskDownload/FPGAlocal_experiment/kaifaziliao/local experiment/35_HDMI_IN_DDR3_mid_filter/HDMI_IN_DDR3_mid_filter_top.fdc(line number: 172)] Object 'p:g_in[2]' can not be found in current view.
E: ConstraintEditor-0046: [E:/BaiduNetdiskDownload/FPGAlocal_experiment/kaifaziliao/local experiment/35_HDMI_IN_DDR3_mid_filter/HDMI_IN_DDR3_mid_filter_top.fdc(line number: 173)] Object 'p:g_in[1]' can not be found in current view.
E: ConstraintEditor-0046: [E:/BaiduNetdiskDownload/FPGAlocal_experiment/kaifaziliao/local experiment/35_HDMI_IN_DDR3_mid_filter/HDMI_IN_DDR3_mid_filter_top.fdc(line number: 174)] Object 'p:g_in[1]' can not be found in current view.
E: ConstraintEditor-0046: [E:/BaiduNetdiskDownload/FPGAlocal_experiment/kaifaziliao/local experiment/35_HDMI_IN_DDR3_mid_filter/HDMI_IN_DDR3_mid_filter_top.fdc(line number: 175)] Object 'p:g_in[1]' can not be found in current view.
E: ConstraintEditor-0046: [E:/BaiduNetdiskDownload/FPGAlocal_experiment/kaifaziliao/local experiment/35_HDMI_IN_DDR3_mid_filter/HDMI_IN_DDR3_mid_filter_top.fdc(line number: 176)] Object 'p:g_in[1]' can not be found in current view.
E: ConstraintEditor-0046: [E:/BaiduNetdiskDownload/FPGAlocal_experiment/kaifaziliao/local experiment/35_HDMI_IN_DDR3_mid_filter/HDMI_IN_DDR3_mid_filter_top.fdc(line number: 177)] Object 'p:g_in[1]' can not be found in current view.
E: ConstraintEditor-0046: [E:/BaiduNetdiskDownload/FPGAlocal_experiment/kaifaziliao/local experiment/35_HDMI_IN_DDR3_mid_filter/HDMI_IN_DDR3_mid_filter_top.fdc(line number: 178)] Object 'p:g_in[0]' can not be found in current view.
E: ConstraintEditor-0046: [E:/BaiduNetdiskDownload/FPGAlocal_experiment/kaifaziliao/local experiment/35_HDMI_IN_DDR3_mid_filter/HDMI_IN_DDR3_mid_filter_top.fdc(line number: 179)] Object 'p:g_in[0]' can not be found in current view.
E: ConstraintEditor-0046: [E:/BaiduNetdiskDownload/FPGAlocal_experiment/kaifaziliao/local experiment/35_HDMI_IN_DDR3_mid_filter/HDMI_IN_DDR3_mid_filter_top.fdc(line number: 180)] Object 'p:g_in[0]' can not be found in current view.
E: ConstraintEditor-0046: [E:/BaiduNetdiskDownload/FPGAlocal_experiment/kaifaziliao/local experiment/35_HDMI_IN_DDR3_mid_filter/HDMI_IN_DDR3_mid_filter_top.fdc(line number: 181)] Object 'p:g_in[0]' can not be found in current view.
E: ConstraintEditor-0046: [E:/BaiduNetdiskDownload/FPGAlocal_experiment/kaifaziliao/local experiment/35_HDMI_IN_DDR3_mid_filter/HDMI_IN_DDR3_mid_filter_top.fdc(line number: 182)] Object 'p:g_in[0]' can not be found in current view.
E: ConstraintEditor-0046: [E:/BaiduNetdiskDownload/FPGAlocal_experiment/kaifaziliao/local experiment/35_HDMI_IN_DDR3_mid_filter/HDMI_IN_DDR3_mid_filter_top.fdc(line number: 187)] Object 'p:b_in[7]' can not be found in current view.
E: ConstraintEditor-0046: [E:/BaiduNetdiskDownload/FPGAlocal_experiment/kaifaziliao/local experiment/35_HDMI_IN_DDR3_mid_filter/HDMI_IN_DDR3_mid_filter_top.fdc(line number: 188)] Object 'p:b_in[7]' can not be found in current view.
E: ConstraintEditor-0046: [E:/BaiduNetdiskDownload/FPGAlocal_experiment/kaifaziliao/local experiment/35_HDMI_IN_DDR3_mid_filter/HDMI_IN_DDR3_mid_filter_top.fdc(line number: 189)] Object 'p:b_in[7]' can not be found in current view.
E: ConstraintEditor-0046: [E:/BaiduNetdiskDownload/FPGAlocal_experiment/kaifaziliao/local experiment/35_HDMI_IN_DDR3_mid_filter/HDMI_IN_DDR3_mid_filter_top.fdc(line number: 190)] Object 'p:b_in[7]' can not be found in current view.
E: ConstraintEditor-0046: [E:/BaiduNetdiskDownload/FPGAlocal_experiment/kaifaziliao/local experiment/35_HDMI_IN_DDR3_mid_filter/HDMI_IN_DDR3_mid_filter_top.fdc(line number: 191)] Object 'p:b_in[7]' can not be found in current view.
E: ConstraintEditor-0046: [E:/BaiduNetdiskDownload/FPGAlocal_experiment/kaifaziliao/local experiment/35_HDMI_IN_DDR3_mid_filter/HDMI_IN_DDR3_mid_filter_top.fdc(line number: 192)] Object 'p:b_in[6]' can not be found in current view.
E: ConstraintEditor-0046: [E:/BaiduNetdiskDownload/FPGAlocal_experiment/kaifaziliao/local experiment/35_HDMI_IN_DDR3_mid_filter/HDMI_IN_DDR3_mid_filter_top.fdc(line number: 193)] Object 'p:b_in[6]' can not be found in current view.
E: ConstraintEditor-0046: [E:/BaiduNetdiskDownload/FPGAlocal_experiment/kaifaziliao/local experiment/35_HDMI_IN_DDR3_mid_filter/HDMI_IN_DDR3_mid_filter_top.fdc(line number: 194)] Object 'p:b_in[6]' can not be found in current view.
E: ConstraintEditor-0046: [E:/BaiduNetdiskDownload/FPGAlocal_experiment/kaifaziliao/local experiment/35_HDMI_IN_DDR3_mid_filter/HDMI_IN_DDR3_mid_filter_top.fdc(line number: 195)] Object 'p:b_in[6]' can not be found in current view.
E: ConstraintEditor-0046: [E:/BaiduNetdiskDownload/FPGAlocal_experiment/kaifaziliao/local experiment/35_HDMI_IN_DDR3_mid_filter/HDMI_IN_DDR3_mid_filter_top.fdc(line number: 196)] Object 'p:b_in[6]' can not be found in current view.
E: ConstraintEditor-0046: [E:/BaiduNetdiskDownload/FPGAlocal_experiment/kaifaziliao/local experiment/35_HDMI_IN_DDR3_mid_filter/HDMI_IN_DDR3_mid_filter_top.fdc(line number: 197)] Object 'p:b_in[5]' can not be found in current view.
E: ConstraintEditor-0046: [E:/BaiduNetdiskDownload/FPGAlocal_experiment/kaifaziliao/local experiment/35_HDMI_IN_DDR3_mid_filter/HDMI_IN_DDR3_mid_filter_top.fdc(line number: 198)] Object 'p:b_in[5]' can not be found in current view.
E: ConstraintEditor-0046: [E:/BaiduNetdiskDownload/FPGAlocal_experiment/kaifaziliao/local experiment/35_HDMI_IN_DDR3_mid_filter/HDMI_IN_DDR3_mid_filter_top.fdc(line number: 199)] Object 'p:b_in[5]' can not be found in current view.
E: ConstraintEditor-0046: [E:/BaiduNetdiskDownload/FPGAlocal_experiment/kaifaziliao/local experiment/35_HDMI_IN_DDR3_mid_filter/HDMI_IN_DDR3_mid_filter_top.fdc(line number: 200)] Object 'p:b_in[5]' can not be found in current view.
E: ConstraintEditor-0046: [E:/BaiduNetdiskDownload/FPGAlocal_experiment/kaifaziliao/local experiment/35_HDMI_IN_DDR3_mid_filter/HDMI_IN_DDR3_mid_filter_top.fdc(line number: 201)] Object 'p:b_in[5]' can not be found in current view.
E: ConstraintEditor-0046: [E:/BaiduNetdiskDownload/FPGAlocal_experiment/kaifaziliao/local experiment/35_HDMI_IN_DDR3_mid_filter/HDMI_IN_DDR3_mid_filter_top.fdc(line number: 202)] Object 'p:b_in[4]' can not be found in current view.
E: ConstraintEditor-0046: [E:/BaiduNetdiskDownload/FPGAlocal_experiment/kaifaziliao/local experiment/35_HDMI_IN_DDR3_mid_filter/HDMI_IN_DDR3_mid_filter_top.fdc(line number: 203)] Object 'p:b_in[4]' can not be found in current view.
E: ConstraintEditor-0046: [E:/BaiduNetdiskDownload/FPGAlocal_experiment/kaifaziliao/local experiment/35_HDMI_IN_DDR3_mid_filter/HDMI_IN_DDR3_mid_filter_top.fdc(line number: 204)] Object 'p:b_in[4]' can not be found in current view.
E: ConstraintEditor-0046: [E:/BaiduNetdiskDownload/FPGAlocal_experiment/kaifaziliao/local experiment/35_HDMI_IN_DDR3_mid_filter/HDMI_IN_DDR3_mid_filter_top.fdc(line number: 205)] Object 'p:b_in[4]' can not be found in current view.
E: ConstraintEditor-0046: [E:/BaiduNetdiskDownload/FPGAlocal_experiment/kaifaziliao/local experiment/35_HDMI_IN_DDR3_mid_filter/HDMI_IN_DDR3_mid_filter_top.fdc(line number: 206)] Object 'p:b_in[4]' can not be found in current view.
E: ConstraintEditor-0046: [E:/BaiduNetdiskDownload/FPGAlocal_experiment/kaifaziliao/local experiment/35_HDMI_IN_DDR3_mid_filter/HDMI_IN_DDR3_mid_filter_top.fdc(line number: 207)] Object 'p:b_in[3]' can not be found in current view.
E: ConstraintEditor-0046: [E:/BaiduNetdiskDownload/FPGAlocal_experiment/kaifaziliao/local experiment/35_HDMI_IN_DDR3_mid_filter/HDMI_IN_DDR3_mid_filter_top.fdc(line number: 208)] Object 'p:b_in[3]' can not be found in current view.
E: ConstraintEditor-0046: [E:/BaiduNetdiskDownload/FPGAlocal_experiment/kaifaziliao/local experiment/35_HDMI_IN_DDR3_mid_filter/HDMI_IN_DDR3_mid_filter_top.fdc(line number: 209)] Object 'p:b_in[3]' can not be found in current view.
E: ConstraintEditor-0046: [E:/BaiduNetdiskDownload/FPGAlocal_experiment/kaifaziliao/local experiment/35_HDMI_IN_DDR3_mid_filter/HDMI_IN_DDR3_mid_filter_top.fdc(line number: 210)] Object 'p:b_in[3]' can not be found in current view.
E: ConstraintEditor-0046: [E:/BaiduNetdiskDownload/FPGAlocal_experiment/kaifaziliao/local experiment/35_HDMI_IN_DDR3_mid_filter/HDMI_IN_DDR3_mid_filter_top.fdc(line number: 211)] Object 'p:b_in[3]' can not be found in current view.
E: ConstraintEditor-0046: [E:/BaiduNetdiskDownload/FPGAlocal_experiment/kaifaziliao/local experiment/35_HDMI_IN_DDR3_mid_filter/HDMI_IN_DDR3_mid_filter_top.fdc(line number: 212)] Object 'p:b_in[2]' can not be found in current view.
E: ConstraintEditor-0046: [E:/BaiduNetdiskDownload/FPGAlocal_experiment/kaifaziliao/local experiment/35_HDMI_IN_DDR3_mid_filter/HDMI_IN_DDR3_mid_filter_top.fdc(line number: 213)] Object 'p:b_in[2]' can not be found in current view.
E: ConstraintEditor-0046: [E:/BaiduNetdiskDownload/FPGAlocal_experiment/kaifaziliao/local experiment/35_HDMI_IN_DDR3_mid_filter/HDMI_IN_DDR3_mid_filter_top.fdc(line number: 214)] Object 'p:b_in[2]' can not be found in current view.
E: ConstraintEditor-0046: [E:/BaiduNetdiskDownload/FPGAlocal_experiment/kaifaziliao/local experiment/35_HDMI_IN_DDR3_mid_filter/HDMI_IN_DDR3_mid_filter_top.fdc(line number: 215)] Object 'p:b_in[2]' can not be found in current view.
E: ConstraintEditor-0046: [E:/BaiduNetdiskDownload/FPGAlocal_experiment/kaifaziliao/local experiment/35_HDMI_IN_DDR3_mid_filter/HDMI_IN_DDR3_mid_filter_top.fdc(line number: 216)] Object 'p:b_in[2]' can not be found in current view.
E: ConstraintEditor-0046: [E:/BaiduNetdiskDownload/FPGAlocal_experiment/kaifaziliao/local experiment/35_HDMI_IN_DDR3_mid_filter/HDMI_IN_DDR3_mid_filter_top.fdc(line number: 217)] Object 'p:b_in[1]' can not be found in current view.
E: ConstraintEditor-0046: [E:/BaiduNetdiskDownload/FPGAlocal_experiment/kaifaziliao/local experiment/35_HDMI_IN_DDR3_mid_filter/HDMI_IN_DDR3_mid_filter_top.fdc(line number: 218)] Object 'p:b_in[1]' can not be found in current view.
E: ConstraintEditor-0046: [E:/BaiduNetdiskDownload/FPGAlocal_experiment/kaifaziliao/local experiment/35_HDMI_IN_DDR3_mid_filter/HDMI_IN_DDR3_mid_filter_top.fdc(line number: 219)] Object 'p:b_in[1]' can not be found in current view.
E: ConstraintEditor-0046: [E:/BaiduNetdiskDownload/FPGAlocal_experiment/kaifaziliao/local experiment/35_HDMI_IN_DDR3_mid_filter/HDMI_IN_DDR3_mid_filter_top.fdc(line number: 220)] Object 'p:b_in[1]' can not be found in current view.
E: ConstraintEditor-0046: [E:/BaiduNetdiskDownload/FPGAlocal_experiment/kaifaziliao/local experiment/35_HDMI_IN_DDR3_mid_filter/HDMI_IN_DDR3_mid_filter_top.fdc(line number: 221)] Object 'p:b_in[1]' can not be found in current view.
E: ConstraintEditor-0046: [E:/BaiduNetdiskDownload/FPGAlocal_experiment/kaifaziliao/local experiment/35_HDMI_IN_DDR3_mid_filter/HDMI_IN_DDR3_mid_filter_top.fdc(line number: 222)] Object 'p:b_in[0]' can not be found in current view.
E: ConstraintEditor-0046: [E:/BaiduNetdiskDownload/FPGAlocal_experiment/kaifaziliao/local experiment/35_HDMI_IN_DDR3_mid_filter/HDMI_IN_DDR3_mid_filter_top.fdc(line number: 223)] Object 'p:b_in[0]' can not be found in current view.
E: ConstraintEditor-0046: [E:/BaiduNetdiskDownload/FPGAlocal_experiment/kaifaziliao/local experiment/35_HDMI_IN_DDR3_mid_filter/HDMI_IN_DDR3_mid_filter_top.fdc(line number: 224)] Object 'p:b_in[0]' can not be found in current view.
E: ConstraintEditor-0046: [E:/BaiduNetdiskDownload/FPGAlocal_experiment/kaifaziliao/local experiment/35_HDMI_IN_DDR3_mid_filter/HDMI_IN_DDR3_mid_filter_top.fdc(line number: 225)] Object 'p:b_in[0]' can not be found in current view.
E: ConstraintEditor-0046: [E:/BaiduNetdiskDownload/FPGAlocal_experiment/kaifaziliao/local experiment/35_HDMI_IN_DDR3_mid_filter/HDMI_IN_DDR3_mid_filter_top.fdc(line number: 226)] Object 'p:b_in[0]' can not be found in current view.
W: ConstraintEditor-4019: Port Bus 'x_act' unspecified I/O constraint.
W: ConstraintEditor-4019: Port Bus 'x_max_1' unspecified I/O constraint.
W: ConstraintEditor-4019: Port Bus 'x_max_2' unspecified I/O constraint.
W: ConstraintEditor-4019: Port Bus 'x_max_3' unspecified I/O constraint.
W: ConstraintEditor-4019: Port Bus 'x_min_1' unspecified I/O constraint.
W: ConstraintEditor-4019: Port Bus 'x_min_2' unspecified I/O constraint.
W: ConstraintEditor-4019: Port Bus 'x_min_3' unspecified I/O constraint.
W: ConstraintEditor-4019: Port Bus 'y_act' unspecified I/O constraint.
W: ConstraintEditor-4019: Port Bus 'y_max_1' unspecified I/O constraint.
W: ConstraintEditor-4019: Port Bus 'y_max_2' unspecified I/O constraint.
W: ConstraintEditor-4019: Port Bus 'y_max_3' unspecified I/O constraint.
W: ConstraintEditor-4019: Port Bus 'y_min_1' unspecified I/O constraint.
W: ConstraintEditor-4019: Port Bus 'y_min_2' unspecified I/O constraint.
W: ConstraintEditor-4019: Port Bus 'y_min_3' unspecified I/O constraint.
W: ConstraintEditor-4019: Port 'i_de' unspecified I/O constraint.
W: ConstraintEditor-4019: Port 'o_de' unspecified I/O constraint.
W: ConstraintEditor-4019: Port 'o_rgb' unspecified I/O constraint.
W: ConstraintEditor-4019: Port 'pix_clk' unspecified I/O constraint.
W: ConstraintEditor-4019: Port 'rst_n' unspecified I/O constraint.
Constraint check end.

Action synthesize: Real time elapsed is 0h:0m:8s
Action synthesize: CPU time elapsed is 0h:0m:5s
Action synthesize: Process CPU time elapsed is 0h:0m:5s
Current time: Tue Apr 21 22:15:19 2026
Action synthesize: Peak memory pool usage is 264 MB
