IP Generator (Version 2022.2-SP6.4 build 146967)
Check out license ...
Start generating at 2025-11-01 14:31
Instance: hsst_core (D:\PDSapp\four_pinjie_video\four_pinjie_video\HDMI_DDR3_OV5640\ipcore\hsst_core\hsst_core.idf)
IP: Pango HSST (1.4)
Part: Logos-PGL50H-FBG484--6
Run file 'cal_ipml_param.tcl' ...
Create directory 'example_design' ...
Create directory 'example_design\bench' ...
Create directory 'example_design\rtl' ...
Create directory 'rtl' ...
Create directory 'pnr' ...
Create directory 'sim' ...
Create directory 'sim_lib\modelsim' ...
Copy 'example_design\bench\ipml_hsst_wrapper_top_tb.v.xml' to 'example_design\bench' ...
Copy 'example_design\rtl\ipml_hsst_wrapper_chk.v.xml' to 'example_design\rtl' ...
Copy 'example_design\rtl\ipml_hsst_wrapper_dut_top.v.xml' to 'example_design\rtl' ...
Copy 'example_design\rtl\ipml_hsst_wrapper_if.v.xml' to 'example_design\rtl' ...
Copy 'example_design\rtl\ipml_hsst_wrapper_if_top.v.xml' to 'example_design\rtl' ...
Copy 'example_design\rtl\ipml_hsst_wrapper_src.v.xml' to 'example_design\rtl' ...
Copy 'example_design\rtl\ipml_hsst_wrapper_top.v.xml' to 'example_design\rtl' ...
Copy 'pnr\core_only' to 'pnr' ...
Copy 'pnr\example_design' to 'pnr' ...
Copy 'rtl\ipml_hsst_rst' to 'rtl' ...
Copy 'rtl\ipml_hsst_v1_4.v.xml' to 'rtl' ...
Copy 'sim\modelsim' to 'sim' ...
Copy 'ipml_hsst_wrapper_v1_4.v.xml' ...
Copy 'readme.txt' ...
Compile file 'ipml_hsst_wrapper_v1_4.v.xml' to 'hsst_core.v' ...
Found top module 'hsst_core' in file 'hsst_core.v'.
Compile file 'example_design\bench\ipml_hsst_wrapper_top_tb.v.xml' to 'example_design\bench\hsst_core_top_tb.v' ...
Compile file 'example_design\rtl\ipml_hsst_wrapper_top.v.xml' to 'example_design\rtl\hsst_core_top.v' ...
Compile file 'example_design\rtl\ipml_hsst_wrapper_if.v.xml' to 'example_design\rtl\hsst_core_if.v' ...
Compile file 'example_design\rtl\ipml_hsst_wrapper_src.v.xml' to 'example_design\rtl\hsst_core_src.v' ...
Compile file 'example_design\rtl\ipml_hsst_wrapper_chk.v.xml' to 'example_design\rtl\hsst_core_chk.v' ...
Compile file 'example_design\rtl\ipml_hsst_wrapper_if_top.v.xml' to 'example_design\rtl\hsst_core_if_top.v' ...
Compile file 'example_design\rtl\ipml_hsst_wrapper_dut_top.v.xml' to 'example_design\rtl\hsst_core_dut_top.v' ...
Compile file 'rtl\ipml_hsst_v1_4.v.xml' to 'rtl\ipml_hsst_hsst_core_wrapper_v1_4.v' ...
Run file 'createFiles.tcl' ...
Create template file 'hsst_core_tmpl.v' ...
Create template file 'hsst_core_tmpl.vhdl' ...
There are 14 source files to synthesize.
Synthesis is disabled.
Done: 0 error(s), 0 warning(s)
