#Build: Fabric Compiler 2022.2-SP6.4, Build 146967, Jan 31 01:39 2024
#Install: D:\PDSapp\PDS_2022.2-SP6.4\bin
#Application name: pds_shell.exe
#OS: Windows 10 10.0.26100
#Hostname: LAPTOP-MU50QR7M
Generated by Fabric Compiler (version 2022.2-SP6.4 build 146967) at Mon Nov  3 16:14:09 2025
Compiling verification operator library.
Compiling common defs.
Compiling prim grid devices.
Compiling gate devices.
Compiling gate operators.
Building architecture model.
Loading device packaging model.
Reading design from DB.
Start Generating Programming File...
Reading design from DB takes 1.875000 sec.
Generating architecture configuration.
The bitstream file is "D:/PDSapp/four_pinjie_basic/HDMI_DDR3_OV5640/generate_bitstream/hdmi_ddr_ov5640_top.sbit"
Generate programming file takes 21.890625 sec.
Generating Programming File done.
Action gen_bit_stream: Real time elapsed is 0h:0m:29s
Action gen_bit_stream: CPU time elapsed is 0h:0m:26s
Action gen_bit_stream: Process CPU time elapsed is 0h:0m:26s
Current time: Mon Nov  3 16:14:36 2025
Action gen_bit_stream: Peak memory pool usage is 788 MB
